[2024-01-01 12:07:19,325][root][INFO] - Experiment name: xgb_regression_da_and_d1_only_hyperopt_tune_no_reg
[2024-01-01 12:07:24,618][root][INFO] - Running hyperopt
[2024-01-01 12:07:24,663][hyperopt.tpe][INFO] - build_posterior_wrapper took 0.001834 seconds
[2024-01-01 12:07:24,663][hyperopt.tpe][INFO] - TPE using 0 trials
[2024-01-01 12:07:24,873][hyperopt.tpe][INFO] - build_posterior_wrapper took 0.001864 seconds
[2024-01-01 12:07:24,873][hyperopt.tpe][INFO] - TPE using 1/1 trials with best loss 0.261122
[2024-01-01 12:07:24,962][hyperopt.tpe][INFO] - build_posterior_wrapper took 0.002243 seconds
[2024-01-01 12:07:24,962][hyperopt.tpe][INFO] - TPE using 2/2 trials with best loss 0.244993
[2024-01-01 12:07:25,045][hyperopt.tpe][INFO] - build_posterior_wrapper took 0.001799 seconds
[2024-01-01 12:07:25,045][hyperopt.tpe][INFO] - TPE using 3/3 trials with best loss 0.238831
[2024-01-01 12:07:25,098][hyperopt.tpe][INFO] - build_posterior_wrapper took 0.001778 seconds
[2024-01-01 12:07:25,098][hyperopt.tpe][INFO] - TPE using 4/4 trials with best loss 0.238831
[2024-01-01 12:07:25,161][hyperopt.tpe][INFO] - build_posterior_wrapper took 0.001796 seconds
[2024-01-01 12:07:25,161][hyperopt.tpe][INFO] - TPE using 5/5 trials with best loss 0.238831
[2024-01-01 12:07:25,285][hyperopt.tpe][INFO] - build_posterior_wrapper took 0.001807 seconds
[2024-01-01 12:07:25,285][hyperopt.tpe][INFO] - TPE using 6/6 trials with best loss 0.238831
[2024-01-01 12:07:25,347][hyperopt.tpe][INFO] - build_posterior_wrapper took 0.001808 seconds
[2024-01-01 12:07:25,348][hyperopt.tpe][INFO] - TPE using 7/7 trials with best loss 0.238831
[2024-01-01 12:07:25,462][hyperopt.tpe][INFO] - build_posterior_wrapper took 0.001860 seconds
[2024-01-01 12:07:25,462][hyperopt.tpe][INFO] - TPE using 8/8 trials with best loss 0.238831
[2024-01-01 12:07:25,510][hyperopt.tpe][INFO] - build_posterior_wrapper took 0.001788 seconds
[2024-01-01 12:07:25,510][hyperopt.tpe][INFO] - TPE using 9/9 trials with best loss 0.238831
[2024-01-01 12:07:25,552][hyperopt.tpe][INFO] - build_posterior_wrapper took 0.001808 seconds
[2024-01-01 12:07:25,553][hyperopt.tpe][INFO] - TPE using 10/10 trials with best loss 0.238831
[2024-01-01 12:07:25,801][hyperopt.tpe][INFO] - build_posterior_wrapper took 0.001846 seconds
[2024-01-01 12:07:25,801][hyperopt.tpe][INFO] - TPE using 11/11 trials with best loss 0.238831
[2024-01-01 12:07:25,859][hyperopt.tpe][INFO] - build_posterior_wrapper took 0.001767 seconds
[2024-01-01 12:07:25,859][hyperopt.tpe][INFO] - TPE using 12/12 trials with best loss 0.238831
[2024-01-01 12:07:25,963][hyperopt.tpe][INFO] - build_posterior_wrapper took 0.001809 seconds
[2024-01-01 12:07:25,963][hyperopt.tpe][INFO] - TPE using 13/13 trials with best loss 0.238831
[2024-01-01 12:07:26,044][hyperopt.tpe][INFO] - build_posterior_wrapper took 0.001852 seconds
[2024-01-01 12:07:26,044][hyperopt.tpe][INFO] - TPE using 14/14 trials with best loss 0.238831
[2024-01-01 12:07:26,094][hyperopt.tpe][INFO] - build_posterior_wrapper took 0.001775 seconds
[2024-01-01 12:07:26,094][hyperopt.tpe][INFO] - TPE using 15/15 trials with best loss 0.238831
[2024-01-01 12:07:26,176][hyperopt.tpe][INFO] - build_posterior_wrapper took 0.001749 seconds
[2024-01-01 12:07:26,208][hyperopt.tpe][INFO] - TPE using 16/16 trials with best loss 0.238831
[2024-01-01 12:07:26,257][hyperopt.tpe][INFO] - build_posterior_wrapper took 0.001753 seconds
[2024-01-01 12:07:26,257][hyperopt.tpe][INFO] - TPE using 17/17 trials with best loss 0.238831
[2024-01-01 12:07:26,299][hyperopt.tpe][INFO] - build_posterior_wrapper took 0.001735 seconds
[2024-01-01 12:07:26,299][hyperopt.tpe][INFO] - TPE using 18/18 trials with best loss 0.238831
[2024-01-01 12:07:26,349][hyperopt.tpe][INFO] - build_posterior_wrapper took 0.001724 seconds
[2024-01-01 12:07:26,349][hyperopt.tpe][INFO] - TPE using 19/19 trials with best loss 0.238831
[2024-01-01 12:07:26,392][hyperopt.tpe][INFO] - build_posterior_wrapper took 0.001793 seconds
[2024-01-01 12:07:26,393][hyperopt.tpe][INFO] - TPE using 20/20 trials with best loss 0.238831
[2024-01-01 12:07:26,538][hyperopt.tpe][INFO] - build_posterior_wrapper took 0.001827 seconds
[2024-01-01 12:07:26,538][hyperopt.tpe][INFO] - TPE using 21/21 trials with best loss 0.238831
[2024-01-01 12:07:26,639][hyperopt.tpe][INFO] - build_posterior_wrapper took 0.001831 seconds
[2024-01-01 12:07:26,639][hyperopt.tpe][INFO] - TPE using 22/22 trials with best loss 0.238831
[2024-01-01 12:07:26,800][hyperopt.tpe][INFO] - build_posterior_wrapper took 0.001797 seconds
[2024-01-01 12:07:26,800][hyperopt.tpe][INFO] - TPE using 23/23 trials with best loss 0.238831
[2024-01-01 12:07:26,885][hyperopt.tpe][INFO] - build_posterior_wrapper took 0.001818 seconds
[2024-01-01 12:07:26,885][hyperopt.tpe][INFO] - TPE using 24/24 trials with best loss 0.238831
[2024-01-01 12:07:27,092][hyperopt.tpe][INFO] - build_posterior_wrapper took 0.001790 seconds
[2024-01-01 12:07:27,093][hyperopt.tpe][INFO] - TPE using 25/25 trials with best loss 0.238831
[2024-01-01 12:07:27,208][hyperopt.tpe][INFO] - build_posterior_wrapper took 0.001856 seconds
[2024-01-01 12:07:27,208][hyperopt.tpe][INFO] - TPE using 26/26 trials with best loss 0.238831
[2024-01-01 12:07:27,313][hyperopt.tpe][INFO] - build_posterior_wrapper took 0.001780 seconds
[2024-01-01 12:07:27,313][hyperopt.tpe][INFO] - TPE using 27/27 trials with best loss 0.238831
[2024-01-01 12:07:27,399][hyperopt.tpe][INFO] - build_posterior_wrapper took 0.001921 seconds
[2024-01-01 12:07:27,400][hyperopt.tpe][INFO] - TPE using 28/28 trials with best loss 0.238831
[2024-01-01 12:07:27,515][hyperopt.tpe][INFO] - build_posterior_wrapper took 0.001796 seconds
[2024-01-01 12:07:27,515][hyperopt.tpe][INFO] - TPE using 29/29 trials with best loss 0.238831
[2024-01-01 12:07:27,630][hyperopt.tpe][INFO] - build_posterior_wrapper took 0.001762 seconds
[2024-01-01 12:07:27,630][hyperopt.tpe][INFO] - TPE using 30/30 trials with best loss 0.238831
[2024-01-01 12:07:27,722][hyperopt.tpe][INFO] - build_posterior_wrapper took 0.001791 seconds
[2024-01-01 12:07:27,722][hyperopt.tpe][INFO] - TPE using 31/31 trials with best loss 0.238831
[2024-01-01 12:07:27,860][hyperopt.tpe][INFO] - build_posterior_wrapper took 0.001878 seconds
[2024-01-01 12:07:27,860][hyperopt.tpe][INFO] - TPE using 32/32 trials with best loss 0.238831
[2024-01-01 12:07:27,952][hyperopt.tpe][INFO] - build_posterior_wrapper took 0.001805 seconds
[2024-01-01 12:07:27,953][hyperopt.tpe][INFO] - TPE using 33/33 trials with best loss 0.238831
[2024-01-01 12:07:28,056][hyperopt.tpe][INFO] - build_posterior_wrapper took 0.001779 seconds
[2024-01-01 12:07:28,057][hyperopt.tpe][INFO] - TPE using 34/34 trials with best loss 0.238831
[2024-01-01 12:07:28,214][hyperopt.tpe][INFO] - build_posterior_wrapper took 0.001838 seconds
[2024-01-01 12:07:28,214][hyperopt.tpe][INFO] - TPE using 35/35 trials with best loss 0.238831
[2024-01-01 12:07:28,348][hyperopt.tpe][INFO] - build_posterior_wrapper took 0.001784 seconds
[2024-01-01 12:07:28,348][hyperopt.tpe][INFO] - TPE using 36/36 trials with best loss 0.238831
[2024-01-01 12:07:28,470][hyperopt.tpe][INFO] - build_posterior_wrapper took 0.001817 seconds
[2024-01-01 12:07:28,470][hyperopt.tpe][INFO] - TPE using 37/37 trials with best loss 0.238831
[2024-01-01 12:07:28,640][hyperopt.tpe][INFO] - build_posterior_wrapper took 0.001845 seconds
[2024-01-01 12:07:28,640][hyperopt.tpe][INFO] - TPE using 38/38 trials with best loss 0.238831
[2024-01-01 12:07:28,723][hyperopt.tpe][INFO] - build_posterior_wrapper took 0.001781 seconds
[2024-01-01 12:07:28,723][hyperopt.tpe][INFO] - TPE using 39/39 trials with best loss 0.238831
[2024-01-01 12:07:28,880][hyperopt.tpe][INFO] - build_posterior_wrapper took 0.001834 seconds
[2024-01-01 12:07:28,880][hyperopt.tpe][INFO] - TPE using 40/40 trials with best loss 0.238831
[2024-01-01 12:07:29,038][hyperopt.tpe][INFO] - build_posterior_wrapper took 0.002041 seconds
[2024-01-01 12:07:29,038][hyperopt.tpe][INFO] - TPE using 41/41 trials with best loss 0.238831
[2024-01-01 12:07:29,210][hyperopt.tpe][INFO] - build_posterior_wrapper took 0.001820 seconds
[2024-01-01 12:07:29,210][hyperopt.tpe][INFO] - TPE using 42/42 trials with best loss 0.238831
[2024-01-01 12:07:29,372][hyperopt.tpe][INFO] - build_posterior_wrapper took 0.001851 seconds
[2024-01-01 12:07:29,372][hyperopt.tpe][INFO] - TPE using 43/43 trials with best loss 0.238831
[2024-01-01 12:07:29,457][hyperopt.tpe][INFO] - build_posterior_wrapper took 0.001850 seconds
[2024-01-01 12:07:29,457][hyperopt.tpe][INFO] - TPE using 44/44 trials with best loss 0.238831
[2024-01-01 12:07:29,563][hyperopt.tpe][INFO] - build_posterior_wrapper took 0.001812 seconds
[2024-01-01 12:07:29,563][hyperopt.tpe][INFO] - TPE using 45/45 trials with best loss 0.238831
[2024-01-01 12:07:29,661][hyperopt.tpe][INFO] - build_posterior_wrapper took 0.001787 seconds
[2024-01-01 12:07:29,661][hyperopt.tpe][INFO] - TPE using 46/46 trials with best loss 0.235263
[2024-01-01 12:07:29,759][hyperopt.tpe][INFO] - build_posterior_wrapper took 0.001789 seconds
[2024-01-01 12:07:29,759][hyperopt.tpe][INFO] - TPE using 47/47 trials with best loss 0.235263
[2024-01-01 12:07:29,857][hyperopt.tpe][INFO] - build_posterior_wrapper took 0.001778 seconds
[2024-01-01 12:07:29,857][hyperopt.tpe][INFO] - TPE using 48/48 trials with best loss 0.235263
[2024-01-01 12:07:29,955][hyperopt.tpe][INFO] - build_posterior_wrapper took 0.001787 seconds
[2024-01-01 12:07:29,955][hyperopt.tpe][INFO] - TPE using 49/49 trials with best loss 0.235263
[2024-01-01 12:07:30,053][hyperopt.tpe][INFO] - build_posterior_wrapper took 0.001836 seconds
[2024-01-01 12:07:30,054][hyperopt.tpe][INFO] - TPE using 50/50 trials with best loss 0.235263
[2024-01-01 12:07:30,144][hyperopt.tpe][INFO] - build_posterior_wrapper took 0.001809 seconds
[2024-01-01 12:07:30,144][hyperopt.tpe][INFO] - TPE using 51/51 trials with best loss 0.235263
[2024-01-01 12:07:30,242][hyperopt.tpe][INFO] - build_posterior_wrapper took 0.001805 seconds
[2024-01-01 12:07:30,242][hyperopt.tpe][INFO] - TPE using 52/52 trials with best loss 0.235263
[2024-01-01 12:07:30,336][hyperopt.tpe][INFO] - build_posterior_wrapper took 0.001774 seconds
[2024-01-01 12:07:30,337][hyperopt.tpe][INFO] - TPE using 53/53 trials with best loss 0.235263
[2024-01-01 12:07:30,433][hyperopt.tpe][INFO] - build_posterior_wrapper took 0.001755 seconds
[2024-01-01 12:07:30,433][hyperopt.tpe][INFO] - TPE using 54/54 trials with best loss 0.235263
[2024-01-01 12:07:30,529][hyperopt.tpe][INFO] - build_posterior_wrapper took 0.001773 seconds
[2024-01-01 12:07:30,529][hyperopt.tpe][INFO] - TPE using 55/55 trials with best loss 0.228129
[2024-01-01 12:07:30,616][hyperopt.tpe][INFO] - build_posterior_wrapper took 0.001851 seconds
[2024-01-01 12:07:30,616][hyperopt.tpe][INFO] - TPE using 56/56 trials with best loss 0.228129
[2024-01-01 12:07:30,703][hyperopt.tpe][INFO] - build_posterior_wrapper took 0.001823 seconds
[2024-01-01 12:07:30,703][hyperopt.tpe][INFO] - TPE using 57/57 trials with best loss 0.228129
[2024-01-01 12:07:30,790][hyperopt.tpe][INFO] - build_posterior_wrapper took 0.001793 seconds
[2024-01-01 12:07:30,790][hyperopt.tpe][INFO] - TPE using 58/58 trials with best loss 0.228129
[2024-01-01 12:07:30,884][hyperopt.tpe][INFO] - build_posterior_wrapper took 0.001809 seconds
[2024-01-01 12:07:30,884][hyperopt.tpe][INFO] - TPE using 59/59 trials with best loss 0.228129
[2024-01-01 12:07:30,945][hyperopt.tpe][INFO] - build_posterior_wrapper took 0.001757 seconds
[2024-01-01 12:07:30,945][hyperopt.tpe][INFO] - TPE using 60/60 trials with best loss 0.228129
[2024-01-01 12:07:31,032][hyperopt.tpe][INFO] - build_posterior_wrapper took 0.001787 seconds
[2024-01-01 12:07:31,032][hyperopt.tpe][INFO] - TPE using 61/61 trials with best loss 0.228129
[2024-01-01 12:07:31,119][hyperopt.tpe][INFO] - build_posterior_wrapper took 0.001827 seconds
[2024-01-01 12:07:31,119][hyperopt.tpe][INFO] - TPE using 62/62 trials with best loss 0.228129
[2024-01-01 12:07:31,178][hyperopt.tpe][INFO] - build_posterior_wrapper took 0.001781 seconds
[2024-01-01 12:07:31,178][hyperopt.tpe][INFO] - TPE using 63/63 trials with best loss 0.228129
[2024-01-01 12:07:31,276][hyperopt.tpe][INFO] - build_posterior_wrapper took 0.001765 seconds
[2024-01-01 12:07:31,276][hyperopt.tpe][INFO] - TPE using 64/64 trials with best loss 0.228129
[2024-01-01 12:07:31,363][hyperopt.tpe][INFO] - build_posterior_wrapper took 0.001787 seconds
[2024-01-01 12:07:31,363][hyperopt.tpe][INFO] - TPE using 65/65 trials with best loss 0.228129
[2024-01-01 12:07:31,450][hyperopt.tpe][INFO] - build_posterior_wrapper took 0.001776 seconds
[2024-01-01 12:07:31,450][hyperopt.tpe][INFO] - TPE using 66/66 trials with best loss 0.228129
[2024-01-01 12:07:31,537][hyperopt.tpe][INFO] - build_posterior_wrapper took 0.001781 seconds
[2024-01-01 12:07:31,538][hyperopt.tpe][INFO] - TPE using 67/67 trials with best loss 0.228129
[2024-01-01 12:07:31,625][hyperopt.tpe][INFO] - build_posterior_wrapper took 0.001815 seconds
[2024-01-01 12:07:31,625][hyperopt.tpe][INFO] - TPE using 68/68 trials with best loss 0.228129
[2024-01-01 12:07:31,712][hyperopt.tpe][INFO] - build_posterior_wrapper took 0.001801 seconds
[2024-01-01 12:07:31,712][hyperopt.tpe][INFO] - TPE using 69/69 trials with best loss 0.228129
[2024-01-01 12:07:31,794][hyperopt.tpe][INFO] - build_posterior_wrapper took 0.001777 seconds
[2024-01-01 12:07:31,795][hyperopt.tpe][INFO] - TPE using 70/70 trials with best loss 0.228129
[2024-01-01 12:07:31,878][hyperopt.tpe][INFO] - build_posterior_wrapper took 0.001769 seconds
[2024-01-01 12:07:31,879][hyperopt.tpe][INFO] - TPE using 71/71 trials with best loss 0.228129
[2024-01-01 12:07:31,942][hyperopt.tpe][INFO] - build_posterior_wrapper took 0.001926 seconds
[2024-01-01 12:07:31,942][hyperopt.tpe][INFO] - TPE using 72/72 trials with best loss 0.228129
[2024-01-01 12:07:32,036][hyperopt.tpe][INFO] - build_posterior_wrapper took 0.001789 seconds
[2024-01-01 12:07:32,037][hyperopt.tpe][INFO] - TPE using 73/73 trials with best loss 0.228129
[2024-01-01 12:07:32,101][hyperopt.tpe][INFO] - build_posterior_wrapper took 0.001835 seconds
[2024-01-01 12:07:32,102][hyperopt.tpe][INFO] - TPE using 74/74 trials with best loss 0.228129
[2024-01-01 12:07:32,268][hyperopt.tpe][INFO] - build_posterior_wrapper took 0.001812 seconds
[2024-01-01 12:07:32,268][hyperopt.tpe][INFO] - TPE using 75/75 trials with best loss 0.228129
[2024-01-01 12:07:32,355][hyperopt.tpe][INFO] - build_posterior_wrapper took 0.001791 seconds
[2024-01-01 12:07:32,356][hyperopt.tpe][INFO] - TPE using 76/76 trials with best loss 0.228129
[2024-01-01 12:07:32,406][hyperopt.tpe][INFO] - build_posterior_wrapper took 0.001805 seconds
[2024-01-01 12:07:32,406][hyperopt.tpe][INFO] - TPE using 77/77 trials with best loss 0.228129
[2024-01-01 12:07:32,526][hyperopt.tpe][INFO] - build_posterior_wrapper took 0.001821 seconds
[2024-01-01 12:07:32,527][hyperopt.tpe][INFO] - TPE using 78/78 trials with best loss 0.228129
[2024-01-01 12:07:32,627][hyperopt.tpe][INFO] - build_posterior_wrapper took 0.001809 seconds
[2024-01-01 12:07:32,627][hyperopt.tpe][INFO] - TPE using 79/79 trials with best loss 0.228129
[2024-01-01 12:07:32,759][hyperopt.tpe][INFO] - build_posterior_wrapper took 0.001882 seconds
[2024-01-01 12:07:32,759][hyperopt.tpe][INFO] - TPE using 80/80 trials with best loss 0.228129
[2024-01-01 12:07:32,886][hyperopt.tpe][INFO] - build_posterior_wrapper took 0.001897 seconds
[2024-01-01 12:07:32,886][hyperopt.tpe][INFO] - TPE using 81/81 trials with best loss 0.228129
[2024-01-01 12:07:32,965][hyperopt.tpe][INFO] - build_posterior_wrapper took 0.001809 seconds
[2024-01-01 12:07:32,965][hyperopt.tpe][INFO] - TPE using 82/82 trials with best loss 0.228129
[2024-01-01 12:07:33,043][hyperopt.tpe][INFO] - build_posterior_wrapper took 0.001792 seconds
[2024-01-01 12:07:33,043][hyperopt.tpe][INFO] - TPE using 83/83 trials with best loss 0.228129
[2024-01-01 12:07:33,180][hyperopt.tpe][INFO] - build_posterior_wrapper took 0.001796 seconds
[2024-01-01 12:07:33,180][hyperopt.tpe][INFO] - TPE using 84/84 trials with best loss 0.228129
[2024-01-01 12:07:33,321][hyperopt.tpe][INFO] - build_posterior_wrapper took 0.001806 seconds
[2024-01-01 12:07:33,321][hyperopt.tpe][INFO] - TPE using 85/85 trials with best loss 0.228129
[2024-01-01 12:07:33,386][hyperopt.tpe][INFO] - build_posterior_wrapper took 0.001822 seconds
[2024-01-01 12:07:33,386][hyperopt.tpe][INFO] - TPE using 86/86 trials with best loss 0.228129
[2024-01-01 12:07:33,572][hyperopt.tpe][INFO] - build_posterior_wrapper took 0.053465 seconds
[2024-01-01 12:07:33,572][hyperopt.tpe][INFO] - TPE using 87/87 trials with best loss 0.228129
[2024-01-01 12:07:33,642][hyperopt.tpe][INFO] - build_posterior_wrapper took 0.001806 seconds
[2024-01-01 12:07:33,643][hyperopt.tpe][INFO] - TPE using 88/88 trials with best loss 0.228129
[2024-01-01 12:07:33,726][hyperopt.tpe][INFO] - build_posterior_wrapper took 0.001832 seconds
[2024-01-01 12:07:33,726][hyperopt.tpe][INFO] - TPE using 89/89 trials with best loss 0.228129
[2024-01-01 12:07:33,812][hyperopt.tpe][INFO] - build_posterior_wrapper took 0.001785 seconds
[2024-01-01 12:07:33,812][hyperopt.tpe][INFO] - TPE using 90/90 trials with best loss 0.228129
[2024-01-01 12:07:33,921][hyperopt.tpe][INFO] - build_posterior_wrapper took 0.001834 seconds
[2024-01-01 12:07:33,921][hyperopt.tpe][INFO] - TPE using 91/91 trials with best loss 0.228129
[2024-01-01 12:07:34,015][hyperopt.tpe][INFO] - build_posterior_wrapper took 0.001810 seconds
[2024-01-01 12:07:34,016][hyperopt.tpe][INFO] - TPE using 92/92 trials with best loss 0.228129
[2024-01-01 12:07:34,122][hyperopt.tpe][INFO] - build_posterior_wrapper took 0.001826 seconds
[2024-01-01 12:07:34,122][hyperopt.tpe][INFO] - TPE using 93/93 trials with best loss 0.228129
[2024-01-01 12:07:34,198][hyperopt.tpe][INFO] - build_posterior_wrapper took 0.001833 seconds
[2024-01-01 12:07:34,198][hyperopt.tpe][INFO] - TPE using 94/94 trials with best loss 0.228129
[2024-01-01 12:07:34,265][hyperopt.tpe][INFO] - build_posterior_wrapper took 0.001819 seconds
[2024-01-01 12:07:34,265][hyperopt.tpe][INFO] - TPE using 95/95 trials with best loss 0.224231
[2024-01-01 12:07:34,328][hyperopt.tpe][INFO] - build_posterior_wrapper took 0.001781 seconds
[2024-01-01 12:07:34,328][hyperopt.tpe][INFO] - TPE using 96/96 trials with best loss 0.224231
[2024-01-01 12:07:34,396][hyperopt.tpe][INFO] - build_posterior_wrapper took 0.001774 seconds
[2024-01-01 12:07:34,396][hyperopt.tpe][INFO] - TPE using 97/97 trials with best loss 0.224231
[2024-01-01 12:07:34,461][hyperopt.tpe][INFO] - build_posterior_wrapper took 0.001785 seconds
[2024-01-01 12:07:34,461][hyperopt.tpe][INFO] - TPE using 98/98 trials with best loss 0.224231
[2024-01-01 12:07:34,527][hyperopt.tpe][INFO] - build_posterior_wrapper took 0.001810 seconds
[2024-01-01 12:07:34,527][hyperopt.tpe][INFO] - TPE using 99/99 trials with best loss 0.224231
[2024-01-01 12:07:34,595][hyperopt.tpe][INFO] - build_posterior_wrapper took 0.001798 seconds
[2024-01-01 12:07:34,596][hyperopt.tpe][INFO] - TPE using 100/100 trials with best loss 0.224231
[2024-01-01 12:07:34,662][hyperopt.tpe][INFO] - build_posterior_wrapper took 0.001821 seconds
[2024-01-01 12:07:34,662][hyperopt.tpe][INFO] - TPE using 101/101 trials with best loss 0.224231
[2024-01-01 12:07:34,712][hyperopt.tpe][INFO] - build_posterior_wrapper took 0.001781 seconds
[2024-01-01 12:07:34,713][hyperopt.tpe][INFO] - TPE using 102/102 trials with best loss 0.224231
[2024-01-01 12:07:34,757][hyperopt.tpe][INFO] - build_posterior_wrapper took 0.001790 seconds
[2024-01-01 12:07:34,757][hyperopt.tpe][INFO] - TPE using 103/103 trials with best loss 0.224231
[2024-01-01 12:07:34,825][hyperopt.tpe][INFO] - build_posterior_wrapper took 0.001796 seconds
[2024-01-01 12:07:34,825][hyperopt.tpe][INFO] - TPE using 104/104 trials with best loss 0.224231
[2024-01-01 12:07:34,892][hyperopt.tpe][INFO] - build_posterior_wrapper took 0.001809 seconds
[2024-01-01 12:07:34,892][hyperopt.tpe][INFO] - TPE using 105/105 trials with best loss 0.224231
[2024-01-01 12:07:34,956][hyperopt.tpe][INFO] - build_posterior_wrapper took 0.001793 seconds
[2024-01-01 12:07:34,956][hyperopt.tpe][INFO] - TPE using 106/106 trials with best loss 0.224231
[2024-01-01 12:07:35,013][hyperopt.tpe][INFO] - build_posterior_wrapper took 0.001793 seconds
[2024-01-01 12:07:35,014][hyperopt.tpe][INFO] - TPE using 107/107 trials with best loss 0.224231
[2024-01-01 12:07:35,081][hyperopt.tpe][INFO] - build_posterior_wrapper took 0.001783 seconds
[2024-01-01 12:07:35,081][hyperopt.tpe][INFO] - TPE using 108/108 trials with best loss 0.224231
[2024-01-01 12:07:35,149][hyperopt.tpe][INFO] - build_posterior_wrapper took 0.001779 seconds
[2024-01-01 12:07:35,149][hyperopt.tpe][INFO] - TPE using 109/109 trials with best loss 0.224231
[2024-01-01 12:07:35,199][hyperopt.tpe][INFO] - build_posterior_wrapper took 0.001786 seconds
[2024-01-01 12:07:35,199][hyperopt.tpe][INFO] - TPE using 110/110 trials with best loss 0.224231
[2024-01-01 12:07:35,267][hyperopt.tpe][INFO] - build_posterior_wrapper took 0.001817 seconds
[2024-01-01 12:07:35,268][hyperopt.tpe][INFO] - TPE using 111/111 trials with best loss 0.224231
[2024-01-01 12:07:35,312][hyperopt.tpe][INFO] - build_posterior_wrapper took 0.001772 seconds
[2024-01-01 12:07:35,312][hyperopt.tpe][INFO] - TPE using 112/112 trials with best loss 0.224231
[2024-01-01 12:07:35,375][hyperopt.tpe][INFO] - build_posterior_wrapper took 0.001808 seconds
[2024-01-01 12:07:35,376][hyperopt.tpe][INFO] - TPE using 113/113 trials with best loss 0.224231
[2024-01-01 12:07:35,435][hyperopt.tpe][INFO] - build_posterior_wrapper took 0.001796 seconds
[2024-01-01 12:07:35,435][hyperopt.tpe][INFO] - TPE using 114/114 trials with best loss 0.224231
[2024-01-01 12:07:35,492][hyperopt.tpe][INFO] - build_posterior_wrapper took 0.001814 seconds
[2024-01-01 12:07:35,493][hyperopt.tpe][INFO] - TPE using 115/115 trials with best loss 0.224231
[2024-01-01 12:07:35,551][hyperopt.tpe][INFO] - build_posterior_wrapper took 0.001783 seconds
[2024-01-01 12:07:35,551][hyperopt.tpe][INFO] - TPE using 116/116 trials with best loss 0.224231
[2024-01-01 12:07:35,610][hyperopt.tpe][INFO] - build_posterior_wrapper took 0.001796 seconds
[2024-01-01 12:07:35,610][hyperopt.tpe][INFO] - TPE using 117/117 trials with best loss 0.224231
[2024-01-01 12:07:35,816][hyperopt.tpe][INFO] - build_posterior_wrapper took 0.001812 seconds
[2024-01-01 12:07:35,816][hyperopt.tpe][INFO] - TPE using 118/118 trials with best loss 0.224231
[2024-01-01 12:07:35,865][hyperopt.tpe][INFO] - build_posterior_wrapper took 0.001825 seconds
[2024-01-01 12:07:35,865][hyperopt.tpe][INFO] - TPE using 119/119 trials with best loss 0.224231
[2024-01-01 12:07:35,951][hyperopt.tpe][INFO] - build_posterior_wrapper took 0.001814 seconds
[2024-01-01 12:07:35,951][hyperopt.tpe][INFO] - TPE using 120/120 trials with best loss 0.224231
[2024-01-01 12:07:36,019][hyperopt.tpe][INFO] - build_posterior_wrapper took 0.001804 seconds
[2024-01-01 12:07:36,019][hyperopt.tpe][INFO] - TPE using 121/121 trials with best loss 0.224231
[2024-01-01 12:07:36,168][hyperopt.tpe][INFO] - build_posterior_wrapper took 0.001813 seconds
[2024-01-01 12:07:36,168][hyperopt.tpe][INFO] - TPE using 122/122 trials with best loss 0.224231
[2024-01-01 12:07:36,227][hyperopt.tpe][INFO] - build_posterior_wrapper took 0.001800 seconds
[2024-01-01 12:07:36,227][hyperopt.tpe][INFO] - TPE using 123/123 trials with best loss 0.224231
[2024-01-01 12:07:36,382][hyperopt.tpe][INFO] - build_posterior_wrapper took 0.001852 seconds
[2024-01-01 12:07:36,382][hyperopt.tpe][INFO] - TPE using 124/124 trials with best loss 0.224231
[2024-01-01 12:07:36,449][hyperopt.tpe][INFO] - build_posterior_wrapper took 0.001820 seconds
[2024-01-01 12:07:36,449][hyperopt.tpe][INFO] - TPE using 125/125 trials with best loss 0.224231
[2024-01-01 12:07:36,594][hyperopt.tpe][INFO] - build_posterior_wrapper took 0.001841 seconds
[2024-01-01 12:07:36,594][hyperopt.tpe][INFO] - TPE using 126/126 trials with best loss 0.224231
[2024-01-01 12:07:36,639][hyperopt.tpe][INFO] - build_posterior_wrapper took 0.001814 seconds
[2024-01-01 12:07:36,639][hyperopt.tpe][INFO] - TPE using 127/127 trials with best loss 0.224231
[2024-01-01 12:07:36,687][hyperopt.tpe][INFO] - build_posterior_wrapper took 0.001786 seconds
[2024-01-01 12:07:36,687][hyperopt.tpe][INFO] - TPE using 128/128 trials with best loss 0.224231
[2024-01-01 12:07:36,862][hyperopt.tpe][INFO] - build_posterior_wrapper took 0.001846 seconds
[2024-01-01 12:07:36,862][hyperopt.tpe][INFO] - TPE using 129/129 trials with best loss 0.224231
[2024-01-01 12:07:37,038][hyperopt.tpe][INFO] - build_posterior_wrapper took 0.002011 seconds
[2024-01-01 12:07:37,038][hyperopt.tpe][INFO] - TPE using 130/130 trials with best loss 0.224231
[2024-01-01 12:07:37,110][hyperopt.tpe][INFO] - build_posterior_wrapper took 0.001802 seconds
[2024-01-01 12:07:37,110][hyperopt.tpe][INFO] - TPE using 131/131 trials with best loss 0.224231
[2024-01-01 12:07:37,176][hyperopt.tpe][INFO] - build_posterior_wrapper took 0.001791 seconds
[2024-01-01 12:07:37,176][hyperopt.tpe][INFO] - TPE using 132/132 trials with best loss 0.224231
[2024-01-01 12:07:37,296][hyperopt.tpe][INFO] - build_posterior_wrapper took 0.001820 seconds
[2024-01-01 12:07:37,297][hyperopt.tpe][INFO] - TPE using 133/133 trials with best loss 0.223523
[2024-01-01 12:07:37,418][hyperopt.tpe][INFO] - build_posterior_wrapper took 0.001789 seconds
[2024-01-01 12:07:37,418][hyperopt.tpe][INFO] - TPE using 134/134 trials with best loss 0.223523
[2024-01-01 12:07:37,511][hyperopt.tpe][INFO] - build_posterior_wrapper took 0.001830 seconds
[2024-01-01 12:07:37,511][hyperopt.tpe][INFO] - TPE using 135/135 trials with best loss 0.223523
[2024-01-01 12:07:37,597][hyperopt.tpe][INFO] - build_posterior_wrapper took 0.001802 seconds
[2024-01-01 12:07:37,597][hyperopt.tpe][INFO] - TPE using 136/136 trials with best loss 0.223523
[2024-01-01 12:07:37,723][hyperopt.tpe][INFO] - build_posterior_wrapper took 0.001837 seconds
[2024-01-01 12:07:37,723][hyperopt.tpe][INFO] - TPE using 137/137 trials with best loss 0.223523
[2024-01-01 12:07:37,847][hyperopt.tpe][INFO] - build_posterior_wrapper took 0.001818 seconds
[2024-01-01 12:07:37,847][hyperopt.tpe][INFO] - TPE using 138/138 trials with best loss 0.223523
[2024-01-01 12:07:38,045][hyperopt.tpe][INFO] - build_posterior_wrapper took 0.001825 seconds
[2024-01-01 12:07:38,045][hyperopt.tpe][INFO] - TPE using 139/139 trials with best loss 0.223523
[2024-01-01 12:07:38,168][hyperopt.tpe][INFO] - build_posterior_wrapper took 0.001820 seconds
[2024-01-01 12:07:38,168][hyperopt.tpe][INFO] - TPE using 140/140 trials with best loss 0.223523
[2024-01-01 12:07:38,290][hyperopt.tpe][INFO] - build_posterior_wrapper took 0.001844 seconds
[2024-01-01 12:07:38,290][hyperopt.tpe][INFO] - TPE using 141/141 trials with best loss 0.223523
[2024-01-01 12:07:38,446][hyperopt.tpe][INFO] - build_posterior_wrapper took 0.001871 seconds
[2024-01-01 12:07:38,446][hyperopt.tpe][INFO] - TPE using 142/142 trials with best loss 0.223523
[2024-01-01 12:07:38,549][hyperopt.tpe][INFO] - build_posterior_wrapper took 0.001885 seconds
[2024-01-01 12:07:38,549][hyperopt.tpe][INFO] - TPE using 143/143 trials with best loss 0.223523
[2024-01-01 12:07:38,677][hyperopt.tpe][INFO] - build_posterior_wrapper took 0.001834 seconds
[2024-01-01 12:07:38,677][hyperopt.tpe][INFO] - TPE using 144/144 trials with best loss 0.223523
[2024-01-01 12:07:38,800][hyperopt.tpe][INFO] - build_posterior_wrapper took 0.001838 seconds
[2024-01-01 12:07:38,800][hyperopt.tpe][INFO] - TPE using 145/145 trials with best loss 0.223523
[2024-01-01 12:07:38,868][hyperopt.tpe][INFO] - build_posterior_wrapper took 0.001817 seconds
[2024-01-01 12:07:38,868][hyperopt.tpe][INFO] - TPE using 146/146 trials with best loss 0.223523
[2024-01-01 12:07:38,935][hyperopt.tpe][INFO] - build_posterior_wrapper took 0.001833 seconds
[2024-01-01 12:07:38,935][hyperopt.tpe][INFO] - TPE using 147/147 trials with best loss 0.223523
[2024-01-01 12:07:39,002][hyperopt.tpe][INFO] - build_posterior_wrapper took 0.001787 seconds
[2024-01-01 12:07:39,002][hyperopt.tpe][INFO] - TPE using 148/148 trials with best loss 0.223523
[2024-01-01 12:07:39,070][hyperopt.tpe][INFO] - build_posterior_wrapper took 0.001796 seconds
[2024-01-01 12:07:39,070][hyperopt.tpe][INFO] - TPE using 149/149 trials with best loss 0.223523
[2024-01-01 12:07:39,215][hyperopt.tpe][INFO] - build_posterior_wrapper took 0.001803 seconds
[2024-01-01 12:07:39,215][hyperopt.tpe][INFO] - TPE using 150/150 trials with best loss 0.223523
[2024-01-01 12:07:39,360][hyperopt.tpe][INFO] - build_posterior_wrapper took 0.001837 seconds
[2024-01-01 12:07:39,361][hyperopt.tpe][INFO] - TPE using 151/151 trials with best loss 0.223523
[2024-01-01 12:07:39,506][hyperopt.tpe][INFO] - build_posterior_wrapper took 0.001822 seconds
[2024-01-01 12:07:39,506][hyperopt.tpe][INFO] - TPE using 152/152 trials with best loss 0.223523
[2024-01-01 12:07:39,651][hyperopt.tpe][INFO] - build_posterior_wrapper took 0.001859 seconds
[2024-01-01 12:07:39,652][hyperopt.tpe][INFO] - TPE using 153/153 trials with best loss 0.223523
[2024-01-01 12:07:39,794][hyperopt.tpe][INFO] - build_posterior_wrapper took 0.001826 seconds
[2024-01-01 12:07:39,794][hyperopt.tpe][INFO] - TPE using 154/154 trials with best loss 0.223523
[2024-01-01 12:07:39,939][hyperopt.tpe][INFO] - build_posterior_wrapper took 0.001844 seconds
[2024-01-01 12:07:39,940][hyperopt.tpe][INFO] - TPE using 155/155 trials with best loss 0.223523
[2024-01-01 12:07:40,084][hyperopt.tpe][INFO] - build_posterior_wrapper took 0.001878 seconds
[2024-01-01 12:07:40,085][hyperopt.tpe][INFO] - TPE using 156/156 trials with best loss 0.223523
[2024-01-01 12:07:40,234][hyperopt.tpe][INFO] - build_posterior_wrapper took 0.001871 seconds
[2024-01-01 12:07:40,234][hyperopt.tpe][INFO] - TPE using 157/157 trials with best loss 0.223523
[2024-01-01 12:07:40,392][hyperopt.tpe][INFO] - build_posterior_wrapper took 0.001846 seconds
[2024-01-01 12:07:40,392][hyperopt.tpe][INFO] - TPE using 158/158 trials with best loss 0.223523
[2024-01-01 12:07:40,538][hyperopt.tpe][INFO] - build_posterior_wrapper took 0.001872 seconds
[2024-01-01 12:07:40,538][hyperopt.tpe][INFO] - TPE using 159/159 trials with best loss 0.223523
[2024-01-01 12:07:40,681][hyperopt.tpe][INFO] - build_posterior_wrapper took 0.001875 seconds
[2024-01-01 12:07:40,682][hyperopt.tpe][INFO] - TPE using 160/160 trials with best loss 0.223523
[2024-01-01 12:07:40,832][hyperopt.tpe][INFO] - build_posterior_wrapper took 0.001848 seconds
[2024-01-01 12:07:40,833][hyperopt.tpe][INFO] - TPE using 161/161 trials with best loss 0.223523
[2024-01-01 12:07:41,096][hyperopt.tpe][INFO] - build_posterior_wrapper took 0.001847 seconds
[2024-01-01 12:07:41,097][hyperopt.tpe][INFO] - TPE using 162/162 trials with best loss 0.223523
[2024-01-01 12:07:41,242][hyperopt.tpe][INFO] - build_posterior_wrapper took 0.001871 seconds
[2024-01-01 12:07:41,243][hyperopt.tpe][INFO] - TPE using 163/163 trials with best loss 0.223523
[2024-01-01 12:07:41,371][hyperopt.tpe][INFO] - build_posterior_wrapper took 0.001846 seconds
[2024-01-01 12:07:41,372][hyperopt.tpe][INFO] - TPE using 164/164 trials with best loss 0.223523
[2024-01-01 12:07:41,479][hyperopt.tpe][INFO] - build_posterior_wrapper took 0.001865 seconds
[2024-01-01 12:07:41,479][hyperopt.tpe][INFO] - TPE using 165/165 trials with best loss 0.223523
[2024-01-01 12:07:41,669][hyperopt.tpe][INFO] - build_posterior_wrapper took 0.001849 seconds
[2024-01-01 12:07:41,669][hyperopt.tpe][INFO] - TPE using 166/166 trials with best loss 0.223523
[2024-01-01 12:07:41,821][hyperopt.tpe][INFO] - build_posterior_wrapper took 0.001861 seconds
[2024-01-01 12:07:41,822][hyperopt.tpe][INFO] - TPE using 167/167 trials with best loss 0.223523
[2024-01-01 12:07:42,032][hyperopt.tpe][INFO] - build_posterior_wrapper took 0.001846 seconds
[2024-01-01 12:07:42,033][hyperopt.tpe][INFO] - TPE using 168/168 trials with best loss 0.223523
[2024-01-01 12:07:42,171][hyperopt.tpe][INFO] - build_posterior_wrapper took 0.001872 seconds
[2024-01-01 12:07:42,172][hyperopt.tpe][INFO] - TPE using 169/169 trials with best loss 0.223523
[2024-01-01 12:07:42,321][hyperopt.tpe][INFO] - build_posterior_wrapper took 0.001835 seconds
[2024-01-01 12:07:42,321][hyperopt.tpe][INFO] - TPE using 170/170 trials with best loss 0.223523
[2024-01-01 12:07:42,521][hyperopt.tpe][INFO] - build_posterior_wrapper took 0.001896 seconds
[2024-01-01 12:07:42,522][hyperopt.tpe][INFO] - TPE using 171/171 trials with best loss 0.223523
[2024-01-01 12:07:42,642][hyperopt.tpe][INFO] - build_posterior_wrapper took 0.001851 seconds
[2024-01-01 12:07:42,643][hyperopt.tpe][INFO] - TPE using 172/172 trials with best loss 0.223523
[2024-01-01 12:07:42,851][hyperopt.tpe][INFO] - build_posterior_wrapper took 0.001868 seconds
[2024-01-01 12:07:42,852][hyperopt.tpe][INFO] - TPE using 173/173 trials with best loss 0.223523
[2024-01-01 12:07:42,958][hyperopt.tpe][INFO] - build_posterior_wrapper took 0.001864 seconds
[2024-01-01 12:07:42,959][hyperopt.tpe][INFO] - TPE using 174/174 trials with best loss 0.223523
[2024-01-01 12:07:43,170][hyperopt.tpe][INFO] - build_posterior_wrapper took 0.001896 seconds
[2024-01-01 12:07:43,170][hyperopt.tpe][INFO] - TPE using 175/175 trials with best loss 0.223523
[2024-01-01 12:07:43,356][hyperopt.tpe][INFO] - build_posterior_wrapper took 0.001857 seconds
[2024-01-01 12:07:43,357][hyperopt.tpe][INFO] - TPE using 176/176 trials with best loss 0.223523
[2024-01-01 12:07:43,478][hyperopt.tpe][INFO] - build_posterior_wrapper took 0.001871 seconds
[2024-01-01 12:07:43,479][hyperopt.tpe][INFO] - TPE using 177/177 trials with best loss 0.223523
[2024-01-01 12:07:43,634][hyperopt.tpe][INFO] - build_posterior_wrapper took 0.001843 seconds
[2024-01-01 12:07:43,634][hyperopt.tpe][INFO] - TPE using 178/178 trials with best loss 0.223523
[2024-01-01 12:07:43,781][hyperopt.tpe][INFO] - build_posterior_wrapper took 0.001887 seconds
[2024-01-01 12:07:43,781][hyperopt.tpe][INFO] - TPE using 179/179 trials with best loss 0.223523
[2024-01-01 12:07:43,991][hyperopt.tpe][INFO] - build_posterior_wrapper took 0.001861 seconds
[2024-01-01 12:07:43,991][hyperopt.tpe][INFO] - TPE using 180/180 trials with best loss 0.223523
[2024-01-01 12:07:44,083][hyperopt.tpe][INFO] - build_posterior_wrapper took 0.001835 seconds
[2024-01-01 12:07:44,084][hyperopt.tpe][INFO] - TPE using 181/181 trials with best loss 0.223523
[2024-01-01 12:07:44,191][hyperopt.tpe][INFO] - build_posterior_wrapper took 0.001873 seconds
[2024-01-01 12:07:44,192][hyperopt.tpe][INFO] - TPE using 182/182 trials with best loss 0.223523
[2024-01-01 12:07:44,338][hyperopt.tpe][INFO] - build_posterior_wrapper took 0.001878 seconds
[2024-01-01 12:07:44,338][hyperopt.tpe][INFO] - TPE using 183/183 trials with best loss 0.223523
[2024-01-01 12:07:44,476][hyperopt.tpe][INFO] - build_posterior_wrapper took 0.001847 seconds
[2024-01-01 12:07:44,476][hyperopt.tpe][INFO] - TPE using 184/184 trials with best loss 0.223523
[2024-01-01 12:07:44,654][hyperopt.tpe][INFO] - build_posterior_wrapper took 0.001852 seconds
[2024-01-01 12:07:44,654][hyperopt.tpe][INFO] - TPE using 185/185 trials with best loss 0.223523
[2024-01-01 12:07:44,895][hyperopt.tpe][INFO] - build_posterior_wrapper took 0.001892 seconds
[2024-01-01 12:07:44,895][hyperopt.tpe][INFO] - TPE using 186/186 trials with best loss 0.223523
[2024-01-01 12:07:45,015][hyperopt.tpe][INFO] - build_posterior_wrapper took 0.001837 seconds
[2024-01-01 12:07:45,016][hyperopt.tpe][INFO] - TPE using 187/187 trials with best loss 0.223523
[2024-01-01 12:07:45,166][hyperopt.tpe][INFO] - build_posterior_wrapper took 0.001837 seconds
[2024-01-01 12:07:45,167][hyperopt.tpe][INFO] - TPE using 188/188 trials with best loss 0.223523
[2024-01-01 12:07:45,361][hyperopt.tpe][INFO] - build_posterior_wrapper took 0.002033 seconds
[2024-01-01 12:07:45,361][hyperopt.tpe][INFO] - TPE using 189/189 trials with best loss 0.223523
[2024-01-01 12:07:45,452][hyperopt.tpe][INFO] - build_posterior_wrapper took 0.001847 seconds
[2024-01-01 12:07:45,453][hyperopt.tpe][INFO] - TPE using 190/190 trials with best loss 0.223523
[2024-01-01 12:07:45,580][hyperopt.tpe][INFO] - build_posterior_wrapper took 0.001909 seconds
[2024-01-01 12:07:45,581][hyperopt.tpe][INFO] - TPE using 191/191 trials with best loss 0.223523
[2024-01-01 12:07:45,727][hyperopt.tpe][INFO] - build_posterior_wrapper took 0.001860 seconds
[2024-01-01 12:07:45,727][hyperopt.tpe][INFO] - TPE using 192/192 trials with best loss 0.223523
[2024-01-01 12:07:45,886][hyperopt.tpe][INFO] - build_posterior_wrapper took 0.001851 seconds
[2024-01-01 12:07:45,886][hyperopt.tpe][INFO] - TPE using 193/193 trials with best loss 0.223523
[2024-01-01 12:07:46,007][hyperopt.tpe][INFO] - build_posterior_wrapper took 0.001824 seconds
[2024-01-01 12:07:46,007][hyperopt.tpe][INFO] - TPE using 194/194 trials with best loss 0.223523
[2024-01-01 12:07:46,208][hyperopt.tpe][INFO] - build_posterior_wrapper took 0.001891 seconds
[2024-01-01 12:07:46,208][hyperopt.tpe][INFO] - TPE using 195/195 trials with best loss 0.223523
[2024-01-01 12:07:46,352][hyperopt.tpe][INFO] - build_posterior_wrapper took 0.001837 seconds
[2024-01-01 12:07:46,352][hyperopt.tpe][INFO] - TPE using 196/196 trials with best loss 0.223523
[2024-01-01 12:07:46,473][hyperopt.tpe][INFO] - build_posterior_wrapper took 0.001840 seconds
[2024-01-01 12:07:46,474][hyperopt.tpe][INFO] - TPE using 197/197 trials with best loss 0.223523
[2024-01-01 12:07:46,630][hyperopt.tpe][INFO] - build_posterior_wrapper took 0.001868 seconds
[2024-01-01 12:07:46,631][hyperopt.tpe][INFO] - TPE using 198/198 trials with best loss 0.223523
[2024-01-01 12:07:46,748][hyperopt.tpe][INFO] - build_posterior_wrapper took 0.001830 seconds
[2024-01-01 12:07:46,749][hyperopt.tpe][INFO] - TPE using 199/199 trials with best loss 0.223523
[2024-01-01 12:07:46,914][hyperopt.tpe][INFO] - build_posterior_wrapper took 0.001837 seconds
[2024-01-01 12:07:46,915][hyperopt.tpe][INFO] - TPE using 200/200 trials with best loss 0.223523
[2024-01-01 12:07:47,001][hyperopt.tpe][INFO] - build_posterior_wrapper took 0.001828 seconds
[2024-01-01 12:07:47,002][hyperopt.tpe][INFO] - TPE using 201/201 trials with best loss 0.223523
[2024-01-01 12:07:47,124][hyperopt.tpe][INFO] - build_posterior_wrapper took 0.001822 seconds
[2024-01-01 12:07:47,124][hyperopt.tpe][INFO] - TPE using 202/202 trials with best loss 0.223523
[2024-01-01 12:07:47,246][hyperopt.tpe][INFO] - build_posterior_wrapper took 0.001839 seconds
[2024-01-01 12:07:47,246][hyperopt.tpe][INFO] - TPE using 203/203 trials with best loss 0.223523
[2024-01-01 12:07:47,410][hyperopt.tpe][INFO] - build_posterior_wrapper took 0.001852 seconds
[2024-01-01 12:07:47,411][hyperopt.tpe][INFO] - TPE using 204/204 trials with best loss 0.223523
[2024-01-01 12:07:47,522][hyperopt.tpe][INFO] - build_posterior_wrapper took 0.001850 seconds
[2024-01-01 12:07:47,522][hyperopt.tpe][INFO] - TPE using 205/205 trials with best loss 0.223523
[2024-01-01 12:07:47,648][hyperopt.tpe][INFO] - build_posterior_wrapper took 0.001840 seconds
[2024-01-01 12:07:47,648][hyperopt.tpe][INFO] - TPE using 206/206 trials with best loss 0.223523
[2024-01-01 12:07:47,806][hyperopt.tpe][INFO] - build_posterior_wrapper took 0.001869 seconds
[2024-01-01 12:07:47,806][hyperopt.tpe][INFO] - TPE using 207/207 trials with best loss 0.223523
[2024-01-01 12:07:47,972][hyperopt.tpe][INFO] - build_posterior_wrapper took 0.001844 seconds
[2024-01-01 12:07:47,972][hyperopt.tpe][INFO] - TPE using 208/208 trials with best loss 0.223523
[2024-01-01 12:07:48,075][hyperopt.tpe][INFO] - build_posterior_wrapper took 0.001812 seconds
[2024-01-01 12:07:48,075][hyperopt.tpe][INFO] - TPE using 209/209 trials with best loss 0.223523
[2024-01-01 12:07:48,161][hyperopt.tpe][INFO] - build_posterior_wrapper took 0.001821 seconds
[2024-01-01 12:07:48,162][hyperopt.tpe][INFO] - TPE using 210/210 trials with best loss 0.223523
[2024-01-01 12:07:48,283][hyperopt.tpe][INFO] - build_posterior_wrapper took 0.001840 seconds
[2024-01-01 12:07:48,283][hyperopt.tpe][INFO] - TPE using 211/211 trials with best loss 0.223523
[2024-01-01 12:07:48,405][hyperopt.tpe][INFO] - build_posterior_wrapper took 0.001840 seconds
[2024-01-01 12:07:48,406][hyperopt.tpe][INFO] - TPE using 212/212 trials with best loss 0.223523
[2024-01-01 12:07:48,631][hyperopt.tpe][INFO] - build_posterior_wrapper took 0.001862 seconds
[2024-01-01 12:07:48,631][hyperopt.tpe][INFO] - TPE using 213/213 trials with best loss 0.223523
[2024-01-01 12:07:48,753][hyperopt.tpe][INFO] - build_posterior_wrapper took 0.001844 seconds
[2024-01-01 12:07:48,753][hyperopt.tpe][INFO] - TPE using 214/214 trials with best loss 0.223523
[2024-01-01 12:07:48,857][hyperopt.tpe][INFO] - build_posterior_wrapper took 0.001813 seconds
[2024-01-01 12:07:48,857][hyperopt.tpe][INFO] - TPE using 215/215 trials with best loss 0.223523
[2024-01-01 12:07:48,978][hyperopt.tpe][INFO] - build_posterior_wrapper took 0.001876 seconds
[2024-01-01 12:07:48,979][hyperopt.tpe][INFO] - TPE using 216/216 trials with best loss 0.223523
[2024-01-01 12:07:49,105][hyperopt.tpe][INFO] - build_posterior_wrapper took 0.001826 seconds
[2024-01-01 12:07:49,105][hyperopt.tpe][INFO] - TPE using 217/217 trials with best loss 0.223523
[2024-01-01 12:07:49,208][hyperopt.tpe][INFO] - build_posterior_wrapper took 0.001834 seconds
[2024-01-01 12:07:49,208][hyperopt.tpe][INFO] - TPE using 218/218 trials with best loss 0.223523
[2024-01-01 12:07:49,294][hyperopt.tpe][INFO] - build_posterior_wrapper took 0.001843 seconds
[2024-01-01 12:07:49,294][hyperopt.tpe][INFO] - TPE using 219/219 trials with best loss 0.223523
[2024-01-01 12:07:49,421][hyperopt.tpe][INFO] - build_posterior_wrapper took 0.001857 seconds
[2024-01-01 12:07:49,422][hyperopt.tpe][INFO] - TPE using 220/220 trials with best loss 0.223523
[2024-01-01 12:07:49,562][hyperopt.tpe][INFO] - build_posterior_wrapper took 0.001870 seconds
[2024-01-01 12:07:49,562][hyperopt.tpe][INFO] - TPE using 221/221 trials with best loss 0.223523
[2024-01-01 12:07:49,690][hyperopt.tpe][INFO] - build_posterior_wrapper took 0.001843 seconds
[2024-01-01 12:07:49,691][hyperopt.tpe][INFO] - TPE using 222/222 trials with best loss 0.223523
[2024-01-01 12:07:49,874][hyperopt.tpe][INFO] - build_posterior_wrapper took 0.001862 seconds
[2024-01-01 12:07:49,874][hyperopt.tpe][INFO] - TPE using 223/223 trials with best loss 0.223523
[2024-01-01 12:07:49,995][hyperopt.tpe][INFO] - build_posterior_wrapper took 0.001865 seconds
[2024-01-01 12:07:49,996][hyperopt.tpe][INFO] - TPE using 224/224 trials with best loss 0.223523
[2024-01-01 12:07:50,119][hyperopt.tpe][INFO] - build_posterior_wrapper took 0.001890 seconds
[2024-01-01 12:07:50,119][hyperopt.tpe][INFO] - TPE using 225/225 trials with best loss 0.223523
[2024-01-01 12:07:50,284][hyperopt.tpe][INFO] - build_posterior_wrapper took 0.001855 seconds
[2024-01-01 12:07:50,284][hyperopt.tpe][INFO] - TPE using 226/226 trials with best loss 0.223523
[2024-01-01 12:07:50,384][hyperopt.tpe][INFO] - build_posterior_wrapper took 0.001839 seconds
[2024-01-01 12:07:50,384][hyperopt.tpe][INFO] - TPE using 227/227 trials with best loss 0.223523
[2024-01-01 12:07:50,471][hyperopt.tpe][INFO] - build_posterior_wrapper took 0.001813 seconds
[2024-01-01 12:07:50,471][hyperopt.tpe][INFO] - TPE using 228/228 trials with best loss 0.223523
[2024-01-01 12:07:50,594][hyperopt.tpe][INFO] - build_posterior_wrapper took 0.001841 seconds
[2024-01-01 12:07:50,594][hyperopt.tpe][INFO] - TPE using 229/229 trials with best loss 0.223523
[2024-01-01 12:07:50,758][hyperopt.tpe][INFO] - build_posterior_wrapper took 0.001878 seconds
[2024-01-01 12:07:50,759][hyperopt.tpe][INFO] - TPE using 230/230 trials with best loss 0.223523
[2024-01-01 12:07:50,880][hyperopt.tpe][INFO] - build_posterior_wrapper took 0.001878 seconds
[2024-01-01 12:07:50,880][hyperopt.tpe][INFO] - TPE using 231/231 trials with best loss 0.223523
[2024-01-01 12:07:50,998][hyperopt.tpe][INFO] - build_posterior_wrapper took 0.001833 seconds
[2024-01-01 12:07:50,998][hyperopt.tpe][INFO] - TPE using 232/232 trials with best loss 0.223523
[2024-01-01 12:07:51,123][hyperopt.tpe][INFO] - build_posterior_wrapper took 0.001832 seconds
[2024-01-01 12:07:51,123][hyperopt.tpe][INFO] - TPE using 233/233 trials with best loss 0.223523
[2024-01-01 12:07:51,245][hyperopt.tpe][INFO] - build_posterior_wrapper took 0.001866 seconds
[2024-01-01 12:07:51,245][hyperopt.tpe][INFO] - TPE using 234/234 trials with best loss 0.223523
[2024-01-01 12:07:51,384][hyperopt.tpe][INFO] - build_posterior_wrapper took 0.001888 seconds
[2024-01-01 12:07:51,385][hyperopt.tpe][INFO] - TPE using 235/235 trials with best loss 0.223523
[2024-01-01 12:07:51,488][hyperopt.tpe][INFO] - build_posterior_wrapper took 0.001822 seconds
[2024-01-01 12:07:51,488][hyperopt.tpe][INFO] - TPE using 236/236 trials with best loss 0.223523
[2024-01-01 12:07:51,698][hyperopt.tpe][INFO] - build_posterior_wrapper took 0.001887 seconds
[2024-01-01 12:07:51,699][hyperopt.tpe][INFO] - TPE using 237/237 trials with best loss 0.223523
[2024-01-01 12:07:51,785][hyperopt.tpe][INFO] - build_posterior_wrapper took 0.001847 seconds
[2024-01-01 12:07:51,785][hyperopt.tpe][INFO] - TPE using 238/238 trials with best loss 0.223523
[2024-01-01 12:07:51,982][hyperopt.tpe][INFO] - build_posterior_wrapper took 0.001853 seconds
[2024-01-01 12:07:51,982][hyperopt.tpe][INFO] - TPE using 239/239 trials with best loss 0.223523
[2024-01-01 12:07:52,105][hyperopt.tpe][INFO] - build_posterior_wrapper took 0.001822 seconds
[2024-01-01 12:07:52,106][hyperopt.tpe][INFO] - TPE using 240/240 trials with best loss 0.216016
[2024-01-01 12:07:52,241][hyperopt.tpe][INFO] - build_posterior_wrapper took 0.001799 seconds
[2024-01-01 12:07:52,241][hyperopt.tpe][INFO] - TPE using 241/241 trials with best loss 0.216016
[2024-01-01 12:07:52,365][hyperopt.tpe][INFO] - build_posterior_wrapper took 0.001848 seconds
[2024-01-01 12:07:52,365][hyperopt.tpe][INFO] - TPE using 242/242 trials with best loss 0.216016
[2024-01-01 12:07:52,489][hyperopt.tpe][INFO] - build_posterior_wrapper took 0.001880 seconds
[2024-01-01 12:07:52,489][hyperopt.tpe][INFO] - TPE using 243/243 trials with best loss 0.216016
[2024-01-01 12:07:52,625][hyperopt.tpe][INFO] - build_posterior_wrapper took 0.001844 seconds
[2024-01-01 12:07:52,625][hyperopt.tpe][INFO] - TPE using 244/244 trials with best loss 0.216016
[2024-01-01 12:07:52,796][hyperopt.tpe][INFO] - build_posterior_wrapper took 0.001860 seconds
[2024-01-01 12:07:52,797][hyperopt.tpe][INFO] - TPE using 245/245 trials with best loss 0.214586
[2024-01-01 12:07:53,005][hyperopt.tpe][INFO] - build_posterior_wrapper took 0.001854 seconds
[2024-01-01 12:07:53,006][hyperopt.tpe][INFO] - TPE using 246/246 trials with best loss 0.214586
[2024-01-01 12:07:53,177][hyperopt.tpe][INFO] - build_posterior_wrapper took 0.001861 seconds
[2024-01-01 12:07:53,178][hyperopt.tpe][INFO] - TPE using 247/247 trials with best loss 0.214586
[2024-01-01 12:07:53,349][hyperopt.tpe][INFO] - build_posterior_wrapper took 0.001856 seconds
[2024-01-01 12:07:53,350][hyperopt.tpe][INFO] - TPE using 248/248 trials with best loss 0.214586
[2024-01-01 12:07:53,521][hyperopt.tpe][INFO] - build_posterior_wrapper took 0.001885 seconds
[2024-01-01 12:07:53,521][hyperopt.tpe][INFO] - TPE using 249/249 trials with best loss 0.214586
[2024-01-01 12:07:53,731][hyperopt.tpe][INFO] - build_posterior_wrapper took 0.001882 seconds
[2024-01-01 12:07:53,731][hyperopt.tpe][INFO] - TPE using 250/250 trials with best loss 0.214586
[2024-01-01 12:07:53,940][hyperopt.tpe][INFO] - build_posterior_wrapper took 0.001858 seconds
[2024-01-01 12:07:53,940][hyperopt.tpe][INFO] - TPE using 251/251 trials with best loss 0.214586
[2024-01-01 12:07:54,151][hyperopt.tpe][INFO] - build_posterior_wrapper took 0.001862 seconds
[2024-01-01 12:07:54,152][hyperopt.tpe][INFO] - TPE using 252/252 trials with best loss 0.214586
[2024-01-01 12:07:54,324][hyperopt.tpe][INFO] - build_posterior_wrapper took 0.001868 seconds
[2024-01-01 12:07:54,324][hyperopt.tpe][INFO] - TPE using 253/253 trials with best loss 0.214586
[2024-01-01 12:07:54,533][hyperopt.tpe][INFO] - build_posterior_wrapper took 0.001834 seconds
[2024-01-01 12:07:54,533][hyperopt.tpe][INFO] - TPE using 254/254 trials with best loss 0.214586
[2024-01-01 12:07:54,705][hyperopt.tpe][INFO] - build_posterior_wrapper took 0.001878 seconds
[2024-01-01 12:07:54,705][hyperopt.tpe][INFO] - TPE using 255/255 trials with best loss 0.214586
[2024-01-01 12:07:54,917][hyperopt.tpe][INFO] - build_posterior_wrapper took 0.001909 seconds
[2024-01-01 12:07:54,918][hyperopt.tpe][INFO] - TPE using 256/256 trials with best loss 0.214586
[2024-01-01 12:07:55,089][hyperopt.tpe][INFO] - build_posterior_wrapper took 0.001877 seconds
[2024-01-01 12:07:55,090][hyperopt.tpe][INFO] - TPE using 257/257 trials with best loss 0.214586
[2024-01-01 12:07:55,262][hyperopt.tpe][INFO] - build_posterior_wrapper took 0.001869 seconds
[2024-01-01 12:07:55,263][hyperopt.tpe][INFO] - TPE using 258/258 trials with best loss 0.214586
[2024-01-01 12:07:55,435][hyperopt.tpe][INFO] - build_posterior_wrapper took 0.001880 seconds
[2024-01-01 12:07:55,435][hyperopt.tpe][INFO] - TPE using 259/259 trials with best loss 0.214586
[2024-01-01 12:07:55,607][hyperopt.tpe][INFO] - build_posterior_wrapper took 0.001871 seconds
[2024-01-01 12:07:55,608][hyperopt.tpe][INFO] - TPE using 260/260 trials with best loss 0.214586
[2024-01-01 12:07:55,780][hyperopt.tpe][INFO] - build_posterior_wrapper took 0.001880 seconds
[2024-01-01 12:07:55,780][hyperopt.tpe][INFO] - TPE using 261/261 trials with best loss 0.214586
[2024-01-01 12:07:55,952][hyperopt.tpe][INFO] - build_posterior_wrapper took 0.001892 seconds
[2024-01-01 12:07:55,953][hyperopt.tpe][INFO] - TPE using 262/262 trials with best loss 0.214586
[2024-01-01 12:07:56,125][hyperopt.tpe][INFO] - build_posterior_wrapper took 0.001860 seconds
[2024-01-01 12:07:56,125][hyperopt.tpe][INFO] - TPE using 263/263 trials with best loss 0.214586
[2024-01-01 12:07:56,296][hyperopt.tpe][INFO] - build_posterior_wrapper took 0.001837 seconds
[2024-01-01 12:07:56,297][hyperopt.tpe][INFO] - TPE using 264/264 trials with best loss 0.214586
[2024-01-01 12:07:56,468][hyperopt.tpe][INFO] - build_posterior_wrapper took 0.001861 seconds
[2024-01-01 12:07:56,469][hyperopt.tpe][INFO] - TPE using 265/265 trials with best loss 0.214586
[2024-01-01 12:07:56,641][hyperopt.tpe][INFO] - build_posterior_wrapper took 0.001840 seconds
[2024-01-01 12:07:56,641][hyperopt.tpe][INFO] - TPE using 266/266 trials with best loss 0.214586
[2024-01-01 12:07:56,813][hyperopt.tpe][INFO] - build_posterior_wrapper took 0.001881 seconds
[2024-01-01 12:07:56,813][hyperopt.tpe][INFO] - TPE using 267/267 trials with best loss 0.214586
[2024-01-01 12:07:56,985][hyperopt.tpe][INFO] - build_posterior_wrapper took 0.001848 seconds
[2024-01-01 12:07:56,985][hyperopt.tpe][INFO] - TPE using 268/268 trials with best loss 0.214586
[2024-01-01 12:07:57,157][hyperopt.tpe][INFO] - build_posterior_wrapper took 0.001862 seconds
[2024-01-01 12:07:57,158][hyperopt.tpe][INFO] - TPE using 269/269 trials with best loss 0.214586
[2024-01-01 12:07:57,330][hyperopt.tpe][INFO] - build_posterior_wrapper took 0.001860 seconds
[2024-01-01 12:07:57,330][hyperopt.tpe][INFO] - TPE using 270/270 trials with best loss 0.214586
[2024-01-01 12:07:57,501][hyperopt.tpe][INFO] - build_posterior_wrapper took 0.001849 seconds
[2024-01-01 12:07:57,502][hyperopt.tpe][INFO] - TPE using 271/271 trials with best loss 0.214586
[2024-01-01 12:07:57,673][hyperopt.tpe][INFO] - build_posterior_wrapper took 0.001848 seconds
[2024-01-01 12:07:57,674][hyperopt.tpe][INFO] - TPE using 272/272 trials with best loss 0.214586
[2024-01-01 12:07:57,845][hyperopt.tpe][INFO] - build_posterior_wrapper took 0.001873 seconds
[2024-01-01 12:07:57,846][hyperopt.tpe][INFO] - TPE using 273/273 trials with best loss 0.214586
[2024-01-01 12:07:58,018][hyperopt.tpe][INFO] - build_posterior_wrapper took 0.001827 seconds
[2024-01-01 12:07:58,018][hyperopt.tpe][INFO] - TPE using 274/274 trials with best loss 0.214586
[2024-01-01 12:07:58,227][hyperopt.tpe][INFO] - build_posterior_wrapper took 0.001858 seconds
[2024-01-01 12:07:58,227][hyperopt.tpe][INFO] - TPE using 275/275 trials with best loss 0.214586
[2024-01-01 12:07:58,437][hyperopt.tpe][INFO] - build_posterior_wrapper took 0.001862 seconds
[2024-01-01 12:07:58,438][hyperopt.tpe][INFO] - TPE using 276/276 trials with best loss 0.214586
[2024-01-01 12:07:58,610][hyperopt.tpe][INFO] - build_posterior_wrapper took 0.001854 seconds
[2024-01-01 12:07:58,610][hyperopt.tpe][INFO] - TPE using 277/277 trials with best loss 0.214586
[2024-01-01 12:07:58,782][hyperopt.tpe][INFO] - build_posterior_wrapper took 0.001834 seconds
[2024-01-01 12:07:58,782][hyperopt.tpe][INFO] - TPE using 278/278 trials with best loss 0.214586
[2024-01-01 12:07:58,954][hyperopt.tpe][INFO] - build_posterior_wrapper took 0.001869 seconds
[2024-01-01 12:07:58,955][hyperopt.tpe][INFO] - TPE using 279/279 trials with best loss 0.214586
[2024-01-01 12:07:59,164][hyperopt.tpe][INFO] - build_posterior_wrapper took 0.001865 seconds
[2024-01-01 12:07:59,165][hyperopt.tpe][INFO] - TPE using 280/280 trials with best loss 0.214586
[2024-01-01 12:07:59,376][hyperopt.tpe][INFO] - build_posterior_wrapper took 0.001858 seconds
[2024-01-01 12:07:59,376][hyperopt.tpe][INFO] - TPE using 281/281 trials with best loss 0.214586
[2024-01-01 12:07:59,591][hyperopt.tpe][INFO] - build_posterior_wrapper took 0.002001 seconds
[2024-01-01 12:07:59,591][hyperopt.tpe][INFO] - TPE using 282/282 trials with best loss 0.214586
[2024-01-01 12:07:59,763][hyperopt.tpe][INFO] - build_posterior_wrapper took 0.001834 seconds
[2024-01-01 12:07:59,764][hyperopt.tpe][INFO] - TPE using 283/283 trials with best loss 0.214586
[2024-01-01 12:07:59,972][hyperopt.tpe][INFO] - build_posterior_wrapper took 0.001845 seconds
[2024-01-01 12:07:59,973][hyperopt.tpe][INFO] - TPE using 284/284 trials with best loss 0.214586
[2024-01-01 12:08:00,145][hyperopt.tpe][INFO] - build_posterior_wrapper took 0.001875 seconds
[2024-01-01 12:08:00,145][hyperopt.tpe][INFO] - TPE using 285/285 trials with best loss 0.214586
[2024-01-01 12:08:00,353][hyperopt.tpe][INFO] - build_posterior_wrapper took 0.001807 seconds
[2024-01-01 12:08:00,354][hyperopt.tpe][INFO] - TPE using 286/286 trials with best loss 0.214586
[2024-01-01 12:08:00,525][hyperopt.tpe][INFO] - build_posterior_wrapper took 0.001840 seconds
[2024-01-01 12:08:00,526][hyperopt.tpe][INFO] - TPE using 287/287 trials with best loss 0.214586
[2024-01-01 12:08:00,737][hyperopt.tpe][INFO] - build_posterior_wrapper took 0.001824 seconds
[2024-01-01 12:08:00,737][hyperopt.tpe][INFO] - TPE using 288/288 trials with best loss 0.214586
[2024-01-01 12:08:00,946][hyperopt.tpe][INFO] - build_posterior_wrapper took 0.001823 seconds
[2024-01-01 12:08:00,946][hyperopt.tpe][INFO] - TPE using 289/289 trials with best loss 0.214586
[2024-01-01 12:08:01,118][hyperopt.tpe][INFO] - build_posterior_wrapper took 0.001835 seconds
[2024-01-01 12:08:01,118][hyperopt.tpe][INFO] - TPE using 290/290 trials with best loss 0.214586
[2024-01-01 12:08:01,292][hyperopt.tpe][INFO] - build_posterior_wrapper took 0.001874 seconds
[2024-01-01 12:08:01,293][hyperopt.tpe][INFO] - TPE using 291/291 trials with best loss 0.214586
[2024-01-01 12:08:01,464][hyperopt.tpe][INFO] - build_posterior_wrapper took 0.001853 seconds
[2024-01-01 12:08:01,465][hyperopt.tpe][INFO] - TPE using 292/292 trials with best loss 0.214586
[2024-01-01 12:08:01,629][hyperopt.tpe][INFO] - build_posterior_wrapper took 0.001850 seconds
[2024-01-01 12:08:01,629][hyperopt.tpe][INFO] - TPE using 293/293 trials with best loss 0.214586
[2024-01-01 12:08:01,808][hyperopt.tpe][INFO] - build_posterior_wrapper took 0.001834 seconds
[2024-01-01 12:08:01,808][hyperopt.tpe][INFO] - TPE using 294/294 trials with best loss 0.214586
[2024-01-01 12:08:02,064][hyperopt.tpe][INFO] - build_posterior_wrapper took 0.001867 seconds
[2024-01-01 12:08:02,064][hyperopt.tpe][INFO] - TPE using 295/295 trials with best loss 0.214586
[2024-01-01 12:08:02,256][hyperopt.tpe][INFO] - build_posterior_wrapper took 0.001835 seconds
[2024-01-01 12:08:02,256][hyperopt.tpe][INFO] - TPE using 296/296 trials with best loss 0.214586
[2024-01-01 12:08:02,428][hyperopt.tpe][INFO] - build_posterior_wrapper took 0.001885 seconds
[2024-01-01 12:08:02,428][hyperopt.tpe][INFO] - TPE using 297/297 trials with best loss 0.214586
[2024-01-01 12:08:02,600][hyperopt.tpe][INFO] - build_posterior_wrapper took 0.001857 seconds
[2024-01-01 12:08:02,601][hyperopt.tpe][INFO] - TPE using 298/298 trials with best loss 0.214586
[2024-01-01 12:08:02,887][hyperopt.tpe][INFO] - build_posterior_wrapper took 0.001858 seconds
[2024-01-01 12:08:02,888][hyperopt.tpe][INFO] - TPE using 299/299 trials with best loss 0.214586
[2024-01-01 12:08:03,057][hyperopt.tpe][INFO] - build_posterior_wrapper took 0.001851 seconds
[2024-01-01 12:08:03,058][hyperopt.tpe][INFO] - TPE using 300/300 trials with best loss 0.214586
[2024-01-01 12:08:03,237][hyperopt.tpe][INFO] - build_posterior_wrapper took 0.001859 seconds
[2024-01-01 12:08:03,237][hyperopt.tpe][INFO] - TPE using 301/301 trials with best loss 0.214586
[2024-01-01 12:08:03,337][hyperopt.tpe][INFO] - build_posterior_wrapper took 0.001820 seconds
[2024-01-01 12:08:03,344][hyperopt.tpe][INFO] - TPE using 302/302 trials with best loss 0.214586
[2024-01-01 12:08:03,513][hyperopt.tpe][INFO] - build_posterior_wrapper took 0.001863 seconds
[2024-01-01 12:08:03,513][hyperopt.tpe][INFO] - TPE using 303/303 trials with best loss 0.214586
[2024-01-01 12:08:03,698][hyperopt.tpe][INFO] - build_posterior_wrapper took 0.001868 seconds
[2024-01-01 12:08:03,699][hyperopt.tpe][INFO] - TPE using 304/304 trials with best loss 0.214586
[2024-01-01 12:08:03,871][hyperopt.tpe][INFO] - build_posterior_wrapper took 0.001855 seconds
[2024-01-01 12:08:03,871][hyperopt.tpe][INFO] - TPE using 305/305 trials with best loss 0.214586
[2024-01-01 12:08:04,050][hyperopt.tpe][INFO] - build_posterior_wrapper took 0.001845 seconds
[2024-01-01 12:08:04,051][hyperopt.tpe][INFO] - TPE using 306/306 trials with best loss 0.214586
[2024-01-01 12:08:04,220][hyperopt.tpe][INFO] - build_posterior_wrapper took 0.001829 seconds
[2024-01-01 12:08:04,220][hyperopt.tpe][INFO] - TPE using 307/307 trials with best loss 0.214586
[2024-01-01 12:08:04,392][hyperopt.tpe][INFO] - build_posterior_wrapper took 0.001830 seconds
[2024-01-01 12:08:04,392][hyperopt.tpe][INFO] - TPE using 308/308 trials with best loss 0.214586
[2024-01-01 12:08:04,645][hyperopt.tpe][INFO] - build_posterior_wrapper took 0.001871 seconds
[2024-01-01 12:08:04,645][hyperopt.tpe][INFO] - TPE using 309/309 trials with best loss 0.214586
[2024-01-01 12:08:04,719][hyperopt.tpe][INFO] - build_posterior_wrapper took 0.001814 seconds
[2024-01-01 12:08:04,719][hyperopt.tpe][INFO] - TPE using 310/310 trials with best loss 0.214586
[2024-01-01 12:08:04,890][hyperopt.tpe][INFO] - build_posterior_wrapper took 0.001835 seconds
[2024-01-01 12:08:04,891][hyperopt.tpe][INFO] - TPE using 311/311 trials with best loss 0.214586
[2024-01-01 12:08:05,019][hyperopt.tpe][INFO] - build_posterior_wrapper took 0.001841 seconds
[2024-01-01 12:08:05,019][hyperopt.tpe][INFO] - TPE using 312/312 trials with best loss 0.214586
[2024-01-01 12:08:05,191][hyperopt.tpe][INFO] - build_posterior_wrapper took 0.001840 seconds
[2024-01-01 12:08:05,192][hyperopt.tpe][INFO] - TPE using 313/313 trials with best loss 0.214586
[2024-01-01 12:08:05,401][hyperopt.tpe][INFO] - build_posterior_wrapper took 0.001826 seconds
[2024-01-01 12:08:05,401][hyperopt.tpe][INFO] - TPE using 314/314 trials with best loss 0.214586
[2024-01-01 12:08:05,500][hyperopt.tpe][INFO] - build_posterior_wrapper took 0.001842 seconds
[2024-01-01 12:08:05,519][hyperopt.tpe][INFO] - TPE using 315/315 trials with best loss 0.214586
[2024-01-01 12:08:05,683][hyperopt.tpe][INFO] - build_posterior_wrapper took 0.001842 seconds
[2024-01-01 12:08:05,683][hyperopt.tpe][INFO] - TPE using 316/316 trials with best loss 0.214586
[2024-01-01 12:08:05,851][hyperopt.tpe][INFO] - build_posterior_wrapper took 0.001871 seconds
[2024-01-01 12:08:05,851][hyperopt.tpe][INFO] - TPE using 317/317 trials with best loss 0.214586
[2024-01-01 12:08:06,023][hyperopt.tpe][INFO] - build_posterior_wrapper took 0.001840 seconds
[2024-01-01 12:08:06,024][hyperopt.tpe][INFO] - TPE using 318/318 trials with best loss 0.214586
[2024-01-01 12:08:06,162][hyperopt.tpe][INFO] - build_posterior_wrapper took 0.001830 seconds
[2024-01-01 12:08:06,163][hyperopt.tpe][INFO] - TPE using 319/319 trials with best loss 0.214586
[2024-01-01 12:08:06,291][hyperopt.tpe][INFO] - build_posterior_wrapper took 0.001867 seconds
[2024-01-01 12:08:06,292][hyperopt.tpe][INFO] - TPE using 320/320 trials with best loss 0.214586
[2024-01-01 12:08:06,463][hyperopt.tpe][INFO] - build_posterior_wrapper took 0.001865 seconds
[2024-01-01 12:08:06,464][hyperopt.tpe][INFO] - TPE using 321/321 trials with best loss 0.214586
[2024-01-01 12:08:06,582][hyperopt.tpe][INFO] - build_posterior_wrapper took 0.001842 seconds
[2024-01-01 12:08:06,583][hyperopt.tpe][INFO] - TPE using 322/322 trials with best loss 0.214586
[2024-01-01 12:08:06,784][hyperopt.tpe][INFO] - build_posterior_wrapper took 0.001859 seconds
[2024-01-01 12:08:06,784][hyperopt.tpe][INFO] - TPE using 323/323 trials with best loss 0.214586
[2024-01-01 12:08:06,994][hyperopt.tpe][INFO] - build_posterior_wrapper took 0.001851 seconds
[2024-01-01 12:08:06,994][hyperopt.tpe][INFO] - TPE using 324/324 trials with best loss 0.214586
[2024-01-01 12:08:07,164][hyperopt.tpe][INFO] - build_posterior_wrapper took 0.001849 seconds
[2024-01-01 12:08:07,164][hyperopt.tpe][INFO] - TPE using 325/325 trials with best loss 0.214586
[2024-01-01 12:08:07,452][hyperopt.tpe][INFO] - build_posterior_wrapper took 0.001845 seconds
[2024-01-01 12:08:07,452][hyperopt.tpe][INFO] - TPE using 326/326 trials with best loss 0.214586
[2024-01-01 12:08:07,625][hyperopt.tpe][INFO] - build_posterior_wrapper took 0.001867 seconds
[2024-01-01 12:08:07,625][hyperopt.tpe][INFO] - TPE using 327/327 trials with best loss 0.214586
[2024-01-01 12:08:07,776][hyperopt.tpe][INFO] - build_posterior_wrapper took 0.001837 seconds
[2024-01-01 12:08:07,776][hyperopt.tpe][INFO] - TPE using 328/328 trials with best loss 0.214586
[2024-01-01 12:08:07,843][hyperopt.tpe][INFO] - build_posterior_wrapper took 0.001816 seconds
[2024-01-01 12:08:07,844][hyperopt.tpe][INFO] - TPE using 329/329 trials with best loss 0.214586
[2024-01-01 12:08:08,028][hyperopt.tpe][INFO] - build_posterior_wrapper took 0.001845 seconds
[2024-01-01 12:08:08,029][hyperopt.tpe][INFO] - TPE using 330/330 trials with best loss 0.214586
[2024-01-01 12:08:08,201][hyperopt.tpe][INFO] - build_posterior_wrapper took 0.001839 seconds
[2024-01-01 12:08:08,202][hyperopt.tpe][INFO] - TPE using 331/331 trials with best loss 0.214586
[2024-01-01 12:08:08,382][hyperopt.tpe][INFO] - build_posterior_wrapper took 0.001820 seconds
[2024-01-01 12:08:08,382][hyperopt.tpe][INFO] - TPE using 332/332 trials with best loss 0.214586
[2024-01-01 12:08:08,553][hyperopt.tpe][INFO] - build_posterior_wrapper took 0.001863 seconds
[2024-01-01 12:08:08,553][hyperopt.tpe][INFO] - TPE using 333/333 trials with best loss 0.214586
[2024-01-01 12:08:08,722][hyperopt.tpe][INFO] - build_posterior_wrapper took 0.001850 seconds
[2024-01-01 12:08:08,723][hyperopt.tpe][INFO] - TPE using 334/334 trials with best loss 0.214586
[2024-01-01 12:08:08,977][hyperopt.tpe][INFO] - build_posterior_wrapper took 0.001846 seconds
[2024-01-01 12:08:08,977][hyperopt.tpe][INFO] - TPE using 335/335 trials with best loss 0.214586
[2024-01-01 12:08:09,073][hyperopt.tpe][INFO] - build_posterior_wrapper took 0.001831 seconds
[2024-01-01 12:08:09,074][hyperopt.tpe][INFO] - TPE using 336/336 trials with best loss 0.214586
[2024-01-01 12:08:09,223][hyperopt.tpe][INFO] - build_posterior_wrapper took 0.001854 seconds
[2024-01-01 12:08:09,224][hyperopt.tpe][INFO] - TPE using 337/337 trials with best loss 0.214586
[2024-01-01 12:08:09,352][hyperopt.tpe][INFO] - build_posterior_wrapper took 0.001821 seconds
[2024-01-01 12:08:09,353][hyperopt.tpe][INFO] - TPE using 338/338 trials with best loss 0.214586
[2024-01-01 12:08:09,530][hyperopt.tpe][INFO] - build_posterior_wrapper took 0.001854 seconds
[2024-01-01 12:08:09,531][hyperopt.tpe][INFO] - TPE using 339/339 trials with best loss 0.214586
[2024-01-01 12:08:09,741][hyperopt.tpe][INFO] - build_posterior_wrapper took 0.001848 seconds
[2024-01-01 12:08:09,741][hyperopt.tpe][INFO] - TPE using 340/340 trials with best loss 0.214586
[2024-01-01 12:08:09,914][hyperopt.tpe][INFO] - build_posterior_wrapper took 0.001855 seconds
[2024-01-01 12:08:09,915][hyperopt.tpe][INFO] - TPE using 341/341 trials with best loss 0.214586
[2024-01-01 12:08:10,090][hyperopt.tpe][INFO] - build_posterior_wrapper took 0.001849 seconds
[2024-01-01 12:08:10,090][hyperopt.tpe][INFO] - TPE using 342/342 trials with best loss 0.214586
[2024-01-01 12:08:10,255][hyperopt.tpe][INFO] - build_posterior_wrapper took 0.001835 seconds
[2024-01-01 12:08:10,255][hyperopt.tpe][INFO] - TPE using 343/343 trials with best loss 0.214586
[2024-01-01 12:08:10,356][hyperopt.tpe][INFO] - build_posterior_wrapper took 0.001816 seconds
[2024-01-01 12:08:10,356][hyperopt.tpe][INFO] - TPE using 344/344 trials with best loss 0.214586
[2024-01-01 12:08:10,536][hyperopt.tpe][INFO] - build_posterior_wrapper took 0.001882 seconds
[2024-01-01 12:08:10,537][hyperopt.tpe][INFO] - TPE using 345/345 trials with best loss 0.214586
[2024-01-01 12:08:10,680][hyperopt.tpe][INFO] - build_posterior_wrapper took 0.001824 seconds
[2024-01-01 12:08:10,680][hyperopt.tpe][INFO] - TPE using 346/346 trials with best loss 0.214586
[2024-01-01 12:08:10,852][hyperopt.tpe][INFO] - build_posterior_wrapper took 0.001832 seconds
[2024-01-01 12:08:10,853][hyperopt.tpe][INFO] - TPE using 347/347 trials with best loss 0.214586
[2024-01-01 12:08:10,981][hyperopt.tpe][INFO] - build_posterior_wrapper took 0.001807 seconds
[2024-01-01 12:08:10,982][hyperopt.tpe][INFO] - TPE using 348/348 trials with best loss 0.214586
[2024-01-01 12:08:11,043][hyperopt.tpe][INFO] - build_posterior_wrapper took 0.001793 seconds
[2024-01-01 12:08:11,044][hyperopt.tpe][INFO] - TPE using 349/349 trials with best loss 0.214586
[2024-01-01 12:08:11,253][hyperopt.tpe][INFO] - build_posterior_wrapper took 0.001860 seconds
[2024-01-01 12:08:11,254][hyperopt.tpe][INFO] - TPE using 350/350 trials with best loss 0.214586
[2024-01-01 12:08:11,465][hyperopt.tpe][INFO] - build_posterior_wrapper took 0.001884 seconds
[2024-01-01 12:08:11,465][hyperopt.tpe][INFO] - TPE using 351/351 trials with best loss 0.214586
[2024-01-01 12:08:11,576][hyperopt.tpe][INFO] - build_posterior_wrapper took 0.001819 seconds
[2024-01-01 12:08:11,576][hyperopt.tpe][INFO] - TPE using 352/352 trials with best loss 0.214586
[2024-01-01 12:08:11,738][hyperopt.tpe][INFO] - build_posterior_wrapper took 0.001824 seconds
[2024-01-01 12:08:11,739][hyperopt.tpe][INFO] - TPE using 353/353 trials with best loss 0.214586
[2024-01-01 12:08:11,902][hyperopt.tpe][INFO] - build_posterior_wrapper took 0.001817 seconds
[2024-01-01 12:08:11,902][hyperopt.tpe][INFO] - TPE using 354/354 trials with best loss 0.214586
[2024-01-01 12:08:12,038][hyperopt.tpe][INFO] - build_posterior_wrapper took 0.001834 seconds
[2024-01-01 12:08:12,039][hyperopt.tpe][INFO] - TPE using 355/355 trials with best loss 0.214586
[2024-01-01 12:08:12,167][hyperopt.tpe][INFO] - build_posterior_wrapper took 0.001824 seconds
[2024-01-01 12:08:12,168][hyperopt.tpe][INFO] - TPE using 356/356 trials with best loss 0.214586
[2024-01-01 12:08:12,352][hyperopt.tpe][INFO] - build_posterior_wrapper took 0.001840 seconds
[2024-01-01 12:08:12,354][hyperopt.tpe][INFO] - TPE using 357/357 trials with best loss 0.214586
[2024-01-01 12:08:12,413][hyperopt.tpe][INFO] - build_posterior_wrapper took 0.001788 seconds
[2024-01-01 12:08:12,413][hyperopt.tpe][INFO] - TPE using 358/358 trials with best loss 0.214586
[2024-01-01 12:08:12,583][hyperopt.tpe][INFO] - build_posterior_wrapper took 0.001861 seconds
[2024-01-01 12:08:12,583][hyperopt.tpe][INFO] - TPE using 359/359 trials with best loss 0.214586
[2024-01-01 12:08:12,671][hyperopt.tpe][INFO] - build_posterior_wrapper took 0.001817 seconds
[2024-01-01 12:08:12,671][hyperopt.tpe][INFO] - TPE using 360/360 trials with best loss 0.214586
[2024-01-01 12:08:12,846][hyperopt.tpe][INFO] - build_posterior_wrapper took 0.001844 seconds
[2024-01-01 12:08:12,847][hyperopt.tpe][INFO] - TPE using 361/361 trials with best loss 0.214586
[2024-01-01 12:08:13,058][hyperopt.tpe][INFO] - build_posterior_wrapper took 0.001819 seconds
[2024-01-01 12:08:13,059][hyperopt.tpe][INFO] - TPE using 362/362 trials with best loss 0.214586
[2024-01-01 12:08:13,229][hyperopt.tpe][INFO] - build_posterior_wrapper took 0.001873 seconds
[2024-01-01 12:08:13,230][hyperopt.tpe][INFO] - TPE using 363/363 trials with best loss 0.214586
[2024-01-01 12:08:13,381][hyperopt.tpe][INFO] - build_posterior_wrapper took 0.001855 seconds
[2024-01-01 12:08:13,381][hyperopt.tpe][INFO] - TPE using 364/364 trials with best loss 0.214586
[2024-01-01 12:08:13,458][hyperopt.tpe][INFO] - build_posterior_wrapper took 0.001820 seconds
[2024-01-01 12:08:13,459][hyperopt.tpe][INFO] - TPE using 365/365 trials with best loss 0.214586
[2024-01-01 12:08:13,587][hyperopt.tpe][INFO] - build_posterior_wrapper took 0.001832 seconds
[2024-01-01 12:08:13,588][hyperopt.tpe][INFO] - TPE using 366/366 trials with best loss 0.214586
[2024-01-01 12:08:13,798][hyperopt.tpe][INFO] - build_posterior_wrapper took 0.001876 seconds
[2024-01-01 12:08:13,798][hyperopt.tpe][INFO] - TPE using 367/367 trials with best loss 0.214586
[2024-01-01 12:08:13,897][hyperopt.tpe][INFO] - build_posterior_wrapper took 0.001813 seconds
[2024-01-01 12:08:13,898][hyperopt.tpe][INFO] - TPE using 368/368 trials with best loss 0.214586
[2024-01-01 12:08:14,062][hyperopt.tpe][INFO] - build_posterior_wrapper took 0.001857 seconds
[2024-01-01 12:08:14,063][hyperopt.tpe][INFO] - TPE using 369/369 trials with best loss 0.214586
[2024-01-01 12:08:14,219][hyperopt.tpe][INFO] - build_posterior_wrapper took 0.001843 seconds
[2024-01-01 12:08:14,219][hyperopt.tpe][INFO] - TPE using 370/370 trials with best loss 0.214586
[2024-01-01 12:08:14,391][hyperopt.tpe][INFO] - build_posterior_wrapper took 0.001844 seconds
[2024-01-01 12:08:14,392][hyperopt.tpe][INFO] - TPE using 371/371 trials with best loss 0.214586
[2024-01-01 12:08:14,562][hyperopt.tpe][INFO] - build_posterior_wrapper took 0.001837 seconds
[2024-01-01 12:08:14,562][hyperopt.tpe][INFO] - TPE using 372/372 trials with best loss 0.214586
[2024-01-01 12:08:14,612][hyperopt.tpe][INFO] - build_posterior_wrapper took 0.001802 seconds
[2024-01-01 12:08:14,612][hyperopt.tpe][INFO] - TPE using 373/373 trials with best loss 0.214586
[2024-01-01 12:08:14,868][hyperopt.tpe][INFO] - build_posterior_wrapper took 0.001835 seconds
[2024-01-01 12:08:14,868][hyperopt.tpe][INFO] - TPE using 374/374 trials with best loss 0.214586
[2024-01-01 12:08:14,997][hyperopt.tpe][INFO] - build_posterior_wrapper took 0.001854 seconds
[2024-01-01 12:08:14,998][hyperopt.tpe][INFO] - TPE using 375/375 trials with best loss 0.214586
[2024-01-01 12:08:15,094][hyperopt.tpe][INFO] - build_posterior_wrapper took 0.001826 seconds
[2024-01-01 12:08:15,094][hyperopt.tpe][INFO] - TPE using 376/376 trials with best loss 0.214586
[2024-01-01 12:08:15,266][hyperopt.tpe][INFO] - build_posterior_wrapper took 0.001845 seconds
[2024-01-01 12:08:15,267][hyperopt.tpe][INFO] - TPE using 377/377 trials with best loss 0.214586
[2024-01-01 12:08:15,555][hyperopt.tpe][INFO] - build_posterior_wrapper took 0.001857 seconds
[2024-01-01 12:08:15,555][hyperopt.tpe][INFO] - TPE using 378/378 trials with best loss 0.214586
[2024-01-01 12:08:15,738][hyperopt.tpe][INFO] - build_posterior_wrapper took 0.001847 seconds
[2024-01-01 12:08:15,739][hyperopt.tpe][INFO] - TPE using 379/379 trials with best loss 0.214586
[2024-01-01 12:08:15,948][hyperopt.tpe][INFO] - build_posterior_wrapper took 0.001853 seconds
[2024-01-01 12:08:15,949][hyperopt.tpe][INFO] - TPE using 380/380 trials with best loss 0.214586
[2024-01-01 12:08:16,056][hyperopt.tpe][INFO] - build_posterior_wrapper took 0.052536 seconds
[2024-01-01 12:08:16,056][hyperopt.tpe][INFO] - TPE using 381/381 trials with best loss 0.214586
[2024-01-01 12:08:16,208][hyperopt.tpe][INFO] - build_posterior_wrapper took 0.001880 seconds
[2024-01-01 12:08:16,209][hyperopt.tpe][INFO] - TPE using 382/382 trials with best loss 0.214586
[2024-01-01 12:08:16,374][hyperopt.tpe][INFO] - build_posterior_wrapper took 0.001875 seconds
[2024-01-01 12:08:16,374][hyperopt.tpe][INFO] - TPE using 383/383 trials with best loss 0.214586
[2024-01-01 12:08:16,441][hyperopt.tpe][INFO] - build_posterior_wrapper took 0.001831 seconds
[2024-01-01 12:08:16,442][hyperopt.tpe][INFO] - TPE using 384/384 trials with best loss 0.214586
[2024-01-01 12:08:16,621][hyperopt.tpe][INFO] - build_posterior_wrapper took 0.001879 seconds
[2024-01-01 12:08:16,621][hyperopt.tpe][INFO] - TPE using 385/385 trials with best loss 0.214586
[2024-01-01 12:08:16,833][hyperopt.tpe][INFO] - build_posterior_wrapper took 0.001886 seconds
[2024-01-01 12:08:16,833][hyperopt.tpe][INFO] - TPE using 386/386 trials with best loss 0.214586
[2024-01-01 12:08:17,026][hyperopt.tpe][INFO] - build_posterior_wrapper took 0.001905 seconds
[2024-01-01 12:08:17,026][hyperopt.tpe][INFO] - TPE using 387/387 trials with best loss 0.214586
[2024-01-01 12:08:17,194][hyperopt.tpe][INFO] - build_posterior_wrapper took 0.001891 seconds
[2024-01-01 12:08:17,194][hyperopt.tpe][INFO] - TPE using 388/388 trials with best loss 0.214586
[2024-01-01 12:08:17,365][hyperopt.tpe][INFO] - build_posterior_wrapper took 0.001894 seconds
[2024-01-01 12:08:17,366][hyperopt.tpe][INFO] - TPE using 389/389 trials with best loss 0.214586
[2024-01-01 12:08:17,429][hyperopt.tpe][INFO] - build_posterior_wrapper took 0.001838 seconds
[2024-01-01 12:08:17,429][hyperopt.tpe][INFO] - TPE using 390/390 trials with best loss 0.214586
[2024-01-01 12:08:17,596][hyperopt.tpe][INFO] - build_posterior_wrapper took 0.001862 seconds
[2024-01-01 12:08:17,596][hyperopt.tpe][INFO] - TPE using 391/391 trials with best loss 0.214586
[2024-01-01 12:08:17,697][hyperopt.tpe][INFO] - build_posterior_wrapper took 0.001842 seconds
[2024-01-01 12:08:17,697][hyperopt.tpe][INFO] - TPE using 392/392 trials with best loss 0.214586
[2024-01-01 12:08:17,826][hyperopt.tpe][INFO] - build_posterior_wrapper took 0.001875 seconds
[2024-01-01 12:08:17,826][hyperopt.tpe][INFO] - TPE using 393/393 trials with best loss 0.214586
[2024-01-01 12:08:18,038][hyperopt.tpe][INFO] - build_posterior_wrapper took 0.001879 seconds
[2024-01-01 12:08:18,038][hyperopt.tpe][INFO] - TPE using 394/394 trials with best loss 0.214586
[2024-01-01 12:08:18,212][hyperopt.tpe][INFO] - build_posterior_wrapper took 0.001853 seconds
[2024-01-01 12:08:18,213][hyperopt.tpe][INFO] - TPE using 395/395 trials with best loss 0.214586
[2024-01-01 12:08:18,385][hyperopt.tpe][INFO] - build_posterior_wrapper took 0.001873 seconds
[2024-01-01 12:08:18,386][hyperopt.tpe][INFO] - TPE using 396/396 trials with best loss 0.214586
[2024-01-01 12:08:18,443][hyperopt.tpe][INFO] - build_posterior_wrapper took 0.001842 seconds
[2024-01-01 12:08:18,443][hyperopt.tpe][INFO] - TPE using 397/397 trials with best loss 0.214586
[2024-01-01 12:08:18,607][hyperopt.tpe][INFO] - build_posterior_wrapper took 0.001870 seconds
[2024-01-01 12:08:18,608][hyperopt.tpe][INFO] - TPE using 398/398 trials with best loss 0.214586
[2024-01-01 12:08:18,778][hyperopt.tpe][INFO] - build_posterior_wrapper took 0.001885 seconds
[2024-01-01 12:08:18,778][hyperopt.tpe][INFO] - TPE using 399/399 trials with best loss 0.214586
[2024-01-01 12:08:18,854][hyperopt.tpe][INFO] - build_posterior_wrapper took 0.001812 seconds
[2024-01-01 12:08:18,854][hyperopt.tpe][INFO] - TPE using 400/400 trials with best loss 0.214586
[2024-01-01 12:08:19,110][hyperopt.tpe][INFO] - build_posterior_wrapper took 0.001884 seconds
[2024-01-01 12:08:19,111][hyperopt.tpe][INFO] - TPE using 401/401 trials with best loss 0.214586
[2024-01-01 12:08:19,284][hyperopt.tpe][INFO] - build_posterior_wrapper took 0.001850 seconds
[2024-01-01 12:08:19,284][hyperopt.tpe][INFO] - TPE using 402/402 trials with best loss 0.214586
[2024-01-01 12:08:19,456][hyperopt.tpe][INFO] - build_posterior_wrapper took 0.001853 seconds
[2024-01-01 12:08:19,457][hyperopt.tpe][INFO] - TPE using 403/403 trials with best loss 0.214586
[2024-01-01 12:08:19,629][hyperopt.tpe][INFO] - build_posterior_wrapper took 0.001857 seconds
[2024-01-01 12:08:19,630][hyperopt.tpe][INFO] - TPE using 404/404 trials with best loss 0.214586
[2024-01-01 12:08:19,802][hyperopt.tpe][INFO] - build_posterior_wrapper took 0.001868 seconds
[2024-01-01 12:08:19,803][hyperopt.tpe][INFO] - TPE using 405/405 trials with best loss 0.214586
[2024-01-01 12:08:19,975][hyperopt.tpe][INFO] - build_posterior_wrapper took 0.001873 seconds
[2024-01-01 12:08:19,976][hyperopt.tpe][INFO] - TPE using 406/406 trials with best loss 0.214586
[2024-01-01 12:08:20,148][hyperopt.tpe][INFO] - build_posterior_wrapper took 0.001914 seconds
[2024-01-01 12:08:20,149][hyperopt.tpe][INFO] - TPE using 407/407 trials with best loss 0.214586
[2024-01-01 12:08:20,322][hyperopt.tpe][INFO] - build_posterior_wrapper took 0.001895 seconds
[2024-01-01 12:08:20,323][hyperopt.tpe][INFO] - TPE using 408/408 trials with best loss 0.214586
[2024-01-01 12:08:20,496][hyperopt.tpe][INFO] - build_posterior_wrapper took 0.001865 seconds
[2024-01-01 12:08:20,496][hyperopt.tpe][INFO] - TPE using 409/409 trials with best loss 0.214586
[2024-01-01 12:08:20,669][hyperopt.tpe][INFO] - build_posterior_wrapper took 0.001884 seconds
[2024-01-01 12:08:20,669][hyperopt.tpe][INFO] - TPE using 410/410 trials with best loss 0.214586
[2024-01-01 12:08:20,842][hyperopt.tpe][INFO] - build_posterior_wrapper took 0.001906 seconds
[2024-01-01 12:08:20,843][hyperopt.tpe][INFO] - TPE using 411/411 trials with best loss 0.214586
[2024-01-01 12:08:21,016][hyperopt.tpe][INFO] - build_posterior_wrapper took 0.001881 seconds
[2024-01-01 12:08:21,017][hyperopt.tpe][INFO] - TPE using 412/412 trials with best loss 0.214586
[2024-01-01 12:08:21,190][hyperopt.tpe][INFO] - build_posterior_wrapper took 0.001883 seconds
[2024-01-01 12:08:21,190][hyperopt.tpe][INFO] - TPE using 413/413 trials with best loss 0.214586
[2024-01-01 12:08:21,363][hyperopt.tpe][INFO] - build_posterior_wrapper took 0.001878 seconds
[2024-01-01 12:08:21,363][hyperopt.tpe][INFO] - TPE using 414/414 trials with best loss 0.214586
[2024-01-01 12:08:21,537][hyperopt.tpe][INFO] - build_posterior_wrapper took 0.001874 seconds
[2024-01-01 12:08:21,537][hyperopt.tpe][INFO] - TPE using 415/415 trials with best loss 0.214586
[2024-01-01 12:08:21,708][hyperopt.tpe][INFO] - build_posterior_wrapper took 0.001875 seconds
[2024-01-01 12:08:21,708][hyperopt.tpe][INFO] - TPE using 416/416 trials with best loss 0.214586
[2024-01-01 12:08:21,880][hyperopt.tpe][INFO] - build_posterior_wrapper took 0.001890 seconds
[2024-01-01 12:08:21,881][hyperopt.tpe][INFO] - TPE using 417/417 trials with best loss 0.214586
[2024-01-01 12:08:22,054][hyperopt.tpe][INFO] - build_posterior_wrapper took 0.001881 seconds
[2024-01-01 12:08:22,054][hyperopt.tpe][INFO] - TPE using 418/418 trials with best loss 0.214586
[2024-01-01 12:08:22,228][hyperopt.tpe][INFO] - build_posterior_wrapper took 0.001872 seconds
[2024-01-01 12:08:22,228][hyperopt.tpe][INFO] - TPE using 419/419 trials with best loss 0.214586
[2024-01-01 12:08:22,406][hyperopt.tpe][INFO] - build_posterior_wrapper took 0.001878 seconds
[2024-01-01 12:08:22,406][hyperopt.tpe][INFO] - TPE using 420/420 trials with best loss 0.214586
[2024-01-01 12:08:22,535][hyperopt.tpe][INFO] - build_posterior_wrapper took 0.001891 seconds
[2024-01-01 12:08:22,536][hyperopt.tpe][INFO] - TPE using 421/421 trials with best loss 0.214586
[2024-01-01 12:08:22,700][hyperopt.tpe][INFO] - build_posterior_wrapper took 0.001887 seconds
[2024-01-01 12:08:22,700][hyperopt.tpe][INFO] - TPE using 422/422 trials with best loss 0.214586
[2024-01-01 12:08:22,867][hyperopt.tpe][INFO] - build_posterior_wrapper took 0.001891 seconds
[2024-01-01 12:08:22,868][hyperopt.tpe][INFO] - TPE using 423/423 trials with best loss 0.214586
[2024-01-01 12:08:23,041][hyperopt.tpe][INFO] - build_posterior_wrapper took 0.001863 seconds
[2024-01-01 12:08:23,041][hyperopt.tpe][INFO] - TPE using 424/424 trials with best loss 0.214586
[2024-01-01 12:08:23,100][hyperopt.tpe][INFO] - build_posterior_wrapper took 0.001809 seconds
[2024-01-01 12:08:23,100][hyperopt.tpe][INFO] - TPE using 425/425 trials with best loss 0.214586
[2024-01-01 12:08:23,273][hyperopt.tpe][INFO] - build_posterior_wrapper took 0.001882 seconds
[2024-01-01 12:08:23,274][hyperopt.tpe][INFO] - TPE using 426/426 trials with best loss 0.214586
[2024-01-01 12:08:23,435][hyperopt.tpe][INFO] - build_posterior_wrapper took 0.001885 seconds
[2024-01-01 12:08:23,435][hyperopt.tpe][INFO] - TPE using 427/427 trials with best loss 0.214586
[2024-01-01 12:08:23,627][hyperopt.tpe][INFO] - build_posterior_wrapper took 0.001861 seconds
[2024-01-01 12:08:23,627][hyperopt.tpe][INFO] - TPE using 428/428 trials with best loss 0.214586
[2024-01-01 12:08:23,727][hyperopt.tpe][INFO] - build_posterior_wrapper took 0.001874 seconds
[2024-01-01 12:08:23,727][hyperopt.tpe][INFO] - TPE using 429/429 trials with best loss 0.214586
[2024-01-01 12:08:23,898][hyperopt.tpe][INFO] - build_posterior_wrapper took 0.002044 seconds
[2024-01-01 12:08:23,899][hyperopt.tpe][INFO] - TPE using 430/430 trials with best loss 0.214586
[2024-01-01 12:08:24,029][hyperopt.tpe][INFO] - build_posterior_wrapper took 0.001881 seconds
[2024-01-01 12:08:24,029][hyperopt.tpe][INFO] - TPE using 431/431 trials with best loss 0.214586
[2024-01-01 12:08:24,169][hyperopt.tpe][INFO] - build_posterior_wrapper took 0.001870 seconds
[2024-01-01 12:08:24,169][hyperopt.tpe][INFO] - TPE using 432/432 trials with best loss 0.213669
[2024-01-01 12:08:24,349][hyperopt.tpe][INFO] - build_posterior_wrapper took 0.001881 seconds
[2024-01-01 12:08:24,349][hyperopt.tpe][INFO] - TPE using 433/433 trials with best loss 0.213669
[2024-01-01 12:08:24,490][hyperopt.tpe][INFO] - build_posterior_wrapper took 0.001882 seconds
[2024-01-01 12:08:24,490][hyperopt.tpe][INFO] - TPE using 434/434 trials with best loss 0.213669
[2024-01-01 12:08:24,639][hyperopt.tpe][INFO] - build_posterior_wrapper took 0.001907 seconds
[2024-01-01 12:08:24,640][hyperopt.tpe][INFO] - TPE using 435/435 trials with best loss 0.213669
[2024-01-01 12:08:24,778][hyperopt.tpe][INFO] - build_posterior_wrapper took 0.001858 seconds
[2024-01-01 12:08:24,778][hyperopt.tpe][INFO] - TPE using 436/436 trials with best loss 0.213669
[2024-01-01 12:08:24,919][hyperopt.tpe][INFO] - build_posterior_wrapper took 0.001891 seconds
[2024-01-01 12:08:24,919][hyperopt.tpe][INFO] - TPE using 437/437 trials with best loss 0.213669
[2024-01-01 12:08:25,068][hyperopt.tpe][INFO] - build_posterior_wrapper took 0.001906 seconds
[2024-01-01 12:08:25,069][hyperopt.tpe][INFO] - TPE using 438/438 trials with best loss 0.213669
[2024-01-01 12:08:25,187][hyperopt.tpe][INFO] - build_posterior_wrapper took 0.001840 seconds
[2024-01-01 12:08:25,187][hyperopt.tpe][INFO] - TPE using 439/439 trials with best loss 0.213669
[2024-01-01 12:08:25,329][hyperopt.tpe][INFO] - build_posterior_wrapper took 0.001853 seconds
[2024-01-01 12:08:25,329][hyperopt.tpe][INFO] - TPE using 440/440 trials with best loss 0.213669
[2024-01-01 12:08:25,439][hyperopt.tpe][INFO] - build_posterior_wrapper took 0.001888 seconds
[2024-01-01 12:08:25,439][hyperopt.tpe][INFO] - TPE using 441/441 trials with best loss 0.213669
[2024-01-01 12:08:25,578][hyperopt.tpe][INFO] - build_posterior_wrapper took 0.001862 seconds
[2024-01-01 12:08:25,578][hyperopt.tpe][INFO] - TPE using 442/442 trials with best loss 0.213669
[2024-01-01 12:08:25,718][hyperopt.tpe][INFO] - build_posterior_wrapper took 0.001872 seconds
[2024-01-01 12:08:25,718][hyperopt.tpe][INFO] - TPE using 443/443 trials with best loss 0.213669
[2024-01-01 12:08:25,885][hyperopt.tpe][INFO] - build_posterior_wrapper took 0.001840 seconds
[2024-01-01 12:08:25,885][hyperopt.tpe][INFO] - TPE using 444/444 trials with best loss 0.213669
[2024-01-01 12:08:26,021][hyperopt.tpe][INFO] - build_posterior_wrapper took 0.001853 seconds
[2024-01-01 12:08:26,022][hyperopt.tpe][INFO] - TPE using 445/445 trials with best loss 0.213669
[2024-01-01 12:08:26,162][hyperopt.tpe][INFO] - build_posterior_wrapper took 0.001851 seconds
[2024-01-01 12:08:26,163][hyperopt.tpe][INFO] - TPE using 446/446 trials with best loss 0.213669
[2024-01-01 12:08:26,312][hyperopt.tpe][INFO] - build_posterior_wrapper took 0.001890 seconds
[2024-01-01 12:08:26,312][hyperopt.tpe][INFO] - TPE using 447/447 trials with best loss 0.213669
[2024-01-01 12:08:26,457][hyperopt.tpe][INFO] - build_posterior_wrapper took 0.001866 seconds
[2024-01-01 12:08:26,458][hyperopt.tpe][INFO] - TPE using 448/448 trials with best loss 0.213669
[2024-01-01 12:08:26,583][hyperopt.tpe][INFO] - build_posterior_wrapper took 0.001868 seconds
[2024-01-01 12:08:26,584][hyperopt.tpe][INFO] - TPE using 449/449 trials with best loss 0.213669
[2024-01-01 12:08:26,724][hyperopt.tpe][INFO] - build_posterior_wrapper took 0.001866 seconds
[2024-01-01 12:08:26,724][hyperopt.tpe][INFO] - TPE using 450/450 trials with best loss 0.213669
[2024-01-01 12:08:26,864][hyperopt.tpe][INFO] - build_posterior_wrapper took 0.001842 seconds
[2024-01-01 12:08:26,864][hyperopt.tpe][INFO] - TPE using 451/451 trials with best loss 0.213669
[2024-01-01 12:08:26,973][hyperopt.tpe][INFO] - build_posterior_wrapper took 0.001820 seconds
[2024-01-01 12:08:26,973][hyperopt.tpe][INFO] - TPE using 452/452 trials with best loss 0.213669
[2024-01-01 12:08:27,110][hyperopt.tpe][INFO] - build_posterior_wrapper took 0.001852 seconds
[2024-01-01 12:08:27,110][hyperopt.tpe][INFO] - TPE using 453/453 trials with best loss 0.213669
[2024-01-01 12:08:27,260][hyperopt.tpe][INFO] - build_posterior_wrapper took 0.001850 seconds
[2024-01-01 12:08:27,260][hyperopt.tpe][INFO] - TPE using 454/454 trials with best loss 0.213669
[2024-01-01 12:08:27,402][hyperopt.tpe][INFO] - build_posterior_wrapper took 0.001856 seconds
[2024-01-01 12:08:27,403][hyperopt.tpe][INFO] - TPE using 455/455 trials with best loss 0.213669
[2024-01-01 12:08:27,541][hyperopt.tpe][INFO] - build_posterior_wrapper took 0.001822 seconds
[2024-01-01 12:08:27,542][hyperopt.tpe][INFO] - TPE using 456/456 trials with best loss 0.213669
[2024-01-01 12:08:27,679][hyperopt.tpe][INFO] - build_posterior_wrapper took 0.001839 seconds
[2024-01-01 12:08:27,680][hyperopt.tpe][INFO] - TPE using 457/457 trials with best loss 0.213669
[2024-01-01 12:08:27,847][hyperopt.tpe][INFO] - build_posterior_wrapper took 0.001840 seconds
[2024-01-01 12:08:27,847][hyperopt.tpe][INFO] - TPE using 458/458 trials with best loss 0.213669
[2024-01-01 12:08:27,988][hyperopt.tpe][INFO] - build_posterior_wrapper took 0.001866 seconds
[2024-01-01 12:08:27,988][hyperopt.tpe][INFO] - TPE using 459/459 trials with best loss 0.213669
[2024-01-01 12:08:28,111][hyperopt.tpe][INFO] - build_posterior_wrapper took 0.001846 seconds
[2024-01-01 12:08:28,111][hyperopt.tpe][INFO] - TPE using 460/460 trials with best loss 0.213669
[2024-01-01 12:08:28,261][hyperopt.tpe][INFO] - build_posterior_wrapper took 0.001851 seconds
[2024-01-01 12:08:28,262][hyperopt.tpe][INFO] - TPE using 461/461 trials with best loss 0.213669
[2024-01-01 12:08:28,371][hyperopt.tpe][INFO] - build_posterior_wrapper took 0.001830 seconds
[2024-01-01 12:08:28,371][hyperopt.tpe][INFO] - TPE using 462/462 trials with best loss 0.213669
[2024-01-01 12:08:28,521][hyperopt.tpe][INFO] - build_posterior_wrapper took 0.001884 seconds
[2024-01-01 12:08:28,521][hyperopt.tpe][INFO] - TPE using 463/463 trials with best loss 0.213669
[2024-01-01 12:08:28,661][hyperopt.tpe][INFO] - build_posterior_wrapper took 0.001827 seconds
[2024-01-01 12:08:28,661][hyperopt.tpe][INFO] - TPE using 464/464 trials with best loss 0.213669
[2024-01-01 12:08:28,801][hyperopt.tpe][INFO] - build_posterior_wrapper took 0.001860 seconds
[2024-01-01 12:08:28,802][hyperopt.tpe][INFO] - TPE using 465/465 trials with best loss 0.213669
[2024-01-01 12:08:28,942][hyperopt.tpe][INFO] - build_posterior_wrapper took 0.001841 seconds
[2024-01-01 12:08:28,943][hyperopt.tpe][INFO] - TPE using 466/466 trials with best loss 0.213669
[2024-01-01 12:08:29,081][hyperopt.tpe][INFO] - build_posterior_wrapper took 0.001818 seconds
[2024-01-01 12:08:29,081][hyperopt.tpe][INFO] - TPE using 467/467 trials with best loss 0.213669
[2024-01-01 12:08:29,225][hyperopt.tpe][INFO] - build_posterior_wrapper took 0.001778 seconds
[2024-01-01 12:08:29,225][hyperopt.tpe][INFO] - TPE using 468/468 trials with best loss 0.213669
[2024-01-01 12:08:29,366][hyperopt.tpe][INFO] - build_posterior_wrapper took 0.001810 seconds
[2024-01-01 12:08:29,367][hyperopt.tpe][INFO] - TPE using 469/469 trials with best loss 0.213669
[2024-01-01 12:08:29,492][hyperopt.tpe][INFO] - build_posterior_wrapper took 0.001849 seconds
[2024-01-01 12:08:29,493][hyperopt.tpe][INFO] - TPE using 470/470 trials with best loss 0.213669
[2024-01-01 12:08:29,638][hyperopt.tpe][INFO] - build_posterior_wrapper took 0.001875 seconds
[2024-01-01 12:08:29,638][hyperopt.tpe][INFO] - TPE using 471/471 trials with best loss 0.213669
[2024-01-01 12:08:29,788][hyperopt.tpe][INFO] - build_posterior_wrapper took 0.001826 seconds
[2024-01-01 12:08:29,788][hyperopt.tpe][INFO] - TPE using 472/472 trials with best loss 0.213669
[2024-01-01 12:08:29,897][hyperopt.tpe][INFO] - build_posterior_wrapper took 0.001800 seconds
[2024-01-01 12:08:29,898][hyperopt.tpe][INFO] - TPE using 473/473 trials with best loss 0.213669
[2024-01-01 12:08:30,033][hyperopt.tpe][INFO] - build_posterior_wrapper took 0.001803 seconds
[2024-01-01 12:08:30,034][hyperopt.tpe][INFO] - TPE using 474/474 trials with best loss 0.213669
[2024-01-01 12:08:30,183][hyperopt.tpe][INFO] - build_posterior_wrapper took 0.001878 seconds
[2024-01-01 12:08:30,184][hyperopt.tpe][INFO] - TPE using 475/475 trials with best loss 0.213669
[2024-01-01 12:08:30,323][hyperopt.tpe][INFO] - build_posterior_wrapper took 0.001839 seconds
[2024-01-01 12:08:30,324][hyperopt.tpe][INFO] - TPE using 476/476 trials with best loss 0.213669
[2024-01-01 12:08:30,469][hyperopt.tpe][INFO] - build_posterior_wrapper took 0.001840 seconds
[2024-01-01 12:08:30,470][hyperopt.tpe][INFO] - TPE using 477/477 trials with best loss 0.213669
[2024-01-01 12:08:30,610][hyperopt.tpe][INFO] - build_posterior_wrapper took 0.001792 seconds
[2024-01-01 12:08:30,610][hyperopt.tpe][INFO] - TPE using 478/478 trials with best loss 0.213669
[2024-01-01 12:08:30,751][hyperopt.tpe][INFO] - build_posterior_wrapper took 0.001827 seconds
[2024-01-01 12:08:30,751][hyperopt.tpe][INFO] - TPE using 479/479 trials with best loss 0.213669
[2024-01-01 12:08:30,866][hyperopt.tpe][INFO] - build_posterior_wrapper took 0.001829 seconds
[2024-01-01 12:08:30,867][hyperopt.tpe][INFO] - TPE using 480/480 trials with best loss 0.213669
[2024-01-01 12:08:31,016][hyperopt.tpe][INFO] - build_posterior_wrapper took 0.001839 seconds
[2024-01-01 12:08:31,016][hyperopt.tpe][INFO] - TPE using 481/481 trials with best loss 0.213669
[2024-01-01 12:08:31,125][hyperopt.tpe][INFO] - build_posterior_wrapper took 0.001811 seconds
[2024-01-01 12:08:31,126][hyperopt.tpe][INFO] - TPE using 482/482 trials with best loss 0.213669
[2024-01-01 12:08:31,275][hyperopt.tpe][INFO] - build_posterior_wrapper took 0.001857 seconds
[2024-01-01 12:08:31,276][hyperopt.tpe][INFO] - TPE using 483/483 trials with best loss 0.213669
[2024-01-01 12:08:31,417][hyperopt.tpe][INFO] - build_posterior_wrapper took 0.001834 seconds
[2024-01-01 12:08:31,418][hyperopt.tpe][INFO] - TPE using 484/484 trials with best loss 0.213669
[2024-01-01 12:08:31,563][hyperopt.tpe][INFO] - build_posterior_wrapper took 0.001848 seconds
[2024-01-01 12:08:31,564][hyperopt.tpe][INFO] - TPE using 485/485 trials with best loss 0.213669
[2024-01-01 12:08:31,703][hyperopt.tpe][INFO] - build_posterior_wrapper took 0.001850 seconds
[2024-01-01 12:08:31,704][hyperopt.tpe][INFO] - TPE using 486/486 trials with best loss 0.213669
[2024-01-01 12:08:31,842][hyperopt.tpe][INFO] - build_posterior_wrapper took 0.001856 seconds
[2024-01-01 12:08:31,843][hyperopt.tpe][INFO] - TPE using 487/487 trials with best loss 0.213669
[2024-01-01 12:08:31,987][hyperopt.tpe][INFO] - build_posterior_wrapper took 0.001850 seconds
[2024-01-01 12:08:31,988][hyperopt.tpe][INFO] - TPE using 488/488 trials with best loss 0.184823
[2024-01-01 12:08:32,155][hyperopt.tpe][INFO] - build_posterior_wrapper took 0.001890 seconds
[2024-01-01 12:08:32,156][hyperopt.tpe][INFO] - TPE using 489/489 trials with best loss 0.184823
[2024-01-01 12:08:32,300][hyperopt.tpe][INFO] - build_posterior_wrapper took 0.001877 seconds
[2024-01-01 12:08:32,301][hyperopt.tpe][INFO] - TPE using 490/490 trials with best loss 0.184823
[2024-01-01 12:08:32,431][hyperopt.tpe][INFO] - build_posterior_wrapper took 0.001841 seconds
[2024-01-01 12:08:32,432][hyperopt.tpe][INFO] - TPE using 491/491 trials with best loss 0.184823
[2024-01-01 12:08:32,575][hyperopt.tpe][INFO] - build_posterior_wrapper took 0.001834 seconds
[2024-01-01 12:08:32,576][hyperopt.tpe][INFO] - TPE using 492/492 trials with best loss 0.184823
[2024-01-01 12:08:32,685][hyperopt.tpe][INFO] - build_posterior_wrapper took 0.001824 seconds
[2024-01-01 12:08:32,685][hyperopt.tpe][INFO] - TPE using 493/493 trials with best loss 0.184823
[2024-01-01 12:08:32,828][hyperopt.tpe][INFO] - build_posterior_wrapper took 0.001847 seconds
[2024-01-01 12:08:32,829][hyperopt.tpe][INFO] - TPE using 494/494 trials with best loss 0.184823
[2024-01-01 12:08:32,996][hyperopt.tpe][INFO] - build_posterior_wrapper took 0.001911 seconds
[2024-01-01 12:08:32,997][hyperopt.tpe][INFO] - TPE using 495/495 trials with best loss 0.184823
[2024-01-01 12:08:33,140][hyperopt.tpe][INFO] - build_posterior_wrapper took 0.001853 seconds
[2024-01-01 12:08:33,141][hyperopt.tpe][INFO] - TPE using 496/496 trials with best loss 0.184823
[2024-01-01 12:08:33,308][hyperopt.tpe][INFO] - build_posterior_wrapper took 0.001839 seconds
[2024-01-01 12:08:33,308][hyperopt.tpe][INFO] - TPE using 497/497 trials with best loss 0.184823
[2024-01-01 12:08:33,453][hyperopt.tpe][INFO] - build_posterior_wrapper took 0.001832 seconds
[2024-01-01 12:08:33,453][hyperopt.tpe][INFO] - TPE using 498/498 trials with best loss 0.184823
[2024-01-01 12:08:33,597][hyperopt.tpe][INFO] - build_posterior_wrapper took 0.001858 seconds
[2024-01-01 12:08:33,597][hyperopt.tpe][INFO] - TPE using 499/499 trials with best loss 0.184823
[2024-01-01 12:08:33,741][root][INFO] - Hyperopt complete
[2024-01-01 12:08:33,741][root][INFO] - Best params: {'gamma': 0, 'learning_rate': 0.505, 'max_depth': 3, 'min_child_weight': 2, 'n_estimators': 200, 'subsample': 0.6000000000000001}
[2024-01-01 12:08:33,749][root][INFO] - Parameters written to /projects/p31961/ENIGMA/results/experiments/endpoint_experiments/xgb_regression_da_and_d1_only_hyperopt_tune_no_reg/best_params.yaml
[2024-01-01 12:08:33,749][root][INFO] - Writing results to /projects/p31961/ENIGMA/results/experiments/endpoint_experiments/xgb_regression_da_and_d1_only_hyperopt_tune_no_reg/hyper_opt_results.parquet
[2024-01-01 12:08:33,753][root][INFO] - Experiment complete
