[2023-12-01 14:46:44,176][root][INFO] - Experiment name: xgb_regression_da_and_d1_hyperopt_tune
[2023-12-01 14:46:49,036][root][INFO] - Running hyperopt
[2023-12-01 14:46:49,062][hyperopt.tpe][INFO] - build_posterior_wrapper took 0.002590 seconds
[2023-12-01 14:46:49,062][hyperopt.tpe][INFO] - TPE using 0 trials
[2023-12-01 14:46:49,441][hyperopt.tpe][INFO] - build_posterior_wrapper took 0.003119 seconds
[2023-12-01 14:46:49,442][hyperopt.tpe][INFO] - TPE using 1/1 trials with best loss 0.265549
[2023-12-01 14:46:49,609][hyperopt.tpe][INFO] - build_posterior_wrapper took 0.002498 seconds
[2023-12-01 14:46:49,609][hyperopt.tpe][INFO] - TPE using 2/2 trials with best loss 0.264795
[2023-12-01 14:46:49,673][hyperopt.tpe][INFO] - build_posterior_wrapper took 0.002456 seconds
[2023-12-01 14:46:49,673][hyperopt.tpe][INFO] - TPE using 3/3 trials with best loss 0.264795
[2023-12-01 14:46:49,891][hyperopt.tpe][INFO] - build_posterior_wrapper took 0.002661 seconds
[2023-12-01 14:46:49,891][hyperopt.tpe][INFO] - TPE using 4/4 trials with best loss 0.264708
[2023-12-01 14:46:49,971][hyperopt.tpe][INFO] - build_posterior_wrapper took 0.002443 seconds
[2023-12-01 14:46:49,972][hyperopt.tpe][INFO] - TPE using 5/5 trials with best loss 0.264708
[2023-12-01 14:46:50,088][hyperopt.tpe][INFO] - build_posterior_wrapper took 0.002498 seconds
[2023-12-01 14:46:50,088][hyperopt.tpe][INFO] - TPE using 6/6 trials with best loss 0.264708
[2023-12-01 14:46:50,183][hyperopt.tpe][INFO] - build_posterior_wrapper took 0.002454 seconds
[2023-12-01 14:46:50,183][hyperopt.tpe][INFO] - TPE using 7/7 trials with best loss 0.264588
[2023-12-01 14:46:50,240][hyperopt.tpe][INFO] - build_posterior_wrapper took 0.002459 seconds
[2023-12-01 14:46:50,241][hyperopt.tpe][INFO] - TPE using 8/8 trials with best loss 0.264588
[2023-12-01 14:46:50,326][hyperopt.tpe][INFO] - build_posterior_wrapper took 0.002437 seconds
[2023-12-01 14:46:50,327][hyperopt.tpe][INFO] - TPE using 9/9 trials with best loss 0.264588
[2023-12-01 14:46:50,372][hyperopt.tpe][INFO] - build_posterior_wrapper took 0.002429 seconds
[2023-12-01 14:46:50,372][hyperopt.tpe][INFO] - TPE using 10/10 trials with best loss 0.264588
[2023-12-01 14:46:50,579][hyperopt.tpe][INFO] - build_posterior_wrapper took 0.002522 seconds
[2023-12-01 14:46:50,579][hyperopt.tpe][INFO] - TPE using 11/11 trials with best loss 0.264588
[2023-12-01 14:46:50,650][hyperopt.tpe][INFO] - build_posterior_wrapper took 0.002429 seconds
[2023-12-01 14:46:50,650][hyperopt.tpe][INFO] - TPE using 12/12 trials with best loss 0.264588
[2023-12-01 14:46:50,713][hyperopt.tpe][INFO] - build_posterior_wrapper took 0.002418 seconds
[2023-12-01 14:46:50,714][hyperopt.tpe][INFO] - TPE using 13/13 trials with best loss 0.264588
[2023-12-01 14:46:50,819][hyperopt.tpe][INFO] - build_posterior_wrapper took 0.002445 seconds
[2023-12-01 14:46:50,819][hyperopt.tpe][INFO] - TPE using 14/14 trials with best loss 0.264588
[2023-12-01 14:46:50,903][hyperopt.tpe][INFO] - build_posterior_wrapper took 0.002448 seconds
[2023-12-01 14:46:50,903][hyperopt.tpe][INFO] - TPE using 15/15 trials with best loss 0.264588
[2023-12-01 14:46:51,023][hyperopt.tpe][INFO] - build_posterior_wrapper took 0.002437 seconds
[2023-12-01 14:46:51,023][hyperopt.tpe][INFO] - TPE using 16/16 trials with best loss 0.264588
[2023-12-01 14:46:51,149][hyperopt.tpe][INFO] - build_posterior_wrapper took 0.002440 seconds
[2023-12-01 14:46:51,149][hyperopt.tpe][INFO] - TPE using 17/17 trials with best loss 0.264588
[2023-12-01 14:46:51,198][hyperopt.tpe][INFO] - build_posterior_wrapper took 0.002385 seconds
[2023-12-01 14:46:51,198][hyperopt.tpe][INFO] - TPE using 18/18 trials with best loss 0.264588
[2023-12-01 14:46:51,303][hyperopt.tpe][INFO] - build_posterior_wrapper took 0.002403 seconds
[2023-12-01 14:46:51,303][hyperopt.tpe][INFO] - TPE using 19/19 trials with best loss 0.264588
[2023-12-01 14:46:51,388][hyperopt.tpe][INFO] - build_posterior_wrapper took 0.002429 seconds
[2023-12-01 14:46:51,389][hyperopt.tpe][INFO] - TPE using 20/20 trials with best loss 0.264588
[2023-12-01 14:46:51,598][hyperopt.tpe][INFO] - build_posterior_wrapper took 0.002415 seconds
[2023-12-01 14:46:51,598][hyperopt.tpe][INFO] - TPE using 21/21 trials with best loss 0.264588
[2023-12-01 14:46:51,797][hyperopt.tpe][INFO] - build_posterior_wrapper took 0.002411 seconds
[2023-12-01 14:46:51,797][hyperopt.tpe][INFO] - TPE using 22/22 trials with best loss 0.264588
[2023-12-01 14:46:51,970][hyperopt.tpe][INFO] - build_posterior_wrapper took 0.002463 seconds
[2023-12-01 14:46:51,970][hyperopt.tpe][INFO] - TPE using 23/23 trials with best loss 0.264588
[2023-12-01 14:46:52,149][hyperopt.tpe][INFO] - build_posterior_wrapper took 0.002434 seconds
[2023-12-01 14:46:52,149][hyperopt.tpe][INFO] - TPE using 24/24 trials with best loss 0.264588
[2023-12-01 14:46:52,356][hyperopt.tpe][INFO] - build_posterior_wrapper took 0.002405 seconds
[2023-12-01 14:46:52,356][hyperopt.tpe][INFO] - TPE using 25/25 trials with best loss 0.264588
[2023-12-01 14:46:52,477][hyperopt.tpe][INFO] - build_posterior_wrapper took 0.002454 seconds
[2023-12-01 14:46:52,477][hyperopt.tpe][INFO] - TPE using 26/26 trials with best loss 0.264588
[2023-12-01 14:46:52,624][hyperopt.tpe][INFO] - build_posterior_wrapper took 0.002435 seconds
[2023-12-01 14:46:52,624][hyperopt.tpe][INFO] - TPE using 27/27 trials with best loss 0.264588
[2023-12-01 14:46:52,754][hyperopt.tpe][INFO] - build_posterior_wrapper took 0.002420 seconds
[2023-12-01 14:46:52,754][hyperopt.tpe][INFO] - TPE using 28/28 trials with best loss 0.264588
[2023-12-01 14:46:52,909][hyperopt.tpe][INFO] - build_posterior_wrapper took 0.002438 seconds
[2023-12-01 14:46:52,909][hyperopt.tpe][INFO] - TPE using 29/29 trials with best loss 0.264588
[2023-12-01 14:46:53,011][hyperopt.tpe][INFO] - build_posterior_wrapper took 0.002411 seconds
[2023-12-01 14:46:53,011][hyperopt.tpe][INFO] - TPE using 30/30 trials with best loss 0.263475
[2023-12-01 14:46:53,097][hyperopt.tpe][INFO] - build_posterior_wrapper took 0.002423 seconds
[2023-12-01 14:46:53,097][hyperopt.tpe][INFO] - TPE using 31/31 trials with best loss 0.263475
[2023-12-01 14:46:53,187][hyperopt.tpe][INFO] - build_posterior_wrapper took 0.002388 seconds
[2023-12-01 14:46:53,187][hyperopt.tpe][INFO] - TPE using 32/32 trials with best loss 0.263475
[2023-12-01 14:46:53,280][hyperopt.tpe][INFO] - build_posterior_wrapper took 0.002404 seconds
[2023-12-01 14:46:53,280][hyperopt.tpe][INFO] - TPE using 33/33 trials with best loss 0.263475
[2023-12-01 14:46:53,369][hyperopt.tpe][INFO] - build_posterior_wrapper took 0.002417 seconds
[2023-12-01 14:46:53,370][hyperopt.tpe][INFO] - TPE using 34/34 trials with best loss 0.263475
[2023-12-01 14:46:53,441][hyperopt.tpe][INFO] - build_posterior_wrapper took 0.002455 seconds
[2023-12-01 14:46:53,441][hyperopt.tpe][INFO] - TPE using 35/35 trials with best loss 0.263475
[2023-12-01 14:46:53,511][hyperopt.tpe][INFO] - build_posterior_wrapper took 0.002474 seconds
[2023-12-01 14:46:53,511][hyperopt.tpe][INFO] - TPE using 36/36 trials with best loss 0.263475
[2023-12-01 14:46:53,599][hyperopt.tpe][INFO] - build_posterior_wrapper took 0.002436 seconds
[2023-12-01 14:46:53,599][hyperopt.tpe][INFO] - TPE using 37/37 trials with best loss 0.263475
[2023-12-01 14:46:53,687][hyperopt.tpe][INFO] - build_posterior_wrapper took 0.002457 seconds
[2023-12-01 14:46:53,687][hyperopt.tpe][INFO] - TPE using 38/38 trials with best loss 0.263475
[2023-12-01 14:46:53,770][hyperopt.tpe][INFO] - build_posterior_wrapper took 0.002427 seconds
[2023-12-01 14:46:53,770][hyperopt.tpe][INFO] - TPE using 39/39 trials with best loss 0.263475
[2023-12-01 14:46:53,889][hyperopt.tpe][INFO] - build_posterior_wrapper took 0.002436 seconds
[2023-12-01 14:46:53,889][hyperopt.tpe][INFO] - TPE using 40/40 trials with best loss 0.263475
[2023-12-01 14:46:53,954][hyperopt.tpe][INFO] - build_posterior_wrapper took 0.002482 seconds
[2023-12-01 14:46:53,955][hyperopt.tpe][INFO] - TPE using 41/41 trials with best loss 0.263475
[2023-12-01 14:46:54,030][hyperopt.tpe][INFO] - build_posterior_wrapper took 0.002461 seconds
[2023-12-01 14:46:54,030][hyperopt.tpe][INFO] - TPE using 42/42 trials with best loss 0.263475
[2023-12-01 14:46:54,113][hyperopt.tpe][INFO] - build_posterior_wrapper took 0.002418 seconds
[2023-12-01 14:46:54,113][hyperopt.tpe][INFO] - TPE using 43/43 trials with best loss 0.263475
[2023-12-01 14:46:54,264][hyperopt.tpe][INFO] - build_posterior_wrapper took 0.002431 seconds
[2023-12-01 14:46:54,265][hyperopt.tpe][INFO] - TPE using 44/44 trials with best loss 0.263475
[2023-12-01 14:46:54,337][hyperopt.tpe][INFO] - build_posterior_wrapper took 0.002527 seconds
[2023-12-01 14:46:54,337][hyperopt.tpe][INFO] - TPE using 45/45 trials with best loss 0.263475
[2023-12-01 14:46:54,391][hyperopt.tpe][INFO] - build_posterior_wrapper took 0.002463 seconds
[2023-12-01 14:46:54,391][hyperopt.tpe][INFO] - TPE using 46/46 trials with best loss 0.263475
[2023-12-01 14:46:54,494][hyperopt.tpe][INFO] - build_posterior_wrapper took 0.002439 seconds
[2023-12-01 14:46:54,494][hyperopt.tpe][INFO] - TPE using 47/47 trials with best loss 0.263475
[2023-12-01 14:46:54,586][hyperopt.tpe][INFO] - build_posterior_wrapper took 0.002431 seconds
[2023-12-01 14:46:54,587][hyperopt.tpe][INFO] - TPE using 48/48 trials with best loss 0.263475
[2023-12-01 14:46:54,710][hyperopt.tpe][INFO] - build_posterior_wrapper took 0.002482 seconds
[2023-12-01 14:46:54,710][hyperopt.tpe][INFO] - TPE using 49/49 trials with best loss 0.263475
[2023-12-01 14:46:54,817][hyperopt.tpe][INFO] - build_posterior_wrapper took 0.002432 seconds
[2023-12-01 14:46:54,818][hyperopt.tpe][INFO] - TPE using 50/50 trials with best loss 0.263475
[2023-12-01 14:46:54,872][hyperopt.tpe][INFO] - build_posterior_wrapper took 0.002447 seconds
[2023-12-01 14:46:54,872][hyperopt.tpe][INFO] - TPE using 51/51 trials with best loss 0.263475
[2023-12-01 14:46:54,948][hyperopt.tpe][INFO] - build_posterior_wrapper took 0.002435 seconds
[2023-12-01 14:46:54,948][hyperopt.tpe][INFO] - TPE using 52/52 trials with best loss 0.263475
[2023-12-01 14:46:55,059][hyperopt.tpe][INFO] - build_posterior_wrapper took 0.002427 seconds
[2023-12-01 14:46:55,059][hyperopt.tpe][INFO] - TPE using 53/53 trials with best loss 0.263475
[2023-12-01 14:46:55,126][hyperopt.tpe][INFO] - build_posterior_wrapper took 0.002412 seconds
[2023-12-01 14:46:55,126][hyperopt.tpe][INFO] - TPE using 54/54 trials with best loss 0.263475
[2023-12-01 14:46:55,329][hyperopt.tpe][INFO] - build_posterior_wrapper took 0.002649 seconds
[2023-12-01 14:46:55,329][hyperopt.tpe][INFO] - TPE using 55/55 trials with best loss 0.262863
[2023-12-01 14:46:55,551][hyperopt.tpe][INFO] - build_posterior_wrapper took 0.002527 seconds
[2023-12-01 14:46:55,552][hyperopt.tpe][INFO] - TPE using 56/56 trials with best loss 0.262863
[2023-12-01 14:46:55,752][hyperopt.tpe][INFO] - build_posterior_wrapper took 0.002511 seconds
[2023-12-01 14:46:55,752][hyperopt.tpe][INFO] - TPE using 57/57 trials with best loss 0.262863
[2023-12-01 14:46:55,947][hyperopt.tpe][INFO] - build_posterior_wrapper took 0.002484 seconds
[2023-12-01 14:46:55,948][hyperopt.tpe][INFO] - TPE using 58/58 trials with best loss 0.262863
[2023-12-01 14:46:56,055][hyperopt.tpe][INFO] - build_posterior_wrapper took 0.002452 seconds
[2023-12-01 14:46:56,055][hyperopt.tpe][INFO] - TPE using 59/59 trials with best loss 0.262863
[2023-12-01 14:46:56,259][hyperopt.tpe][INFO] - build_posterior_wrapper took 0.002568 seconds
[2023-12-01 14:46:56,260][hyperopt.tpe][INFO] - TPE using 60/60 trials with best loss 0.262863
[2023-12-01 14:46:56,481][hyperopt.tpe][INFO] - build_posterior_wrapper took 0.002452 seconds
[2023-12-01 14:46:56,481][hyperopt.tpe][INFO] - TPE using 61/61 trials with best loss 0.262863
[2023-12-01 14:46:56,614][hyperopt.tpe][INFO] - build_posterior_wrapper took 0.002476 seconds
[2023-12-01 14:46:56,614][hyperopt.tpe][INFO] - TPE using 62/62 trials with best loss 0.262863
[2023-12-01 14:46:56,764][hyperopt.tpe][INFO] - build_posterior_wrapper took 0.002464 seconds
[2023-12-01 14:46:56,764][hyperopt.tpe][INFO] - TPE using 63/63 trials with best loss 0.262863
[2023-12-01 14:46:56,934][hyperopt.tpe][INFO] - build_posterior_wrapper took 0.002556 seconds
[2023-12-01 14:46:56,935][hyperopt.tpe][INFO] - TPE using 64/64 trials with best loss 0.261410
[2023-12-01 14:46:57,069][hyperopt.tpe][INFO] - build_posterior_wrapper took 0.002472 seconds
[2023-12-01 14:46:57,069][hyperopt.tpe][INFO] - TPE using 65/65 trials with best loss 0.261410
[2023-12-01 14:46:57,239][hyperopt.tpe][INFO] - build_posterior_wrapper took 0.002487 seconds
[2023-12-01 14:46:57,240][hyperopt.tpe][INFO] - TPE using 66/66 trials with best loss 0.261410
[2023-12-01 14:46:57,410][hyperopt.tpe][INFO] - build_posterior_wrapper took 0.002490 seconds
[2023-12-01 14:46:57,410][hyperopt.tpe][INFO] - TPE using 67/67 trials with best loss 0.261410
[2023-12-01 14:46:57,581][hyperopt.tpe][INFO] - build_posterior_wrapper took 0.002461 seconds
[2023-12-01 14:46:57,581][hyperopt.tpe][INFO] - TPE using 68/68 trials with best loss 0.261410
[2023-12-01 14:46:57,751][hyperopt.tpe][INFO] - build_posterior_wrapper took 0.002481 seconds
[2023-12-01 14:46:57,751][hyperopt.tpe][INFO] - TPE using 69/69 trials with best loss 0.261410
[2023-12-01 14:46:57,922][hyperopt.tpe][INFO] - build_posterior_wrapper took 0.002476 seconds
[2023-12-01 14:46:57,922][hyperopt.tpe][INFO] - TPE using 70/70 trials with best loss 0.261410
[2023-12-01 14:46:58,112][hyperopt.tpe][INFO] - build_posterior_wrapper took 0.002539 seconds
[2023-12-01 14:46:58,112][hyperopt.tpe][INFO] - TPE using 71/71 trials with best loss 0.261410
[2023-12-01 14:46:58,271][hyperopt.tpe][INFO] - build_posterior_wrapper took 0.002469 seconds
[2023-12-01 14:46:58,271][hyperopt.tpe][INFO] - TPE using 72/72 trials with best loss 0.261410
[2023-12-01 14:46:58,439][hyperopt.tpe][INFO] - build_posterior_wrapper took 0.002539 seconds
[2023-12-01 14:46:58,439][hyperopt.tpe][INFO] - TPE using 73/73 trials with best loss 0.261410
[2023-12-01 14:46:58,580][hyperopt.tpe][INFO] - build_posterior_wrapper took 0.002476 seconds
[2023-12-01 14:46:58,580][hyperopt.tpe][INFO] - TPE using 74/74 trials with best loss 0.261410
[2023-12-01 14:46:58,709][hyperopt.tpe][INFO] - build_posterior_wrapper took 0.002461 seconds
[2023-12-01 14:46:58,709][hyperopt.tpe][INFO] - TPE using 75/75 trials with best loss 0.261410
[2023-12-01 14:46:58,917][hyperopt.tpe][INFO] - build_posterior_wrapper took 0.002496 seconds
[2023-12-01 14:46:58,917][hyperopt.tpe][INFO] - TPE using 76/76 trials with best loss 0.259824
[2023-12-01 14:46:59,084][hyperopt.tpe][INFO] - build_posterior_wrapper took 0.002460 seconds
[2023-12-01 14:46:59,085][hyperopt.tpe][INFO] - TPE using 77/77 trials with best loss 0.259824
[2023-12-01 14:46:59,286][hyperopt.tpe][INFO] - build_posterior_wrapper took 0.002489 seconds
[2023-12-01 14:46:59,286][hyperopt.tpe][INFO] - TPE using 78/78 trials with best loss 0.259824
[2023-12-01 14:46:59,463][hyperopt.tpe][INFO] - build_posterior_wrapper took 0.002465 seconds
[2023-12-01 14:46:59,464][hyperopt.tpe][INFO] - TPE using 79/79 trials with best loss 0.259824
[2023-12-01 14:46:59,626][hyperopt.tpe][INFO] - build_posterior_wrapper took 0.002466 seconds
[2023-12-01 14:46:59,626][hyperopt.tpe][INFO] - TPE using 80/80 trials with best loss 0.259824
[2023-12-01 14:46:59,865][hyperopt.tpe][INFO] - build_posterior_wrapper took 0.002447 seconds
[2023-12-01 14:46:59,865][hyperopt.tpe][INFO] - TPE using 81/81 trials with best loss 0.259824
[2023-12-01 14:46:59,970][hyperopt.tpe][INFO] - build_posterior_wrapper took 0.002446 seconds
[2023-12-01 14:46:59,970][hyperopt.tpe][INFO] - TPE using 82/82 trials with best loss 0.259824
[2023-12-01 14:47:00,080][hyperopt.tpe][INFO] - build_posterior_wrapper took 0.051208 seconds
[2023-12-01 14:47:00,080][hyperopt.tpe][INFO] - TPE using 83/83 trials with best loss 0.259824
[2023-12-01 14:47:00,252][hyperopt.tpe][INFO] - build_posterior_wrapper took 0.002485 seconds
[2023-12-01 14:47:00,252][hyperopt.tpe][INFO] - TPE using 84/84 trials with best loss 0.259824
[2023-12-01 14:47:00,381][hyperopt.tpe][INFO] - build_posterior_wrapper took 0.002479 seconds
[2023-12-01 14:47:00,381][hyperopt.tpe][INFO] - TPE using 85/85 trials with best loss 0.259824
[2023-12-01 14:47:00,491][hyperopt.tpe][INFO] - build_posterior_wrapper took 0.002510 seconds
[2023-12-01 14:47:00,491][hyperopt.tpe][INFO] - TPE using 86/86 trials with best loss 0.259824
[2023-12-01 14:47:00,544][hyperopt.tpe][INFO] - build_posterior_wrapper took 0.002455 seconds
[2023-12-01 14:47:00,544][hyperopt.tpe][INFO] - TPE using 87/87 trials with best loss 0.259824
[2023-12-01 14:47:00,774][hyperopt.tpe][INFO] - build_posterior_wrapper took 0.002532 seconds
[2023-12-01 14:47:00,775][hyperopt.tpe][INFO] - TPE using 88/88 trials with best loss 0.259824
[2023-12-01 14:47:00,956][hyperopt.tpe][INFO] - build_posterior_wrapper took 0.002499 seconds
[2023-12-01 14:47:00,956][hyperopt.tpe][INFO] - TPE using 89/89 trials with best loss 0.259824
[2023-12-01 14:47:01,062][hyperopt.tpe][INFO] - build_posterior_wrapper took 0.002508 seconds
[2023-12-01 14:47:01,063][hyperopt.tpe][INFO] - TPE using 90/90 trials with best loss 0.259824
[2023-12-01 14:47:01,109][hyperopt.tpe][INFO] - build_posterior_wrapper took 0.002475 seconds
[2023-12-01 14:47:01,109][hyperopt.tpe][INFO] - TPE using 91/91 trials with best loss 0.259824
[2023-12-01 14:47:01,315][hyperopt.tpe][INFO] - build_posterior_wrapper took 0.002458 seconds
[2023-12-01 14:47:01,315][hyperopt.tpe][INFO] - TPE using 92/92 trials with best loss 0.259824
[2023-12-01 14:47:01,431][hyperopt.tpe][INFO] - build_posterior_wrapper took 0.002621 seconds
[2023-12-01 14:47:01,431][hyperopt.tpe][INFO] - TPE using 93/93 trials with best loss 0.259824
[2023-12-01 14:47:01,642][hyperopt.tpe][INFO] - build_posterior_wrapper took 0.002443 seconds
[2023-12-01 14:47:01,643][hyperopt.tpe][INFO] - TPE using 94/94 trials with best loss 0.259824
[2023-12-01 14:47:01,774][hyperopt.tpe][INFO] - build_posterior_wrapper took 0.002488 seconds
[2023-12-01 14:47:01,774][hyperopt.tpe][INFO] - TPE using 95/95 trials with best loss 0.259824
[2023-12-01 14:47:01,826][hyperopt.tpe][INFO] - build_posterior_wrapper took 0.002469 seconds
[2023-12-01 14:47:01,826][hyperopt.tpe][INFO] - TPE using 96/96 trials with best loss 0.259824
[2023-12-01 14:47:01,934][hyperopt.tpe][INFO] - build_posterior_wrapper took 0.002460 seconds
[2023-12-01 14:47:01,934][hyperopt.tpe][INFO] - TPE using 97/97 trials with best loss 0.259824
[2023-12-01 14:47:02,104][hyperopt.tpe][INFO] - build_posterior_wrapper took 0.002592 seconds
[2023-12-01 14:47:02,104][hyperopt.tpe][INFO] - TPE using 98/98 trials with best loss 0.259824
[2023-12-01 14:47:02,254][hyperopt.tpe][INFO] - build_posterior_wrapper took 0.002461 seconds
[2023-12-01 14:47:02,254][hyperopt.tpe][INFO] - TPE using 99/99 trials with best loss 0.259824
[2023-12-01 14:47:02,424][hyperopt.tpe][INFO] - build_posterior_wrapper took 0.002472 seconds
[2023-12-01 14:47:02,424][hyperopt.tpe][INFO] - TPE using 100/100 trials with best loss 0.259824
[2023-12-01 14:47:02,558][hyperopt.tpe][INFO] - build_posterior_wrapper took 0.002473 seconds
[2023-12-01 14:47:02,559][hyperopt.tpe][INFO] - TPE using 101/101 trials with best loss 0.259824
[2023-12-01 14:47:02,689][hyperopt.tpe][INFO] - build_posterior_wrapper took 0.002468 seconds
[2023-12-01 14:47:02,689][hyperopt.tpe][INFO] - TPE using 102/102 trials with best loss 0.259824
[2023-12-01 14:47:02,736][hyperopt.tpe][INFO] - build_posterior_wrapper took 0.002535 seconds
[2023-12-01 14:47:02,736][hyperopt.tpe][INFO] - TPE using 103/103 trials with best loss 0.259824
[2023-12-01 14:47:02,867][hyperopt.tpe][INFO] - build_posterior_wrapper took 0.002442 seconds
[2023-12-01 14:47:02,868][hyperopt.tpe][INFO] - TPE using 104/104 trials with best loss 0.259824
[2023-12-01 14:47:03,070][hyperopt.tpe][INFO] - build_posterior_wrapper took 0.002489 seconds
[2023-12-01 14:47:03,071][hyperopt.tpe][INFO] - TPE using 105/105 trials with best loss 0.259824
[2023-12-01 14:47:03,184][hyperopt.tpe][INFO] - build_posterior_wrapper took 0.002465 seconds
[2023-12-01 14:47:03,185][hyperopt.tpe][INFO] - TPE using 106/106 trials with best loss 0.259824
[2023-12-01 14:47:03,330][hyperopt.tpe][INFO] - build_posterior_wrapper took 0.002472 seconds
[2023-12-01 14:47:03,331][hyperopt.tpe][INFO] - TPE using 107/107 trials with best loss 0.259824
[2023-12-01 14:47:03,552][hyperopt.tpe][INFO] - build_posterior_wrapper took 0.002580 seconds
[2023-12-01 14:47:03,552][hyperopt.tpe][INFO] - TPE using 108/108 trials with best loss 0.259824
[2023-12-01 14:47:03,689][hyperopt.tpe][INFO] - build_posterior_wrapper took 0.002471 seconds
[2023-12-01 14:47:03,689][hyperopt.tpe][INFO] - TPE using 109/109 trials with best loss 0.259824
[2023-12-01 14:47:03,807][hyperopt.tpe][INFO] - build_posterior_wrapper took 0.002457 seconds
[2023-12-01 14:47:03,807][hyperopt.tpe][INFO] - TPE using 110/110 trials with best loss 0.259824
[2023-12-01 14:47:03,868][hyperopt.tpe][INFO] - build_posterior_wrapper took 0.002512 seconds
[2023-12-01 14:47:03,869][hyperopt.tpe][INFO] - TPE using 111/111 trials with best loss 0.259824
[2023-12-01 14:47:03,997][hyperopt.tpe][INFO] - build_posterior_wrapper took 0.002451 seconds
[2023-12-01 14:47:03,998][hyperopt.tpe][INFO] - TPE using 112/112 trials with best loss 0.259824
[2023-12-01 14:47:04,135][hyperopt.tpe][INFO] - build_posterior_wrapper took 0.002445 seconds
[2023-12-01 14:47:04,135][hyperopt.tpe][INFO] - TPE using 113/113 trials with best loss 0.232207
[2023-12-01 14:47:04,288][hyperopt.tpe][INFO] - build_posterior_wrapper took 0.002468 seconds
[2023-12-01 14:47:04,288][hyperopt.tpe][INFO] - TPE using 114/114 trials with best loss 0.232207
[2023-12-01 14:47:04,447][hyperopt.tpe][INFO] - build_posterior_wrapper took 0.002461 seconds
[2023-12-01 14:47:04,448][hyperopt.tpe][INFO] - TPE using 115/115 trials with best loss 0.232207
[2023-12-01 14:47:04,563][hyperopt.tpe][INFO] - build_posterior_wrapper took 0.002479 seconds
[2023-12-01 14:47:04,564][hyperopt.tpe][INFO] - TPE using 116/116 trials with best loss 0.232207
[2023-12-01 14:47:04,661][hyperopt.tpe][INFO] - build_posterior_wrapper took 0.002474 seconds
[2023-12-01 14:47:04,661][hyperopt.tpe][INFO] - TPE using 117/117 trials with best loss 0.232207
[2023-12-01 14:47:04,741][hyperopt.tpe][INFO] - build_posterior_wrapper took 0.002456 seconds
[2023-12-01 14:47:04,741][hyperopt.tpe][INFO] - TPE using 118/118 trials with best loss 0.232207
[2023-12-01 14:47:04,870][hyperopt.tpe][INFO] - build_posterior_wrapper took 0.002544 seconds
[2023-12-01 14:47:04,870][hyperopt.tpe][INFO] - TPE using 119/119 trials with best loss 0.232207
[2023-12-01 14:47:04,919][hyperopt.tpe][INFO] - build_posterior_wrapper took 0.002493 seconds
[2023-12-01 14:47:04,919][hyperopt.tpe][INFO] - TPE using 120/120 trials with best loss 0.232207
[2023-12-01 14:47:05,055][hyperopt.tpe][INFO] - build_posterior_wrapper took 0.002534 seconds
[2023-12-01 14:47:05,056][hyperopt.tpe][INFO] - TPE using 121/121 trials with best loss 0.232207
[2023-12-01 14:47:05,194][hyperopt.tpe][INFO] - build_posterior_wrapper took 0.002518 seconds
[2023-12-01 14:47:05,194][hyperopt.tpe][INFO] - TPE using 122/122 trials with best loss 0.232207
[2023-12-01 14:47:05,319][hyperopt.tpe][INFO] - build_posterior_wrapper took 0.002502 seconds
[2023-12-01 14:47:05,319][hyperopt.tpe][INFO] - TPE using 123/123 trials with best loss 0.232207
[2023-12-01 14:47:05,487][hyperopt.tpe][INFO] - build_posterior_wrapper took 0.002470 seconds
[2023-12-01 14:47:05,487][hyperopt.tpe][INFO] - TPE using 124/124 trials with best loss 0.225537
[2023-12-01 14:47:05,558][hyperopt.tpe][INFO] - build_posterior_wrapper took 0.002500 seconds
[2023-12-01 14:47:05,558][hyperopt.tpe][INFO] - TPE using 125/125 trials with best loss 0.225537
[2023-12-01 14:47:05,695][hyperopt.tpe][INFO] - build_posterior_wrapper took 0.002500 seconds
[2023-12-01 14:47:05,695][hyperopt.tpe][INFO] - TPE using 126/126 trials with best loss 0.225537
[2023-12-01 14:47:05,788][hyperopt.tpe][INFO] - build_posterior_wrapper took 0.002485 seconds
[2023-12-01 14:47:05,789][hyperopt.tpe][INFO] - TPE using 127/127 trials with best loss 0.225537
[2023-12-01 14:47:05,973][hyperopt.tpe][INFO] - build_posterior_wrapper took 0.002476 seconds
[2023-12-01 14:47:05,973][hyperopt.tpe][INFO] - TPE using 128/128 trials with best loss 0.225537
[2023-12-01 14:47:06,027][hyperopt.tpe][INFO] - build_posterior_wrapper took 0.002498 seconds
[2023-12-01 14:47:06,027][hyperopt.tpe][INFO] - TPE using 129/129 trials with best loss 0.225537
[2023-12-01 14:47:06,155][hyperopt.tpe][INFO] - build_posterior_wrapper took 0.002519 seconds
[2023-12-01 14:47:06,155][hyperopt.tpe][INFO] - TPE using 130/130 trials with best loss 0.225537
[2023-12-01 14:47:06,301][hyperopt.tpe][INFO] - build_posterior_wrapper took 0.002482 seconds
[2023-12-01 14:47:06,301][hyperopt.tpe][INFO] - TPE using 131/131 trials with best loss 0.225537
[2023-12-01 14:47:06,438][hyperopt.tpe][INFO] - build_posterior_wrapper took 0.002469 seconds
[2023-12-01 14:47:06,439][hyperopt.tpe][INFO] - TPE using 132/132 trials with best loss 0.225537
[2023-12-01 14:47:06,509][hyperopt.tpe][INFO] - build_posterior_wrapper took 0.002501 seconds
[2023-12-01 14:47:06,509][hyperopt.tpe][INFO] - TPE using 133/133 trials with best loss 0.225537
[2023-12-01 14:47:06,628][hyperopt.tpe][INFO] - build_posterior_wrapper took 0.002459 seconds
[2023-12-01 14:47:06,628][hyperopt.tpe][INFO] - TPE using 134/134 trials with best loss 0.225537
[2023-12-01 14:47:06,734][hyperopt.tpe][INFO] - build_posterior_wrapper took 0.002484 seconds
[2023-12-01 14:47:06,734][hyperopt.tpe][INFO] - TPE using 135/135 trials with best loss 0.225537
[2023-12-01 14:47:06,888][hyperopt.tpe][INFO] - build_posterior_wrapper took 0.002777 seconds
[2023-12-01 14:47:06,888][hyperopt.tpe][INFO] - TPE using 136/136 trials with best loss 0.225537
[2023-12-01 14:47:06,942][hyperopt.tpe][INFO] - build_posterior_wrapper took 0.002478 seconds
[2023-12-01 14:47:06,942][hyperopt.tpe][INFO] - TPE using 137/137 trials with best loss 0.225537
[2023-12-01 14:47:07,079][hyperopt.tpe][INFO] - build_posterior_wrapper took 0.002491 seconds
[2023-12-01 14:47:07,079][hyperopt.tpe][INFO] - TPE using 138/138 trials with best loss 0.225537
[2023-12-01 14:47:07,254][hyperopt.tpe][INFO] - build_posterior_wrapper took 0.002505 seconds
[2023-12-01 14:47:07,254][hyperopt.tpe][INFO] - TPE using 139/139 trials with best loss 0.225537
[2023-12-01 14:47:07,388][hyperopt.tpe][INFO] - build_posterior_wrapper took 0.002509 seconds
[2023-12-01 14:47:07,388][hyperopt.tpe][INFO] - TPE using 140/140 trials with best loss 0.225537
[2023-12-01 14:47:07,455][hyperopt.tpe][INFO] - build_posterior_wrapper took 0.002493 seconds
[2023-12-01 14:47:07,455][hyperopt.tpe][INFO] - TPE using 141/141 trials with best loss 0.225537
[2023-12-01 14:47:07,577][hyperopt.tpe][INFO] - build_posterior_wrapper took 0.002476 seconds
[2023-12-01 14:47:07,577][hyperopt.tpe][INFO] - TPE using 142/142 trials with best loss 0.225537
[2023-12-01 14:47:07,819][hyperopt.tpe][INFO] - build_posterior_wrapper took 0.002491 seconds
[2023-12-01 14:47:07,819][hyperopt.tpe][INFO] - TPE using 143/143 trials with best loss 0.225537
[2023-12-01 14:47:07,926][hyperopt.tpe][INFO] - build_posterior_wrapper took 0.002465 seconds
[2023-12-01 14:47:07,926][hyperopt.tpe][INFO] - TPE using 144/144 trials with best loss 0.225537
[2023-12-01 14:47:07,974][hyperopt.tpe][INFO] - build_posterior_wrapper took 0.002493 seconds
[2023-12-01 14:47:07,975][hyperopt.tpe][INFO] - TPE using 145/145 trials with best loss 0.225537
[2023-12-01 14:47:08,130][hyperopt.tpe][INFO] - build_posterior_wrapper took 0.002479 seconds
[2023-12-01 14:47:08,131][hyperopt.tpe][INFO] - TPE using 146/146 trials with best loss 0.225537
[2023-12-01 14:47:08,286][hyperopt.tpe][INFO] - build_posterior_wrapper took 0.002566 seconds
[2023-12-01 14:47:08,287][hyperopt.tpe][INFO] - TPE using 147/147 trials with best loss 0.193455
[2023-12-01 14:47:08,442][hyperopt.tpe][INFO] - build_posterior_wrapper took 0.002437 seconds
[2023-12-01 14:47:08,442][hyperopt.tpe][INFO] - TPE using 148/148 trials with best loss 0.193455
[2023-12-01 14:47:08,598][hyperopt.tpe][INFO] - build_posterior_wrapper took 0.002479 seconds
[2023-12-01 14:47:08,598][hyperopt.tpe][INFO] - TPE using 149/149 trials with best loss 0.193455
[2023-12-01 14:47:08,753][hyperopt.tpe][INFO] - build_posterior_wrapper took 0.002475 seconds
[2023-12-01 14:47:08,754][hyperopt.tpe][INFO] - TPE using 150/150 trials with best loss 0.193455
[2023-12-01 14:47:08,909][hyperopt.tpe][INFO] - build_posterior_wrapper took 0.002478 seconds
[2023-12-01 14:47:08,910][hyperopt.tpe][INFO] - TPE using 151/151 trials with best loss 0.193455
[2023-12-01 14:47:09,065][hyperopt.tpe][INFO] - build_posterior_wrapper took 0.002477 seconds
[2023-12-01 14:47:09,065][hyperopt.tpe][INFO] - TPE using 152/152 trials with best loss 0.193455
[2023-12-01 14:47:09,221][hyperopt.tpe][INFO] - build_posterior_wrapper took 0.002493 seconds
[2023-12-01 14:47:09,221][hyperopt.tpe][INFO] - TPE using 153/153 trials with best loss 0.193455
[2023-12-01 14:47:09,376][hyperopt.tpe][INFO] - build_posterior_wrapper took 0.002446 seconds
[2023-12-01 14:47:09,377][hyperopt.tpe][INFO] - TPE using 154/154 trials with best loss 0.193455
[2023-12-01 14:47:09,506][hyperopt.tpe][INFO] - build_posterior_wrapper took 0.002464 seconds
[2023-12-01 14:47:09,506][hyperopt.tpe][INFO] - TPE using 155/155 trials with best loss 0.193455
[2023-12-01 14:47:09,656][hyperopt.tpe][INFO] - build_posterior_wrapper took 0.002460 seconds
[2023-12-01 14:47:09,656][hyperopt.tpe][INFO] - TPE using 156/156 trials with best loss 0.193455
[2023-12-01 14:47:09,812][hyperopt.tpe][INFO] - build_posterior_wrapper took 0.002468 seconds
[2023-12-01 14:47:09,813][hyperopt.tpe][INFO] - TPE using 157/157 trials with best loss 0.193455
[2023-12-01 14:47:09,985][hyperopt.tpe][INFO] - build_posterior_wrapper took 0.002464 seconds
[2023-12-01 14:47:09,985][hyperopt.tpe][INFO] - TPE using 158/158 trials with best loss 0.193455
[2023-12-01 14:47:10,148][hyperopt.tpe][INFO] - build_posterior_wrapper took 0.002465 seconds
[2023-12-01 14:47:10,148][hyperopt.tpe][INFO] - TPE using 159/159 trials with best loss 0.193455
[2023-12-01 14:47:10,304][hyperopt.tpe][INFO] - build_posterior_wrapper took 0.002453 seconds
[2023-12-01 14:47:10,305][hyperopt.tpe][INFO] - TPE using 160/160 trials with best loss 0.193455
[2023-12-01 14:47:10,443][hyperopt.tpe][INFO] - build_posterior_wrapper took 0.002455 seconds
[2023-12-01 14:47:10,444][hyperopt.tpe][INFO] - TPE using 161/161 trials with best loss 0.193455
[2023-12-01 14:47:10,572][hyperopt.tpe][INFO] - build_posterior_wrapper took 0.002430 seconds
[2023-12-01 14:47:10,573][hyperopt.tpe][INFO] - TPE using 162/162 trials with best loss 0.193455
[2023-12-01 14:47:10,719][hyperopt.tpe][INFO] - build_posterior_wrapper took 0.002429 seconds
[2023-12-01 14:47:10,719][hyperopt.tpe][INFO] - TPE using 163/163 trials with best loss 0.193455
[2023-12-01 14:47:10,885][hyperopt.tpe][INFO] - build_posterior_wrapper took 0.002522 seconds
[2023-12-01 14:47:10,885][hyperopt.tpe][INFO] - TPE using 164/164 trials with best loss 0.193455
[2023-12-01 14:47:11,059][hyperopt.tpe][INFO] - build_posterior_wrapper took 0.002475 seconds
[2023-12-01 14:47:11,059][hyperopt.tpe][INFO] - TPE using 165/165 trials with best loss 0.193455
[2023-12-01 14:47:11,195][hyperopt.tpe][INFO] - build_posterior_wrapper took 0.002476 seconds
[2023-12-01 14:47:11,195][hyperopt.tpe][INFO] - TPE using 166/166 trials with best loss 0.193455
[2023-12-01 14:47:11,357][hyperopt.tpe][INFO] - build_posterior_wrapper took 0.002444 seconds
[2023-12-01 14:47:11,357][hyperopt.tpe][INFO] - TPE using 167/167 trials with best loss 0.193455
[2023-12-01 14:47:11,512][hyperopt.tpe][INFO] - build_posterior_wrapper took 0.002486 seconds
[2023-12-01 14:47:11,512][hyperopt.tpe][INFO] - TPE using 168/168 trials with best loss 0.193455
[2023-12-01 14:47:11,668][hyperopt.tpe][INFO] - build_posterior_wrapper took 0.002520 seconds
[2023-12-01 14:47:11,668][hyperopt.tpe][INFO] - TPE using 169/169 trials with best loss 0.193455
[2023-12-01 14:47:11,797][hyperopt.tpe][INFO] - build_posterior_wrapper took 0.002458 seconds
[2023-12-01 14:47:11,797][hyperopt.tpe][INFO] - TPE using 170/170 trials with best loss 0.193455
[2023-12-01 14:47:11,938][hyperopt.tpe][INFO] - build_posterior_wrapper took 0.002464 seconds
[2023-12-01 14:47:11,939][hyperopt.tpe][INFO] - TPE using 171/171 trials with best loss 0.193455
[2023-12-01 14:47:12,095][hyperopt.tpe][INFO] - build_posterior_wrapper took 0.002467 seconds
[2023-12-01 14:47:12,095][hyperopt.tpe][INFO] - TPE using 172/172 trials with best loss 0.193455
[2023-12-01 14:47:12,265][hyperopt.tpe][INFO] - build_posterior_wrapper took 0.002477 seconds
[2023-12-01 14:47:12,266][hyperopt.tpe][INFO] - TPE using 173/173 trials with best loss 0.193455
[2023-12-01 14:47:12,422][hyperopt.tpe][INFO] - build_posterior_wrapper took 0.002706 seconds
[2023-12-01 14:47:12,422][hyperopt.tpe][INFO] - TPE using 174/174 trials with best loss 0.193455
[2023-12-01 14:47:12,593][hyperopt.tpe][INFO] - build_posterior_wrapper took 0.002492 seconds
[2023-12-01 14:47:12,593][hyperopt.tpe][INFO] - TPE using 175/175 trials with best loss 0.193455
[2023-12-01 14:47:12,746][hyperopt.tpe][INFO] - build_posterior_wrapper took 0.002465 seconds
[2023-12-01 14:47:12,746][hyperopt.tpe][INFO] - TPE using 176/176 trials with best loss 0.193455
[2023-12-01 14:47:12,892][hyperopt.tpe][INFO] - build_posterior_wrapper took 0.002447 seconds
[2023-12-01 14:47:12,892][hyperopt.tpe][INFO] - TPE using 177/177 trials with best loss 0.193455
[2023-12-01 14:47:12,960][hyperopt.tpe][INFO] - build_posterior_wrapper took 0.002472 seconds
[2023-12-01 14:47:12,960][hyperopt.tpe][INFO] - TPE using 178/178 trials with best loss 0.193455
[2023-12-01 14:47:13,097][hyperopt.tpe][INFO] - build_posterior_wrapper took 0.002454 seconds
[2023-12-01 14:47:13,097][hyperopt.tpe][INFO] - TPE using 179/179 trials with best loss 0.193455
[2023-12-01 14:47:13,240][hyperopt.tpe][INFO] - build_posterior_wrapper took 0.002463 seconds
[2023-12-01 14:47:13,240][hyperopt.tpe][INFO] - TPE using 180/180 trials with best loss 0.193455
[2023-12-01 14:47:13,369][hyperopt.tpe][INFO] - build_posterior_wrapper took 0.002492 seconds
[2023-12-01 14:47:13,369][hyperopt.tpe][INFO] - TPE using 181/181 trials with best loss 0.193455
[2023-12-01 14:47:13,420][hyperopt.tpe][INFO] - build_posterior_wrapper took 0.002623 seconds
[2023-12-01 14:47:13,421][hyperopt.tpe][INFO] - TPE using 182/182 trials with best loss 0.193455
[2023-12-01 14:47:13,585][hyperopt.tpe][INFO] - build_posterior_wrapper took 0.002463 seconds
[2023-12-01 14:47:13,586][hyperopt.tpe][INFO] - TPE using 183/183 trials with best loss 0.193455
[2023-12-01 14:47:13,727][hyperopt.tpe][INFO] - build_posterior_wrapper took 0.002494 seconds
[2023-12-01 14:47:13,727][hyperopt.tpe][INFO] - TPE using 184/184 trials with best loss 0.193455
[2023-12-01 14:47:13,883][hyperopt.tpe][INFO] - build_posterior_wrapper took 0.002479 seconds
[2023-12-01 14:47:13,883][hyperopt.tpe][INFO] - TPE using 185/185 trials with best loss 0.193455
[2023-12-01 14:47:13,950][hyperopt.tpe][INFO] - build_posterior_wrapper took 0.002460 seconds
[2023-12-01 14:47:13,950][hyperopt.tpe][INFO] - TPE using 186/186 trials with best loss 0.193455
[2023-12-01 14:47:14,106][hyperopt.tpe][INFO] - build_posterior_wrapper took 0.002501 seconds
[2023-12-01 14:47:14,106][hyperopt.tpe][INFO] - TPE using 187/187 trials with best loss 0.193455
[2023-12-01 14:47:14,208][hyperopt.tpe][INFO] - build_posterior_wrapper took 0.002462 seconds
[2023-12-01 14:47:14,208][hyperopt.tpe][INFO] - TPE using 188/188 trials with best loss 0.193455
[2023-12-01 14:47:14,257][hyperopt.tpe][INFO] - build_posterior_wrapper took 0.002466 seconds
[2023-12-01 14:47:14,257][hyperopt.tpe][INFO] - TPE using 189/189 trials with best loss 0.193455
[2023-12-01 14:47:14,431][hyperopt.tpe][INFO] - build_posterior_wrapper took 0.002590 seconds
[2023-12-01 14:47:14,432][hyperopt.tpe][INFO] - TPE using 190/190 trials with best loss 0.193455
[2023-12-01 14:47:14,598][hyperopt.tpe][INFO] - build_posterior_wrapper took 0.002475 seconds
[2023-12-01 14:47:14,599][hyperopt.tpe][INFO] - TPE using 191/191 trials with best loss 0.193455
[2023-12-01 14:47:14,736][hyperopt.tpe][INFO] - build_posterior_wrapper took 0.002469 seconds
[2023-12-01 14:47:14,736][hyperopt.tpe][INFO] - TPE using 192/192 trials with best loss 0.193455
[2023-12-01 14:47:14,815][hyperopt.tpe][INFO] - build_posterior_wrapper took 0.002461 seconds
[2023-12-01 14:47:14,816][hyperopt.tpe][INFO] - TPE using 193/193 trials with best loss 0.193455
[2023-12-01 14:47:14,945][hyperopt.tpe][INFO] - build_posterior_wrapper took 0.002455 seconds
[2023-12-01 14:47:14,945][hyperopt.tpe][INFO] - TPE using 194/194 trials with best loss 0.193455
[2023-12-01 14:47:15,100][hyperopt.tpe][INFO] - build_posterior_wrapper took 0.002473 seconds
[2023-12-01 14:47:15,100][hyperopt.tpe][INFO] - TPE using 195/195 trials with best loss 0.193455
[2023-12-01 14:47:15,200][hyperopt.tpe][INFO] - build_posterior_wrapper took 0.002482 seconds
[2023-12-01 14:47:15,200][hyperopt.tpe][INFO] - TPE using 196/196 trials with best loss 0.193455
[2023-12-01 14:47:15,256][hyperopt.tpe][INFO] - build_posterior_wrapper took 0.002476 seconds
[2023-12-01 14:47:15,256][hyperopt.tpe][INFO] - TPE using 197/197 trials with best loss 0.193455
[2023-12-01 14:47:15,411][hyperopt.tpe][INFO] - build_posterior_wrapper took 0.002454 seconds
[2023-12-01 14:47:15,412][hyperopt.tpe][INFO] - TPE using 198/198 trials with best loss 0.193455
[2023-12-01 14:47:15,680][hyperopt.tpe][INFO] - build_posterior_wrapper took 0.002478 seconds
[2023-12-01 14:47:15,680][hyperopt.tpe][INFO] - TPE using 199/199 trials with best loss 0.193455
[2023-12-01 14:47:15,819][hyperopt.tpe][INFO] - build_posterior_wrapper took 0.002466 seconds
[2023-12-01 14:47:15,819][hyperopt.tpe][INFO] - TPE using 200/200 trials with best loss 0.193455
[2023-12-01 14:47:15,985][hyperopt.tpe][INFO] - build_posterior_wrapper took 0.002536 seconds
[2023-12-01 14:47:15,986][hyperopt.tpe][INFO] - TPE using 201/201 trials with best loss 0.193455
[2023-12-01 14:47:16,053][hyperopt.tpe][INFO] - build_posterior_wrapper took 0.002483 seconds
[2023-12-01 14:47:16,053][hyperopt.tpe][INFO] - TPE using 202/202 trials with best loss 0.193455
[2023-12-01 14:47:16,206][hyperopt.tpe][INFO] - build_posterior_wrapper took 0.002446 seconds
[2023-12-01 14:47:16,206][hyperopt.tpe][INFO] - TPE using 203/203 trials with best loss 0.193455
[2023-12-01 14:47:16,310][hyperopt.tpe][INFO] - build_posterior_wrapper took 0.002451 seconds
[2023-12-01 14:47:16,310][hyperopt.tpe][INFO] - TPE using 204/204 trials with best loss 0.193455
[2023-12-01 14:47:16,484][hyperopt.tpe][INFO] - build_posterior_wrapper took 0.002479 seconds
[2023-12-01 14:47:16,484][hyperopt.tpe][INFO] - TPE using 205/205 trials with best loss 0.193455
[2023-12-01 14:47:16,536][hyperopt.tpe][INFO] - build_posterior_wrapper took 0.002482 seconds
[2023-12-01 14:47:16,537][hyperopt.tpe][INFO] - TPE using 206/206 trials with best loss 0.193455
[2023-12-01 14:47:16,683][hyperopt.tpe][INFO] - build_posterior_wrapper took 0.002679 seconds
[2023-12-01 14:47:16,684][hyperopt.tpe][INFO] - TPE using 207/207 trials with best loss 0.193455
[2023-12-01 14:47:16,897][hyperopt.tpe][INFO] - build_posterior_wrapper took 0.002496 seconds
[2023-12-01 14:47:16,897][hyperopt.tpe][INFO] - TPE using 208/208 trials with best loss 0.193455
[2023-12-01 14:47:16,975][hyperopt.tpe][INFO] - build_posterior_wrapper took 0.002464 seconds
[2023-12-01 14:47:16,975][hyperopt.tpe][INFO] - TPE using 209/209 trials with best loss 0.193455
[2023-12-01 14:47:17,125][hyperopt.tpe][INFO] - build_posterior_wrapper took 0.002463 seconds
[2023-12-01 14:47:17,125][hyperopt.tpe][INFO] - TPE using 210/210 trials with best loss 0.193455
[2023-12-01 14:47:17,255][hyperopt.tpe][INFO] - build_posterior_wrapper took 0.002468 seconds
[2023-12-01 14:47:17,255][hyperopt.tpe][INFO] - TPE using 211/211 trials with best loss 0.193455
[2023-12-01 14:47:17,359][hyperopt.tpe][INFO] - build_posterior_wrapper took 0.002516 seconds
[2023-12-01 14:47:17,359][hyperopt.tpe][INFO] - TPE using 212/212 trials with best loss 0.193455
[2023-12-01 14:47:17,414][hyperopt.tpe][INFO] - build_posterior_wrapper took 0.002454 seconds
[2023-12-01 14:47:17,414][hyperopt.tpe][INFO] - TPE using 213/213 trials with best loss 0.193455
[2023-12-01 14:47:17,584][hyperopt.tpe][INFO] - build_posterior_wrapper took 0.002477 seconds
[2023-12-01 14:47:17,585][hyperopt.tpe][INFO] - TPE using 214/214 trials with best loss 0.193455
[2023-12-01 14:47:17,753][hyperopt.tpe][INFO] - build_posterior_wrapper took 0.002494 seconds
[2023-12-01 14:47:17,753][hyperopt.tpe][INFO] - TPE using 215/215 trials with best loss 0.193455
[2023-12-01 14:47:17,905][hyperopt.tpe][INFO] - build_posterior_wrapper took 0.002462 seconds
[2023-12-01 14:47:17,906][hyperopt.tpe][INFO] - TPE using 216/216 trials with best loss 0.193455
[2023-12-01 14:47:17,985][hyperopt.tpe][INFO] - build_posterior_wrapper took 0.002474 seconds
[2023-12-01 14:47:17,985][hyperopt.tpe][INFO] - TPE using 217/217 trials with best loss 0.193455
[2023-12-01 14:47:18,132][hyperopt.tpe][INFO] - build_posterior_wrapper took 0.002469 seconds
[2023-12-01 14:47:18,133][hyperopt.tpe][INFO] - TPE using 218/218 trials with best loss 0.193455
[2023-12-01 14:47:18,262][hyperopt.tpe][INFO] - build_posterior_wrapper took 0.002465 seconds
[2023-12-01 14:47:18,262][hyperopt.tpe][INFO] - TPE using 219/219 trials with best loss 0.193455
[2023-12-01 14:47:18,359][hyperopt.tpe][INFO] - build_posterior_wrapper took 0.002499 seconds
[2023-12-01 14:47:18,359][hyperopt.tpe][INFO] - TPE using 220/220 trials with best loss 0.193455
[2023-12-01 14:47:18,420][hyperopt.tpe][INFO] - build_posterior_wrapper took 0.002658 seconds
[2023-12-01 14:47:18,420][hyperopt.tpe][INFO] - TPE using 221/221 trials with best loss 0.193455
[2023-12-01 14:47:18,576][hyperopt.tpe][INFO] - build_posterior_wrapper took 0.002553 seconds
[2023-12-01 14:47:18,577][hyperopt.tpe][INFO] - TPE using 222/222 trials with best loss 0.193455
[2023-12-01 14:47:18,772][hyperopt.tpe][INFO] - build_posterior_wrapper took 0.002475 seconds
[2023-12-01 14:47:18,774][hyperopt.tpe][INFO] - TPE using 223/223 trials with best loss 0.193455
[2023-12-01 14:47:18,924][hyperopt.tpe][INFO] - build_posterior_wrapper took 0.002449 seconds
[2023-12-01 14:47:18,928][hyperopt.tpe][INFO] - TPE using 224/224 trials with best loss 0.193455
[2023-12-01 14:47:19,006][hyperopt.tpe][INFO] - build_posterior_wrapper took 0.002458 seconds
[2023-12-01 14:47:19,007][hyperopt.tpe][INFO] - TPE using 225/225 trials with best loss 0.193455
[2023-12-01 14:47:19,174][hyperopt.tpe][INFO] - build_posterior_wrapper took 0.002474 seconds
[2023-12-01 14:47:19,175][hyperopt.tpe][INFO] - TPE using 226/226 trials with best loss 0.193455
[2023-12-01 14:47:19,305][hyperopt.tpe][INFO] - build_posterior_wrapper took 0.002518 seconds
[2023-12-01 14:47:19,306][hyperopt.tpe][INFO] - TPE using 227/227 trials with best loss 0.193455
[2023-12-01 14:47:19,407][hyperopt.tpe][INFO] - build_posterior_wrapper took 0.002440 seconds
[2023-12-01 14:47:19,408][hyperopt.tpe][INFO] - TPE using 228/228 trials with best loss 0.193455
[2023-12-01 14:47:19,463][hyperopt.tpe][INFO] - build_posterior_wrapper took 0.002470 seconds
[2023-12-01 14:47:19,463][hyperopt.tpe][INFO] - TPE using 229/229 trials with best loss 0.193455
[2023-12-01 14:47:19,623][hyperopt.tpe][INFO] - build_posterior_wrapper took 0.002441 seconds
[2023-12-01 14:47:19,623][hyperopt.tpe][INFO] - TPE using 230/230 trials with best loss 0.193455
[2023-12-01 14:47:19,779][hyperopt.tpe][INFO] - build_posterior_wrapper took 0.002455 seconds
[2023-12-01 14:47:19,781][hyperopt.tpe][INFO] - TPE using 231/231 trials with best loss 0.193455
[2023-12-01 14:47:19,956][hyperopt.tpe][INFO] - build_posterior_wrapper took 0.002462 seconds
[2023-12-01 14:47:19,956][hyperopt.tpe][INFO] - TPE using 232/232 trials with best loss 0.193455
[2023-12-01 14:47:20,113][hyperopt.tpe][INFO] - build_posterior_wrapper took 0.002474 seconds
[2023-12-01 14:47:20,113][hyperopt.tpe][INFO] - TPE using 233/233 trials with best loss 0.193455
[2023-12-01 14:47:20,184][hyperopt.tpe][INFO] - build_posterior_wrapper took 0.002459 seconds
[2023-12-01 14:47:20,186][hyperopt.tpe][INFO] - TPE using 234/234 trials with best loss 0.193455
[2023-12-01 14:47:20,316][hyperopt.tpe][INFO] - build_posterior_wrapper took 0.002476 seconds
[2023-12-01 14:47:20,316][hyperopt.tpe][INFO] - TPE using 235/235 trials with best loss 0.193455
[2023-12-01 14:47:20,420][hyperopt.tpe][INFO] - build_posterior_wrapper took 0.002632 seconds
[2023-12-01 14:47:20,421][hyperopt.tpe][INFO] - TPE using 236/236 trials with best loss 0.193455
[2023-12-01 14:47:20,562][hyperopt.tpe][INFO] - build_posterior_wrapper took 0.002472 seconds
[2023-12-01 14:47:20,564][hyperopt.tpe][INFO] - TPE using 237/237 trials with best loss 0.193455
[2023-12-01 14:47:20,626][hyperopt.tpe][INFO] - build_posterior_wrapper took 0.002554 seconds
[2023-12-01 14:47:20,626][hyperopt.tpe][INFO] - TPE using 238/238 trials with best loss 0.193455
[2023-12-01 14:47:20,804][hyperopt.tpe][INFO] - build_posterior_wrapper took 0.002506 seconds
[2023-12-01 14:47:20,804][hyperopt.tpe][INFO] - TPE using 239/239 trials with best loss 0.193455
[2023-12-01 14:47:20,944][hyperopt.tpe][INFO] - build_posterior_wrapper took 0.002476 seconds
[2023-12-01 14:47:20,944][hyperopt.tpe][INFO] - TPE using 240/240 trials with best loss 0.193455
[2023-12-01 14:47:21,113][hyperopt.tpe][INFO] - build_posterior_wrapper took 0.002468 seconds
[2023-12-01 14:47:21,113][hyperopt.tpe][INFO] - TPE using 241/241 trials with best loss 0.193455
[2023-12-01 14:47:21,190][hyperopt.tpe][INFO] - build_posterior_wrapper took 0.002468 seconds
[2023-12-01 14:47:21,192][hyperopt.tpe][INFO] - TPE using 242/242 trials with best loss 0.193455
[2023-12-01 14:47:21,322][hyperopt.tpe][INFO] - build_posterior_wrapper took 0.002513 seconds
[2023-12-01 14:47:21,324][hyperopt.tpe][INFO] - TPE using 243/243 trials with best loss 0.193455
[2023-12-01 14:47:21,428][hyperopt.tpe][INFO] - build_posterior_wrapper took 0.002445 seconds
[2023-12-01 14:47:21,428][hyperopt.tpe][INFO] - TPE using 244/244 trials with best loss 0.193455
[2023-12-01 14:47:21,566][hyperopt.tpe][INFO] - build_posterior_wrapper took 0.002444 seconds
[2023-12-01 14:47:21,568][hyperopt.tpe][INFO] - TPE using 245/245 trials with best loss 0.193455
[2023-12-01 14:47:21,739][hyperopt.tpe][INFO] - build_posterior_wrapper took 0.002481 seconds
[2023-12-01 14:47:21,740][hyperopt.tpe][INFO] - TPE using 246/246 trials with best loss 0.193455
[2023-12-01 14:47:21,797][hyperopt.tpe][INFO] - build_posterior_wrapper took 0.002448 seconds
[2023-12-01 14:47:21,797][hyperopt.tpe][INFO] - TPE using 247/247 trials with best loss 0.193455
[2023-12-01 14:47:21,948][hyperopt.tpe][INFO] - build_posterior_wrapper took 0.002445 seconds
[2023-12-01 14:47:21,949][hyperopt.tpe][INFO] - TPE using 248/248 trials with best loss 0.193455
[2023-12-01 14:47:22,105][hyperopt.tpe][INFO] - build_posterior_wrapper took 0.002538 seconds
[2023-12-01 14:47:22,105][hyperopt.tpe][INFO] - TPE using 249/249 trials with best loss 0.193455
[2023-12-01 14:47:22,261][hyperopt.tpe][INFO] - build_posterior_wrapper took 0.002452 seconds
[2023-12-01 14:47:22,261][hyperopt.tpe][INFO] - TPE using 250/250 trials with best loss 0.193455
[2023-12-01 14:47:22,329][hyperopt.tpe][INFO] - build_posterior_wrapper took 0.002444 seconds
[2023-12-01 14:47:22,330][hyperopt.tpe][INFO] - TPE using 251/251 trials with best loss 0.193455
[2023-12-01 14:47:22,424][hyperopt.tpe][INFO] - build_posterior_wrapper took 0.002441 seconds
[2023-12-01 14:47:22,425][hyperopt.tpe][INFO] - TPE using 252/252 trials with best loss 0.193455
[2023-12-01 14:47:22,594][hyperopt.tpe][INFO] - build_posterior_wrapper took 0.002442 seconds
[2023-12-01 14:47:22,595][hyperopt.tpe][INFO] - TPE using 253/253 trials with best loss 0.193455
[2023-12-01 14:47:22,705][hyperopt.tpe][INFO] - build_posterior_wrapper took 0.050296 seconds
[2023-12-01 14:47:22,706][hyperopt.tpe][INFO] - TPE using 254/254 trials with best loss 0.193455
[2023-12-01 14:47:22,870][hyperopt.tpe][INFO] - build_posterior_wrapper took 0.002496 seconds
[2023-12-01 14:47:22,870][hyperopt.tpe][INFO] - TPE using 255/255 trials with best loss 0.193455
[2023-12-01 14:47:23,048][hyperopt.tpe][INFO] - build_posterior_wrapper took 0.002454 seconds
[2023-12-01 14:47:23,048][hyperopt.tpe][INFO] - TPE using 256/256 trials with best loss 0.193455
[2023-12-01 14:47:23,205][hyperopt.tpe][INFO] - build_posterior_wrapper took 0.002421 seconds
[2023-12-01 14:47:23,205][hyperopt.tpe][INFO] - TPE using 257/257 trials with best loss 0.193455
[2023-12-01 14:47:23,362][hyperopt.tpe][INFO] - build_posterior_wrapper took 0.002453 seconds
[2023-12-01 14:47:23,362][hyperopt.tpe][INFO] - TPE using 258/258 trials with best loss 0.193455
[2023-12-01 14:47:23,519][hyperopt.tpe][INFO] - build_posterior_wrapper took 0.002460 seconds
[2023-12-01 14:47:23,520][hyperopt.tpe][INFO] - TPE using 259/259 trials with best loss 0.193455
[2023-12-01 14:47:23,676][hyperopt.tpe][INFO] - build_posterior_wrapper took 0.002451 seconds
[2023-12-01 14:47:23,677][hyperopt.tpe][INFO] - TPE using 260/260 trials with best loss 0.193455
[2023-12-01 14:47:23,834][hyperopt.tpe][INFO] - build_posterior_wrapper took 0.002440 seconds
[2023-12-01 14:47:23,834][hyperopt.tpe][INFO] - TPE using 261/261 trials with best loss 0.193455
[2023-12-01 14:47:23,991][hyperopt.tpe][INFO] - build_posterior_wrapper took 0.002439 seconds
[2023-12-01 14:47:23,991][hyperopt.tpe][INFO] - TPE using 262/262 trials with best loss 0.193455
[2023-12-01 14:47:24,148][hyperopt.tpe][INFO] - build_posterior_wrapper took 0.002455 seconds
[2023-12-01 14:47:24,148][hyperopt.tpe][INFO] - TPE using 263/263 trials with best loss 0.193455
[2023-12-01 14:47:24,305][hyperopt.tpe][INFO] - build_posterior_wrapper took 0.002491 seconds
[2023-12-01 14:47:24,306][hyperopt.tpe][INFO] - TPE using 264/264 trials with best loss 0.193455
[2023-12-01 14:47:24,462][hyperopt.tpe][INFO] - build_posterior_wrapper took 0.002534 seconds
[2023-12-01 14:47:24,463][hyperopt.tpe][INFO] - TPE using 265/265 trials with best loss 0.193455
[2023-12-01 14:47:24,619][hyperopt.tpe][INFO] - build_posterior_wrapper took 0.002470 seconds
[2023-12-01 14:47:24,620][hyperopt.tpe][INFO] - TPE using 266/266 trials with best loss 0.193455
[2023-12-01 14:47:24,777][hyperopt.tpe][INFO] - build_posterior_wrapper took 0.002436 seconds
[2023-12-01 14:47:24,777][hyperopt.tpe][INFO] - TPE using 267/267 trials with best loss 0.193455
[2023-12-01 14:47:24,933][hyperopt.tpe][INFO] - build_posterior_wrapper took 0.002473 seconds
[2023-12-01 14:47:24,934][hyperopt.tpe][INFO] - TPE using 268/268 trials with best loss 0.193455
[2023-12-01 14:47:25,090][hyperopt.tpe][INFO] - build_posterior_wrapper took 0.002465 seconds
[2023-12-01 14:47:25,091][hyperopt.tpe][INFO] - TPE using 269/269 trials with best loss 0.193455
[2023-12-01 14:47:25,228][hyperopt.tpe][INFO] - build_posterior_wrapper took 0.002467 seconds
[2023-12-01 14:47:25,229][hyperopt.tpe][INFO] - TPE using 270/270 trials with best loss 0.193455
[2023-12-01 14:47:25,373][hyperopt.tpe][INFO] - build_posterior_wrapper took 0.002523 seconds
[2023-12-01 14:47:25,373][hyperopt.tpe][INFO] - TPE using 271/271 trials with best loss 0.193455
[2023-12-01 14:47:25,530][hyperopt.tpe][INFO] - build_posterior_wrapper took 0.002474 seconds
[2023-12-01 14:47:25,530][hyperopt.tpe][INFO] - TPE using 272/272 trials with best loss 0.193455
[2023-12-01 14:47:25,687][hyperopt.tpe][INFO] - build_posterior_wrapper took 0.002480 seconds
[2023-12-01 14:47:25,687][hyperopt.tpe][INFO] - TPE using 273/273 trials with best loss 0.193455
[2023-12-01 14:47:25,837][hyperopt.tpe][INFO] - build_posterior_wrapper took 0.002462 seconds
[2023-12-01 14:47:25,838][hyperopt.tpe][INFO] - TPE using 274/274 trials with best loss 0.193455
[2023-12-01 14:47:25,916][hyperopt.tpe][INFO] - build_posterior_wrapper took 0.002452 seconds
[2023-12-01 14:47:25,917][hyperopt.tpe][INFO] - TPE using 275/275 trials with best loss 0.193455
[2023-12-01 14:47:26,074][hyperopt.tpe][INFO] - build_posterior_wrapper took 0.002527 seconds
[2023-12-01 14:47:26,074][hyperopt.tpe][INFO] - TPE using 276/276 trials with best loss 0.193455
[2023-12-01 14:47:26,216][hyperopt.tpe][INFO] - build_posterior_wrapper took 0.002431 seconds
[2023-12-01 14:47:26,217][hyperopt.tpe][INFO] - TPE using 277/277 trials with best loss 0.193455
[2023-12-01 14:47:26,306][hyperopt.tpe][INFO] - build_posterior_wrapper took 0.002414 seconds
[2023-12-01 14:47:26,306][hyperopt.tpe][INFO] - TPE using 278/278 trials with best loss 0.193455
[2023-12-01 14:47:26,373][hyperopt.tpe][INFO] - build_posterior_wrapper took 0.002456 seconds
[2023-12-01 14:47:26,373][hyperopt.tpe][INFO] - TPE using 279/279 trials with best loss 0.193455
[2023-12-01 14:47:26,514][hyperopt.tpe][INFO] - build_posterior_wrapper took 0.002426 seconds
[2023-12-01 14:47:26,514][hyperopt.tpe][INFO] - TPE using 280/280 trials with best loss 0.193455
[2023-12-01 14:47:26,699][hyperopt.tpe][INFO] - build_posterior_wrapper took 0.002575 seconds
[2023-12-01 14:47:26,700][hyperopt.tpe][INFO] - TPE using 281/281 trials with best loss 0.193455
[2023-12-01 14:47:26,857][hyperopt.tpe][INFO] - build_posterior_wrapper took 0.002497 seconds
[2023-12-01 14:47:26,857][hyperopt.tpe][INFO] - TPE using 282/282 trials with best loss 0.193455
[2023-12-01 14:47:26,944][hyperopt.tpe][INFO] - build_posterior_wrapper took 0.002457 seconds
[2023-12-01 14:47:26,945][hyperopt.tpe][INFO] - TPE using 283/283 trials with best loss 0.193455
[2023-12-01 14:47:27,107][hyperopt.tpe][INFO] - build_posterior_wrapper took 0.002447 seconds
[2023-12-01 14:47:27,107][hyperopt.tpe][INFO] - TPE using 284/284 trials with best loss 0.193455
[2023-12-01 14:47:27,246][hyperopt.tpe][INFO] - build_posterior_wrapper took 0.002439 seconds
[2023-12-01 14:47:27,246][hyperopt.tpe][INFO] - TPE using 285/285 trials with best loss 0.193455
[2023-12-01 14:47:27,350][hyperopt.tpe][INFO] - build_posterior_wrapper took 0.002513 seconds
[2023-12-01 14:47:27,351][hyperopt.tpe][INFO] - TPE using 286/286 trials with best loss 0.193455
[2023-12-01 14:47:27,398][hyperopt.tpe][INFO] - build_posterior_wrapper took 0.002479 seconds
[2023-12-01 14:47:27,399][hyperopt.tpe][INFO] - TPE using 287/287 trials with best loss 0.193455
[2023-12-01 14:47:27,561][hyperopt.tpe][INFO] - build_posterior_wrapper took 0.002462 seconds
[2023-12-01 14:47:27,561][hyperopt.tpe][INFO] - TPE using 288/288 trials with best loss 0.193455
[2023-12-01 14:47:27,717][hyperopt.tpe][INFO] - build_posterior_wrapper took 0.002493 seconds
[2023-12-01 14:47:27,718][hyperopt.tpe][INFO] - TPE using 289/289 trials with best loss 0.193455
[2023-12-01 14:47:27,887][hyperopt.tpe][INFO] - build_posterior_wrapper took 0.002470 seconds
[2023-12-01 14:47:27,887][hyperopt.tpe][INFO] - TPE using 290/290 trials with best loss 0.193455
[2023-12-01 14:47:28,030][hyperopt.tpe][INFO] - build_posterior_wrapper took 0.002473 seconds
[2023-12-01 14:47:28,030][hyperopt.tpe][INFO] - TPE using 291/291 trials with best loss 0.193455
[2023-12-01 14:47:28,114][hyperopt.tpe][INFO] - build_posterior_wrapper took 0.002432 seconds
[2023-12-01 14:47:28,115][hyperopt.tpe][INFO] - TPE using 292/292 trials with best loss 0.193455
[2023-12-01 14:47:28,288][hyperopt.tpe][INFO] - build_posterior_wrapper took 0.002462 seconds
[2023-12-01 14:47:28,288][hyperopt.tpe][INFO] - TPE using 293/293 trials with best loss 0.193455
[2023-12-01 14:47:28,392][hyperopt.tpe][INFO] - build_posterior_wrapper took 0.002449 seconds
[2023-12-01 14:47:28,393][hyperopt.tpe][INFO] - TPE using 294/294 trials with best loss 0.193455
[2023-12-01 14:47:28,540][hyperopt.tpe][INFO] - build_posterior_wrapper took 0.002465 seconds
[2023-12-01 14:47:28,541][hyperopt.tpe][INFO] - TPE using 295/295 trials with best loss 0.193455
[2023-12-01 14:47:28,589][hyperopt.tpe][INFO] - build_posterior_wrapper took 0.002481 seconds
[2023-12-01 14:47:28,589][hyperopt.tpe][INFO] - TPE using 296/296 trials with best loss 0.193455
[2023-12-01 14:47:28,746][hyperopt.tpe][INFO] - build_posterior_wrapper took 0.002430 seconds
[2023-12-01 14:47:28,746][hyperopt.tpe][INFO] - TPE using 297/297 trials with best loss 0.193455
[2023-12-01 14:47:28,877][hyperopt.tpe][INFO] - build_posterior_wrapper took 0.002440 seconds
[2023-12-01 14:47:28,877][hyperopt.tpe][INFO] - TPE using 298/298 trials with best loss 0.193455
[2023-12-01 14:47:29,022][hyperopt.tpe][INFO] - build_posterior_wrapper took 0.002457 seconds
[2023-12-01 14:47:29,022][hyperopt.tpe][INFO] - TPE using 299/299 trials with best loss 0.193455
[2023-12-01 14:47:29,208][hyperopt.tpe][INFO] - build_posterior_wrapper took 0.002493 seconds
[2023-12-01 14:47:29,209][hyperopt.tpe][INFO] - TPE using 300/300 trials with best loss 0.193455
[2023-12-01 14:47:29,365][hyperopt.tpe][INFO] - build_posterior_wrapper took 0.002493 seconds
[2023-12-01 14:47:29,366][hyperopt.tpe][INFO] - TPE using 301/301 trials with best loss 0.193455
[2023-12-01 14:47:29,442][hyperopt.tpe][INFO] - build_posterior_wrapper took 0.002469 seconds
[2023-12-01 14:47:29,442][hyperopt.tpe][INFO] - TPE using 302/302 trials with best loss 0.193455
[2023-12-01 14:47:29,642][hyperopt.tpe][INFO] - build_posterior_wrapper took 0.002511 seconds
[2023-12-01 14:47:29,642][hyperopt.tpe][INFO] - TPE using 303/303 trials with best loss 0.193455
[2023-12-01 14:47:29,799][hyperopt.tpe][INFO] - build_posterior_wrapper took 0.002457 seconds
[2023-12-01 14:47:29,799][hyperopt.tpe][INFO] - TPE using 304/304 trials with best loss 0.193455
[2023-12-01 14:47:29,894][hyperopt.tpe][INFO] - build_posterior_wrapper took 0.002456 seconds
[2023-12-01 14:47:29,894][hyperopt.tpe][INFO] - TPE using 305/305 trials with best loss 0.193455
[2023-12-01 14:47:29,942][hyperopt.tpe][INFO] - build_posterior_wrapper took 0.002473 seconds
[2023-12-01 14:47:29,943][hyperopt.tpe][INFO] - TPE using 306/306 trials with best loss 0.193455
[2023-12-01 14:47:30,100][hyperopt.tpe][INFO] - build_posterior_wrapper took 0.002461 seconds
[2023-12-01 14:47:30,100][hyperopt.tpe][INFO] - TPE using 307/307 trials with best loss 0.193455
[2023-12-01 14:47:30,283][hyperopt.tpe][INFO] - build_posterior_wrapper took 0.002547 seconds
[2023-12-01 14:47:30,284][hyperopt.tpe][INFO] - TPE using 308/308 trials with best loss 0.193455
[2023-12-01 14:47:30,438][hyperopt.tpe][INFO] - build_posterior_wrapper took 0.002454 seconds
[2023-12-01 14:47:30,438][hyperopt.tpe][INFO] - TPE using 309/309 trials with best loss 0.193455
[2023-12-01 14:47:30,585][hyperopt.tpe][INFO] - build_posterior_wrapper took 0.002455 seconds
[2023-12-01 14:47:30,586][hyperopt.tpe][INFO] - TPE using 310/310 trials with best loss 0.193455
[2023-12-01 14:47:30,742][hyperopt.tpe][INFO] - build_posterior_wrapper took 0.002459 seconds
[2023-12-01 14:47:30,743][hyperopt.tpe][INFO] - TPE using 311/311 trials with best loss 0.193455
[2023-12-01 14:47:30,845][hyperopt.tpe][INFO] - build_posterior_wrapper took 0.002471 seconds
[2023-12-01 14:47:30,845][hyperopt.tpe][INFO] - TPE using 312/312 trials with best loss 0.193455
[2023-12-01 14:47:31,016][hyperopt.tpe][INFO] - build_posterior_wrapper took 0.002430 seconds
[2023-12-01 14:47:31,016][hyperopt.tpe][INFO] - TPE using 313/313 trials with best loss 0.193455
[2023-12-01 14:47:31,113][hyperopt.tpe][INFO] - build_posterior_wrapper took 0.002434 seconds
[2023-12-01 14:47:31,113][hyperopt.tpe][INFO] - TPE using 314/314 trials with best loss 0.193455
[2023-12-01 14:47:31,162][hyperopt.tpe][INFO] - build_posterior_wrapper took 0.002431 seconds
[2023-12-01 14:47:31,162][hyperopt.tpe][INFO] - TPE using 315/315 trials with best loss 0.193455
[2023-12-01 14:47:31,320][hyperopt.tpe][INFO] - build_posterior_wrapper took 0.002441 seconds
[2023-12-01 14:47:31,320][hyperopt.tpe][INFO] - TPE using 316/316 trials with best loss 0.193455
[2023-12-01 14:47:31,472][hyperopt.tpe][INFO] - build_posterior_wrapper took 0.002421 seconds
[2023-12-01 14:47:31,472][hyperopt.tpe][INFO] - TPE using 317/317 trials with best loss 0.193455
[2023-12-01 14:47:31,633][hyperopt.tpe][INFO] - build_posterior_wrapper took 0.002445 seconds
[2023-12-01 14:47:31,634][hyperopt.tpe][INFO] - TPE using 318/318 trials with best loss 0.193455
[2023-12-01 14:47:31,765][hyperopt.tpe][INFO] - build_posterior_wrapper took 0.002455 seconds
[2023-12-01 14:47:31,765][hyperopt.tpe][INFO] - TPE using 319/319 trials with best loss 0.193455
[2023-12-01 14:47:32,040][hyperopt.tpe][INFO] - build_posterior_wrapper took 0.002481 seconds
[2023-12-01 14:47:32,040][hyperopt.tpe][INFO] - TPE using 320/320 trials with best loss 0.193455
[2023-12-01 14:47:32,181][hyperopt.tpe][INFO] - build_posterior_wrapper took 0.002455 seconds
[2023-12-01 14:47:32,181][hyperopt.tpe][INFO] - TPE using 321/321 trials with best loss 0.193455
[2023-12-01 14:47:32,338][hyperopt.tpe][INFO] - build_posterior_wrapper took 0.002460 seconds
[2023-12-01 14:47:32,338][hyperopt.tpe][INFO] - TPE using 322/322 trials with best loss 0.193455
[2023-12-01 14:47:32,434][hyperopt.tpe][INFO] - build_posterior_wrapper took 0.002489 seconds
[2023-12-01 14:47:32,434][hyperopt.tpe][INFO] - TPE using 323/323 trials with best loss 0.193455
[2023-12-01 14:47:32,591][hyperopt.tpe][INFO] - build_posterior_wrapper took 0.002462 seconds
[2023-12-01 14:47:32,591][hyperopt.tpe][INFO] - TPE using 324/324 trials with best loss 0.193455
[2023-12-01 14:47:32,690][hyperopt.tpe][INFO] - build_posterior_wrapper took 0.002449 seconds
[2023-12-01 14:47:32,691][hyperopt.tpe][INFO] - TPE using 325/325 trials with best loss 0.193455
[2023-12-01 14:47:32,854][hyperopt.tpe][INFO] - build_posterior_wrapper took 0.002462 seconds
[2023-12-01 14:47:32,855][hyperopt.tpe][INFO] - TPE using 326/326 trials with best loss 0.193455
[2023-12-01 14:47:32,903][hyperopt.tpe][INFO] - build_posterior_wrapper took 0.002442 seconds
[2023-12-01 14:47:32,903][hyperopt.tpe][INFO] - TPE using 327/327 trials with best loss 0.193455
[2023-12-01 14:47:33,035][hyperopt.tpe][INFO] - build_posterior_wrapper took 0.002442 seconds
[2023-12-01 14:47:33,035][hyperopt.tpe][INFO] - TPE using 328/328 trials with best loss 0.193455
[2023-12-01 14:47:33,185][hyperopt.tpe][INFO] - build_posterior_wrapper took 0.002424 seconds
[2023-12-01 14:47:33,186][hyperopt.tpe][INFO] - TPE using 329/329 trials with best loss 0.193455
[2023-12-01 14:47:33,343][hyperopt.tpe][INFO] - build_posterior_wrapper took 0.002453 seconds
[2023-12-01 14:47:33,344][hyperopt.tpe][INFO] - TPE using 330/330 trials with best loss 0.193455
[2023-12-01 14:47:33,505][hyperopt.tpe][INFO] - build_posterior_wrapper took 0.002627 seconds
[2023-12-01 14:47:33,506][hyperopt.tpe][INFO] - TPE using 331/331 trials with best loss 0.193455
[2023-12-01 14:47:33,679][hyperopt.tpe][INFO] - build_posterior_wrapper took 0.002471 seconds
[2023-12-01 14:47:33,680][hyperopt.tpe][INFO] - TPE using 332/332 trials with best loss 0.193455
[2023-12-01 14:47:33,766][hyperopt.tpe][INFO] - build_posterior_wrapper took 0.002420 seconds
[2023-12-01 14:47:33,767][hyperopt.tpe][INFO] - TPE using 333/333 trials with best loss 0.193455
[2023-12-01 14:47:33,869][hyperopt.tpe][INFO] - build_posterior_wrapper took 0.002420 seconds
[2023-12-01 14:47:33,870][hyperopt.tpe][INFO] - TPE using 334/334 trials with best loss 0.193455
[2023-12-01 14:47:34,048][hyperopt.tpe][INFO] - build_posterior_wrapper took 0.002516 seconds
[2023-12-01 14:47:34,049][hyperopt.tpe][INFO] - TPE using 335/335 trials with best loss 0.193455
[2023-12-01 14:47:34,097][hyperopt.tpe][INFO] - build_posterior_wrapper took 0.002459 seconds
[2023-12-01 14:47:34,097][hyperopt.tpe][INFO] - TPE using 336/336 trials with best loss 0.193455
[2023-12-01 14:47:34,254][hyperopt.tpe][INFO] - build_posterior_wrapper took 0.002429 seconds
[2023-12-01 14:47:34,255][hyperopt.tpe][INFO] - TPE using 337/337 trials with best loss 0.193455
[2023-12-01 14:47:34,428][hyperopt.tpe][INFO] - build_posterior_wrapper took 0.002439 seconds
[2023-12-01 14:47:34,428][hyperopt.tpe][INFO] - TPE using 338/338 trials with best loss 0.193455
[2023-12-01 14:47:34,560][hyperopt.tpe][INFO] - build_posterior_wrapper took 0.002433 seconds
[2023-12-01 14:47:34,560][hyperopt.tpe][INFO] - TPE using 339/339 trials with best loss 0.193455
[2023-12-01 14:47:34,699][hyperopt.tpe][INFO] - build_posterior_wrapper took 0.002432 seconds
[2023-12-01 14:47:34,699][hyperopt.tpe][INFO] - TPE using 340/340 trials with best loss 0.193455
[2023-12-01 14:47:34,873][hyperopt.tpe][INFO] - build_posterior_wrapper took 0.002476 seconds
[2023-12-01 14:47:34,873][hyperopt.tpe][INFO] - TPE using 341/341 trials with best loss 0.193455
[2023-12-01 14:47:35,030][hyperopt.tpe][INFO] - build_posterior_wrapper took 0.002439 seconds
[2023-12-01 14:47:35,031][hyperopt.tpe][INFO] - TPE using 342/342 trials with best loss 0.193455
[2023-12-01 14:47:35,120][hyperopt.tpe][INFO] - build_posterior_wrapper took 0.002430 seconds
[2023-12-01 14:47:35,121][hyperopt.tpe][INFO] - TPE using 343/343 trials with best loss 0.193455
[2023-12-01 14:47:35,265][hyperopt.tpe][INFO] - build_posterior_wrapper took 0.002440 seconds
[2023-12-01 14:47:35,266][hyperopt.tpe][INFO] - TPE using 344/344 trials with best loss 0.193455
[2023-12-01 14:47:35,371][hyperopt.tpe][INFO] - build_posterior_wrapper took 0.002445 seconds
[2023-12-01 14:47:35,371][hyperopt.tpe][INFO] - TPE using 345/345 trials with best loss 0.193455
[2023-12-01 14:47:35,422][hyperopt.tpe][INFO] - build_posterior_wrapper took 0.002670 seconds
[2023-12-01 14:47:35,422][hyperopt.tpe][INFO] - TPE using 346/346 trials with best loss 0.193455
[2023-12-01 14:47:35,553][hyperopt.tpe][INFO] - build_posterior_wrapper took 0.002440 seconds
[2023-12-01 14:47:35,553][hyperopt.tpe][INFO] - TPE using 347/347 trials with best loss 0.193455
[2023-12-01 14:47:35,712][hyperopt.tpe][INFO] - build_posterior_wrapper took 0.002486 seconds
[2023-12-01 14:47:35,713][hyperopt.tpe][INFO] - TPE using 348/348 trials with best loss 0.193455
[2023-12-01 14:47:35,894][hyperopt.tpe][INFO] - build_posterior_wrapper took 0.002481 seconds
[2023-12-01 14:47:35,894][hyperopt.tpe][INFO] - TPE using 349/349 trials with best loss 0.193455
[2023-12-01 14:47:36,035][hyperopt.tpe][INFO] - build_posterior_wrapper took 0.002473 seconds
[2023-12-01 14:47:36,035][hyperopt.tpe][INFO] - TPE using 350/350 trials with best loss 0.193455
[2023-12-01 14:47:36,208][hyperopt.tpe][INFO] - build_posterior_wrapper took 0.002571 seconds
[2023-12-01 14:47:36,209][hyperopt.tpe][INFO] - TPE using 351/351 trials with best loss 0.193455
[2023-12-01 14:47:36,366][hyperopt.tpe][INFO] - build_posterior_wrapper took 0.002442 seconds
[2023-12-01 14:47:36,367][hyperopt.tpe][INFO] - TPE using 352/352 trials with best loss 0.193455
[2023-12-01 14:47:36,470][hyperopt.tpe][INFO] - build_posterior_wrapper took 0.002465 seconds
[2023-12-01 14:47:36,470][hyperopt.tpe][INFO] - TPE using 353/353 trials with best loss 0.193455
[2023-12-01 14:47:36,627][hyperopt.tpe][INFO] - build_posterior_wrapper took 0.002441 seconds
[2023-12-01 14:47:36,628][hyperopt.tpe][INFO] - TPE using 354/354 trials with best loss 0.193455
[2023-12-01 14:47:36,721][hyperopt.tpe][INFO] - build_posterior_wrapper took 0.002437 seconds
[2023-12-01 14:47:36,722][hyperopt.tpe][INFO] - TPE using 355/355 trials with best loss 0.193455
[2023-12-01 14:47:36,879][hyperopt.tpe][INFO] - build_posterior_wrapper took 0.002466 seconds
[2023-12-01 14:47:36,880][hyperopt.tpe][INFO] - TPE using 356/356 trials with best loss 0.193455
[2023-12-01 14:47:37,001][hyperopt.tpe][INFO] - build_posterior_wrapper took 0.002488 seconds
[2023-12-01 14:47:37,001][hyperopt.tpe][INFO] - TPE using 357/357 trials with best loss 0.193455
[2023-12-01 14:47:37,050][hyperopt.tpe][INFO] - build_posterior_wrapper took 0.002463 seconds
[2023-12-01 14:47:37,050][hyperopt.tpe][INFO] - TPE using 358/358 trials with best loss 0.193455
[2023-12-01 14:47:37,201][hyperopt.tpe][INFO] - build_posterior_wrapper took 0.002442 seconds
[2023-12-01 14:47:37,202][hyperopt.tpe][INFO] - TPE using 359/359 trials with best loss 0.193455
[2023-12-01 14:47:37,360][hyperopt.tpe][INFO] - build_posterior_wrapper took 0.002450 seconds
[2023-12-01 14:47:37,360][hyperopt.tpe][INFO] - TPE using 360/360 trials with best loss 0.193455
[2023-12-01 14:47:37,523][hyperopt.tpe][INFO] - build_posterior_wrapper took 0.002473 seconds
[2023-12-01 14:47:37,524][hyperopt.tpe][INFO] - TPE using 361/361 trials with best loss 0.193455
[2023-12-01 14:47:37,699][hyperopt.tpe][INFO] - build_posterior_wrapper took 0.002572 seconds
[2023-12-01 14:47:37,700][hyperopt.tpe][INFO] - TPE using 362/362 trials with best loss 0.193455
[2023-12-01 14:47:37,803][hyperopt.tpe][INFO] - build_posterior_wrapper took 0.002482 seconds
[2023-12-01 14:47:37,804][hyperopt.tpe][INFO] - TPE using 363/363 trials with best loss 0.193455
[2023-12-01 14:47:37,967][hyperopt.tpe][INFO] - build_posterior_wrapper took 0.002463 seconds
[2023-12-01 14:47:37,968][hyperopt.tpe][INFO] - TPE using 364/364 trials with best loss 0.193455
[2023-12-01 14:47:38,063][hyperopt.tpe][INFO] - build_posterior_wrapper took 0.002492 seconds
[2023-12-01 14:47:38,063][hyperopt.tpe][INFO] - TPE using 365/365 trials with best loss 0.193455
[2023-12-01 14:47:38,117][hyperopt.tpe][INFO] - build_posterior_wrapper took 0.002474 seconds
[2023-12-01 14:47:38,117][hyperopt.tpe][INFO] - TPE using 366/366 trials with best loss 0.193455
[2023-12-01 14:47:38,249][hyperopt.tpe][INFO] - build_posterior_wrapper took 0.002512 seconds
[2023-12-01 14:47:38,249][hyperopt.tpe][INFO] - TPE using 367/367 trials with best loss 0.193455
[2023-12-01 14:47:38,380][hyperopt.tpe][INFO] - build_posterior_wrapper took 0.002451 seconds
[2023-12-01 14:47:38,381][hyperopt.tpe][INFO] - TPE using 368/368 trials with best loss 0.193455
[2023-12-01 14:47:38,563][hyperopt.tpe][INFO] - build_posterior_wrapper took 0.002476 seconds
[2023-12-01 14:47:38,563][hyperopt.tpe][INFO] - TPE using 369/369 trials with best loss 0.193455
[2023-12-01 14:47:38,702][hyperopt.tpe][INFO] - build_posterior_wrapper took 0.002459 seconds
[2023-12-01 14:47:38,702][hyperopt.tpe][INFO] - TPE using 370/370 trials with best loss 0.193455
[2023-12-01 14:47:38,847][hyperopt.tpe][INFO] - build_posterior_wrapper took 0.002450 seconds
[2023-12-01 14:47:38,848][hyperopt.tpe][INFO] - TPE using 371/371 trials with best loss 0.193455
[2023-12-01 14:47:38,935][hyperopt.tpe][INFO] - build_posterior_wrapper took 0.002466 seconds
[2023-12-01 14:47:38,936][hyperopt.tpe][INFO] - TPE using 372/372 trials with best loss 0.193455
[2023-12-01 14:47:39,109][hyperopt.tpe][INFO] - build_posterior_wrapper took 0.002432 seconds
[2023-12-01 14:47:39,109][hyperopt.tpe][INFO] - TPE using 373/373 trials with best loss 0.193455
[2023-12-01 14:47:39,307][hyperopt.tpe][INFO] - build_posterior_wrapper took 0.002462 seconds
[2023-12-01 14:47:39,307][hyperopt.tpe][INFO] - TPE using 374/374 trials with best loss 0.193455
[2023-12-01 14:47:39,464][hyperopt.tpe][INFO] - build_posterior_wrapper took 0.002444 seconds
[2023-12-01 14:47:39,465][hyperopt.tpe][INFO] - TPE using 375/375 trials with best loss 0.193455
[2023-12-01 14:47:39,576][hyperopt.tpe][INFO] - build_posterior_wrapper took 0.002464 seconds
[2023-12-01 14:47:39,576][hyperopt.tpe][INFO] - TPE using 376/376 trials with best loss 0.193455
[2023-12-01 14:47:39,632][hyperopt.tpe][INFO] - build_posterior_wrapper took 0.002450 seconds
[2023-12-01 14:47:39,632][hyperopt.tpe][INFO] - TPE using 377/377 trials with best loss 0.193455
[2023-12-01 14:47:39,742][hyperopt.tpe][INFO] - build_posterior_wrapper took 0.002437 seconds
[2023-12-01 14:47:39,743][hyperopt.tpe][INFO] - TPE using 378/378 trials with best loss 0.193455
[2023-12-01 14:47:39,915][hyperopt.tpe][INFO] - build_posterior_wrapper took 0.002421 seconds
[2023-12-01 14:47:39,915][hyperopt.tpe][INFO] - TPE using 379/379 trials with best loss 0.193455
[2023-12-01 14:47:40,056][hyperopt.tpe][INFO] - build_posterior_wrapper took 0.002420 seconds
[2023-12-01 14:47:40,057][hyperopt.tpe][INFO] - TPE using 380/380 trials with best loss 0.193455
[2023-12-01 14:47:40,229][hyperopt.tpe][INFO] - build_posterior_wrapper took 0.002449 seconds
[2023-12-01 14:47:40,230][hyperopt.tpe][INFO] - TPE using 381/381 trials with best loss 0.193455
[2023-12-01 14:47:40,387][hyperopt.tpe][INFO] - build_posterior_wrapper took 0.002444 seconds
[2023-12-01 14:47:40,388][hyperopt.tpe][INFO] - TPE using 382/382 trials with best loss 0.193455
[2023-12-01 14:47:40,475][hyperopt.tpe][INFO] - build_posterior_wrapper took 0.002417 seconds
[2023-12-01 14:47:40,476][hyperopt.tpe][INFO] - TPE using 383/383 trials with best loss 0.193455
[2023-12-01 14:47:40,614][hyperopt.tpe][INFO] - build_posterior_wrapper took 0.002444 seconds
[2023-12-01 14:47:40,615][hyperopt.tpe][INFO] - TPE using 384/384 trials with best loss 0.193455
[2023-12-01 14:47:40,772][hyperopt.tpe][INFO] - build_posterior_wrapper took 0.002453 seconds
[2023-12-01 14:47:40,773][hyperopt.tpe][INFO] - TPE using 385/385 trials with best loss 0.193455
[2023-12-01 14:47:40,878][hyperopt.tpe][INFO] - build_posterior_wrapper took 0.002473 seconds
[2023-12-01 14:47:40,878][hyperopt.tpe][INFO] - TPE using 386/386 trials with best loss 0.193455
[2023-12-01 14:47:40,931][hyperopt.tpe][INFO] - build_posterior_wrapper took 0.002461 seconds
[2023-12-01 14:47:40,931][hyperopt.tpe][INFO] - TPE using 387/387 trials with best loss 0.193455
[2023-12-01 14:47:41,042][hyperopt.tpe][INFO] - build_posterior_wrapper took 0.002438 seconds
[2023-12-01 14:47:41,042][hyperopt.tpe][INFO] - TPE using 388/388 trials with best loss 0.193455
[2023-12-01 14:47:41,204][hyperopt.tpe][INFO] - build_posterior_wrapper took 0.002516 seconds
[2023-12-01 14:47:41,205][hyperopt.tpe][INFO] - TPE using 389/389 trials with best loss 0.193455
[2023-12-01 14:47:41,369][hyperopt.tpe][INFO] - build_posterior_wrapper took 0.002501 seconds
[2023-12-01 14:47:41,369][hyperopt.tpe][INFO] - TPE using 390/390 trials with best loss 0.193455
[2023-12-01 14:47:41,548][hyperopt.tpe][INFO] - build_posterior_wrapper took 0.002522 seconds
[2023-12-01 14:47:41,548][hyperopt.tpe][INFO] - TPE using 391/391 trials with best loss 0.193455
[2023-12-01 14:47:41,690][hyperopt.tpe][INFO] - build_posterior_wrapper took 0.002454 seconds
[2023-12-01 14:47:41,690][hyperopt.tpe][INFO] - TPE using 392/392 trials with best loss 0.193455
[2023-12-01 14:47:41,847][hyperopt.tpe][INFO] - build_posterior_wrapper took 0.002439 seconds
[2023-12-01 14:47:41,848][hyperopt.tpe][INFO] - TPE using 393/393 trials with best loss 0.193455
[2023-12-01 14:47:41,962][hyperopt.tpe][INFO] - build_posterior_wrapper took 0.002508 seconds
[2023-12-01 14:47:41,962][hyperopt.tpe][INFO] - TPE using 394/394 trials with best loss 0.193455
[2023-12-01 14:47:42,110][hyperopt.tpe][INFO] - build_posterior_wrapper took 0.002452 seconds
[2023-12-01 14:47:42,111][hyperopt.tpe][INFO] - TPE using 395/395 trials with best loss 0.193455
[2023-12-01 14:47:42,220][hyperopt.tpe][INFO] - build_posterior_wrapper took 0.002446 seconds
[2023-12-01 14:47:42,221][hyperopt.tpe][INFO] - TPE using 396/396 trials with best loss 0.193455
[2023-12-01 14:47:42,271][hyperopt.tpe][INFO] - build_posterior_wrapper took 0.002424 seconds
[2023-12-01 14:47:42,271][hyperopt.tpe][INFO] - TPE using 397/397 trials with best loss 0.193455
[2023-12-01 14:47:42,382][hyperopt.tpe][INFO] - build_posterior_wrapper took 0.002450 seconds
[2023-12-01 14:47:42,382][hyperopt.tpe][INFO] - TPE using 398/398 trials with best loss 0.193455
[2023-12-01 14:47:42,564][hyperopt.tpe][INFO] - build_posterior_wrapper took 0.002481 seconds
[2023-12-01 14:47:42,564][hyperopt.tpe][INFO] - TPE using 399/399 trials with best loss 0.193455
[2023-12-01 14:47:42,736][hyperopt.tpe][INFO] - build_posterior_wrapper took 0.002456 seconds
[2023-12-01 14:47:42,736][hyperopt.tpe][INFO] - TPE using 400/400 trials with best loss 0.193455
[2023-12-01 14:47:42,888][hyperopt.tpe][INFO] - build_posterior_wrapper took 0.002452 seconds
[2023-12-01 14:47:42,889][hyperopt.tpe][INFO] - TPE using 401/401 trials with best loss 0.193455
[2023-12-01 14:47:43,047][hyperopt.tpe][INFO] - build_posterior_wrapper took 0.002434 seconds
[2023-12-01 14:47:43,047][hyperopt.tpe][INFO] - TPE using 402/402 trials with best loss 0.193455
[2023-12-01 14:47:43,205][hyperopt.tpe][INFO] - build_posterior_wrapper took 0.002457 seconds
[2023-12-01 14:47:43,206][hyperopt.tpe][INFO] - TPE using 403/403 trials with best loss 0.193455
[2023-12-01 14:47:43,364][hyperopt.tpe][INFO] - build_posterior_wrapper took 0.002450 seconds
[2023-12-01 14:47:43,365][hyperopt.tpe][INFO] - TPE using 404/404 trials with best loss 0.193455
[2023-12-01 14:47:43,523][hyperopt.tpe][INFO] - build_posterior_wrapper took 0.002436 seconds
[2023-12-01 14:47:43,524][hyperopt.tpe][INFO] - TPE using 405/405 trials with best loss 0.193455
[2023-12-01 14:47:43,682][hyperopt.tpe][INFO] - build_posterior_wrapper took 0.002463 seconds
[2023-12-01 14:47:43,682][hyperopt.tpe][INFO] - TPE using 406/406 trials with best loss 0.193455
[2023-12-01 14:47:43,840][hyperopt.tpe][INFO] - build_posterior_wrapper took 0.002454 seconds
[2023-12-01 14:47:43,840][hyperopt.tpe][INFO] - TPE using 407/407 trials with best loss 0.193455
[2023-12-01 14:47:43,998][hyperopt.tpe][INFO] - build_posterior_wrapper took 0.002433 seconds
[2023-12-01 14:47:43,999][hyperopt.tpe][INFO] - TPE using 408/408 trials with best loss 0.193455
[2023-12-01 14:47:44,156][hyperopt.tpe][INFO] - build_posterior_wrapper took 0.002457 seconds
[2023-12-01 14:47:44,157][hyperopt.tpe][INFO] - TPE using 409/409 trials with best loss 0.193455
[2023-12-01 14:47:44,330][hyperopt.tpe][INFO] - build_posterior_wrapper took 0.002442 seconds
[2023-12-01 14:47:44,330][hyperopt.tpe][INFO] - TPE using 410/410 trials with best loss 0.193455
[2023-12-01 14:47:44,495][hyperopt.tpe][INFO] - build_posterior_wrapper took 0.002571 seconds
[2023-12-01 14:47:44,495][hyperopt.tpe][INFO] - TPE using 411/411 trials with best loss 0.193455
[2023-12-01 14:47:44,653][hyperopt.tpe][INFO] - build_posterior_wrapper took 0.002458 seconds
[2023-12-01 14:47:44,653][hyperopt.tpe][INFO] - TPE using 412/412 trials with best loss 0.193455
[2023-12-01 14:47:44,811][hyperopt.tpe][INFO] - build_posterior_wrapper took 0.002486 seconds
[2023-12-01 14:47:44,812][hyperopt.tpe][INFO] - TPE using 413/413 trials with best loss 0.193455
[2023-12-01 14:47:44,984][hyperopt.tpe][INFO] - build_posterior_wrapper took 0.002438 seconds
[2023-12-01 14:47:44,984][hyperopt.tpe][INFO] - TPE using 414/414 trials with best loss 0.193455
[2023-12-01 14:47:45,148][hyperopt.tpe][INFO] - build_posterior_wrapper took 0.002462 seconds
[2023-12-01 14:47:45,148][hyperopt.tpe][INFO] - TPE using 415/415 trials with best loss 0.193455
[2023-12-01 14:47:45,313][hyperopt.tpe][INFO] - build_posterior_wrapper took 0.002491 seconds
[2023-12-01 14:47:45,314][hyperopt.tpe][INFO] - TPE using 416/416 trials with best loss 0.193455
[2023-12-01 14:47:45,472][hyperopt.tpe][INFO] - build_posterior_wrapper took 0.002485 seconds
[2023-12-01 14:47:45,472][hyperopt.tpe][INFO] - TPE using 417/417 trials with best loss 0.193455
[2023-12-01 14:47:45,630][hyperopt.tpe][INFO] - build_posterior_wrapper took 0.002471 seconds
[2023-12-01 14:47:45,630][hyperopt.tpe][INFO] - TPE using 418/418 trials with best loss 0.193455
[2023-12-01 14:47:45,796][hyperopt.tpe][INFO] - build_posterior_wrapper took 0.002442 seconds
[2023-12-01 14:47:45,796][hyperopt.tpe][INFO] - TPE using 419/419 trials with best loss 0.193455
[2023-12-01 14:47:45,939][hyperopt.tpe][INFO] - build_posterior_wrapper took 0.002506 seconds
[2023-12-01 14:47:45,940][hyperopt.tpe][INFO] - TPE using 420/420 trials with best loss 0.193455
[2023-12-01 14:47:46,097][hyperopt.tpe][INFO] - build_posterior_wrapper took 0.002465 seconds
[2023-12-01 14:47:46,098][hyperopt.tpe][INFO] - TPE using 421/421 trials with best loss 0.193455
[2023-12-01 14:47:46,299][hyperopt.tpe][INFO] - build_posterior_wrapper took 0.002452 seconds
[2023-12-01 14:47:46,300][hyperopt.tpe][INFO] - TPE using 422/422 trials with best loss 0.193455
[2023-12-01 14:47:46,441][hyperopt.tpe][INFO] - build_posterior_wrapper took 0.002412 seconds
[2023-12-01 14:47:46,442][hyperopt.tpe][INFO] - TPE using 423/423 trials with best loss 0.193455
[2023-12-01 14:47:46,609][hyperopt.tpe][INFO] - build_posterior_wrapper took 0.002468 seconds
[2023-12-01 14:47:46,610][hyperopt.tpe][INFO] - TPE using 424/424 trials with best loss 0.193455
[2023-12-01 14:47:46,793][hyperopt.tpe][INFO] - build_posterior_wrapper took 0.002452 seconds
[2023-12-01 14:47:46,793][hyperopt.tpe][INFO] - TPE using 425/425 trials with best loss 0.193455
[2023-12-01 14:47:46,873][hyperopt.tpe][INFO] - build_posterior_wrapper took 0.002452 seconds
[2023-12-01 14:47:46,874][hyperopt.tpe][INFO] - TPE using 426/426 trials with best loss 0.193455
[2023-12-01 14:47:47,022][hyperopt.tpe][INFO] - build_posterior_wrapper took 0.002450 seconds
[2023-12-01 14:47:47,022][hyperopt.tpe][INFO] - TPE using 427/427 trials with best loss 0.193455
[2023-12-01 14:47:47,117][hyperopt.tpe][INFO] - build_posterior_wrapper took 0.002434 seconds
[2023-12-01 14:47:47,117][hyperopt.tpe][INFO] - TPE using 428/428 trials with best loss 0.193455
[2023-12-01 14:47:47,172][hyperopt.tpe][INFO] - build_posterior_wrapper took 0.002447 seconds
[2023-12-01 14:47:47,172][hyperopt.tpe][INFO] - TPE using 429/429 trials with best loss 0.193455
[2023-12-01 14:47:47,283][hyperopt.tpe][INFO] - build_posterior_wrapper took 0.002503 seconds
[2023-12-01 14:47:47,284][hyperopt.tpe][INFO] - TPE using 430/430 trials with best loss 0.193455
[2023-12-01 14:47:47,430][hyperopt.tpe][INFO] - build_posterior_wrapper took 0.002423 seconds
[2023-12-01 14:47:47,430][hyperopt.tpe][INFO] - TPE using 431/431 trials with best loss 0.193455
[2023-12-01 14:47:47,594][hyperopt.tpe][INFO] - build_posterior_wrapper took 0.002461 seconds
[2023-12-01 14:47:47,595][hyperopt.tpe][INFO] - TPE using 432/432 trials with best loss 0.193455
[2023-12-01 14:47:47,761][hyperopt.tpe][INFO] - build_posterior_wrapper took 0.002417 seconds
[2023-12-01 14:47:47,762][hyperopt.tpe][INFO] - TPE using 433/433 trials with best loss 0.193455
[2023-12-01 14:47:47,920][hyperopt.tpe][INFO] - build_posterior_wrapper took 0.002460 seconds
[2023-12-01 14:47:47,920][hyperopt.tpe][INFO] - TPE using 434/434 trials with best loss 0.193455
[2023-12-01 14:47:48,092][hyperopt.tpe][INFO] - build_posterior_wrapper took 0.002523 seconds
[2023-12-01 14:47:48,092][hyperopt.tpe][INFO] - TPE using 435/435 trials with best loss 0.193455
[2023-12-01 14:47:48,236][hyperopt.tpe][INFO] - build_posterior_wrapper took 0.002452 seconds
[2023-12-01 14:47:48,236][hyperopt.tpe][INFO] - TPE using 436/436 trials with best loss 0.193455
[2023-12-01 14:47:48,376][hyperopt.tpe][INFO] - build_posterior_wrapper took 0.002442 seconds
[2023-12-01 14:47:48,377][hyperopt.tpe][INFO] - TPE using 437/437 trials with best loss 0.193455
[2023-12-01 14:47:48,518][hyperopt.tpe][INFO] - build_posterior_wrapper took 0.002429 seconds
[2023-12-01 14:47:48,518][hyperopt.tpe][INFO] - TPE using 438/438 trials with best loss 0.193455
[2023-12-01 14:47:48,627][hyperopt.tpe][INFO] - build_posterior_wrapper took 0.002458 seconds
[2023-12-01 14:47:48,628][hyperopt.tpe][INFO] - TPE using 439/439 trials with best loss 0.193455
[2023-12-01 14:47:48,776][hyperopt.tpe][INFO] - build_posterior_wrapper took 0.002516 seconds
[2023-12-01 14:47:48,777][hyperopt.tpe][INFO] - TPE using 440/440 trials with best loss 0.193455
[2023-12-01 14:47:48,956][hyperopt.tpe][INFO] - build_posterior_wrapper took 0.050204 seconds
[2023-12-01 14:47:48,957][hyperopt.tpe][INFO] - TPE using 441/441 trials with best loss 0.193455
[2023-12-01 14:47:49,006][hyperopt.tpe][INFO] - build_posterior_wrapper took 0.002498 seconds
[2023-12-01 14:47:49,006][hyperopt.tpe][INFO] - TPE using 442/442 trials with best loss 0.193455
[2023-12-01 14:47:49,165][hyperopt.tpe][INFO] - build_posterior_wrapper took 0.002482 seconds
[2023-12-01 14:47:49,165][hyperopt.tpe][INFO] - TPE using 443/443 trials with best loss 0.193455
[2023-12-01 14:47:49,324][hyperopt.tpe][INFO] - build_posterior_wrapper took 0.002450 seconds
[2023-12-01 14:47:49,324][hyperopt.tpe][INFO] - TPE using 444/444 trials with best loss 0.193455
[2023-12-01 14:47:49,483][hyperopt.tpe][INFO] - build_posterior_wrapper took 0.002465 seconds
[2023-12-01 14:47:49,483][hyperopt.tpe][INFO] - TPE using 445/445 trials with best loss 0.193455
[2023-12-01 14:47:49,680][hyperopt.tpe][INFO] - build_posterior_wrapper took 0.002511 seconds
[2023-12-01 14:47:49,681][hyperopt.tpe][INFO] - TPE using 446/446 trials with best loss 0.193455
[2023-12-01 14:47:49,834][hyperopt.tpe][INFO] - build_posterior_wrapper took 0.002514 seconds
[2023-12-01 14:47:49,834][hyperopt.tpe][INFO] - TPE using 447/447 trials with best loss 0.193455
[2023-12-01 14:47:49,972][hyperopt.tpe][INFO] - build_posterior_wrapper took 0.002477 seconds
[2023-12-01 14:47:49,972][hyperopt.tpe][INFO] - TPE using 448/448 trials with best loss 0.193455
[2023-12-01 14:47:50,117][hyperopt.tpe][INFO] - build_posterior_wrapper took 0.002559 seconds
[2023-12-01 14:47:50,118][hyperopt.tpe][INFO] - TPE using 449/449 trials with best loss 0.193455
[2023-12-01 14:47:50,214][hyperopt.tpe][INFO] - build_posterior_wrapper took 0.002470 seconds
[2023-12-01 14:47:50,214][hyperopt.tpe][INFO] - TPE using 450/450 trials with best loss 0.193455
[2023-12-01 14:47:50,264][hyperopt.tpe][INFO] - build_posterior_wrapper took 0.002470 seconds
[2023-12-01 14:47:50,264][hyperopt.tpe][INFO] - TPE using 451/451 trials with best loss 0.193455
[2023-12-01 14:47:50,402][hyperopt.tpe][INFO] - build_posterior_wrapper took 0.002477 seconds
[2023-12-01 14:47:50,403][hyperopt.tpe][INFO] - TPE using 452/452 trials with best loss 0.193455
[2023-12-01 14:47:50,584][hyperopt.tpe][INFO] - build_posterior_wrapper took 0.002502 seconds
[2023-12-01 14:47:50,585][hyperopt.tpe][INFO] - TPE using 453/453 trials with best loss 0.193455
[2023-12-01 14:47:50,743][hyperopt.tpe][INFO] - build_posterior_wrapper took 0.002503 seconds
[2023-12-01 14:47:50,743][hyperopt.tpe][INFO] - TPE using 454/454 trials with best loss 0.193455
[2023-12-01 14:47:50,934][hyperopt.tpe][INFO] - build_posterior_wrapper took 0.002459 seconds
[2023-12-01 14:47:50,935][hyperopt.tpe][INFO] - TPE using 455/455 trials with best loss 0.193455
[2023-12-01 14:47:51,094][hyperopt.tpe][INFO] - build_posterior_wrapper took 0.002485 seconds
[2023-12-01 14:47:51,094][hyperopt.tpe][INFO] - TPE using 456/456 trials with best loss 0.193455
[2023-12-01 14:47:51,260][hyperopt.tpe][INFO] - build_posterior_wrapper took 0.002455 seconds
[2023-12-01 14:47:51,260][hyperopt.tpe][INFO] - TPE using 457/457 trials with best loss 0.193455
[2023-12-01 14:47:51,354][hyperopt.tpe][INFO] - build_posterior_wrapper took 0.002469 seconds
[2023-12-01 14:47:51,355][hyperopt.tpe][INFO] - TPE using 458/458 trials with best loss 0.193455
[2023-12-01 14:47:51,513][hyperopt.tpe][INFO] - build_posterior_wrapper took 0.002439 seconds
[2023-12-01 14:47:51,513][hyperopt.tpe][INFO] - TPE using 459/459 trials with best loss 0.193455
[2023-12-01 14:47:51,612][hyperopt.tpe][INFO] - build_posterior_wrapper took 0.002455 seconds
[2023-12-01 14:47:51,612][hyperopt.tpe][INFO] - TPE using 460/460 trials with best loss 0.193455
[2023-12-01 14:47:51,764][hyperopt.tpe][INFO] - build_posterior_wrapper took 0.002456 seconds
[2023-12-01 14:47:51,764][hyperopt.tpe][INFO] - TPE using 461/461 trials with best loss 0.193455
[2023-12-01 14:47:51,922][hyperopt.tpe][INFO] - build_posterior_wrapper took 0.002445 seconds
[2023-12-01 14:47:51,922][hyperopt.tpe][INFO] - TPE using 462/462 trials with best loss 0.193455
[2023-12-01 14:47:51,971][hyperopt.tpe][INFO] - build_posterior_wrapper took 0.002450 seconds
[2023-12-01 14:47:51,972][hyperopt.tpe][INFO] - TPE using 463/463 trials with best loss 0.193455
[2023-12-01 14:47:52,108][hyperopt.tpe][INFO] - build_posterior_wrapper took 0.002433 seconds
[2023-12-01 14:47:52,108][hyperopt.tpe][INFO] - TPE using 464/464 trials with best loss 0.193455
[2023-12-01 14:47:52,281][hyperopt.tpe][INFO] - build_posterior_wrapper took 0.002450 seconds
[2023-12-01 14:47:52,281][hyperopt.tpe][INFO] - TPE using 465/465 trials with best loss 0.193455
[2023-12-01 14:47:52,446][hyperopt.tpe][INFO] - build_posterior_wrapper took 0.002474 seconds
[2023-12-01 14:47:52,446][hyperopt.tpe][INFO] - TPE using 466/466 trials with best loss 0.193455
[2023-12-01 14:47:52,613][hyperopt.tpe][INFO] - build_posterior_wrapper took 0.002474 seconds
[2023-12-01 14:47:52,614][hyperopt.tpe][INFO] - TPE using 467/467 trials with best loss 0.193455
[2023-12-01 14:47:52,778][hyperopt.tpe][INFO] - build_posterior_wrapper took 0.002477 seconds
[2023-12-01 14:47:52,779][hyperopt.tpe][INFO] - TPE using 468/468 trials with best loss 0.193455
[2023-12-01 14:47:52,874][hyperopt.tpe][INFO] - build_posterior_wrapper took 0.002471 seconds
[2023-12-01 14:47:52,874][hyperopt.tpe][INFO] - TPE using 469/469 trials with best loss 0.193455
[2023-12-01 14:47:53,038][hyperopt.tpe][INFO] - build_posterior_wrapper took 0.002574 seconds
[2023-12-01 14:47:53,038][hyperopt.tpe][INFO] - TPE using 470/470 trials with best loss 0.193455
[2023-12-01 14:47:53,187][hyperopt.tpe][INFO] - build_posterior_wrapper took 0.002500 seconds
[2023-12-01 14:47:53,187][hyperopt.tpe][INFO] - TPE using 471/471 trials with best loss 0.193455
[2023-12-01 14:47:53,293][hyperopt.tpe][INFO] - build_posterior_wrapper took 0.002452 seconds
[2023-12-01 14:47:53,294][hyperopt.tpe][INFO] - TPE using 472/472 trials with best loss 0.193455
[2023-12-01 14:47:53,343][hyperopt.tpe][INFO] - build_posterior_wrapper took 0.002472 seconds
[2023-12-01 14:47:53,343][hyperopt.tpe][INFO] - TPE using 473/473 trials with best loss 0.193455
[2023-12-01 14:47:53,476][hyperopt.tpe][INFO] - build_posterior_wrapper took 0.002469 seconds
[2023-12-01 14:47:53,476][hyperopt.tpe][INFO] - TPE using 474/474 trials with best loss 0.193455
[2023-12-01 14:47:53,634][hyperopt.tpe][INFO] - build_posterior_wrapper took 0.002465 seconds
[2023-12-01 14:47:53,634][hyperopt.tpe][INFO] - TPE using 475/475 trials with best loss 0.193455
[2023-12-01 14:47:53,805][hyperopt.tpe][INFO] - build_posterior_wrapper took 0.002533 seconds
[2023-12-01 14:47:53,806][hyperopt.tpe][INFO] - TPE using 476/476 trials with best loss 0.193455
[2023-12-01 14:47:53,969][hyperopt.tpe][INFO] - build_posterior_wrapper took 0.002486 seconds
[2023-12-01 14:47:53,969][hyperopt.tpe][INFO] - TPE using 477/477 trials with best loss 0.193455
[2023-12-01 14:47:54,122][hyperopt.tpe][INFO] - build_posterior_wrapper took 0.002468 seconds
[2023-12-01 14:47:54,123][hyperopt.tpe][INFO] - TPE using 478/478 trials with best loss 0.193455
[2023-12-01 14:47:54,303][hyperopt.tpe][INFO] - build_posterior_wrapper took 0.002440 seconds
[2023-12-01 14:47:54,303][hyperopt.tpe][INFO] - TPE using 479/479 trials with best loss 0.193455
[2023-12-01 14:47:54,378][hyperopt.tpe][INFO] - build_posterior_wrapper took 0.002480 seconds
[2023-12-01 14:47:54,378][hyperopt.tpe][INFO] - TPE using 480/480 trials with best loss 0.193455
[2023-12-01 14:47:54,537][hyperopt.tpe][INFO] - build_posterior_wrapper took 0.002527 seconds
[2023-12-01 14:47:54,537][hyperopt.tpe][INFO] - TPE using 481/481 trials with best loss 0.193455
[2023-12-01 14:47:54,708][hyperopt.tpe][INFO] - build_posterior_wrapper took 0.002481 seconds
[2023-12-01 14:47:54,708][hyperopt.tpe][INFO] - TPE using 482/482 trials with best loss 0.193455
[2023-12-01 14:47:54,876][hyperopt.tpe][INFO] - build_posterior_wrapper took 0.002497 seconds
[2023-12-01 14:47:54,877][hyperopt.tpe][INFO] - TPE using 483/483 trials with best loss 0.193455
[2023-12-01 14:47:54,967][hyperopt.tpe][INFO] - build_posterior_wrapper took 0.002445 seconds
[2023-12-01 14:47:54,967][hyperopt.tpe][INFO] - TPE using 484/484 trials with best loss 0.193455
[2023-12-01 14:47:55,022][hyperopt.tpe][INFO] - build_posterior_wrapper took 0.002482 seconds
[2023-12-01 14:47:55,022][hyperopt.tpe][INFO] - TPE using 485/485 trials with best loss 0.193455
[2023-12-01 14:47:55,154][hyperopt.tpe][INFO] - build_posterior_wrapper took 0.002527 seconds
[2023-12-01 14:47:55,155][hyperopt.tpe][INFO] - TPE using 486/486 trials with best loss 0.193455
[2023-12-01 14:47:55,296][hyperopt.tpe][INFO] - build_posterior_wrapper took 0.002445 seconds
[2023-12-01 14:47:55,296][hyperopt.tpe][INFO] - TPE using 487/487 trials with best loss 0.193455
[2023-12-01 14:47:55,446][hyperopt.tpe][INFO] - build_posterior_wrapper took 0.002469 seconds
[2023-12-01 14:47:55,446][hyperopt.tpe][INFO] - TPE using 488/488 trials with best loss 0.193455
[2023-12-01 14:47:55,604][hyperopt.tpe][INFO] - build_posterior_wrapper took 0.002457 seconds
[2023-12-01 14:47:55,605][hyperopt.tpe][INFO] - TPE using 489/489 trials with best loss 0.193455
[2023-12-01 14:47:55,692][hyperopt.tpe][INFO] - build_posterior_wrapper took 0.002458 seconds
[2023-12-01 14:47:55,693][hyperopt.tpe][INFO] - TPE using 490/490 trials with best loss 0.193455
[2023-12-01 14:47:55,857][hyperopt.tpe][INFO] - build_posterior_wrapper took 0.002553 seconds
[2023-12-01 14:47:55,858][hyperopt.tpe][INFO] - TPE using 491/491 trials with best loss 0.193455
[2023-12-01 14:47:56,017][hyperopt.tpe][INFO] - build_posterior_wrapper took 0.002453 seconds
[2023-12-01 14:47:56,017][hyperopt.tpe][INFO] - TPE using 492/492 trials with best loss 0.193455
[2023-12-01 14:47:56,241][hyperopt.tpe][INFO] - build_posterior_wrapper took 0.002448 seconds
[2023-12-01 14:47:56,241][hyperopt.tpe][INFO] - TPE using 493/493 trials with best loss 0.193455
[2023-12-01 14:47:56,338][hyperopt.tpe][INFO] - build_posterior_wrapper took 0.002476 seconds
[2023-12-01 14:47:56,339][hyperopt.tpe][INFO] - TPE using 494/494 trials with best loss 0.193455
[2023-12-01 14:47:56,498][hyperopt.tpe][INFO] - build_posterior_wrapper took 0.002482 seconds
[2023-12-01 14:47:56,498][hyperopt.tpe][INFO] - TPE using 495/495 trials with best loss 0.193455
[2023-12-01 14:47:56,548][hyperopt.tpe][INFO] - build_posterior_wrapper took 0.002478 seconds
[2023-12-01 14:47:56,548][hyperopt.tpe][INFO] - TPE using 496/496 trials with best loss 0.193455
[2023-12-01 14:47:56,696][hyperopt.tpe][INFO] - build_posterior_wrapper took 0.002537 seconds
[2023-12-01 14:47:56,696][hyperopt.tpe][INFO] - TPE using 497/497 trials with best loss 0.193455
[2023-12-01 14:47:56,858][hyperopt.tpe][INFO] - build_posterior_wrapper took 0.002478 seconds
[2023-12-01 14:47:56,858][hyperopt.tpe][INFO] - TPE using 498/498 trials with best loss 0.193455
[2023-12-01 14:47:57,017][hyperopt.tpe][INFO] - build_posterior_wrapper took 0.002457 seconds
[2023-12-01 14:47:57,017][hyperopt.tpe][INFO] - TPE using 499/499 trials with best loss 0.193455
[2023-12-01 14:47:57,175][root][INFO] - Hyperopt complete
[2023-12-01 14:47:57,176][root][INFO] - Best params: {'gamma': 0, 'learning_rate': 0.505, 'max_depth': 3, 'min_child_weight': 2, 'n_estimators': 250, 'reg_lambda': 0.0, 'subsample': 0.2}
[2023-12-01 14:47:57,180][root][INFO] - Parameters written to /projects/p31961/ENIGMA/results/experiments/xgb_regression_da_and_d1_hyperopt_tune/best_params.yaml
[2023-12-01 14:47:57,180][root][INFO] - Writing results to /projects/p31961/ENIGMA/results/experiments/xgb_regression_da_and_d1_hyperopt_tune/hyper_opt_results.parquet
[2023-12-01 14:47:57,252][root][INFO] - Experiment complete
