[2023-12-01 14:53:26,833][root][INFO] - Experiment name: xgb_regression_da_only_hyperopt_tuneS_with_day
[2023-12-01 14:53:30,293][root][INFO] - Running hyperopt
[2023-12-01 14:53:30,302][hyperopt.tpe][INFO] - build_posterior_wrapper took 0.002599 seconds
[2023-12-01 14:53:30,302][hyperopt.tpe][INFO] - TPE using 0 trials
[2023-12-01 14:53:30,714][hyperopt.tpe][INFO] - build_posterior_wrapper took 0.003060 seconds
[2023-12-01 14:53:30,714][hyperopt.tpe][INFO] - TPE using 1/1 trials with best loss 0.273565
[2023-12-01 14:53:30,816][hyperopt.tpe][INFO] - build_posterior_wrapper took 0.002486 seconds
[2023-12-01 14:53:30,816][hyperopt.tpe][INFO] - TPE using 2/2 trials with best loss 0.271090
[2023-12-01 14:53:30,898][hyperopt.tpe][INFO] - build_posterior_wrapper took 0.002446 seconds
[2023-12-01 14:53:30,898][hyperopt.tpe][INFO] - TPE using 3/3 trials with best loss 0.271090
[2023-12-01 14:53:31,010][hyperopt.tpe][INFO] - build_posterior_wrapper took 0.002445 seconds
[2023-12-01 14:53:31,010][hyperopt.tpe][INFO] - TPE using 4/4 trials with best loss 0.270341
[2023-12-01 14:53:31,077][hyperopt.tpe][INFO] - build_posterior_wrapper took 0.002454 seconds
[2023-12-01 14:53:31,077][hyperopt.tpe][INFO] - TPE using 5/5 trials with best loss 0.270341
[2023-12-01 14:53:31,122][hyperopt.tpe][INFO] - build_posterior_wrapper took 0.002679 seconds
[2023-12-01 14:53:31,122][hyperopt.tpe][INFO] - TPE using 6/6 trials with best loss 0.270341
[2023-12-01 14:53:31,267][hyperopt.tpe][INFO] - build_posterior_wrapper took 0.002474 seconds
[2023-12-01 14:53:31,267][hyperopt.tpe][INFO] - TPE using 7/7 trials with best loss 0.268043
[2023-12-01 14:53:31,369][hyperopt.tpe][INFO] - build_posterior_wrapper took 0.002459 seconds
[2023-12-01 14:53:31,369][hyperopt.tpe][INFO] - TPE using 8/8 trials with best loss 0.268043
[2023-12-01 14:53:31,456][hyperopt.tpe][INFO] - build_posterior_wrapper took 0.002441 seconds
[2023-12-01 14:53:31,456][hyperopt.tpe][INFO] - TPE using 9/9 trials with best loss 0.268043
[2023-12-01 14:53:31,499][hyperopt.tpe][INFO] - build_posterior_wrapper took 0.002450 seconds
[2023-12-01 14:53:31,499][hyperopt.tpe][INFO] - TPE using 10/10 trials with best loss 0.268043
[2023-12-01 14:53:31,638][hyperopt.tpe][INFO] - build_posterior_wrapper took 0.002422 seconds
[2023-12-01 14:53:31,638][hyperopt.tpe][INFO] - TPE using 11/11 trials with best loss 0.265298
[2023-12-01 14:53:31,766][hyperopt.tpe][INFO] - build_posterior_wrapper took 0.002539 seconds
[2023-12-01 14:53:31,766][hyperopt.tpe][INFO] - TPE using 12/12 trials with best loss 0.265298
[2023-12-01 14:53:31,830][hyperopt.tpe][INFO] - build_posterior_wrapper took 0.002458 seconds
[2023-12-01 14:53:31,830][hyperopt.tpe][INFO] - TPE using 13/13 trials with best loss 0.265298
[2023-12-01 14:53:31,998][hyperopt.tpe][INFO] - build_posterior_wrapper took 0.002482 seconds
[2023-12-01 14:53:31,998][hyperopt.tpe][INFO] - TPE using 14/14 trials with best loss 0.265298
[2023-12-01 14:53:32,131][hyperopt.tpe][INFO] - build_posterior_wrapper took 0.002449 seconds
[2023-12-01 14:53:32,131][hyperopt.tpe][INFO] - TPE using 15/15 trials with best loss 0.263258
[2023-12-01 14:53:32,195][hyperopt.tpe][INFO] - build_posterior_wrapper took 0.002433 seconds
[2023-12-01 14:53:32,195][hyperopt.tpe][INFO] - TPE using 16/16 trials with best loss 0.263258
[2023-12-01 14:53:32,294][hyperopt.tpe][INFO] - build_posterior_wrapper took 0.002421 seconds
[2023-12-01 14:53:32,294][hyperopt.tpe][INFO] - TPE using 17/17 trials with best loss 0.263258
[2023-12-01 14:53:32,336][hyperopt.tpe][INFO] - build_posterior_wrapper took 0.002436 seconds
[2023-12-01 14:53:32,337][hyperopt.tpe][INFO] - TPE using 18/18 trials with best loss 0.263258
[2023-12-01 14:53:32,418][hyperopt.tpe][INFO] - build_posterior_wrapper took 0.002417 seconds
[2023-12-01 14:53:32,418][hyperopt.tpe][INFO] - TPE using 19/19 trials with best loss 0.263258
[2023-12-01 14:53:32,467][hyperopt.tpe][INFO] - build_posterior_wrapper took 0.002431 seconds
[2023-12-01 14:53:32,468][hyperopt.tpe][INFO] - TPE using 20/20 trials with best loss 0.263258
[2023-12-01 14:53:32,573][hyperopt.tpe][INFO] - build_posterior_wrapper took 0.002430 seconds
[2023-12-01 14:53:32,573][hyperopt.tpe][INFO] - TPE using 21/21 trials with best loss 0.263258
[2023-12-01 14:53:32,710][hyperopt.tpe][INFO] - build_posterior_wrapper took 0.002415 seconds
[2023-12-01 14:53:32,710][hyperopt.tpe][INFO] - TPE using 22/22 trials with best loss 0.263258
[2023-12-01 14:53:32,847][hyperopt.tpe][INFO] - build_posterior_wrapper took 0.002522 seconds
[2023-12-01 14:53:32,847][hyperopt.tpe][INFO] - TPE using 23/23 trials with best loss 0.263258
[2023-12-01 14:53:33,029][hyperopt.tpe][INFO] - build_posterior_wrapper took 0.002422 seconds
[2023-12-01 14:53:33,029][hyperopt.tpe][INFO] - TPE using 24/24 trials with best loss 0.262718
[2023-12-01 14:53:33,211][hyperopt.tpe][INFO] - build_posterior_wrapper took 0.002409 seconds
[2023-12-01 14:53:33,212][hyperopt.tpe][INFO] - TPE using 25/25 trials with best loss 0.261990
[2023-12-01 14:53:33,392][hyperopt.tpe][INFO] - build_posterior_wrapper took 0.002433 seconds
[2023-12-01 14:53:33,392][hyperopt.tpe][INFO] - TPE using 26/26 trials with best loss 0.261990
[2023-12-01 14:53:33,574][hyperopt.tpe][INFO] - build_posterior_wrapper took 0.002420 seconds
[2023-12-01 14:53:33,574][hyperopt.tpe][INFO] - TPE using 27/27 trials with best loss 0.261990
[2023-12-01 14:53:33,732][hyperopt.tpe][INFO] - build_posterior_wrapper took 0.002480 seconds
[2023-12-01 14:53:33,732][hyperopt.tpe][INFO] - TPE using 28/28 trials with best loss 0.261990
[2023-12-01 14:53:33,934][hyperopt.tpe][INFO] - build_posterior_wrapper took 0.002621 seconds
[2023-12-01 14:53:33,934][hyperopt.tpe][INFO] - TPE using 29/29 trials with best loss 0.261990
[2023-12-01 14:53:34,116][hyperopt.tpe][INFO] - build_posterior_wrapper took 0.002396 seconds
[2023-12-01 14:53:34,116][hyperopt.tpe][INFO] - TPE using 30/30 trials with best loss 0.261990
[2023-12-01 14:53:34,268][hyperopt.tpe][INFO] - build_posterior_wrapper took 0.002434 seconds
[2023-12-01 14:53:34,268][hyperopt.tpe][INFO] - TPE using 31/31 trials with best loss 0.261990
[2023-12-01 14:53:34,481][hyperopt.tpe][INFO] - build_posterior_wrapper took 0.002444 seconds
[2023-12-01 14:53:34,481][hyperopt.tpe][INFO] - TPE using 32/32 trials with best loss 0.261990
[2023-12-01 14:53:34,704][hyperopt.tpe][INFO] - build_posterior_wrapper took 0.002485 seconds
[2023-12-01 14:53:34,704][hyperopt.tpe][INFO] - TPE using 33/33 trials with best loss 0.261990
[2023-12-01 14:53:34,870][hyperopt.tpe][INFO] - build_posterior_wrapper took 0.002457 seconds
[2023-12-01 14:53:34,870][hyperopt.tpe][INFO] - TPE using 34/34 trials with best loss 0.261990
[2023-12-01 14:53:34,960][hyperopt.tpe][INFO] - build_posterior_wrapper took 0.002445 seconds
[2023-12-01 14:53:34,960][hyperopt.tpe][INFO] - TPE using 35/35 trials with best loss 0.260952
[2023-12-01 14:53:35,050][hyperopt.tpe][INFO] - build_posterior_wrapper took 0.002479 seconds
[2023-12-01 14:53:35,051][hyperopt.tpe][INFO] - TPE using 36/36 trials with best loss 0.260952
[2023-12-01 14:53:35,142][hyperopt.tpe][INFO] - build_posterior_wrapper took 0.002520 seconds
[2023-12-01 14:53:35,142][hyperopt.tpe][INFO] - TPE using 37/37 trials with best loss 0.260952
[2023-12-01 14:53:35,227][hyperopt.tpe][INFO] - build_posterior_wrapper took 0.002448 seconds
[2023-12-01 14:53:35,228][hyperopt.tpe][INFO] - TPE using 38/38 trials with best loss 0.252861
[2023-12-01 14:53:35,311][hyperopt.tpe][INFO] - build_posterior_wrapper took 0.002486 seconds
[2023-12-01 14:53:35,311][hyperopt.tpe][INFO] - TPE using 39/39 trials with best loss 0.252861
[2023-12-01 14:53:35,389][hyperopt.tpe][INFO] - build_posterior_wrapper took 0.002468 seconds
[2023-12-01 14:53:35,389][hyperopt.tpe][INFO] - TPE using 40/40 trials with best loss 0.252861
[2023-12-01 14:53:35,475][hyperopt.tpe][INFO] - build_posterior_wrapper took 0.002539 seconds
[2023-12-01 14:53:35,475][hyperopt.tpe][INFO] - TPE using 41/41 trials with best loss 0.249788
[2023-12-01 14:53:35,559][hyperopt.tpe][INFO] - build_posterior_wrapper took 0.002460 seconds
[2023-12-01 14:53:35,559][hyperopt.tpe][INFO] - TPE using 42/42 trials with best loss 0.249788
[2023-12-01 14:53:35,632][hyperopt.tpe][INFO] - build_posterior_wrapper took 0.002421 seconds
[2023-12-01 14:53:35,632][hyperopt.tpe][INFO] - TPE using 43/43 trials with best loss 0.249788
[2023-12-01 14:53:35,717][hyperopt.tpe][INFO] - build_posterior_wrapper took 0.002450 seconds
[2023-12-01 14:53:35,717][hyperopt.tpe][INFO] - TPE using 44/44 trials with best loss 0.249788
[2023-12-01 14:53:35,794][hyperopt.tpe][INFO] - build_posterior_wrapper took 0.002470 seconds
[2023-12-01 14:53:35,794][hyperopt.tpe][INFO] - TPE using 45/45 trials with best loss 0.249788
[2023-12-01 14:53:35,841][hyperopt.tpe][INFO] - build_posterior_wrapper took 0.002436 seconds
[2023-12-01 14:53:35,841][hyperopt.tpe][INFO] - TPE using 46/46 trials with best loss 0.249788
[2023-12-01 14:53:35,984][hyperopt.tpe][INFO] - build_posterior_wrapper took 0.002480 seconds
[2023-12-01 14:53:35,984][hyperopt.tpe][INFO] - TPE using 47/47 trials with best loss 0.249788
[2023-12-01 14:53:36,062][hyperopt.tpe][INFO] - build_posterior_wrapper took 0.002483 seconds
[2023-12-01 14:53:36,062][hyperopt.tpe][INFO] - TPE using 48/48 trials with best loss 0.249788
[2023-12-01 14:53:36,143][hyperopt.tpe][INFO] - build_posterior_wrapper took 0.002442 seconds
[2023-12-01 14:53:36,143][hyperopt.tpe][INFO] - TPE using 49/49 trials with best loss 0.249788
[2023-12-01 14:53:36,192][hyperopt.tpe][INFO] - build_posterior_wrapper took 0.002430 seconds
[2023-12-01 14:53:36,192][hyperopt.tpe][INFO] - TPE using 50/50 trials with best loss 0.249788
[2023-12-01 14:53:36,259][hyperopt.tpe][INFO] - build_posterior_wrapper took 0.002452 seconds
[2023-12-01 14:53:36,259][hyperopt.tpe][INFO] - TPE using 51/51 trials with best loss 0.249788
[2023-12-01 14:53:36,364][hyperopt.tpe][INFO] - build_posterior_wrapper took 0.002430 seconds
[2023-12-01 14:53:36,364][hyperopt.tpe][INFO] - TPE using 52/52 trials with best loss 0.249788
[2023-12-01 14:53:36,440][hyperopt.tpe][INFO] - build_posterior_wrapper took 0.002423 seconds
[2023-12-01 14:53:36,440][hyperopt.tpe][INFO] - TPE using 53/53 trials with best loss 0.249788
[2023-12-01 14:53:36,496][hyperopt.tpe][INFO] - build_posterior_wrapper took 0.002412 seconds
[2023-12-01 14:53:36,496][hyperopt.tpe][INFO] - TPE using 54/54 trials with best loss 0.249788
[2023-12-01 14:53:36,610][hyperopt.tpe][INFO] - build_posterior_wrapper took 0.002465 seconds
[2023-12-01 14:53:36,611][hyperopt.tpe][INFO] - TPE using 55/55 trials with best loss 0.249788
[2023-12-01 14:53:36,718][hyperopt.tpe][INFO] - build_posterior_wrapper took 0.002661 seconds
[2023-12-01 14:53:36,718][hyperopt.tpe][INFO] - TPE using 56/56 trials with best loss 0.249788
[2023-12-01 14:53:36,793][hyperopt.tpe][INFO] - build_posterior_wrapper took 0.002425 seconds
[2023-12-01 14:53:36,793][hyperopt.tpe][INFO] - TPE using 57/57 trials with best loss 0.249788
[2023-12-01 14:53:36,866][hyperopt.tpe][INFO] - build_posterior_wrapper took 0.002432 seconds
[2023-12-01 14:53:36,867][hyperopt.tpe][INFO] - TPE using 58/58 trials with best loss 0.249788
[2023-12-01 14:53:36,970][hyperopt.tpe][INFO] - build_posterior_wrapper took 0.002464 seconds
[2023-12-01 14:53:36,970][hyperopt.tpe][INFO] - TPE using 59/59 trials with best loss 0.249788
[2023-12-01 14:53:37,019][hyperopt.tpe][INFO] - build_posterior_wrapper took 0.002460 seconds
[2023-12-01 14:53:37,019][hyperopt.tpe][INFO] - TPE using 60/60 trials with best loss 0.249788
[2023-12-01 14:53:37,084][hyperopt.tpe][INFO] - build_posterior_wrapper took 0.002455 seconds
[2023-12-01 14:53:37,084][hyperopt.tpe][INFO] - TPE using 61/61 trials with best loss 0.249788
[2023-12-01 14:53:37,208][hyperopt.tpe][INFO] - build_posterior_wrapper took 0.002508 seconds
[2023-12-01 14:53:37,208][hyperopt.tpe][INFO] - TPE using 62/62 trials with best loss 0.249788
[2023-12-01 14:53:37,281][hyperopt.tpe][INFO] - build_posterior_wrapper took 0.002433 seconds
[2023-12-01 14:53:37,281][hyperopt.tpe][INFO] - TPE using 63/63 trials with best loss 0.239297
[2023-12-01 14:53:37,368][hyperopt.tpe][INFO] - build_posterior_wrapper took 0.002404 seconds
[2023-12-01 14:53:37,368][hyperopt.tpe][INFO] - TPE using 64/64 trials with best loss 0.239297
[2023-12-01 14:53:37,441][hyperopt.tpe][INFO] - build_posterior_wrapper took 0.002439 seconds
[2023-12-01 14:53:37,441][hyperopt.tpe][INFO] - TPE using 65/65 trials with best loss 0.239297
[2023-12-01 14:53:37,515][hyperopt.tpe][INFO] - build_posterior_wrapper took 0.002459 seconds
[2023-12-01 14:53:37,515][hyperopt.tpe][INFO] - TPE using 66/66 trials with best loss 0.239297
[2023-12-01 14:53:37,588][hyperopt.tpe][INFO] - build_posterior_wrapper took 0.002419 seconds
[2023-12-01 14:53:37,588][hyperopt.tpe][INFO] - TPE using 67/67 trials with best loss 0.239297
[2023-12-01 14:53:37,662][hyperopt.tpe][INFO] - build_posterior_wrapper took 0.002493 seconds
[2023-12-01 14:53:37,662][hyperopt.tpe][INFO] - TPE using 68/68 trials with best loss 0.239297
[2023-12-01 14:53:37,735][hyperopt.tpe][INFO] - build_posterior_wrapper took 0.002422 seconds
[2023-12-01 14:53:37,735][hyperopt.tpe][INFO] - TPE using 69/69 trials with best loss 0.239297
[2023-12-01 14:53:37,809][hyperopt.tpe][INFO] - build_posterior_wrapper took 0.002458 seconds
[2023-12-01 14:53:37,809][hyperopt.tpe][INFO] - TPE using 70/70 trials with best loss 0.239297
[2023-12-01 14:53:37,876][hyperopt.tpe][INFO] - build_posterior_wrapper took 0.002451 seconds
[2023-12-01 14:53:37,877][hyperopt.tpe][INFO] - TPE using 71/71 trials with best loss 0.239297
[2023-12-01 14:53:37,946][hyperopt.tpe][INFO] - build_posterior_wrapper took 0.002438 seconds
[2023-12-01 14:53:37,946][hyperopt.tpe][INFO] - TPE using 72/72 trials with best loss 0.239297
[2023-12-01 14:53:38,018][hyperopt.tpe][INFO] - build_posterior_wrapper took 0.002432 seconds
[2023-12-01 14:53:38,018][hyperopt.tpe][INFO] - TPE using 73/73 trials with best loss 0.239297
[2023-12-01 14:53:38,064][hyperopt.tpe][INFO] - build_posterior_wrapper took 0.002494 seconds
[2023-12-01 14:53:38,065][hyperopt.tpe][INFO] - TPE using 74/74 trials with best loss 0.239297
[2023-12-01 14:53:38,186][hyperopt.tpe][INFO] - build_posterior_wrapper took 0.002454 seconds
[2023-12-01 14:53:38,187][hyperopt.tpe][INFO] - TPE using 75/75 trials with best loss 0.239297
[2023-12-01 14:53:38,279][hyperopt.tpe][INFO] - build_posterior_wrapper took 0.002428 seconds
[2023-12-01 14:53:38,279][hyperopt.tpe][INFO] - TPE using 76/76 trials with best loss 0.239297
[2023-12-01 14:53:38,347][hyperopt.tpe][INFO] - build_posterior_wrapper took 0.002417 seconds
[2023-12-01 14:53:38,347][hyperopt.tpe][INFO] - TPE using 77/77 trials with best loss 0.239297
[2023-12-01 14:53:38,421][hyperopt.tpe][INFO] - build_posterior_wrapper took 0.002455 seconds
[2023-12-01 14:53:38,421][hyperopt.tpe][INFO] - TPE using 78/78 trials with best loss 0.239297
[2023-12-01 14:53:38,492][hyperopt.tpe][INFO] - build_posterior_wrapper took 0.002422 seconds
[2023-12-01 14:53:38,492][hyperopt.tpe][INFO] - TPE using 79/79 trials with best loss 0.239297
[2023-12-01 14:53:38,565][hyperopt.tpe][INFO] - build_posterior_wrapper took 0.002492 seconds
[2023-12-01 14:53:38,565][hyperopt.tpe][INFO] - TPE using 80/80 trials with best loss 0.239297
[2023-12-01 14:53:38,659][hyperopt.tpe][INFO] - build_posterior_wrapper took 0.050585 seconds
[2023-12-01 14:53:38,659][hyperopt.tpe][INFO] - TPE using 81/81 trials with best loss 0.239297
[2023-12-01 14:53:38,768][hyperopt.tpe][INFO] - build_posterior_wrapper took 0.002499 seconds
[2023-12-01 14:53:38,768][hyperopt.tpe][INFO] - TPE using 82/82 trials with best loss 0.239297
[2023-12-01 14:53:38,878][hyperopt.tpe][INFO] - build_posterior_wrapper took 0.002470 seconds
[2023-12-01 14:53:38,878][hyperopt.tpe][INFO] - TPE using 83/83 trials with best loss 0.239297
[2023-12-01 14:53:38,963][hyperopt.tpe][INFO] - build_posterior_wrapper took 0.002455 seconds
[2023-12-01 14:53:38,963][hyperopt.tpe][INFO] - TPE using 84/84 trials with best loss 0.239297
[2023-12-01 14:53:39,037][hyperopt.tpe][INFO] - build_posterior_wrapper took 0.002503 seconds
[2023-12-01 14:53:39,037][hyperopt.tpe][INFO] - TPE using 85/85 trials with best loss 0.239297
[2023-12-01 14:53:39,172][hyperopt.tpe][INFO] - build_posterior_wrapper took 0.002527 seconds
[2023-12-01 14:53:39,172][hyperopt.tpe][INFO] - TPE using 86/86 trials with best loss 0.239297
[2023-12-01 14:53:39,250][hyperopt.tpe][INFO] - build_posterior_wrapper took 0.002480 seconds
[2023-12-01 14:53:39,250][hyperopt.tpe][INFO] - TPE using 87/87 trials with best loss 0.239297
[2023-12-01 14:53:39,344][hyperopt.tpe][INFO] - build_posterior_wrapper took 0.002427 seconds
[2023-12-01 14:53:39,344][hyperopt.tpe][INFO] - TPE using 88/88 trials with best loss 0.239297
[2023-12-01 14:53:39,390][hyperopt.tpe][INFO] - build_posterior_wrapper took 0.002451 seconds
[2023-12-01 14:53:39,390][hyperopt.tpe][INFO] - TPE using 89/89 trials with best loss 0.239297
[2023-12-01 14:53:39,458][hyperopt.tpe][INFO] - build_posterior_wrapper took 0.002459 seconds
[2023-12-01 14:53:39,459][hyperopt.tpe][INFO] - TPE using 90/90 trials with best loss 0.239297
[2023-12-01 14:53:39,575][hyperopt.tpe][INFO] - build_posterior_wrapper took 0.002537 seconds
[2023-12-01 14:53:39,576][hyperopt.tpe][INFO] - TPE using 91/91 trials with best loss 0.239297
[2023-12-01 14:53:39,722][hyperopt.tpe][INFO] - build_posterior_wrapper took 0.002489 seconds
[2023-12-01 14:53:39,722][hyperopt.tpe][INFO] - TPE using 92/92 trials with best loss 0.239297
[2023-12-01 14:53:39,830][hyperopt.tpe][INFO] - build_posterior_wrapper took 0.002454 seconds
[2023-12-01 14:53:39,830][hyperopt.tpe][INFO] - TPE using 93/93 trials with best loss 0.239297
[2023-12-01 14:53:39,920][hyperopt.tpe][INFO] - build_posterior_wrapper took 0.002474 seconds
[2023-12-01 14:53:39,920][hyperopt.tpe][INFO] - TPE using 94/94 trials with best loss 0.239297
[2023-12-01 14:53:39,985][hyperopt.tpe][INFO] - build_posterior_wrapper took 0.002452 seconds
[2023-12-01 14:53:39,986][hyperopt.tpe][INFO] - TPE using 95/95 trials with best loss 0.239297
[2023-12-01 14:53:40,054][hyperopt.tpe][INFO] - build_posterior_wrapper took 0.002533 seconds
[2023-12-01 14:53:40,054][hyperopt.tpe][INFO] - TPE using 96/96 trials with best loss 0.239297
[2023-12-01 14:53:40,101][hyperopt.tpe][INFO] - build_posterior_wrapper took 0.002449 seconds
[2023-12-01 14:53:40,101][hyperopt.tpe][INFO] - TPE using 97/97 trials with best loss 0.239297
[2023-12-01 14:53:40,231][hyperopt.tpe][INFO] - build_posterior_wrapper took 0.002491 seconds
[2023-12-01 14:53:40,232][hyperopt.tpe][INFO] - TPE using 98/98 trials with best loss 0.239297
[2023-12-01 14:53:40,401][hyperopt.tpe][INFO] - build_posterior_wrapper took 0.002465 seconds
[2023-12-01 14:53:40,401][hyperopt.tpe][INFO] - TPE using 99/99 trials with best loss 0.239297
[2023-12-01 14:53:40,491][hyperopt.tpe][INFO] - build_posterior_wrapper took 0.002448 seconds
[2023-12-01 14:53:40,491][hyperopt.tpe][INFO] - TPE using 100/100 trials with best loss 0.239297
[2023-12-01 14:53:40,585][hyperopt.tpe][INFO] - build_posterior_wrapper took 0.002452 seconds
[2023-12-01 14:53:40,586][hyperopt.tpe][INFO] - TPE using 101/101 trials with best loss 0.239297
[2023-12-01 14:53:40,651][hyperopt.tpe][INFO] - build_posterior_wrapper took 0.002443 seconds
[2023-12-01 14:53:40,651][hyperopt.tpe][INFO] - TPE using 102/102 trials with best loss 0.239297
[2023-12-01 14:53:40,720][hyperopt.tpe][INFO] - build_posterior_wrapper took 0.002436 seconds
[2023-12-01 14:53:40,720][hyperopt.tpe][INFO] - TPE using 103/103 trials with best loss 0.239297
[2023-12-01 14:53:40,792][hyperopt.tpe][INFO] - build_posterior_wrapper took 0.002454 seconds
[2023-12-01 14:53:40,792][hyperopt.tpe][INFO] - TPE using 104/104 trials with best loss 0.239297
[2023-12-01 14:53:40,843][hyperopt.tpe][INFO] - build_posterior_wrapper took 0.002449 seconds
[2023-12-01 14:53:40,844][hyperopt.tpe][INFO] - TPE using 105/105 trials with best loss 0.239297
[2023-12-01 14:53:40,992][hyperopt.tpe][INFO] - build_posterior_wrapper took 0.002474 seconds
[2023-12-01 14:53:40,992][hyperopt.tpe][INFO] - TPE using 106/106 trials with best loss 0.236282
[2023-12-01 14:53:41,222][hyperopt.tpe][INFO] - build_posterior_wrapper took 0.002551 seconds
[2023-12-01 14:53:41,222][hyperopt.tpe][INFO] - TPE using 107/107 trials with best loss 0.236282
[2023-12-01 14:53:41,354][hyperopt.tpe][INFO] - build_posterior_wrapper took 0.002475 seconds
[2023-12-01 14:53:41,354][hyperopt.tpe][INFO] - TPE using 108/108 trials with best loss 0.236282
[2023-12-01 14:53:41,479][hyperopt.tpe][INFO] - build_posterior_wrapper took 0.002416 seconds
[2023-12-01 14:53:41,479][hyperopt.tpe][INFO] - TPE using 109/109 trials with best loss 0.236282
[2023-12-01 14:53:41,615][hyperopt.tpe][INFO] - build_posterior_wrapper took 0.002442 seconds
[2023-12-01 14:53:41,615][hyperopt.tpe][INFO] - TPE using 110/110 trials with best loss 0.236282
[2023-12-01 14:53:41,749][hyperopt.tpe][INFO] - build_posterior_wrapper took 0.002655 seconds
[2023-12-01 14:53:41,749][hyperopt.tpe][INFO] - TPE using 111/111 trials with best loss 0.236282
[2023-12-01 14:53:41,920][hyperopt.tpe][INFO] - build_posterior_wrapper took 0.002536 seconds
[2023-12-01 14:53:41,921][hyperopt.tpe][INFO] - TPE using 112/112 trials with best loss 0.236282
[2023-12-01 14:53:42,058][hyperopt.tpe][INFO] - build_posterior_wrapper took 0.002426 seconds
[2023-12-01 14:53:42,059][hyperopt.tpe][INFO] - TPE using 113/113 trials with best loss 0.236282
[2023-12-01 14:53:42,207][hyperopt.tpe][INFO] - build_posterior_wrapper took 0.002453 seconds
[2023-12-01 14:53:42,207][hyperopt.tpe][INFO] - TPE using 114/114 trials with best loss 0.236282
[2023-12-01 14:53:42,341][hyperopt.tpe][INFO] - build_posterior_wrapper took 0.002426 seconds
[2023-12-01 14:53:42,341][hyperopt.tpe][INFO] - TPE using 115/115 trials with best loss 0.236282
[2023-12-01 14:53:42,446][hyperopt.tpe][INFO] - build_posterior_wrapper took 0.002456 seconds
[2023-12-01 14:53:42,446][hyperopt.tpe][INFO] - TPE using 116/116 trials with best loss 0.236282
[2023-12-01 14:53:42,534][hyperopt.tpe][INFO] - build_posterior_wrapper took 0.002490 seconds
[2023-12-01 14:53:42,534][hyperopt.tpe][INFO] - TPE using 117/117 trials with best loss 0.236282
[2023-12-01 14:53:42,684][hyperopt.tpe][INFO] - build_posterior_wrapper took 0.002436 seconds
[2023-12-01 14:53:42,684][hyperopt.tpe][INFO] - TPE using 118/118 trials with best loss 0.236282
[2023-12-01 14:53:42,741][hyperopt.tpe][INFO] - build_posterior_wrapper took 0.002464 seconds
[2023-12-01 14:53:42,741][hyperopt.tpe][INFO] - TPE using 119/119 trials with best loss 0.236282
[2023-12-01 14:53:42,852][hyperopt.tpe][INFO] - build_posterior_wrapper took 0.002440 seconds
[2023-12-01 14:53:42,853][hyperopt.tpe][INFO] - TPE using 120/120 trials with best loss 0.236282
[2023-12-01 14:53:42,950][hyperopt.tpe][INFO] - build_posterior_wrapper took 0.002455 seconds
[2023-12-01 14:53:42,950][hyperopt.tpe][INFO] - TPE using 121/121 trials with best loss 0.236282
[2023-12-01 14:53:43,120][hyperopt.tpe][INFO] - build_posterior_wrapper took 0.002451 seconds
[2023-12-01 14:53:43,120][hyperopt.tpe][INFO] - TPE using 122/122 trials with best loss 0.236282
[2023-12-01 14:53:43,255][hyperopt.tpe][INFO] - build_posterior_wrapper took 0.002503 seconds
[2023-12-01 14:53:43,255][hyperopt.tpe][INFO] - TPE using 123/123 trials with best loss 0.236282
[2023-12-01 14:53:43,301][hyperopt.tpe][INFO] - build_posterior_wrapper took 0.002444 seconds
[2023-12-01 14:53:43,301][hyperopt.tpe][INFO] - TPE using 124/124 trials with best loss 0.236282
[2023-12-01 14:53:43,395][hyperopt.tpe][INFO] - build_posterior_wrapper took 0.002486 seconds
[2023-12-01 14:53:43,395][hyperopt.tpe][INFO] - TPE using 125/125 trials with best loss 0.236282
[2023-12-01 14:53:43,521][hyperopt.tpe][INFO] - build_posterior_wrapper took 0.002505 seconds
[2023-12-01 14:53:43,521][hyperopt.tpe][INFO] - TPE using 126/126 trials with best loss 0.236282
[2023-12-01 14:53:43,655][hyperopt.tpe][INFO] - build_posterior_wrapper took 0.002456 seconds
[2023-12-01 14:53:43,655][hyperopt.tpe][INFO] - TPE using 127/127 trials with best loss 0.236282
[2023-12-01 14:53:43,740][hyperopt.tpe][INFO] - build_posterior_wrapper took 0.002559 seconds
[2023-12-01 14:53:43,741][hyperopt.tpe][INFO] - TPE using 128/128 trials with best loss 0.236282
[2023-12-01 14:53:43,791][hyperopt.tpe][INFO] - build_posterior_wrapper took 0.002445 seconds
[2023-12-01 14:53:43,791][hyperopt.tpe][INFO] - TPE using 129/129 trials with best loss 0.236282
[2023-12-01 14:53:43,871][hyperopt.tpe][INFO] - build_posterior_wrapper took 0.002467 seconds
[2023-12-01 14:53:43,872][hyperopt.tpe][INFO] - TPE using 130/130 trials with best loss 0.236282
[2023-12-01 14:53:44,032][hyperopt.tpe][INFO] - build_posterior_wrapper took 0.002475 seconds
[2023-12-01 14:53:44,032][hyperopt.tpe][INFO] - TPE using 131/131 trials with best loss 0.236282
[2023-12-01 14:53:44,153][hyperopt.tpe][INFO] - build_posterior_wrapper took 0.002441 seconds
[2023-12-01 14:53:44,154][hyperopt.tpe][INFO] - TPE using 132/132 trials with best loss 0.236282
[2023-12-01 14:53:44,219][hyperopt.tpe][INFO] - build_posterior_wrapper took 0.002425 seconds
[2023-12-01 14:53:44,219][hyperopt.tpe][INFO] - TPE using 133/133 trials with best loss 0.236282
[2023-12-01 14:53:44,311][hyperopt.tpe][INFO] - build_posterior_wrapper took 0.002468 seconds
[2023-12-01 14:53:44,311][hyperopt.tpe][INFO] - TPE using 134/134 trials with best loss 0.236282
[2023-12-01 14:53:44,384][hyperopt.tpe][INFO] - build_posterior_wrapper took 0.002439 seconds
[2023-12-01 14:53:44,384][hyperopt.tpe][INFO] - TPE using 135/135 trials with best loss 0.236282
[2023-12-01 14:53:44,541][hyperopt.tpe][INFO] - build_posterior_wrapper took 0.002477 seconds
[2023-12-01 14:53:44,541][hyperopt.tpe][INFO] - TPE using 136/136 trials with best loss 0.236282
[2023-12-01 14:53:44,612][hyperopt.tpe][INFO] - build_posterior_wrapper took 0.002448 seconds
[2023-12-01 14:53:44,612][hyperopt.tpe][INFO] - TPE using 137/137 trials with best loss 0.236282
[2023-12-01 14:53:44,676][hyperopt.tpe][INFO] - build_posterior_wrapper took 0.002482 seconds
[2023-12-01 14:53:44,676][hyperopt.tpe][INFO] - TPE using 138/138 trials with best loss 0.236282
[2023-12-01 14:53:44,748][hyperopt.tpe][INFO] - build_posterior_wrapper took 0.002465 seconds
[2023-12-01 14:53:44,748][hyperopt.tpe][INFO] - TPE using 139/139 trials with best loss 0.236282
[2023-12-01 14:53:44,853][hyperopt.tpe][INFO] - build_posterior_wrapper took 0.002449 seconds
[2023-12-01 14:53:44,854][hyperopt.tpe][INFO] - TPE using 140/140 trials with best loss 0.236282
[2023-12-01 14:53:45,000][hyperopt.tpe][INFO] - build_posterior_wrapper took 0.002456 seconds
[2023-12-01 14:53:45,000][hyperopt.tpe][INFO] - TPE using 141/141 trials with best loss 0.236282
[2023-12-01 14:53:45,095][hyperopt.tpe][INFO] - build_posterior_wrapper took 0.002446 seconds
[2023-12-01 14:53:45,096][hyperopt.tpe][INFO] - TPE using 142/142 trials with best loss 0.236282
[2023-12-01 14:53:45,170][hyperopt.tpe][INFO] - build_posterior_wrapper took 0.002454 seconds
[2023-12-01 14:53:45,170][hyperopt.tpe][INFO] - TPE using 143/143 trials with best loss 0.236282
[2023-12-01 14:53:45,266][hyperopt.tpe][INFO] - build_posterior_wrapper took 0.002549 seconds
[2023-12-01 14:53:45,266][hyperopt.tpe][INFO] - TPE using 144/144 trials with best loss 0.236282
[2023-12-01 14:53:45,398][hyperopt.tpe][INFO] - build_posterior_wrapper took 0.002450 seconds
[2023-12-01 14:53:45,399][hyperopt.tpe][INFO] - TPE using 145/145 trials with best loss 0.236282
[2023-12-01 14:53:45,473][hyperopt.tpe][INFO] - build_posterior_wrapper took 0.002481 seconds
[2023-12-01 14:53:45,473][hyperopt.tpe][INFO] - TPE using 146/146 trials with best loss 0.236282
[2023-12-01 14:53:45,547][hyperopt.tpe][INFO] - build_posterior_wrapper took 0.002445 seconds
[2023-12-01 14:53:45,547][hyperopt.tpe][INFO] - TPE using 147/147 trials with best loss 0.236282
[2023-12-01 14:53:45,621][hyperopt.tpe][INFO] - build_posterior_wrapper took 0.002443 seconds
[2023-12-01 14:53:45,621][hyperopt.tpe][INFO] - TPE using 148/148 trials with best loss 0.236282
[2023-12-01 14:53:45,695][hyperopt.tpe][INFO] - build_posterior_wrapper took 0.002434 seconds
[2023-12-01 14:53:45,695][hyperopt.tpe][INFO] - TPE using 149/149 trials with best loss 0.236282
[2023-12-01 14:53:45,769][hyperopt.tpe][INFO] - build_posterior_wrapper took 0.002499 seconds
[2023-12-01 14:53:45,769][hyperopt.tpe][INFO] - TPE using 150/150 trials with best loss 0.236282
[2023-12-01 14:53:45,843][hyperopt.tpe][INFO] - build_posterior_wrapper took 0.002459 seconds
[2023-12-01 14:53:45,843][hyperopt.tpe][INFO] - TPE using 151/151 trials with best loss 0.236282
[2023-12-01 14:53:45,917][hyperopt.tpe][INFO] - build_posterior_wrapper took 0.002477 seconds
[2023-12-01 14:53:45,917][hyperopt.tpe][INFO] - TPE using 152/152 trials with best loss 0.236282
[2023-12-01 14:53:45,991][hyperopt.tpe][INFO] - build_posterior_wrapper took 0.002448 seconds
[2023-12-01 14:53:45,991][hyperopt.tpe][INFO] - TPE using 153/153 trials with best loss 0.236282
[2023-12-01 14:53:46,065][hyperopt.tpe][INFO] - build_posterior_wrapper took 0.002426 seconds
[2023-12-01 14:53:46,065][hyperopt.tpe][INFO] - TPE using 154/154 trials with best loss 0.236282
[2023-12-01 14:53:46,135][hyperopt.tpe][INFO] - build_posterior_wrapper took 0.002431 seconds
[2023-12-01 14:53:46,135][hyperopt.tpe][INFO] - TPE using 155/155 trials with best loss 0.236282
[2023-12-01 14:53:46,203][hyperopt.tpe][INFO] - build_posterior_wrapper took 0.002513 seconds
[2023-12-01 14:53:46,203][hyperopt.tpe][INFO] - TPE using 156/156 trials with best loss 0.236282
[2023-12-01 14:53:46,277][hyperopt.tpe][INFO] - build_posterior_wrapper took 0.002423 seconds
[2023-12-01 14:53:46,277][hyperopt.tpe][INFO] - TPE using 157/157 trials with best loss 0.236282
[2023-12-01 14:53:46,382][hyperopt.tpe][INFO] - build_posterior_wrapper took 0.002448 seconds
[2023-12-01 14:53:46,382][hyperopt.tpe][INFO] - TPE using 158/158 trials with best loss 0.236282
[2023-12-01 14:53:46,431][hyperopt.tpe][INFO] - build_posterior_wrapper took 0.002416 seconds
[2023-12-01 14:53:46,431][hyperopt.tpe][INFO] - TPE using 159/159 trials with best loss 0.236282
[2023-12-01 14:53:46,497][hyperopt.tpe][INFO] - build_posterior_wrapper took 0.002430 seconds
[2023-12-01 14:53:46,497][hyperopt.tpe][INFO] - TPE using 160/160 trials with best loss 0.236282
[2023-12-01 14:53:46,630][hyperopt.tpe][INFO] - build_posterior_wrapper took 0.002446 seconds
[2023-12-01 14:53:46,631][hyperopt.tpe][INFO] - TPE using 161/161 trials with best loss 0.236282
[2023-12-01 14:53:46,774][hyperopt.tpe][INFO] - build_posterior_wrapper took 0.002455 seconds
[2023-12-01 14:53:46,774][hyperopt.tpe][INFO] - TPE using 162/162 trials with best loss 0.236282
[2023-12-01 14:53:46,862][hyperopt.tpe][INFO] - build_posterior_wrapper took 0.002421 seconds
[2023-12-01 14:53:46,863][hyperopt.tpe][INFO] - TPE using 163/163 trials with best loss 0.236282
[2023-12-01 14:53:46,955][hyperopt.tpe][INFO] - build_posterior_wrapper took 0.002453 seconds
[2023-12-01 14:53:46,955][hyperopt.tpe][INFO] - TPE using 164/164 trials with best loss 0.236282
[2023-12-01 14:53:47,033][hyperopt.tpe][INFO] - build_posterior_wrapper took 0.002466 seconds
[2023-12-01 14:53:47,033][hyperopt.tpe][INFO] - TPE using 165/165 trials with best loss 0.236282
[2023-12-01 14:53:47,165][hyperopt.tpe][INFO] - build_posterior_wrapper took 0.002499 seconds
[2023-12-01 14:53:47,165][hyperopt.tpe][INFO] - TPE using 166/166 trials with best loss 0.236282
[2023-12-01 14:53:47,237][hyperopt.tpe][INFO] - build_posterior_wrapper took 0.002446 seconds
[2023-12-01 14:53:47,237][hyperopt.tpe][INFO] - TPE using 167/167 trials with best loss 0.236282
[2023-12-01 14:53:47,307][hyperopt.tpe][INFO] - build_posterior_wrapper took 0.002403 seconds
[2023-12-01 14:53:47,307][hyperopt.tpe][INFO] - TPE using 168/168 trials with best loss 0.236282
[2023-12-01 14:53:47,432][hyperopt.tpe][INFO] - build_posterior_wrapper took 0.002417 seconds
[2023-12-01 14:53:47,432][hyperopt.tpe][INFO] - TPE using 169/169 trials with best loss 0.236282
[2023-12-01 14:53:47,553][hyperopt.tpe][INFO] - build_posterior_wrapper took 0.002418 seconds
[2023-12-01 14:53:47,554][hyperopt.tpe][INFO] - TPE using 170/170 trials with best loss 0.231128
[2023-12-01 14:53:47,685][hyperopt.tpe][INFO] - build_posterior_wrapper took 0.002439 seconds
[2023-12-01 14:53:47,686][hyperopt.tpe][INFO] - TPE using 171/171 trials with best loss 0.231128
[2023-12-01 14:53:47,806][hyperopt.tpe][INFO] - build_posterior_wrapper took 0.002433 seconds
[2023-12-01 14:53:47,807][hyperopt.tpe][INFO] - TPE using 172/172 trials with best loss 0.231128
[2023-12-01 14:53:47,926][hyperopt.tpe][INFO] - build_posterior_wrapper took 0.002412 seconds
[2023-12-01 14:53:47,926][hyperopt.tpe][INFO] - TPE using 173/173 trials with best loss 0.231128
[2023-12-01 14:53:48,061][hyperopt.tpe][INFO] - build_posterior_wrapper took 0.002399 seconds
[2023-12-01 14:53:48,062][hyperopt.tpe][INFO] - TPE using 174/174 trials with best loss 0.231128
[2023-12-01 14:53:48,182][hyperopt.tpe][INFO] - build_posterior_wrapper took 0.002445 seconds
[2023-12-01 14:53:48,183][hyperopt.tpe][INFO] - TPE using 175/175 trials with best loss 0.231128
[2023-12-01 14:53:48,307][hyperopt.tpe][INFO] - build_posterior_wrapper took 0.002457 seconds
[2023-12-01 14:53:48,308][hyperopt.tpe][INFO] - TPE using 176/176 trials with best loss 0.231128
[2023-12-01 14:53:48,432][hyperopt.tpe][INFO] - build_posterior_wrapper took 0.002530 seconds
[2023-12-01 14:53:48,432][hyperopt.tpe][INFO] - TPE using 177/177 trials with best loss 0.231128
[2023-12-01 14:53:48,537][hyperopt.tpe][INFO] - build_posterior_wrapper took 0.002437 seconds
[2023-12-01 14:53:48,538][hyperopt.tpe][INFO] - TPE using 178/178 trials with best loss 0.231128
[2023-12-01 14:53:48,662][hyperopt.tpe][INFO] - build_posterior_wrapper took 0.002455 seconds
[2023-12-01 14:53:48,662][hyperopt.tpe][INFO] - TPE using 179/179 trials with best loss 0.231128
[2023-12-01 14:53:48,790][hyperopt.tpe][INFO] - build_posterior_wrapper took 0.002420 seconds
[2023-12-01 14:53:48,790][hyperopt.tpe][INFO] - TPE using 180/180 trials with best loss 0.231128
[2023-12-01 14:53:48,901][hyperopt.tpe][INFO] - build_posterior_wrapper took 0.002435 seconds
[2023-12-01 14:53:48,901][hyperopt.tpe][INFO] - TPE using 181/181 trials with best loss 0.231128
[2023-12-01 14:53:49,033][hyperopt.tpe][INFO] - build_posterior_wrapper took 0.002544 seconds
[2023-12-01 14:53:49,033][hyperopt.tpe][INFO] - TPE using 182/182 trials with best loss 0.228079
[2023-12-01 14:53:49,164][hyperopt.tpe][INFO] - build_posterior_wrapper took 0.002446 seconds
[2023-12-01 14:53:49,164][hyperopt.tpe][INFO] - TPE using 183/183 trials with best loss 0.228079
[2023-12-01 14:53:49,295][hyperopt.tpe][INFO] - build_posterior_wrapper took 0.002439 seconds
[2023-12-01 14:53:49,296][hyperopt.tpe][INFO] - TPE using 184/184 trials with best loss 0.228079
[2023-12-01 14:53:49,427][hyperopt.tpe][INFO] - build_posterior_wrapper took 0.002450 seconds
[2023-12-01 14:53:49,428][hyperopt.tpe][INFO] - TPE using 185/185 trials with best loss 0.228079
[2023-12-01 14:53:49,558][hyperopt.tpe][INFO] - build_posterior_wrapper took 0.002454 seconds
[2023-12-01 14:53:49,558][hyperopt.tpe][INFO] - TPE using 186/186 trials with best loss 0.228079
[2023-12-01 14:53:49,696][hyperopt.tpe][INFO] - build_posterior_wrapper took 0.002493 seconds
[2023-12-01 14:53:49,696][hyperopt.tpe][INFO] - TPE using 187/187 trials with best loss 0.228079
[2023-12-01 14:53:49,828][hyperopt.tpe][INFO] - build_posterior_wrapper took 0.002450 seconds
[2023-12-01 14:53:49,828][hyperopt.tpe][INFO] - TPE using 188/188 trials with best loss 0.228079
[2023-12-01 14:53:49,993][hyperopt.tpe][INFO] - build_posterior_wrapper took 0.002483 seconds
[2023-12-01 14:53:49,994][hyperopt.tpe][INFO] - TPE using 189/189 trials with best loss 0.228079
[2023-12-01 14:53:50,177][hyperopt.tpe][INFO] - build_posterior_wrapper took 0.002651 seconds
[2023-12-01 14:53:50,177][hyperopt.tpe][INFO] - TPE using 190/190 trials with best loss 0.228079
[2023-12-01 14:53:50,307][hyperopt.tpe][INFO] - build_posterior_wrapper took 0.002475 seconds
[2023-12-01 14:53:50,307][hyperopt.tpe][INFO] - TPE using 191/191 trials with best loss 0.228079
[2023-12-01 14:53:50,442][hyperopt.tpe][INFO] - build_posterior_wrapper took 0.002454 seconds
[2023-12-01 14:53:50,443][hyperopt.tpe][INFO] - TPE using 192/192 trials with best loss 0.228079
[2023-12-01 14:53:50,570][hyperopt.tpe][INFO] - build_posterior_wrapper took 0.002436 seconds
[2023-12-01 14:53:50,571][hyperopt.tpe][INFO] - TPE using 193/193 trials with best loss 0.228079
[2023-12-01 14:53:50,743][hyperopt.tpe][INFO] - build_posterior_wrapper took 0.002468 seconds
[2023-12-01 14:53:50,743][hyperopt.tpe][INFO] - TPE using 194/194 trials with best loss 0.228079
[2023-12-01 14:53:50,881][hyperopt.tpe][INFO] - build_posterior_wrapper took 0.002428 seconds
[2023-12-01 14:53:50,881][hyperopt.tpe][INFO] - TPE using 195/195 trials with best loss 0.228079
[2023-12-01 14:53:51,012][hyperopt.tpe][INFO] - build_posterior_wrapper took 0.002430 seconds
[2023-12-01 14:53:51,012][hyperopt.tpe][INFO] - TPE using 196/196 trials with best loss 0.228079
[2023-12-01 14:53:51,176][hyperopt.tpe][INFO] - build_posterior_wrapper took 0.002477 seconds
[2023-12-01 14:53:51,176][hyperopt.tpe][INFO] - TPE using 197/197 trials with best loss 0.228079
[2023-12-01 14:53:51,318][hyperopt.tpe][INFO] - build_posterior_wrapper took 0.002442 seconds
[2023-12-01 14:53:51,319][hyperopt.tpe][INFO] - TPE using 198/198 trials with best loss 0.228079
[2023-12-01 14:53:51,454][hyperopt.tpe][INFO] - build_posterior_wrapper took 0.002496 seconds
[2023-12-01 14:53:51,455][hyperopt.tpe][INFO] - TPE using 199/199 trials with best loss 0.228079
[2023-12-01 14:53:51,586][hyperopt.tpe][INFO] - build_posterior_wrapper took 0.002472 seconds
[2023-12-01 14:53:51,587][hyperopt.tpe][INFO] - TPE using 200/200 trials with best loss 0.228079
[2023-12-01 14:53:51,715][hyperopt.tpe][INFO] - build_posterior_wrapper took 0.002553 seconds
[2023-12-01 14:53:51,715][hyperopt.tpe][INFO] - TPE using 201/201 trials with best loss 0.228079
[2023-12-01 14:53:51,844][hyperopt.tpe][INFO] - build_posterior_wrapper took 0.002449 seconds
[2023-12-01 14:53:51,844][hyperopt.tpe][INFO] - TPE using 202/202 trials with best loss 0.228079
[2023-12-01 14:53:51,987][hyperopt.tpe][INFO] - build_posterior_wrapper took 0.002463 seconds
[2023-12-01 14:53:51,988][hyperopt.tpe][INFO] - TPE using 203/203 trials with best loss 0.228079
[2023-12-01 14:53:52,113][hyperopt.tpe][INFO] - build_posterior_wrapper took 0.002467 seconds
[2023-12-01 14:53:52,114][hyperopt.tpe][INFO] - TPE using 204/204 trials with best loss 0.228079
[2023-12-01 14:53:52,243][hyperopt.tpe][INFO] - build_posterior_wrapper took 0.002457 seconds
[2023-12-01 14:53:52,243][hyperopt.tpe][INFO] - TPE using 205/205 trials with best loss 0.228079
[2023-12-01 14:53:52,386][hyperopt.tpe][INFO] - build_posterior_wrapper took 0.002506 seconds
[2023-12-01 14:53:52,386][hyperopt.tpe][INFO] - TPE using 206/206 trials with best loss 0.228079
[2023-12-01 14:53:52,514][hyperopt.tpe][INFO] - build_posterior_wrapper took 0.002436 seconds
[2023-12-01 14:53:52,514][hyperopt.tpe][INFO] - TPE using 207/207 trials with best loss 0.228079
[2023-12-01 14:53:52,642][hyperopt.tpe][INFO] - build_posterior_wrapper took 0.002435 seconds
[2023-12-01 14:53:52,642][hyperopt.tpe][INFO] - TPE using 208/208 trials with best loss 0.228079
[2023-12-01 14:53:52,768][hyperopt.tpe][INFO] - build_posterior_wrapper took 0.002441 seconds
[2023-12-01 14:53:52,769][hyperopt.tpe][INFO] - TPE using 209/209 trials with best loss 0.228079
[2023-12-01 14:53:52,897][hyperopt.tpe][INFO] - build_posterior_wrapper took 0.002467 seconds
[2023-12-01 14:53:52,897][hyperopt.tpe][INFO] - TPE using 210/210 trials with best loss 0.228079
[2023-12-01 14:53:53,002][hyperopt.tpe][INFO] - build_posterior_wrapper took 0.002449 seconds
[2023-12-01 14:53:53,003][hyperopt.tpe][INFO] - TPE using 211/211 trials with best loss 0.228079
[2023-12-01 14:53:53,136][hyperopt.tpe][INFO] - build_posterior_wrapper took 0.002461 seconds
[2023-12-01 14:53:53,136][hyperopt.tpe][INFO] - TPE using 212/212 trials with best loss 0.228079
[2023-12-01 14:53:53,265][hyperopt.tpe][INFO] - build_posterior_wrapper took 0.002448 seconds
[2023-12-01 14:53:53,265][hyperopt.tpe][INFO] - TPE using 213/213 trials with best loss 0.228079
[2023-12-01 14:53:53,319][hyperopt.tpe][INFO] - build_posterior_wrapper took 0.002438 seconds
[2023-12-01 14:53:53,319][hyperopt.tpe][INFO] - TPE using 214/214 trials with best loss 0.228079
[2023-12-01 14:53:53,464][hyperopt.tpe][INFO] - build_posterior_wrapper took 0.002462 seconds
[2023-12-01 14:53:53,464][hyperopt.tpe][INFO] - TPE using 215/215 trials with best loss 0.228079
[2023-12-01 14:53:53,594][hyperopt.tpe][INFO] - build_posterior_wrapper took 0.002456 seconds
[2023-12-01 14:53:53,594][hyperopt.tpe][INFO] - TPE using 216/216 trials with best loss 0.228079
[2023-12-01 14:53:53,709][hyperopt.tpe][INFO] - build_posterior_wrapper took 0.002458 seconds
[2023-12-01 14:53:53,710][hyperopt.tpe][INFO] - TPE using 217/217 trials with best loss 0.228079
[2023-12-01 14:53:53,846][hyperopt.tpe][INFO] - build_posterior_wrapper took 0.002468 seconds
[2023-12-01 14:53:53,847][hyperopt.tpe][INFO] - TPE using 218/218 trials with best loss 0.228079
[2023-12-01 14:53:53,977][hyperopt.tpe][INFO] - build_posterior_wrapper took 0.002472 seconds
[2023-12-01 14:53:53,978][hyperopt.tpe][INFO] - TPE using 219/219 trials with best loss 0.228079
[2023-12-01 14:53:54,111][hyperopt.tpe][INFO] - build_posterior_wrapper took 0.002509 seconds
[2023-12-01 14:53:54,111][hyperopt.tpe][INFO] - TPE using 220/220 trials with best loss 0.228079
[2023-12-01 14:53:54,168][hyperopt.tpe][INFO] - build_posterior_wrapper took 0.002484 seconds
[2023-12-01 14:53:54,168][hyperopt.tpe][INFO] - TPE using 221/221 trials with best loss 0.228079
[2023-12-01 14:53:54,311][hyperopt.tpe][INFO] - build_posterior_wrapper took 0.002478 seconds
[2023-12-01 14:53:54,311][hyperopt.tpe][INFO] - TPE using 222/222 trials with best loss 0.228079
[2023-12-01 14:53:54,438][hyperopt.tpe][INFO] - build_posterior_wrapper took 0.002454 seconds
[2023-12-01 14:53:54,438][hyperopt.tpe][INFO] - TPE using 223/223 trials with best loss 0.228079
[2023-12-01 14:53:54,567][hyperopt.tpe][INFO] - build_posterior_wrapper took 0.002459 seconds
[2023-12-01 14:53:54,568][hyperopt.tpe][INFO] - TPE using 224/224 trials with best loss 0.228079
[2023-12-01 14:53:54,698][hyperopt.tpe][INFO] - build_posterior_wrapper took 0.002506 seconds
[2023-12-01 14:53:54,698][hyperopt.tpe][INFO] - TPE using 225/225 trials with best loss 0.228079
[2023-12-01 14:53:54,835][hyperopt.tpe][INFO] - build_posterior_wrapper took 0.002440 seconds
[2023-12-01 14:53:54,835][hyperopt.tpe][INFO] - TPE using 226/226 trials with best loss 0.228079
[2023-12-01 14:53:54,888][hyperopt.tpe][INFO] - build_posterior_wrapper took 0.002450 seconds
[2023-12-01 14:53:54,889][hyperopt.tpe][INFO] - TPE using 227/227 trials with best loss 0.228079
[2023-12-01 14:53:54,994][hyperopt.tpe][INFO] - build_posterior_wrapper took 0.002431 seconds
[2023-12-01 14:53:54,995][hyperopt.tpe][INFO] - TPE using 228/228 trials with best loss 0.228079
[2023-12-01 14:53:55,176][hyperopt.tpe][INFO] - build_posterior_wrapper took 0.002488 seconds
[2023-12-01 14:53:55,176][hyperopt.tpe][INFO] - TPE using 229/229 trials with best loss 0.228079
[2023-12-01 14:53:55,296][hyperopt.tpe][INFO] - build_posterior_wrapper took 0.002433 seconds
[2023-12-01 14:53:55,296][hyperopt.tpe][INFO] - TPE using 230/230 trials with best loss 0.228079
[2023-12-01 14:53:55,446][hyperopt.tpe][INFO] - build_posterior_wrapper took 0.002486 seconds
[2023-12-01 14:53:55,446][hyperopt.tpe][INFO] - TPE using 231/231 trials with best loss 0.228079
[2023-12-01 14:53:55,576][hyperopt.tpe][INFO] - build_posterior_wrapper took 0.002446 seconds
[2023-12-01 14:53:55,576][hyperopt.tpe][INFO] - TPE using 232/232 trials with best loss 0.228079
[2023-12-01 14:53:55,709][hyperopt.tpe][INFO] - build_posterior_wrapper took 0.002424 seconds
[2023-12-01 14:53:55,710][hyperopt.tpe][INFO] - TPE using 233/233 trials with best loss 0.228079
[2023-12-01 14:53:55,774][hyperopt.tpe][INFO] - build_posterior_wrapper took 0.002449 seconds
[2023-12-01 14:53:55,774][hyperopt.tpe][INFO] - TPE using 234/234 trials with best loss 0.228079
[2023-12-01 14:53:55,883][hyperopt.tpe][INFO] - build_posterior_wrapper took 0.002504 seconds
[2023-12-01 14:53:55,883][hyperopt.tpe][INFO] - TPE using 235/235 trials with best loss 0.228079
[2023-12-01 14:53:56,014][hyperopt.tpe][INFO] - build_posterior_wrapper took 0.002452 seconds
[2023-12-01 14:53:56,014][hyperopt.tpe][INFO] - TPE using 236/236 trials with best loss 0.228079
[2023-12-01 14:53:56,147][hyperopt.tpe][INFO] - build_posterior_wrapper took 0.002484 seconds
[2023-12-01 14:53:56,147][hyperopt.tpe][INFO] - TPE using 237/237 trials with best loss 0.228079
[2023-12-01 14:53:56,259][hyperopt.tpe][INFO] - build_posterior_wrapper took 0.002423 seconds
[2023-12-01 14:53:56,259][hyperopt.tpe][INFO] - TPE using 238/238 trials with best loss 0.228079
[2023-12-01 14:53:56,412][hyperopt.tpe][INFO] - build_posterior_wrapper took 0.002456 seconds
[2023-12-01 14:53:56,412][hyperopt.tpe][INFO] - TPE using 239/239 trials with best loss 0.228079
[2023-12-01 14:53:56,582][hyperopt.tpe][INFO] - build_posterior_wrapper took 0.002525 seconds
[2023-12-01 14:53:56,583][hyperopt.tpe][INFO] - TPE using 240/240 trials with best loss 0.228079
[2023-12-01 14:53:56,636][hyperopt.tpe][INFO] - build_posterior_wrapper took 0.002435 seconds
[2023-12-01 14:53:56,636][hyperopt.tpe][INFO] - TPE using 241/241 trials with best loss 0.228079
[2023-12-01 14:53:56,772][hyperopt.tpe][INFO] - build_posterior_wrapper took 0.002455 seconds
[2023-12-01 14:53:56,772][hyperopt.tpe][INFO] - TPE using 242/242 trials with best loss 0.228079
[2023-12-01 14:53:56,879][hyperopt.tpe][INFO] - build_posterior_wrapper took 0.002439 seconds
[2023-12-01 14:53:56,879][hyperopt.tpe][INFO] - TPE using 243/243 trials with best loss 0.228079
[2023-12-01 14:53:57,056][hyperopt.tpe][INFO] - build_posterior_wrapper took 0.002455 seconds
[2023-12-01 14:53:57,056][hyperopt.tpe][INFO] - TPE using 244/244 trials with best loss 0.228079
[2023-12-01 14:53:57,223][hyperopt.tpe][INFO] - build_posterior_wrapper took 0.050759 seconds
[2023-12-01 14:53:57,223][hyperopt.tpe][INFO] - TPE using 245/245 trials with best loss 0.228079
[2023-12-01 14:53:57,352][hyperopt.tpe][INFO] - build_posterior_wrapper took 0.002512 seconds
[2023-12-01 14:53:57,352][hyperopt.tpe][INFO] - TPE using 246/246 trials with best loss 0.228079
[2023-12-01 14:53:57,487][hyperopt.tpe][INFO] - build_posterior_wrapper took 0.002475 seconds
[2023-12-01 14:53:57,488][hyperopt.tpe][INFO] - TPE using 247/247 trials with best loss 0.228079
[2023-12-01 14:53:57,543][hyperopt.tpe][INFO] - build_posterior_wrapper took 0.002464 seconds
[2023-12-01 14:53:57,543][hyperopt.tpe][INFO] - TPE using 248/248 trials with best loss 0.228079
[2023-12-01 14:53:57,682][hyperopt.tpe][INFO] - build_posterior_wrapper took 0.002455 seconds
[2023-12-01 14:53:57,682][hyperopt.tpe][INFO] - TPE using 249/249 trials with best loss 0.228079
[2023-12-01 14:53:57,813][hyperopt.tpe][INFO] - build_posterior_wrapper took 0.002563 seconds
[2023-12-01 14:53:57,813][hyperopt.tpe][INFO] - TPE using 250/250 trials with best loss 0.228079
[2023-12-01 14:53:57,919][hyperopt.tpe][INFO] - build_posterior_wrapper took 0.002491 seconds
[2023-12-01 14:53:57,919][hyperopt.tpe][INFO] - TPE using 251/251 trials with best loss 0.228079
[2023-12-01 14:53:58,033][hyperopt.tpe][INFO] - build_posterior_wrapper took 0.002491 seconds
[2023-12-01 14:53:58,033][hyperopt.tpe][INFO] - TPE using 252/252 trials with best loss 0.228079
[2023-12-01 14:53:58,184][hyperopt.tpe][INFO] - build_posterior_wrapper took 0.002487 seconds
[2023-12-01 14:53:58,184][hyperopt.tpe][INFO] - TPE using 253/253 trials with best loss 0.228079
[2023-12-01 14:53:58,313][hyperopt.tpe][INFO] - build_posterior_wrapper took 0.002473 seconds
[2023-12-01 14:53:58,314][hyperopt.tpe][INFO] - TPE using 254/254 trials with best loss 0.228079
[2023-12-01 14:53:58,451][hyperopt.tpe][INFO] - build_posterior_wrapper took 0.002502 seconds
[2023-12-01 14:53:58,452][hyperopt.tpe][INFO] - TPE using 255/255 trials with best loss 0.228079
[2023-12-01 14:53:58,519][hyperopt.tpe][INFO] - build_posterior_wrapper took 0.002517 seconds
[2023-12-01 14:53:58,520][hyperopt.tpe][INFO] - TPE using 256/256 trials with best loss 0.228079
[2023-12-01 14:53:58,704][hyperopt.tpe][INFO] - build_posterior_wrapper took 0.002493 seconds
[2023-12-01 14:53:58,704][hyperopt.tpe][INFO] - TPE using 257/257 trials with best loss 0.228079
[2023-12-01 14:53:58,850][hyperopt.tpe][INFO] - build_posterior_wrapper took 0.002508 seconds
[2023-12-01 14:53:58,850][hyperopt.tpe][INFO] - TPE using 258/258 trials with best loss 0.228079
[2023-12-01 14:53:58,956][hyperopt.tpe][INFO] - build_posterior_wrapper took 0.002467 seconds
[2023-12-01 14:53:58,957][hyperopt.tpe][INFO] - TPE using 259/259 trials with best loss 0.228079
[2023-12-01 14:53:59,089][hyperopt.tpe][INFO] - build_posterior_wrapper took 0.002491 seconds
[2023-12-01 14:53:59,089][hyperopt.tpe][INFO] - TPE using 260/260 trials with best loss 0.228079
[2023-12-01 14:53:59,232][hyperopt.tpe][INFO] - build_posterior_wrapper took 0.002497 seconds
[2023-12-01 14:53:59,232][hyperopt.tpe][INFO] - TPE using 261/261 trials with best loss 0.228079
[2023-12-01 14:53:59,378][hyperopt.tpe][INFO] - build_posterior_wrapper took 0.002500 seconds
[2023-12-01 14:53:59,378][hyperopt.tpe][INFO] - TPE using 262/262 trials with best loss 0.228079
[2023-12-01 14:53:59,521][hyperopt.tpe][INFO] - build_posterior_wrapper took 0.002554 seconds
[2023-12-01 14:53:59,522][hyperopt.tpe][INFO] - TPE using 263/263 trials with best loss 0.228079
[2023-12-01 14:53:59,658][hyperopt.tpe][INFO] - build_posterior_wrapper took 0.002484 seconds
[2023-12-01 14:53:59,659][hyperopt.tpe][INFO] - TPE using 264/264 trials with best loss 0.228079
[2023-12-01 14:53:59,799][hyperopt.tpe][INFO] - build_posterior_wrapper took 0.002477 seconds
[2023-12-01 14:53:59,800][hyperopt.tpe][INFO] - TPE using 265/265 trials with best loss 0.228079
[2023-12-01 14:53:59,929][hyperopt.tpe][INFO] - build_posterior_wrapper took 0.002521 seconds
[2023-12-01 14:53:59,930][hyperopt.tpe][INFO] - TPE using 266/266 trials with best loss 0.228079
[2023-12-01 14:54:00,036][hyperopt.tpe][INFO] - build_posterior_wrapper took 0.002571 seconds
[2023-12-01 14:54:00,036][hyperopt.tpe][INFO] - TPE using 267/267 trials with best loss 0.228079
[2023-12-01 14:54:00,166][hyperopt.tpe][INFO] - build_posterior_wrapper took 0.002469 seconds
[2023-12-01 14:54:00,166][hyperopt.tpe][INFO] - TPE using 268/268 trials with best loss 0.228079
[2023-12-01 14:54:00,299][hyperopt.tpe][INFO] - build_posterior_wrapper took 0.002493 seconds
[2023-12-01 14:54:00,300][hyperopt.tpe][INFO] - TPE using 269/269 trials with best loss 0.228079
[2023-12-01 14:54:00,438][hyperopt.tpe][INFO] - build_posterior_wrapper took 0.002565 seconds
[2023-12-01 14:54:00,439][hyperopt.tpe][INFO] - TPE using 270/270 trials with best loss 0.228079
[2023-12-01 14:54:00,569][hyperopt.tpe][INFO] - build_posterior_wrapper took 0.002480 seconds
[2023-12-01 14:54:00,569][hyperopt.tpe][INFO] - TPE using 271/271 trials with best loss 0.228079
[2023-12-01 14:54:00,705][hyperopt.tpe][INFO] - build_posterior_wrapper took 0.002543 seconds
[2023-12-01 14:54:00,705][hyperopt.tpe][INFO] - TPE using 272/272 trials with best loss 0.228079
[2023-12-01 14:54:00,819][hyperopt.tpe][INFO] - build_posterior_wrapper took 0.002484 seconds
[2023-12-01 14:54:00,820][hyperopt.tpe][INFO] - TPE using 273/273 trials with best loss 0.228079
[2023-12-01 14:54:00,991][hyperopt.tpe][INFO] - build_posterior_wrapper took 0.002488 seconds
[2023-12-01 14:54:00,991][hyperopt.tpe][INFO] - TPE using 274/274 trials with best loss 0.228079
[2023-12-01 14:54:01,098][hyperopt.tpe][INFO] - build_posterior_wrapper took 0.002455 seconds
[2023-12-01 14:54:01,098][hyperopt.tpe][INFO] - TPE using 275/275 trials with best loss 0.228079
[2023-12-01 14:54:01,258][hyperopt.tpe][INFO] - build_posterior_wrapper took 0.002458 seconds
[2023-12-01 14:54:01,258][hyperopt.tpe][INFO] - TPE using 276/276 trials with best loss 0.228079
[2023-12-01 14:54:01,313][hyperopt.tpe][INFO] - build_posterior_wrapper took 0.002516 seconds
[2023-12-01 14:54:01,314][hyperopt.tpe][INFO] - TPE using 277/277 trials with best loss 0.228079
[2023-12-01 14:54:01,480][hyperopt.tpe][INFO] - build_posterior_wrapper took 0.002486 seconds
[2023-12-01 14:54:01,481][hyperopt.tpe][INFO] - TPE using 278/278 trials with best loss 0.228079
[2023-12-01 14:54:01,609][hyperopt.tpe][INFO] - build_posterior_wrapper took 0.002463 seconds
[2023-12-01 14:54:01,610][hyperopt.tpe][INFO] - TPE using 279/279 trials with best loss 0.228079
[2023-12-01 14:54:01,750][hyperopt.tpe][INFO] - build_posterior_wrapper took 0.002485 seconds
[2023-12-01 14:54:01,751][hyperopt.tpe][INFO] - TPE using 280/280 trials with best loss 0.228079
[2023-12-01 14:54:01,906][hyperopt.tpe][INFO] - build_posterior_wrapper took 0.002487 seconds
[2023-12-01 14:54:01,906][hyperopt.tpe][INFO] - TPE using 281/281 trials with best loss 0.228079
[2023-12-01 14:54:02,058][hyperopt.tpe][INFO] - build_posterior_wrapper took 0.002537 seconds
[2023-12-01 14:54:02,058][hyperopt.tpe][INFO] - TPE using 282/282 trials with best loss 0.228079
[2023-12-01 14:54:02,192][hyperopt.tpe][INFO] - build_posterior_wrapper took 0.002504 seconds
[2023-12-01 14:54:02,192][hyperopt.tpe][INFO] - TPE using 283/283 trials with best loss 0.228079
[2023-12-01 14:54:02,298][hyperopt.tpe][INFO] - build_posterior_wrapper took 0.002441 seconds
[2023-12-01 14:54:02,299][hyperopt.tpe][INFO] - TPE using 284/284 trials with best loss 0.228079
[2023-12-01 14:54:02,433][hyperopt.tpe][INFO] - build_posterior_wrapper took 0.002459 seconds
[2023-12-01 14:54:02,434][hyperopt.tpe][INFO] - TPE using 285/285 trials with best loss 0.228079
[2023-12-01 14:54:02,484][hyperopt.tpe][INFO] - build_posterior_wrapper took 0.002465 seconds
[2023-12-01 14:54:02,485][hyperopt.tpe][INFO] - TPE using 286/286 trials with best loss 0.228079
[2023-12-01 14:54:02,621][hyperopt.tpe][INFO] - build_posterior_wrapper took 0.002507 seconds
[2023-12-01 14:54:02,622][hyperopt.tpe][INFO] - TPE using 287/287 trials with best loss 0.228079
[2023-12-01 14:54:02,766][hyperopt.tpe][INFO] - build_posterior_wrapper took 0.002433 seconds
[2023-12-01 14:54:02,766][hyperopt.tpe][INFO] - TPE using 288/288 trials with best loss 0.228079
[2023-12-01 14:54:02,923][hyperopt.tpe][INFO] - build_posterior_wrapper took 0.002481 seconds
[2023-12-01 14:54:02,923][hyperopt.tpe][INFO] - TPE using 289/289 trials with best loss 0.228079
[2023-12-01 14:54:03,064][hyperopt.tpe][INFO] - build_posterior_wrapper took 0.002489 seconds
[2023-12-01 14:54:03,065][hyperopt.tpe][INFO] - TPE using 290/290 trials with best loss 0.228079
[2023-12-01 14:54:03,174][hyperopt.tpe][INFO] - build_posterior_wrapper took 0.002483 seconds
[2023-12-01 14:54:03,174][hyperopt.tpe][INFO] - TPE using 291/291 trials with best loss 0.228079
[2023-12-01 14:54:03,280][hyperopt.tpe][INFO] - build_posterior_wrapper took 0.002451 seconds
[2023-12-01 14:54:03,281][hyperopt.tpe][INFO] - TPE using 292/292 trials with best loss 0.228079
[2023-12-01 14:54:03,447][hyperopt.tpe][INFO] - build_posterior_wrapper took 0.002499 seconds
[2023-12-01 14:54:03,447][hyperopt.tpe][INFO] - TPE using 293/293 trials with best loss 0.228079
[2023-12-01 14:54:03,592][hyperopt.tpe][INFO] - build_posterior_wrapper took 0.002509 seconds
[2023-12-01 14:54:03,593][hyperopt.tpe][INFO] - TPE using 294/294 trials with best loss 0.228079
[2023-12-01 14:54:03,645][hyperopt.tpe][INFO] - build_posterior_wrapper took 0.002503 seconds
[2023-12-01 14:54:03,646][hyperopt.tpe][INFO] - TPE using 295/295 trials with best loss 0.228079
[2023-12-01 14:54:03,797][hyperopt.tpe][INFO] - build_posterior_wrapper took 0.002599 seconds
[2023-12-01 14:54:03,797][hyperopt.tpe][INFO] - TPE using 296/296 trials with best loss 0.228079
[2023-12-01 14:54:03,930][hyperopt.tpe][INFO] - build_posterior_wrapper took 0.002485 seconds
[2023-12-01 14:54:03,930][hyperopt.tpe][INFO] - TPE using 297/297 trials with best loss 0.228079
[2023-12-01 14:54:04,140][hyperopt.tpe][INFO] - build_posterior_wrapper took 0.002503 seconds
[2023-12-01 14:54:04,140][hyperopt.tpe][INFO] - TPE using 298/298 trials with best loss 0.228079
[2023-12-01 14:54:04,284][hyperopt.tpe][INFO] - build_posterior_wrapper took 0.002448 seconds
[2023-12-01 14:54:04,284][hyperopt.tpe][INFO] - TPE using 299/299 trials with best loss 0.228079
[2023-12-01 14:54:04,397][hyperopt.tpe][INFO] - build_posterior_wrapper took 0.002635 seconds
[2023-12-01 14:54:04,398][hyperopt.tpe][INFO] - TPE using 300/300 trials with best loss 0.228079
[2023-12-01 14:54:04,527][hyperopt.tpe][INFO] - build_posterior_wrapper took 0.002513 seconds
[2023-12-01 14:54:04,528][hyperopt.tpe][INFO] - TPE using 301/301 trials with best loss 0.228079
[2023-12-01 14:54:04,655][hyperopt.tpe][INFO] - build_posterior_wrapper took 0.002458 seconds
[2023-12-01 14:54:04,656][hyperopt.tpe][INFO] - TPE using 302/302 trials with best loss 0.228079
[2023-12-01 14:54:04,788][hyperopt.tpe][INFO] - build_posterior_wrapper took 0.002469 seconds
[2023-12-01 14:54:04,788][hyperopt.tpe][INFO] - TPE using 303/303 trials with best loss 0.228079
[2023-12-01 14:54:04,842][hyperopt.tpe][INFO] - build_posterior_wrapper took 0.002455 seconds
[2023-12-01 14:54:04,914][hyperopt.tpe][INFO] - TPE using 304/304 trials with best loss 0.228079
[2023-12-01 14:54:05,053][hyperopt.tpe][INFO] - build_posterior_wrapper took 0.002466 seconds
[2023-12-01 14:54:05,053][hyperopt.tpe][INFO] - TPE using 305/305 trials with best loss 0.228079
[2023-12-01 14:54:05,187][hyperopt.tpe][INFO] - build_posterior_wrapper took 0.002483 seconds
[2023-12-01 14:54:05,188][hyperopt.tpe][INFO] - TPE using 306/306 trials with best loss 0.228079
[2023-12-01 14:54:05,355][hyperopt.tpe][INFO] - build_posterior_wrapper took 0.002436 seconds
[2023-12-01 14:54:05,355][hyperopt.tpe][INFO] - TPE using 307/307 trials with best loss 0.228079
[2023-12-01 14:54:05,487][hyperopt.tpe][INFO] - build_posterior_wrapper took 0.002471 seconds
[2023-12-01 14:54:05,488][hyperopt.tpe][INFO] - TPE using 308/308 trials with best loss 0.228079
[2023-12-01 14:54:05,632][hyperopt.tpe][INFO] - build_posterior_wrapper took 0.002468 seconds
[2023-12-01 14:54:05,633][hyperopt.tpe][INFO] - TPE using 309/309 trials with best loss 0.228079
[2023-12-01 14:54:05,764][hyperopt.tpe][INFO] - build_posterior_wrapper took 0.002503 seconds
[2023-12-01 14:54:05,764][hyperopt.tpe][INFO] - TPE using 310/310 trials with best loss 0.228079
[2023-12-01 14:54:05,876][hyperopt.tpe][INFO] - build_posterior_wrapper took 0.002487 seconds
[2023-12-01 14:54:05,877][hyperopt.tpe][INFO] - TPE using 311/311 trials with best loss 0.228079
[2023-12-01 14:54:06,020][hyperopt.tpe][INFO] - build_posterior_wrapper took 0.002482 seconds
[2023-12-01 14:54:06,020][hyperopt.tpe][INFO] - TPE using 312/312 trials with best loss 0.228079
[2023-12-01 14:54:06,073][hyperopt.tpe][INFO] - build_posterior_wrapper took 0.002434 seconds
[2023-12-01 14:54:06,074][hyperopt.tpe][INFO] - TPE using 313/313 trials with best loss 0.228079
[2023-12-01 14:54:06,224][hyperopt.tpe][INFO] - build_posterior_wrapper took 0.002469 seconds
[2023-12-01 14:54:06,224][hyperopt.tpe][INFO] - TPE using 314/314 trials with best loss 0.228079
[2023-12-01 14:54:06,357][hyperopt.tpe][INFO] - build_posterior_wrapper took 0.002455 seconds
[2023-12-01 14:54:06,358][hyperopt.tpe][INFO] - TPE using 315/315 trials with best loss 0.228079
[2023-12-01 14:54:06,464][hyperopt.tpe][INFO] - build_posterior_wrapper took 0.002481 seconds
[2023-12-01 14:54:06,465][hyperopt.tpe][INFO] - TPE using 316/316 trials with best loss 0.228079
[2023-12-01 14:54:06,634][hyperopt.tpe][INFO] - build_posterior_wrapper took 0.002449 seconds
[2023-12-01 14:54:06,634][hyperopt.tpe][INFO] - TPE using 317/317 trials with best loss 0.228079
[2023-12-01 14:54:06,759][hyperopt.tpe][INFO] - build_posterior_wrapper took 0.002465 seconds
[2023-12-01 14:54:06,760][hyperopt.tpe][INFO] - TPE using 318/318 trials with best loss 0.228079
[2023-12-01 14:54:06,876][hyperopt.tpe][INFO] - build_posterior_wrapper took 0.002444 seconds
[2023-12-01 14:54:06,876][hyperopt.tpe][INFO] - TPE using 319/319 trials with best loss 0.228079
[2023-12-01 14:54:07,006][hyperopt.tpe][INFO] - build_posterior_wrapper took 0.002497 seconds
[2023-12-01 14:54:07,007][hyperopt.tpe][INFO] - TPE using 320/320 trials with best loss 0.228079
[2023-12-01 14:54:07,159][hyperopt.tpe][INFO] - build_posterior_wrapper took 0.002456 seconds
[2023-12-01 14:54:07,160][hyperopt.tpe][INFO] - TPE using 321/321 trials with best loss 0.228079
[2023-12-01 14:54:07,330][hyperopt.tpe][INFO] - build_posterior_wrapper took 0.002475 seconds
[2023-12-01 14:54:07,330][hyperopt.tpe][INFO] - TPE using 322/322 trials with best loss 0.228079
[2023-12-01 14:54:07,388][hyperopt.tpe][INFO] - build_posterior_wrapper took 0.002493 seconds
[2023-12-01 14:54:07,388][hyperopt.tpe][INFO] - TPE using 323/323 trials with best loss 0.228079
[2023-12-01 14:54:07,516][hyperopt.tpe][INFO] - build_posterior_wrapper took 0.002445 seconds
[2023-12-01 14:54:07,516][hyperopt.tpe][INFO] - TPE using 324/324 trials with best loss 0.228079
[2023-12-01 14:54:07,657][hyperopt.tpe][INFO] - build_posterior_wrapper took 0.002501 seconds
[2023-12-01 14:54:07,657][hyperopt.tpe][INFO] - TPE using 325/325 trials with best loss 0.228079
[2023-12-01 14:54:07,784][hyperopt.tpe][INFO] - build_posterior_wrapper took 0.002474 seconds
[2023-12-01 14:54:07,784][hyperopt.tpe][INFO] - TPE using 326/326 trials with best loss 0.228079
[2023-12-01 14:54:07,907][hyperopt.tpe][INFO] - build_posterior_wrapper took 0.002444 seconds
[2023-12-01 14:54:07,908][hyperopt.tpe][INFO] - TPE using 327/327 trials with best loss 0.228079
[2023-12-01 14:54:08,044][hyperopt.tpe][INFO] - build_posterior_wrapper took 0.002465 seconds
[2023-12-01 14:54:08,045][hyperopt.tpe][INFO] - TPE using 328/328 trials with best loss 0.228079
[2023-12-01 14:54:08,177][hyperopt.tpe][INFO] - build_posterior_wrapper took 0.002464 seconds
[2023-12-01 14:54:08,177][hyperopt.tpe][INFO] - TPE using 329/329 trials with best loss 0.228079
[2023-12-01 14:54:08,319][hyperopt.tpe][INFO] - build_posterior_wrapper took 0.002458 seconds
[2023-12-01 14:54:08,319][hyperopt.tpe][INFO] - TPE using 330/330 trials with best loss 0.228079
[2023-12-01 14:54:08,449][hyperopt.tpe][INFO] - build_posterior_wrapper took 0.002458 seconds
[2023-12-01 14:54:08,450][hyperopt.tpe][INFO] - TPE using 331/331 trials with best loss 0.228079
[2023-12-01 14:54:08,511][hyperopt.tpe][INFO] - build_posterior_wrapper took 0.002451 seconds
[2023-12-01 14:54:08,512][hyperopt.tpe][INFO] - TPE using 332/332 trials with best loss 0.228079
[2023-12-01 14:54:08,618][hyperopt.tpe][INFO] - build_posterior_wrapper took 0.002427 seconds
[2023-12-01 14:54:08,619][hyperopt.tpe][INFO] - TPE using 333/333 trials with best loss 0.228079
[2023-12-01 14:54:08,748][hyperopt.tpe][INFO] - build_posterior_wrapper took 0.002440 seconds
[2023-12-01 14:54:08,749][hyperopt.tpe][INFO] - TPE using 334/334 trials with best loss 0.228079
[2023-12-01 14:54:08,943][hyperopt.tpe][INFO] - build_posterior_wrapper took 0.002509 seconds
[2023-12-01 14:54:08,943][hyperopt.tpe][INFO] - TPE using 335/335 trials with best loss 0.228079
[2023-12-01 14:54:09,077][hyperopt.tpe][INFO] - build_posterior_wrapper took 0.002481 seconds
[2023-12-01 14:54:09,078][hyperopt.tpe][INFO] - TPE using 336/336 trials with best loss 0.228079
[2023-12-01 14:54:09,209][hyperopt.tpe][INFO] - build_posterior_wrapper took 0.002481 seconds
[2023-12-01 14:54:09,210][hyperopt.tpe][INFO] - TPE using 337/337 trials with best loss 0.228079
[2023-12-01 14:54:09,346][hyperopt.tpe][INFO] - build_posterior_wrapper took 0.002455 seconds
[2023-12-01 14:54:09,347][hyperopt.tpe][INFO] - TPE using 338/338 trials with best loss 0.228079
[2023-12-01 14:54:09,474][hyperopt.tpe][INFO] - build_posterior_wrapper took 0.002455 seconds
[2023-12-01 14:54:09,474][hyperopt.tpe][INFO] - TPE using 339/339 trials with best loss 0.228079
[2023-12-01 14:54:09,603][hyperopt.tpe][INFO] - build_posterior_wrapper took 0.002495 seconds
[2023-12-01 14:54:09,603][hyperopt.tpe][INFO] - TPE using 340/340 trials with best loss 0.228079
[2023-12-01 14:54:09,662][hyperopt.tpe][INFO] - build_posterior_wrapper took 0.002470 seconds
[2023-12-01 14:54:09,663][hyperopt.tpe][INFO] - TPE using 341/341 trials with best loss 0.228079
[2023-12-01 14:54:09,797][hyperopt.tpe][INFO] - build_posterior_wrapper took 0.002439 seconds
[2023-12-01 14:54:09,797][hyperopt.tpe][INFO] - TPE using 342/342 trials with best loss 0.228079
[2023-12-01 14:54:09,904][hyperopt.tpe][INFO] - build_posterior_wrapper took 0.002469 seconds
[2023-12-01 14:54:09,904][hyperopt.tpe][INFO] - TPE using 343/343 trials with best loss 0.228079
[2023-12-01 14:54:10,063][hyperopt.tpe][INFO] - build_posterior_wrapper took 0.002486 seconds
[2023-12-01 14:54:10,063][hyperopt.tpe][INFO] - TPE using 344/344 trials with best loss 0.228079
[2023-12-01 14:54:10,191][hyperopt.tpe][INFO] - build_posterior_wrapper took 0.002502 seconds
[2023-12-01 14:54:10,192][hyperopt.tpe][INFO] - TPE using 345/345 trials with best loss 0.228079
[2023-12-01 14:54:10,298][hyperopt.tpe][INFO] - build_posterior_wrapper took 0.002478 seconds
[2023-12-01 14:54:10,299][hyperopt.tpe][INFO] - TPE using 346/346 trials with best loss 0.228055
[2023-12-01 14:54:10,404][hyperopt.tpe][INFO] - build_posterior_wrapper took 0.002448 seconds
[2023-12-01 14:54:10,405][hyperopt.tpe][INFO] - TPE using 347/347 trials with best loss 0.228055
[2023-12-01 14:54:10,520][hyperopt.tpe][INFO] - build_posterior_wrapper took 0.002452 seconds
[2023-12-01 14:54:10,520][hyperopt.tpe][INFO] - TPE using 348/348 trials with best loss 0.228055
[2023-12-01 14:54:10,630][hyperopt.tpe][INFO] - build_posterior_wrapper took 0.002504 seconds
[2023-12-01 14:54:10,630][hyperopt.tpe][INFO] - TPE using 349/349 trials with best loss 0.228055
[2023-12-01 14:54:10,734][hyperopt.tpe][INFO] - build_posterior_wrapper took 0.002443 seconds
[2023-12-01 14:54:10,734][hyperopt.tpe][INFO] - TPE using 350/350 trials with best loss 0.228055
[2023-12-01 14:54:10,840][hyperopt.tpe][INFO] - build_posterior_wrapper took 0.002465 seconds
[2023-12-01 14:54:10,841][hyperopt.tpe][INFO] - TPE using 351/351 trials with best loss 0.228055
[2023-12-01 14:54:10,928][hyperopt.tpe][INFO] - build_posterior_wrapper took 0.002439 seconds
[2023-12-01 14:54:10,928][hyperopt.tpe][INFO] - TPE using 352/352 trials with best loss 0.228055
[2023-12-01 14:54:11,030][hyperopt.tpe][INFO] - build_posterior_wrapper took 0.002441 seconds
[2023-12-01 14:54:11,030][hyperopt.tpe][INFO] - TPE using 353/353 trials with best loss 0.228055
[2023-12-01 14:54:11,142][hyperopt.tpe][INFO] - build_posterior_wrapper took 0.002548 seconds
[2023-12-01 14:54:11,142][hyperopt.tpe][INFO] - TPE using 354/354 trials with best loss 0.228055
[2023-12-01 14:54:11,254][hyperopt.tpe][INFO] - build_posterior_wrapper took 0.002478 seconds
[2023-12-01 14:54:11,254][hyperopt.tpe][INFO] - TPE using 355/355 trials with best loss 0.228055
[2023-12-01 14:54:11,358][hyperopt.tpe][INFO] - build_posterior_wrapper took 0.002450 seconds
[2023-12-01 14:54:11,358][hyperopt.tpe][INFO] - TPE using 356/356 trials with best loss 0.228055
[2023-12-01 14:54:11,472][hyperopt.tpe][INFO] - build_posterior_wrapper took 0.002469 seconds
[2023-12-01 14:54:11,473][hyperopt.tpe][INFO] - TPE using 357/357 trials with best loss 0.228055
[2023-12-01 14:54:11,576][hyperopt.tpe][INFO] - build_posterior_wrapper took 0.002431 seconds
[2023-12-01 14:54:11,576][hyperopt.tpe][INFO] - TPE using 358/358 trials with best loss 0.228055
[2023-12-01 14:54:11,678][hyperopt.tpe][INFO] - build_posterior_wrapper took 0.002513 seconds
[2023-12-01 14:54:11,678][hyperopt.tpe][INFO] - TPE using 359/359 trials with best loss 0.228055
[2023-12-01 14:54:11,794][hyperopt.tpe][INFO] - build_posterior_wrapper took 0.002488 seconds
[2023-12-01 14:54:11,794][hyperopt.tpe][INFO] - TPE using 360/360 trials with best loss 0.228055
[2023-12-01 14:54:11,901][hyperopt.tpe][INFO] - build_posterior_wrapper took 0.002477 seconds
[2023-12-01 14:54:11,901][hyperopt.tpe][INFO] - TPE using 361/361 trials with best loss 0.228055
[2023-12-01 14:54:12,004][hyperopt.tpe][INFO] - build_posterior_wrapper took 0.002440 seconds
[2023-12-01 14:54:12,005][hyperopt.tpe][INFO] - TPE using 362/362 trials with best loss 0.228055
[2023-12-01 14:54:12,092][hyperopt.tpe][INFO] - build_posterior_wrapper took 0.002452 seconds
[2023-12-01 14:54:12,092][hyperopt.tpe][INFO] - TPE using 363/363 trials with best loss 0.228055
[2023-12-01 14:54:12,200][hyperopt.tpe][INFO] - build_posterior_wrapper took 0.002561 seconds
[2023-12-01 14:54:12,200][hyperopt.tpe][INFO] - TPE using 364/364 trials with best loss 0.228055
[2023-12-01 14:54:12,305][hyperopt.tpe][INFO] - build_posterior_wrapper took 0.002444 seconds
[2023-12-01 14:54:12,305][hyperopt.tpe][INFO] - TPE using 365/365 trials with best loss 0.228055
[2023-12-01 14:54:12,412][hyperopt.tpe][INFO] - build_posterior_wrapper took 0.002489 seconds
[2023-12-01 14:54:12,413][hyperopt.tpe][INFO] - TPE using 366/366 trials with best loss 0.228055
[2023-12-01 14:54:12,515][hyperopt.tpe][INFO] - build_posterior_wrapper took 0.002444 seconds
[2023-12-01 14:54:12,516][hyperopt.tpe][INFO] - TPE using 367/367 trials with best loss 0.228055
[2023-12-01 14:54:12,632][hyperopt.tpe][INFO] - build_posterior_wrapper took 0.002467 seconds
[2023-12-01 14:54:12,632][hyperopt.tpe][INFO] - TPE using 368/368 trials with best loss 0.228055
[2023-12-01 14:54:12,746][hyperopt.tpe][INFO] - build_posterior_wrapper took 0.002481 seconds
[2023-12-01 14:54:12,746][hyperopt.tpe][INFO] - TPE using 369/369 trials with best loss 0.228055
[2023-12-01 14:54:12,867][hyperopt.tpe][INFO] - build_posterior_wrapper took 0.002476 seconds
[2023-12-01 14:54:12,867][hyperopt.tpe][INFO] - TPE using 370/370 trials with best loss 0.228055
[2023-12-01 14:54:12,954][hyperopt.tpe][INFO] - build_posterior_wrapper took 0.002472 seconds
[2023-12-01 14:54:12,955][hyperopt.tpe][INFO] - TPE using 371/371 trials with best loss 0.228055
[2023-12-01 14:54:13,058][hyperopt.tpe][INFO] - build_posterior_wrapper took 0.002459 seconds
[2023-12-01 14:54:13,058][hyperopt.tpe][INFO] - TPE using 372/372 trials with best loss 0.228055
[2023-12-01 14:54:13,172][hyperopt.tpe][INFO] - build_posterior_wrapper took 0.002547 seconds
[2023-12-01 14:54:13,172][hyperopt.tpe][INFO] - TPE using 373/373 trials with best loss 0.228055
[2023-12-01 14:54:13,276][hyperopt.tpe][INFO] - build_posterior_wrapper took 0.002462 seconds
[2023-12-01 14:54:13,276][hyperopt.tpe][INFO] - TPE using 374/374 trials with best loss 0.228055
[2023-12-01 14:54:13,385][hyperopt.tpe][INFO] - build_posterior_wrapper took 0.002476 seconds
[2023-12-01 14:54:13,385][hyperopt.tpe][INFO] - TPE using 375/375 trials with best loss 0.228055
[2023-12-01 14:54:13,492][hyperopt.tpe][INFO] - build_posterior_wrapper took 0.002454 seconds
[2023-12-01 14:54:13,492][hyperopt.tpe][INFO] - TPE using 376/376 trials with best loss 0.228055
[2023-12-01 14:54:13,600][hyperopt.tpe][INFO] - build_posterior_wrapper took 0.002469 seconds
[2023-12-01 14:54:13,600][hyperopt.tpe][INFO] - TPE using 377/377 trials with best loss 0.228055
[2023-12-01 14:54:13,707][hyperopt.tpe][INFO] - build_posterior_wrapper took 0.002575 seconds
[2023-12-01 14:54:13,707][hyperopt.tpe][INFO] - TPE using 378/378 trials with best loss 0.228055
[2023-12-01 14:54:13,817][hyperopt.tpe][INFO] - build_posterior_wrapper took 0.002470 seconds
[2023-12-01 14:54:13,818][hyperopt.tpe][INFO] - TPE using 379/379 trials with best loss 0.228055
[2023-12-01 14:54:13,905][hyperopt.tpe][INFO] - build_posterior_wrapper took 0.002456 seconds
[2023-12-01 14:54:13,905][hyperopt.tpe][INFO] - TPE using 380/380 trials with best loss 0.228055
[2023-12-01 14:54:14,017][hyperopt.tpe][INFO] - build_posterior_wrapper took 0.002481 seconds
[2023-12-01 14:54:14,018][hyperopt.tpe][INFO] - TPE using 381/381 trials with best loss 0.228055
[2023-12-01 14:54:14,115][hyperopt.tpe][INFO] - build_posterior_wrapper took 0.002456 seconds
[2023-12-01 14:54:14,115][hyperopt.tpe][INFO] - TPE using 382/382 trials with best loss 0.228055
[2023-12-01 14:54:14,225][hyperopt.tpe][INFO] - build_posterior_wrapper took 0.002547 seconds
[2023-12-01 14:54:14,226][hyperopt.tpe][INFO] - TPE using 383/383 trials with best loss 0.228055
[2023-12-01 14:54:14,329][hyperopt.tpe][INFO] - build_posterior_wrapper took 0.002441 seconds
[2023-12-01 14:54:14,330][hyperopt.tpe][INFO] - TPE using 384/384 trials with best loss 0.228055
[2023-12-01 14:54:14,445][hyperopt.tpe][INFO] - build_posterior_wrapper took 0.002461 seconds
[2023-12-01 14:54:14,445][hyperopt.tpe][INFO] - TPE using 385/385 trials with best loss 0.228055
[2023-12-01 14:54:14,560][hyperopt.tpe][INFO] - build_posterior_wrapper took 0.002516 seconds
[2023-12-01 14:54:14,560][hyperopt.tpe][INFO] - TPE using 386/386 trials with best loss 0.228055
[2023-12-01 14:54:14,662][hyperopt.tpe][INFO] - build_posterior_wrapper took 0.002471 seconds
[2023-12-01 14:54:14,663][hyperopt.tpe][INFO] - TPE using 387/387 trials with best loss 0.228055
[2023-12-01 14:54:14,770][hyperopt.tpe][INFO] - build_posterior_wrapper took 0.002512 seconds
[2023-12-01 14:54:14,770][hyperopt.tpe][INFO] - TPE using 388/388 trials with best loss 0.228055
[2023-12-01 14:54:14,858][hyperopt.tpe][INFO] - build_posterior_wrapper took 0.002456 seconds
[2023-12-01 14:54:14,858][hyperopt.tpe][INFO] - TPE using 389/389 trials with best loss 0.228055
[2023-12-01 14:54:14,965][hyperopt.tpe][INFO] - build_posterior_wrapper took 0.002476 seconds
[2023-12-01 14:54:14,965][hyperopt.tpe][INFO] - TPE using 390/390 trials with best loss 0.228055
[2023-12-01 14:54:15,072][hyperopt.tpe][INFO] - build_posterior_wrapper took 0.002443 seconds
[2023-12-01 14:54:15,072][hyperopt.tpe][INFO] - TPE using 391/391 trials with best loss 0.228055
[2023-12-01 14:54:15,176][hyperopt.tpe][INFO] - build_posterior_wrapper took 0.002446 seconds
[2023-12-01 14:54:15,176][hyperopt.tpe][INFO] - TPE using 392/392 trials with best loss 0.228055
[2023-12-01 14:54:15,329][hyperopt.tpe][INFO] - build_posterior_wrapper took 0.050495 seconds
[2023-12-01 14:54:15,329][hyperopt.tpe][INFO] - TPE using 393/393 trials with best loss 0.228055
[2023-12-01 14:54:15,436][hyperopt.tpe][INFO] - build_posterior_wrapper took 0.002469 seconds
[2023-12-01 14:54:15,437][hyperopt.tpe][INFO] - TPE using 394/394 trials with best loss 0.228055
[2023-12-01 14:54:15,552][hyperopt.tpe][INFO] - build_posterior_wrapper took 0.002514 seconds
[2023-12-01 14:54:15,552][hyperopt.tpe][INFO] - TPE using 395/395 trials with best loss 0.228055
[2023-12-01 14:54:15,657][hyperopt.tpe][INFO] - build_posterior_wrapper took 0.002458 seconds
[2023-12-01 14:54:15,657][hyperopt.tpe][INFO] - TPE using 396/396 trials with best loss 0.228055
[2023-12-01 14:54:15,767][hyperopt.tpe][INFO] - build_posterior_wrapper took 0.002560 seconds
[2023-12-01 14:54:15,767][hyperopt.tpe][INFO] - TPE using 397/397 trials with best loss 0.228055
[2023-12-01 14:54:15,880][hyperopt.tpe][INFO] - build_posterior_wrapper took 0.002482 seconds
[2023-12-01 14:54:15,881][hyperopt.tpe][INFO] - TPE using 398/398 trials with best loss 0.228055
[2023-12-01 14:54:15,968][hyperopt.tpe][INFO] - build_posterior_wrapper took 0.002464 seconds
[2023-12-01 14:54:15,968][hyperopt.tpe][INFO] - TPE using 399/399 trials with best loss 0.228055
[2023-12-01 14:54:16,072][hyperopt.tpe][INFO] - build_posterior_wrapper took 0.002489 seconds
[2023-12-01 14:54:16,073][hyperopt.tpe][INFO] - TPE using 400/400 trials with best loss 0.228055
[2023-12-01 14:54:16,174][hyperopt.tpe][INFO] - build_posterior_wrapper took 0.002480 seconds
[2023-12-01 14:54:16,175][hyperopt.tpe][INFO] - TPE using 401/401 trials with best loss 0.228055
[2023-12-01 14:54:16,282][hyperopt.tpe][INFO] - build_posterior_wrapper took 0.002559 seconds
[2023-12-01 14:54:16,282][hyperopt.tpe][INFO] - TPE using 402/402 trials with best loss 0.228055
[2023-12-01 14:54:16,389][hyperopt.tpe][INFO] - build_posterior_wrapper took 0.002483 seconds
[2023-12-01 14:54:16,390][hyperopt.tpe][INFO] - TPE using 403/403 trials with best loss 0.228055
[2023-12-01 14:54:16,498][hyperopt.tpe][INFO] - build_posterior_wrapper took 0.002479 seconds
[2023-12-01 14:54:16,498][hyperopt.tpe][INFO] - TPE using 404/404 trials with best loss 0.228055
[2023-12-01 14:54:16,606][hyperopt.tpe][INFO] - build_posterior_wrapper took 0.002513 seconds
[2023-12-01 14:54:16,606][hyperopt.tpe][INFO] - TPE using 405/405 trials with best loss 0.228055
[2023-12-01 14:54:16,713][hyperopt.tpe][INFO] - build_posterior_wrapper took 0.002582 seconds
[2023-12-01 14:54:16,714][hyperopt.tpe][INFO] - TPE using 406/406 trials with best loss 0.228055
[2023-12-01 14:54:16,821][hyperopt.tpe][INFO] - build_posterior_wrapper took 0.002499 seconds
[2023-12-01 14:54:16,821][hyperopt.tpe][INFO] - TPE using 407/407 trials with best loss 0.228055
[2023-12-01 14:54:16,929][hyperopt.tpe][INFO] - build_posterior_wrapper took 0.002486 seconds
[2023-12-01 14:54:16,929][hyperopt.tpe][INFO] - TPE using 408/408 trials with best loss 0.228055
[2023-12-01 14:54:17,037][hyperopt.tpe][INFO] - build_posterior_wrapper took 0.002471 seconds
[2023-12-01 14:54:17,037][hyperopt.tpe][INFO] - TPE using 409/409 trials with best loss 0.228055
[2023-12-01 14:54:17,144][hyperopt.tpe][INFO] - build_posterior_wrapper took 0.002557 seconds
[2023-12-01 14:54:17,145][hyperopt.tpe][INFO] - TPE using 410/410 trials with best loss 0.228055
[2023-12-01 14:54:17,250][hyperopt.tpe][INFO] - build_posterior_wrapper took 0.002477 seconds
[2023-12-01 14:54:17,250][hyperopt.tpe][INFO] - TPE using 411/411 trials with best loss 0.228055
[2023-12-01 14:54:17,361][hyperopt.tpe][INFO] - build_posterior_wrapper took 0.002466 seconds
[2023-12-01 14:54:17,361][hyperopt.tpe][INFO] - TPE using 412/412 trials with best loss 0.228055
[2023-12-01 14:54:17,475][hyperopt.tpe][INFO] - build_posterior_wrapper took 0.002480 seconds
[2023-12-01 14:54:17,475][hyperopt.tpe][INFO] - TPE using 413/413 trials with best loss 0.228055
[2023-12-01 14:54:17,582][hyperopt.tpe][INFO] - build_posterior_wrapper took 0.002528 seconds
[2023-12-01 14:54:17,583][hyperopt.tpe][INFO] - TPE using 414/414 trials with best loss 0.228055
[2023-12-01 14:54:17,691][hyperopt.tpe][INFO] - build_posterior_wrapper took 0.002490 seconds
[2023-12-01 14:54:17,691][hyperopt.tpe][INFO] - TPE using 415/415 trials with best loss 0.228055
[2023-12-01 14:54:17,797][hyperopt.tpe][INFO] - build_posterior_wrapper took 0.002488 seconds
[2023-12-01 14:54:17,797][hyperopt.tpe][INFO] - TPE using 416/416 trials with best loss 0.228055
[2023-12-01 14:54:17,911][hyperopt.tpe][INFO] - build_posterior_wrapper took 0.002504 seconds
[2023-12-01 14:54:17,911][hyperopt.tpe][INFO] - TPE using 417/417 trials with best loss 0.228055
[2023-12-01 14:54:18,019][hyperopt.tpe][INFO] - build_posterior_wrapper took 0.002550 seconds
[2023-12-01 14:54:18,019][hyperopt.tpe][INFO] - TPE using 418/418 trials with best loss 0.228055
[2023-12-01 14:54:18,123][hyperopt.tpe][INFO] - build_posterior_wrapper took 0.002443 seconds
[2023-12-01 14:54:18,124][hyperopt.tpe][INFO] - TPE using 419/419 trials with best loss 0.228055
[2023-12-01 14:54:18,231][hyperopt.tpe][INFO] - build_posterior_wrapper took 0.002486 seconds
[2023-12-01 14:54:18,232][hyperopt.tpe][INFO] - TPE using 420/420 trials with best loss 0.228055
[2023-12-01 14:54:18,339][hyperopt.tpe][INFO] - build_posterior_wrapper took 0.002458 seconds
[2023-12-01 14:54:18,339][hyperopt.tpe][INFO] - TPE using 421/421 trials with best loss 0.228055
[2023-12-01 14:54:18,450][hyperopt.tpe][INFO] - build_posterior_wrapper took 0.002519 seconds
[2023-12-01 14:54:18,451][hyperopt.tpe][INFO] - TPE using 422/422 trials with best loss 0.228055
[2023-12-01 14:54:18,556][hyperopt.tpe][INFO] - build_posterior_wrapper took 0.002468 seconds
[2023-12-01 14:54:18,556][hyperopt.tpe][INFO] - TPE using 423/423 trials with best loss 0.228055
[2023-12-01 14:54:18,664][hyperopt.tpe][INFO] - build_posterior_wrapper took 0.002493 seconds
[2023-12-01 14:54:18,665][hyperopt.tpe][INFO] - TPE using 424/424 trials with best loss 0.228055
[2023-12-01 14:54:18,777][hyperopt.tpe][INFO] - build_posterior_wrapper took 0.002484 seconds
[2023-12-01 14:54:18,778][hyperopt.tpe][INFO] - TPE using 425/425 trials with best loss 0.228055
[2023-12-01 14:54:18,885][hyperopt.tpe][INFO] - build_posterior_wrapper took 0.002483 seconds
[2023-12-01 14:54:18,886][hyperopt.tpe][INFO] - TPE using 426/426 trials with best loss 0.228055
[2023-12-01 14:54:19,016][hyperopt.tpe][INFO] - build_posterior_wrapper took 0.002526 seconds
[2023-12-01 14:54:19,016][hyperopt.tpe][INFO] - TPE using 427/427 trials with best loss 0.228055
[2023-12-01 14:54:19,119][hyperopt.tpe][INFO] - build_posterior_wrapper took 0.002438 seconds
[2023-12-01 14:54:19,119][hyperopt.tpe][INFO] - TPE using 428/428 trials with best loss 0.228055
[2023-12-01 14:54:19,207][hyperopt.tpe][INFO] - build_posterior_wrapper took 0.002467 seconds
[2023-12-01 14:54:19,207][hyperopt.tpe][INFO] - TPE using 429/429 trials with best loss 0.228055
[2023-12-01 14:54:19,312][hyperopt.tpe][INFO] - build_posterior_wrapper took 0.002449 seconds
[2023-12-01 14:54:19,312][hyperopt.tpe][INFO] - TPE using 430/430 trials with best loss 0.228055
[2023-12-01 14:54:19,429][hyperopt.tpe][INFO] - build_posterior_wrapper took 0.002654 seconds
[2023-12-01 14:54:19,429][hyperopt.tpe][INFO] - TPE using 431/431 trials with best loss 0.228055
[2023-12-01 14:54:19,535][hyperopt.tpe][INFO] - build_posterior_wrapper took 0.002529 seconds
[2023-12-01 14:54:19,535][hyperopt.tpe][INFO] - TPE using 432/432 trials with best loss 0.228055
[2023-12-01 14:54:19,639][hyperopt.tpe][INFO] - build_posterior_wrapper took 0.002450 seconds
[2023-12-01 14:54:19,639][hyperopt.tpe][INFO] - TPE using 433/433 trials with best loss 0.228055
[2023-12-01 14:54:19,746][hyperopt.tpe][INFO] - build_posterior_wrapper took 0.002449 seconds
[2023-12-01 14:54:19,746][hyperopt.tpe][INFO] - TPE using 434/434 trials with best loss 0.228055
[2023-12-01 14:54:19,857][hyperopt.tpe][INFO] - build_posterior_wrapper took 0.002502 seconds
[2023-12-01 14:54:19,857][hyperopt.tpe][INFO] - TPE using 435/435 trials with best loss 0.228055
[2023-12-01 14:54:19,963][hyperopt.tpe][INFO] - build_posterior_wrapper took 0.002468 seconds
[2023-12-01 14:54:19,964][hyperopt.tpe][INFO] - TPE using 436/436 trials with best loss 0.228055
[2023-12-01 14:54:20,079][hyperopt.tpe][INFO] - build_posterior_wrapper took 0.002540 seconds
[2023-12-01 14:54:20,080][hyperopt.tpe][INFO] - TPE using 437/437 trials with best loss 0.228055
[2023-12-01 14:54:20,194][hyperopt.tpe][INFO] - build_posterior_wrapper took 0.002508 seconds
[2023-12-01 14:54:20,194][hyperopt.tpe][INFO] - TPE using 438/438 trials with best loss 0.228055
[2023-12-01 14:54:20,282][hyperopt.tpe][INFO] - build_posterior_wrapper took 0.002458 seconds
[2023-12-01 14:54:20,282][hyperopt.tpe][INFO] - TPE using 439/439 trials with best loss 0.228055
[2023-12-01 14:54:20,388][hyperopt.tpe][INFO] - build_posterior_wrapper took 0.002499 seconds
[2023-12-01 14:54:20,389][hyperopt.tpe][INFO] - TPE using 440/440 trials with best loss 0.228055
[2023-12-01 14:54:20,487][hyperopt.tpe][INFO] - build_posterior_wrapper took 0.002452 seconds
[2023-12-01 14:54:20,487][hyperopt.tpe][INFO] - TPE using 441/441 trials with best loss 0.228055
[2023-12-01 14:54:20,603][hyperopt.tpe][INFO] - build_posterior_wrapper took 0.002488 seconds
[2023-12-01 14:54:20,603][hyperopt.tpe][INFO] - TPE using 442/442 trials with best loss 0.228055
[2023-12-01 14:54:20,712][hyperopt.tpe][INFO] - build_posterior_wrapper took 0.002483 seconds
[2023-12-01 14:54:20,712][hyperopt.tpe][INFO] - TPE using 443/443 trials with best loss 0.228055
[2023-12-01 14:54:20,828][hyperopt.tpe][INFO] - build_posterior_wrapper took 0.002501 seconds
[2023-12-01 14:54:20,828][hyperopt.tpe][INFO] - TPE using 444/444 trials with best loss 0.228055
[2023-12-01 14:54:20,932][hyperopt.tpe][INFO] - build_posterior_wrapper took 0.002440 seconds
[2023-12-01 14:54:20,933][hyperopt.tpe][INFO] - TPE using 445/445 trials with best loss 0.228055
[2023-12-01 14:54:21,043][hyperopt.tpe][INFO] - build_posterior_wrapper took 0.002550 seconds
[2023-12-01 14:54:21,044][hyperopt.tpe][INFO] - TPE using 446/446 trials with best loss 0.228055
[2023-12-01 14:54:21,110][hyperopt.tpe][INFO] - build_posterior_wrapper took 0.002460 seconds
[2023-12-01 14:54:21,110][hyperopt.tpe][INFO] - TPE using 447/447 trials with best loss 0.228055
[2023-12-01 14:54:21,216][hyperopt.tpe][INFO] - build_posterior_wrapper took 0.002445 seconds
[2023-12-01 14:54:21,217][hyperopt.tpe][INFO] - TPE using 448/448 trials with best loss 0.228055
[2023-12-01 14:54:21,344][hyperopt.tpe][INFO] - build_posterior_wrapper took 0.002436 seconds
[2023-12-01 14:54:21,345][hyperopt.tpe][INFO] - TPE using 449/449 trials with best loss 0.228055
[2023-12-01 14:54:21,455][hyperopt.tpe][INFO] - build_posterior_wrapper took 0.002502 seconds
[2023-12-01 14:54:21,455][hyperopt.tpe][INFO] - TPE using 450/450 trials with best loss 0.228055
[2023-12-01 14:54:21,558][hyperopt.tpe][INFO] - build_posterior_wrapper took 0.002458 seconds
[2023-12-01 14:54:21,558][hyperopt.tpe][INFO] - TPE using 451/451 trials with best loss 0.228055
[2023-12-01 14:54:21,667][hyperopt.tpe][INFO] - build_posterior_wrapper took 0.002455 seconds
[2023-12-01 14:54:21,667][hyperopt.tpe][INFO] - TPE using 452/452 trials with best loss 0.228055
[2023-12-01 14:54:21,799][hyperopt.tpe][INFO] - build_posterior_wrapper took 0.002480 seconds
[2023-12-01 14:54:21,799][hyperopt.tpe][INFO] - TPE using 453/453 trials with best loss 0.228055
[2023-12-01 14:54:21,911][hyperopt.tpe][INFO] - build_posterior_wrapper took 0.002457 seconds
[2023-12-01 14:54:21,912][hyperopt.tpe][INFO] - TPE using 454/454 trials with best loss 0.228055
[2023-12-01 14:54:21,969][hyperopt.tpe][INFO] - build_posterior_wrapper took 0.002573 seconds
[2023-12-01 14:54:21,970][hyperopt.tpe][INFO] - TPE using 455/455 trials with best loss 0.228055
[2023-12-01 14:54:22,085][hyperopt.tpe][INFO] - build_posterior_wrapper took 0.002479 seconds
[2023-12-01 14:54:22,086][hyperopt.tpe][INFO] - TPE using 456/456 trials with best loss 0.228055
[2023-12-01 14:54:22,191][hyperopt.tpe][INFO] - build_posterior_wrapper took 0.002429 seconds
[2023-12-01 14:54:22,191][hyperopt.tpe][INFO] - TPE using 457/457 trials with best loss 0.228055
[2023-12-01 14:54:22,344][hyperopt.tpe][INFO] - build_posterior_wrapper took 0.002468 seconds
[2023-12-01 14:54:22,344][hyperopt.tpe][INFO] - TPE using 458/458 trials with best loss 0.228050
[2023-12-01 14:54:22,472][hyperopt.tpe][INFO] - build_posterior_wrapper took 0.002448 seconds
[2023-12-01 14:54:22,473][hyperopt.tpe][INFO] - TPE using 459/459 trials with best loss 0.228050
[2023-12-01 14:54:22,629][hyperopt.tpe][INFO] - build_posterior_wrapper took 0.002542 seconds
[2023-12-01 14:54:22,629][hyperopt.tpe][INFO] - TPE using 460/460 trials with best loss 0.228050
[2023-12-01 14:54:22,804][hyperopt.tpe][INFO] - build_posterior_wrapper took 0.002492 seconds
[2023-12-01 14:54:22,804][hyperopt.tpe][INFO] - TPE using 461/461 trials with best loss 0.228050
[2023-12-01 14:54:22,956][hyperopt.tpe][INFO] - build_posterior_wrapper took 0.002459 seconds
[2023-12-01 14:54:22,957][hyperopt.tpe][INFO] - TPE using 462/462 trials with best loss 0.228050
[2023-12-01 14:54:23,107][hyperopt.tpe][INFO] - build_posterior_wrapper took 0.002458 seconds
[2023-12-01 14:54:23,107][hyperopt.tpe][INFO] - TPE using 463/463 trials with best loss 0.228050
[2023-12-01 14:54:23,267][hyperopt.tpe][INFO] - build_posterior_wrapper took 0.002445 seconds
[2023-12-01 14:54:23,267][hyperopt.tpe][INFO] - TPE using 464/464 trials with best loss 0.228050
[2023-12-01 14:54:23,423][hyperopt.tpe][INFO] - build_posterior_wrapper took 0.002522 seconds
[2023-12-01 14:54:23,423][hyperopt.tpe][INFO] - TPE using 465/465 trials with best loss 0.228050
[2023-12-01 14:54:23,583][hyperopt.tpe][INFO] - build_posterior_wrapper took 0.002452 seconds
[2023-12-01 14:54:23,583][hyperopt.tpe][INFO] - TPE using 466/466 trials with best loss 0.228050
[2023-12-01 14:54:23,737][hyperopt.tpe][INFO] - build_posterior_wrapper took 0.002436 seconds
[2023-12-01 14:54:23,738][hyperopt.tpe][INFO] - TPE using 467/467 trials with best loss 0.228050
[2023-12-01 14:54:23,892][hyperopt.tpe][INFO] - build_posterior_wrapper took 0.002462 seconds
[2023-12-01 14:54:23,893][hyperopt.tpe][INFO] - TPE using 468/468 trials with best loss 0.228050
[2023-12-01 14:54:24,021][hyperopt.tpe][INFO] - build_posterior_wrapper took 0.002450 seconds
[2023-12-01 14:54:24,021][hyperopt.tpe][INFO] - TPE using 469/469 trials with best loss 0.228050
[2023-12-01 14:54:24,197][hyperopt.tpe][INFO] - build_posterior_wrapper took 0.002508 seconds
[2023-12-01 14:54:24,197][hyperopt.tpe][INFO] - TPE using 470/470 trials with best loss 0.228050
[2023-12-01 14:54:24,349][hyperopt.tpe][INFO] - build_posterior_wrapper took 0.002518 seconds
[2023-12-01 14:54:24,350][hyperopt.tpe][INFO] - TPE using 471/471 trials with best loss 0.228050
[2023-12-01 14:54:24,577][hyperopt.tpe][INFO] - build_posterior_wrapper took 0.002468 seconds
[2023-12-01 14:54:24,577][hyperopt.tpe][INFO] - TPE using 472/472 trials with best loss 0.228050
[2023-12-01 14:54:24,730][hyperopt.tpe][INFO] - build_posterior_wrapper took 0.002430 seconds
[2023-12-01 14:54:24,730][hyperopt.tpe][INFO] - TPE using 473/473 trials with best loss 0.228050
[2023-12-01 14:54:24,892][hyperopt.tpe][INFO] - build_posterior_wrapper took 0.002550 seconds
[2023-12-01 14:54:24,892][hyperopt.tpe][INFO] - TPE using 474/474 trials with best loss 0.228050
[2023-12-01 14:54:25,027][hyperopt.tpe][INFO] - build_posterior_wrapper took 0.002455 seconds
[2023-12-01 14:54:25,028][hyperopt.tpe][INFO] - TPE using 475/475 trials with best loss 0.228050
[2023-12-01 14:54:25,086][hyperopt.tpe][INFO] - build_posterior_wrapper took 0.002511 seconds
[2023-12-01 14:54:25,086][hyperopt.tpe][INFO] - TPE using 476/476 trials with best loss 0.228050
[2023-12-01 14:54:25,244][hyperopt.tpe][INFO] - build_posterior_wrapper took 0.002459 seconds
[2023-12-01 14:54:25,244][hyperopt.tpe][INFO] - TPE using 477/477 trials with best loss 0.228050
[2023-12-01 14:54:25,327][hyperopt.tpe][INFO] - build_posterior_wrapper took 0.002475 seconds
[2023-12-01 14:54:25,328][hyperopt.tpe][INFO] - TPE using 478/478 trials with best loss 0.228050
[2023-12-01 14:54:25,488][hyperopt.tpe][INFO] - build_posterior_wrapper took 0.002464 seconds
[2023-12-01 14:54:25,489][hyperopt.tpe][INFO] - TPE using 479/479 trials with best loss 0.228050
[2023-12-01 14:54:25,617][hyperopt.tpe][INFO] - build_posterior_wrapper took 0.002451 seconds
[2023-12-01 14:54:25,617][hyperopt.tpe][INFO] - TPE using 480/480 trials with best loss 0.228050
[2023-12-01 14:54:25,675][hyperopt.tpe][INFO] - build_posterior_wrapper took 0.002473 seconds
[2023-12-01 14:54:25,675][hyperopt.tpe][INFO] - TPE using 481/481 trials with best loss 0.228050
[2023-12-01 14:54:25,830][hyperopt.tpe][INFO] - build_posterior_wrapper took 0.002447 seconds
[2023-12-01 14:54:25,830][hyperopt.tpe][INFO] - TPE using 482/482 trials with best loss 0.228050
[2023-12-01 14:54:25,909][hyperopt.tpe][INFO] - build_posterior_wrapper took 0.002444 seconds
[2023-12-01 14:54:25,910][hyperopt.tpe][INFO] - TPE using 483/483 trials with best loss 0.228050
[2023-12-01 14:54:26,043][hyperopt.tpe][INFO] - build_posterior_wrapper took 0.002536 seconds
[2023-12-01 14:54:26,043][hyperopt.tpe][INFO] - TPE using 484/484 trials with best loss 0.228050
[2023-12-01 14:54:26,093][hyperopt.tpe][INFO] - build_posterior_wrapper took 0.002459 seconds
[2023-12-01 14:54:26,094][hyperopt.tpe][INFO] - TPE using 485/485 trials with best loss 0.228050
[2023-12-01 14:54:26,210][hyperopt.tpe][INFO] - build_posterior_wrapper took 0.002472 seconds
[2023-12-01 14:54:26,210][hyperopt.tpe][INFO] - TPE using 486/486 trials with best loss 0.228050
[2023-12-01 14:54:26,323][hyperopt.tpe][INFO] - build_posterior_wrapper took 0.002487 seconds
[2023-12-01 14:54:26,324][hyperopt.tpe][INFO] - TPE using 487/487 trials with best loss 0.228050
[2023-12-01 14:54:26,404][hyperopt.tpe][INFO] - build_posterior_wrapper took 0.002443 seconds
[2023-12-01 14:54:26,404][hyperopt.tpe][INFO] - TPE using 488/488 trials with best loss 0.228050
[2023-12-01 14:54:26,531][hyperopt.tpe][INFO] - build_posterior_wrapper took 0.002486 seconds
[2023-12-01 14:54:26,532][hyperopt.tpe][INFO] - TPE using 489/489 trials with best loss 0.228050
[2023-12-01 14:54:26,680][hyperopt.tpe][INFO] - build_posterior_wrapper took 0.002456 seconds
[2023-12-01 14:54:26,680][hyperopt.tpe][INFO] - TPE using 490/490 trials with best loss 0.228050
[2023-12-01 14:54:26,768][hyperopt.tpe][INFO] - build_posterior_wrapper took 0.002451 seconds
[2023-12-01 14:54:26,769][hyperopt.tpe][INFO] - TPE using 491/491 trials with best loss 0.228050
[2023-12-01 14:54:26,877][hyperopt.tpe][INFO] - build_posterior_wrapper took 0.002488 seconds
[2023-12-01 14:54:26,877][hyperopt.tpe][INFO] - TPE using 492/492 trials with best loss 0.228050
[2023-12-01 14:54:26,992][hyperopt.tpe][INFO] - build_posterior_wrapper took 0.002459 seconds
[2023-12-01 14:54:26,993][hyperopt.tpe][INFO] - TPE using 493/493 trials with best loss 0.228050
[2023-12-01 14:54:27,139][hyperopt.tpe][INFO] - build_posterior_wrapper took 0.002462 seconds
[2023-12-01 14:54:27,139][hyperopt.tpe][INFO] - TPE using 494/494 trials with best loss 0.228050
[2023-12-01 14:54:27,197][hyperopt.tpe][INFO] - build_posterior_wrapper took 0.002447 seconds
[2023-12-01 14:54:27,198][hyperopt.tpe][INFO] - TPE using 495/495 trials with best loss 0.228050
[2023-12-01 14:54:27,293][hyperopt.tpe][INFO] - build_posterior_wrapper took 0.002461 seconds
[2023-12-01 14:54:27,294][hyperopt.tpe][INFO] - TPE using 496/496 trials with best loss 0.228050
[2023-12-01 14:54:27,410][hyperopt.tpe][INFO] - build_posterior_wrapper took 0.002456 seconds
[2023-12-01 14:54:27,410][hyperopt.tpe][INFO] - TPE using 497/497 trials with best loss 0.228050
[2023-12-01 14:54:27,496][hyperopt.tpe][INFO] - build_posterior_wrapper took 0.002587 seconds
[2023-12-01 14:54:27,496][hyperopt.tpe][INFO] - TPE using 498/498 trials with best loss 0.228025
[2023-12-01 14:54:27,580][hyperopt.tpe][INFO] - build_posterior_wrapper took 0.002491 seconds
[2023-12-01 14:54:27,581][hyperopt.tpe][INFO] - TPE using 499/499 trials with best loss 0.228025
[2023-12-01 14:54:27,660][root][INFO] - Hyperopt complete
[2023-12-01 14:54:27,660][root][INFO] - Best params: {'gamma': 0, 'learning_rate': 0.505, 'max_depth': 3, 'min_child_weight': 2, 'n_estimators': 100, 'reg_lambda': 0.8, 'subsample': 0.6000000000000001}
[2023-12-01 14:54:27,663][root][INFO] - Parameters written to /projects/p31961/ENIGMA/results/experiments/xgb_regression_da_only_hyperopt_tuneS_with_day/best_params.yaml
[2023-12-01 14:54:27,663][root][INFO] - Writing results to /projects/p31961/ENIGMA/results/experiments/xgb_regression_da_only_hyperopt_tuneS_with_day/hyper_opt_results.parquet
[2023-12-01 14:54:27,667][root][INFO] - Experiment complete
