[2024-01-23 11:06:29,796][root][INFO] - Experiment name: xgb_regression_da_and_d2_hyperopt_tune_with_elastic_net
[2024-01-23 11:06:34,325][root][INFO] - Running hyperopt
[2024-01-23 11:06:34,334][hyperopt.tpe][INFO] - build_posterior_wrapper took 0.002250 seconds
[2024-01-23 11:06:34,334][hyperopt.tpe][INFO] - TPE using 0 trials
[2024-01-23 11:06:34,791][hyperopt.tpe][INFO] - build_posterior_wrapper took 0.002225 seconds
[2024-01-23 11:06:34,791][hyperopt.tpe][INFO] - TPE using 1/1 trials with best loss 0.242108
[2024-01-23 11:06:34,943][hyperopt.tpe][INFO] - build_posterior_wrapper took 0.002687 seconds
[2024-01-23 11:06:34,943][hyperopt.tpe][INFO] - TPE using 2/2 trials with best loss 0.242108
[2024-01-23 11:06:35,048][hyperopt.tpe][INFO] - build_posterior_wrapper took 0.002261 seconds
[2024-01-23 11:06:35,048][hyperopt.tpe][INFO] - TPE using 3/3 trials with best loss 0.242108
[2024-01-23 11:06:35,141][hyperopt.tpe][INFO] - build_posterior_wrapper took 0.002216 seconds
[2024-01-23 11:06:35,141][hyperopt.tpe][INFO] - TPE using 4/4 trials with best loss 0.242108
[2024-01-23 11:06:35,195][hyperopt.tpe][INFO] - build_posterior_wrapper took 0.002340 seconds
[2024-01-23 11:06:35,195][hyperopt.tpe][INFO] - TPE using 5/5 trials with best loss 0.242108
[2024-01-23 11:06:35,289][hyperopt.tpe][INFO] - build_posterior_wrapper took 0.002254 seconds
[2024-01-23 11:06:35,289][hyperopt.tpe][INFO] - TPE using 6/6 trials with best loss 0.242108
[2024-01-23 11:06:35,355][hyperopt.tpe][INFO] - build_posterior_wrapper took 0.002229 seconds
[2024-01-23 11:06:35,355][hyperopt.tpe][INFO] - TPE using 7/7 trials with best loss 0.242108
[2024-01-23 11:06:35,403][hyperopt.tpe][INFO] - build_posterior_wrapper took 0.002292 seconds
[2024-01-23 11:06:35,403][hyperopt.tpe][INFO] - TPE using 8/8 trials with best loss 0.242108
[2024-01-23 11:06:35,447][hyperopt.tpe][INFO] - build_posterior_wrapper took 0.002215 seconds
[2024-01-23 11:06:35,448][hyperopt.tpe][INFO] - TPE using 9/9 trials with best loss 0.242108
[2024-01-23 11:06:35,521][hyperopt.tpe][INFO] - build_posterior_wrapper took 0.002197 seconds
[2024-01-23 11:06:35,521][hyperopt.tpe][INFO] - TPE using 10/10 trials with best loss 0.242108
[2024-01-23 11:06:35,662][hyperopt.tpe][INFO] - build_posterior_wrapper took 0.002221 seconds
[2024-01-23 11:06:35,662][hyperopt.tpe][INFO] - TPE using 11/11 trials with best loss 0.238882
[2024-01-23 11:06:35,802][hyperopt.tpe][INFO] - build_posterior_wrapper took 0.002232 seconds
[2024-01-23 11:06:35,803][hyperopt.tpe][INFO] - TPE using 12/12 trials with best loss 0.238882
[2024-01-23 11:06:35,889][hyperopt.tpe][INFO] - build_posterior_wrapper took 0.002228 seconds
[2024-01-23 11:06:35,889][hyperopt.tpe][INFO] - TPE using 13/13 trials with best loss 0.238882
[2024-01-23 11:06:35,967][hyperopt.tpe][INFO] - build_posterior_wrapper took 0.002264 seconds
[2024-01-23 11:06:35,967][hyperopt.tpe][INFO] - TPE using 14/14 trials with best loss 0.238090
[2024-01-23 11:06:36,107][hyperopt.tpe][INFO] - build_posterior_wrapper took 0.002191 seconds
[2024-01-23 11:06:36,108][hyperopt.tpe][INFO] - TPE using 15/15 trials with best loss 0.238090
[2024-01-23 11:06:36,255][hyperopt.tpe][INFO] - build_posterior_wrapper took 0.002185 seconds
[2024-01-23 11:06:36,292][hyperopt.tpe][INFO] - TPE using 16/16 trials with best loss 0.238090
[2024-01-23 11:06:36,436][hyperopt.tpe][INFO] - build_posterior_wrapper took 0.002175 seconds
[2024-01-23 11:06:36,436][hyperopt.tpe][INFO] - TPE using 17/17 trials with best loss 0.238090
[2024-01-23 11:06:36,511][hyperopt.tpe][INFO] - build_posterior_wrapper took 0.002199 seconds
[2024-01-23 11:06:36,511][hyperopt.tpe][INFO] - TPE using 18/18 trials with best loss 0.238090
[2024-01-23 11:06:36,583][hyperopt.tpe][INFO] - build_posterior_wrapper took 0.002172 seconds
[2024-01-23 11:06:36,583][hyperopt.tpe][INFO] - TPE using 19/19 trials with best loss 0.238090
[2024-01-23 11:06:36,670][hyperopt.tpe][INFO] - build_posterior_wrapper took 0.002303 seconds
[2024-01-23 11:06:36,671][hyperopt.tpe][INFO] - TPE using 20/20 trials with best loss 0.238090
[2024-01-23 11:06:36,798][hyperopt.tpe][INFO] - build_posterior_wrapper took 0.002392 seconds
[2024-01-23 11:06:36,798][hyperopt.tpe][INFO] - TPE using 21/21 trials with best loss 0.238090
[2024-01-23 11:06:36,945][hyperopt.tpe][INFO] - build_posterior_wrapper took 0.002407 seconds
[2024-01-23 11:06:36,946][hyperopt.tpe][INFO] - TPE using 22/22 trials with best loss 0.238090
[2024-01-23 11:06:37,074][hyperopt.tpe][INFO] - build_posterior_wrapper took 0.002307 seconds
[2024-01-23 11:06:37,075][hyperopt.tpe][INFO] - TPE using 23/23 trials with best loss 0.238090
[2024-01-23 11:06:37,169][hyperopt.tpe][INFO] - build_posterior_wrapper took 0.002217 seconds
[2024-01-23 11:06:37,169][hyperopt.tpe][INFO] - TPE using 24/24 trials with best loss 0.238090
[2024-01-23 11:06:37,238][hyperopt.tpe][INFO] - build_posterior_wrapper took 0.002199 seconds
[2024-01-23 11:06:37,239][hyperopt.tpe][INFO] - TPE using 25/25 trials with best loss 0.238090
[2024-01-23 11:06:37,355][hyperopt.tpe][INFO] - build_posterior_wrapper took 0.002376 seconds
[2024-01-23 11:06:37,355][hyperopt.tpe][INFO] - TPE using 26/26 trials with best loss 0.238090
[2024-01-23 11:06:37,489][hyperopt.tpe][INFO] - build_posterior_wrapper took 0.002208 seconds
[2024-01-23 11:06:37,489][hyperopt.tpe][INFO] - TPE using 27/27 trials with best loss 0.236868
[2024-01-23 11:06:37,625][hyperopt.tpe][INFO] - build_posterior_wrapper took 0.002233 seconds
[2024-01-23 11:06:37,625][hyperopt.tpe][INFO] - TPE using 28/28 trials with best loss 0.236750
[2024-01-23 11:06:37,742][hyperopt.tpe][INFO] - build_posterior_wrapper took 0.002287 seconds
[2024-01-23 11:06:37,743][hyperopt.tpe][INFO] - TPE using 29/29 trials with best loss 0.236750
[2024-01-23 11:06:37,860][hyperopt.tpe][INFO] - build_posterior_wrapper took 0.002226 seconds
[2024-01-23 11:06:37,860][hyperopt.tpe][INFO] - TPE using 30/30 trials with best loss 0.236750
[2024-01-23 11:06:37,976][hyperopt.tpe][INFO] - build_posterior_wrapper took 0.002210 seconds
[2024-01-23 11:06:37,976][hyperopt.tpe][INFO] - TPE using 31/31 trials with best loss 0.236750
[2024-01-23 11:06:38,105][hyperopt.tpe][INFO] - build_posterior_wrapper took 0.002262 seconds
[2024-01-23 11:06:38,105][hyperopt.tpe][INFO] - TPE using 32/32 trials with best loss 0.236750
[2024-01-23 11:06:38,227][hyperopt.tpe][INFO] - build_posterior_wrapper took 0.002215 seconds
[2024-01-23 11:06:38,228][hyperopt.tpe][INFO] - TPE using 33/33 trials with best loss 0.236750
[2024-01-23 11:06:38,344][hyperopt.tpe][INFO] - build_posterior_wrapper took 0.002211 seconds
[2024-01-23 11:06:38,344][hyperopt.tpe][INFO] - TPE using 34/34 trials with best loss 0.236750
[2024-01-23 11:06:38,455][hyperopt.tpe][INFO] - build_posterior_wrapper took 0.002228 seconds
[2024-01-23 11:06:38,455][hyperopt.tpe][INFO] - TPE using 35/35 trials with best loss 0.236750
[2024-01-23 11:06:38,578][hyperopt.tpe][INFO] - build_posterior_wrapper took 0.002230 seconds
[2024-01-23 11:06:38,578][hyperopt.tpe][INFO] - TPE using 36/36 trials with best loss 0.236750
[2024-01-23 11:06:38,634][hyperopt.tpe][INFO] - build_posterior_wrapper took 0.002248 seconds
[2024-01-23 11:06:38,634][hyperopt.tpe][INFO] - TPE using 37/37 trials with best loss 0.236750
[2024-01-23 11:06:38,752][hyperopt.tpe][INFO] - build_posterior_wrapper took 0.002281 seconds
[2024-01-23 11:06:38,752][hyperopt.tpe][INFO] - TPE using 38/38 trials with best loss 0.236750
[2024-01-23 11:06:38,800][hyperopt.tpe][INFO] - build_posterior_wrapper took 0.002210 seconds
[2024-01-23 11:06:38,801][hyperopt.tpe][INFO] - TPE using 39/39 trials with best loss 0.236750
[2024-01-23 11:06:38,995][hyperopt.tpe][INFO] - build_posterior_wrapper took 0.002241 seconds
[2024-01-23 11:06:38,995][hyperopt.tpe][INFO] - TPE using 40/40 trials with best loss 0.236040
[2024-01-23 11:06:39,121][hyperopt.tpe][INFO] - build_posterior_wrapper took 0.002236 seconds
[2024-01-23 11:06:39,122][hyperopt.tpe][INFO] - TPE using 41/41 trials with best loss 0.236040
[2024-01-23 11:06:39,174][hyperopt.tpe][INFO] - build_posterior_wrapper took 0.002208 seconds
[2024-01-23 11:06:39,174][hyperopt.tpe][INFO] - TPE using 42/42 trials with best loss 0.236040
[2024-01-23 11:06:39,340][hyperopt.tpe][INFO] - build_posterior_wrapper took 0.002206 seconds
[2024-01-23 11:06:39,340][hyperopt.tpe][INFO] - TPE using 43/43 trials with best loss 0.236040
[2024-01-23 11:06:39,517][hyperopt.tpe][INFO] - build_posterior_wrapper took 0.002305 seconds
[2024-01-23 11:06:39,518][hyperopt.tpe][INFO] - TPE using 44/44 trials with best loss 0.236040
[2024-01-23 11:06:39,640][hyperopt.tpe][INFO] - build_posterior_wrapper took 0.002205 seconds
[2024-01-23 11:06:39,640][hyperopt.tpe][INFO] - TPE using 45/45 trials with best loss 0.236040
[2024-01-23 11:06:39,711][hyperopt.tpe][INFO] - build_posterior_wrapper took 0.002207 seconds
[2024-01-23 11:06:39,711][hyperopt.tpe][INFO] - TPE using 46/46 trials with best loss 0.236040
[2024-01-23 11:06:39,854][hyperopt.tpe][INFO] - build_posterior_wrapper took 0.002230 seconds
[2024-01-23 11:06:39,855][hyperopt.tpe][INFO] - TPE using 47/47 trials with best loss 0.236040
[2024-01-23 11:06:39,964][hyperopt.tpe][INFO] - build_posterior_wrapper took 0.002242 seconds
[2024-01-23 11:06:39,964][hyperopt.tpe][INFO] - TPE using 48/48 trials with best loss 0.236040
[2024-01-23 11:06:40,065][hyperopt.tpe][INFO] - build_posterior_wrapper took 0.002223 seconds
[2024-01-23 11:06:40,065][hyperopt.tpe][INFO] - TPE using 49/49 trials with best loss 0.236040
[2024-01-23 11:06:40,183][hyperopt.tpe][INFO] - build_posterior_wrapper took 0.002364 seconds
[2024-01-23 11:06:40,184][hyperopt.tpe][INFO] - TPE using 50/50 trials with best loss 0.236040
[2024-01-23 11:06:40,327][hyperopt.tpe][INFO] - build_posterior_wrapper took 0.002186 seconds
[2024-01-23 11:06:40,328][hyperopt.tpe][INFO] - TPE using 51/51 trials with best loss 0.236040
[2024-01-23 11:06:40,426][hyperopt.tpe][INFO] - build_posterior_wrapper took 0.002222 seconds
[2024-01-23 11:06:40,426][hyperopt.tpe][INFO] - TPE using 52/52 trials with best loss 0.236040
[2024-01-23 11:06:40,477][hyperopt.tpe][INFO] - build_posterior_wrapper took 0.002143 seconds
[2024-01-23 11:06:40,478][hyperopt.tpe][INFO] - TPE using 53/53 trials with best loss 0.236040
[2024-01-23 11:06:40,600][hyperopt.tpe][INFO] - build_posterior_wrapper took 0.002219 seconds
[2024-01-23 11:06:40,601][hyperopt.tpe][INFO] - TPE using 54/54 trials with best loss 0.236040
[2024-01-23 11:06:40,689][hyperopt.tpe][INFO] - build_posterior_wrapper took 0.002235 seconds
[2024-01-23 11:06:40,689][hyperopt.tpe][INFO] - TPE using 55/55 trials with best loss 0.236040
[2024-01-23 11:06:40,786][hyperopt.tpe][INFO] - build_posterior_wrapper took 0.002279 seconds
[2024-01-23 11:06:40,786][hyperopt.tpe][INFO] - TPE using 56/56 trials with best loss 0.236040
[2024-01-23 11:06:40,882][hyperopt.tpe][INFO] - build_posterior_wrapper took 0.002208 seconds
[2024-01-23 11:06:40,882][hyperopt.tpe][INFO] - TPE using 57/57 trials with best loss 0.236040
[2024-01-23 11:06:40,974][hyperopt.tpe][INFO] - build_posterior_wrapper took 0.002187 seconds
[2024-01-23 11:06:40,974][hyperopt.tpe][INFO] - TPE using 58/58 trials with best loss 0.236040
[2024-01-23 11:06:41,068][hyperopt.tpe][INFO] - build_posterior_wrapper took 0.002209 seconds
[2024-01-23 11:06:41,068][hyperopt.tpe][INFO] - TPE using 59/59 trials with best loss 0.236040
[2024-01-23 11:06:41,161][hyperopt.tpe][INFO] - build_posterior_wrapper took 0.002163 seconds
[2024-01-23 11:06:41,161][hyperopt.tpe][INFO] - TPE using 60/60 trials with best loss 0.236040
[2024-01-23 11:06:41,245][hyperopt.tpe][INFO] - build_posterior_wrapper took 0.002203 seconds
[2024-01-23 11:06:41,245][hyperopt.tpe][INFO] - TPE using 61/61 trials with best loss 0.236040
[2024-01-23 11:06:41,333][hyperopt.tpe][INFO] - build_posterior_wrapper took 0.002259 seconds
[2024-01-23 11:06:41,333][hyperopt.tpe][INFO] - TPE using 62/62 trials with best loss 0.236040
[2024-01-23 11:06:41,424][hyperopt.tpe][INFO] - build_posterior_wrapper took 0.002387 seconds
[2024-01-23 11:06:41,425][hyperopt.tpe][INFO] - TPE using 63/63 trials with best loss 0.236040
[2024-01-23 11:06:41,571][hyperopt.tpe][INFO] - build_posterior_wrapper took 0.002203 seconds
[2024-01-23 11:06:41,571][hyperopt.tpe][INFO] - TPE using 64/64 trials with best loss 0.236040
[2024-01-23 11:06:41,679][hyperopt.tpe][INFO] - build_posterior_wrapper took 0.002207 seconds
[2024-01-23 11:06:41,679][hyperopt.tpe][INFO] - TPE using 65/65 trials with best loss 0.236040
[2024-01-23 11:06:41,809][hyperopt.tpe][INFO] - build_posterior_wrapper took 0.002237 seconds
[2024-01-23 11:06:41,809][hyperopt.tpe][INFO] - TPE using 66/66 trials with best loss 0.236040
[2024-01-23 11:06:41,942][hyperopt.tpe][INFO] - build_posterior_wrapper took 0.002233 seconds
[2024-01-23 11:06:41,943][hyperopt.tpe][INFO] - TPE using 67/67 trials with best loss 0.236040
[2024-01-23 11:06:42,010][hyperopt.tpe][INFO] - build_posterior_wrapper took 0.002198 seconds
[2024-01-23 11:06:42,010][hyperopt.tpe][INFO] - TPE using 68/68 trials with best loss 0.236040
[2024-01-23 11:06:42,207][hyperopt.tpe][INFO] - build_posterior_wrapper took 0.002215 seconds
[2024-01-23 11:06:42,207][hyperopt.tpe][INFO] - TPE using 69/69 trials with best loss 0.236040
[2024-01-23 11:06:42,361][hyperopt.tpe][INFO] - build_posterior_wrapper took 0.002232 seconds
[2024-01-23 11:06:42,362][hyperopt.tpe][INFO] - TPE using 70/70 trials with best loss 0.236040
[2024-01-23 11:06:42,427][hyperopt.tpe][INFO] - build_posterior_wrapper took 0.002222 seconds
[2024-01-23 11:06:42,427][hyperopt.tpe][INFO] - TPE using 71/71 trials with best loss 0.236040
[2024-01-23 11:06:42,526][hyperopt.tpe][INFO] - build_posterior_wrapper took 0.002204 seconds
[2024-01-23 11:06:42,526][hyperopt.tpe][INFO] - TPE using 72/72 trials with best loss 0.236040
[2024-01-23 11:06:42,686][hyperopt.tpe][INFO] - build_posterior_wrapper took 0.002240 seconds
[2024-01-23 11:06:42,686][hyperopt.tpe][INFO] - TPE using 73/73 trials with best loss 0.236040
[2024-01-23 11:06:42,860][hyperopt.tpe][INFO] - build_posterior_wrapper took 0.002281 seconds
[2024-01-23 11:06:42,860][hyperopt.tpe][INFO] - TPE using 74/74 trials with best loss 0.236040
[2024-01-23 11:06:42,972][hyperopt.tpe][INFO] - build_posterior_wrapper took 0.002216 seconds
[2024-01-23 11:06:42,973][hyperopt.tpe][INFO] - TPE using 75/75 trials with best loss 0.236040
[2024-01-23 11:06:43,147][hyperopt.tpe][INFO] - build_posterior_wrapper took 0.002226 seconds
[2024-01-23 11:06:43,147][hyperopt.tpe][INFO] - TPE using 76/76 trials with best loss 0.236040
[2024-01-23 11:06:43,347][hyperopt.tpe][INFO] - build_posterior_wrapper took 0.002225 seconds
[2024-01-23 11:06:43,347][hyperopt.tpe][INFO] - TPE using 77/77 trials with best loss 0.236040
[2024-01-23 11:06:43,435][hyperopt.tpe][INFO] - build_posterior_wrapper took 0.002210 seconds
[2024-01-23 11:06:43,435][hyperopt.tpe][INFO] - TPE using 78/78 trials with best loss 0.236040
[2024-01-23 11:06:43,488][hyperopt.tpe][INFO] - build_posterior_wrapper took 0.002226 seconds
[2024-01-23 11:06:43,488][hyperopt.tpe][INFO] - TPE using 79/79 trials with best loss 0.236040
[2024-01-23 11:06:43,624][hyperopt.tpe][INFO] - build_posterior_wrapper took 0.002283 seconds
[2024-01-23 11:06:43,624][hyperopt.tpe][INFO] - TPE using 80/80 trials with best loss 0.236040
[2024-01-23 11:06:43,755][hyperopt.tpe][INFO] - build_posterior_wrapper took 0.002210 seconds
[2024-01-23 11:06:43,755][hyperopt.tpe][INFO] - TPE using 81/81 trials with best loss 0.236040
[2024-01-23 11:06:43,879][hyperopt.tpe][INFO] - build_posterior_wrapper took 0.002207 seconds
[2024-01-23 11:06:43,879][hyperopt.tpe][INFO] - TPE using 82/82 trials with best loss 0.236040
[2024-01-23 11:06:44,022][hyperopt.tpe][INFO] - build_posterior_wrapper took 0.002209 seconds
[2024-01-23 11:06:44,022][hyperopt.tpe][INFO] - TPE using 83/83 trials with best loss 0.236040
[2024-01-23 11:06:44,100][hyperopt.tpe][INFO] - build_posterior_wrapper took 0.002151 seconds
[2024-01-23 11:06:44,100][hyperopt.tpe][INFO] - TPE using 84/84 trials with best loss 0.236040
[2024-01-23 11:06:44,222][hyperopt.tpe][INFO] - build_posterior_wrapper took 0.002156 seconds
[2024-01-23 11:06:44,223][hyperopt.tpe][INFO] - TPE using 85/85 trials with best loss 0.236040
[2024-01-23 11:06:44,274][hyperopt.tpe][INFO] - build_posterior_wrapper took 0.002194 seconds
[2024-01-23 11:06:44,274][hyperopt.tpe][INFO] - TPE using 86/86 trials with best loss 0.236040
[2024-01-23 11:06:44,431][hyperopt.tpe][INFO] - build_posterior_wrapper took 0.051011 seconds
[2024-01-23 11:06:44,432][hyperopt.tpe][INFO] - TPE using 87/87 trials with best loss 0.236040
[2024-01-23 11:06:44,525][hyperopt.tpe][INFO] - build_posterior_wrapper took 0.002225 seconds
[2024-01-23 11:06:44,525][hyperopt.tpe][INFO] - TPE using 88/88 trials with best loss 0.236040
[2024-01-23 11:06:44,674][hyperopt.tpe][INFO] - build_posterior_wrapper took 0.002248 seconds
[2024-01-23 11:06:44,675][hyperopt.tpe][INFO] - TPE using 89/89 trials with best loss 0.236040
[2024-01-23 11:06:44,853][hyperopt.tpe][INFO] - build_posterior_wrapper took 0.002238 seconds
[2024-01-23 11:06:44,854][hyperopt.tpe][INFO] - TPE using 90/90 trials with best loss 0.236040
[2024-01-23 11:06:44,999][hyperopt.tpe][INFO] - build_posterior_wrapper took 0.002232 seconds
[2024-01-23 11:06:44,999][hyperopt.tpe][INFO] - TPE using 91/91 trials with best loss 0.236040
[2024-01-23 11:06:45,090][hyperopt.tpe][INFO] - build_posterior_wrapper took 0.002284 seconds
[2024-01-23 11:06:45,091][hyperopt.tpe][INFO] - TPE using 92/92 trials with best loss 0.236040
[2024-01-23 11:06:45,213][hyperopt.tpe][INFO] - build_posterior_wrapper took 0.002267 seconds
[2024-01-23 11:06:45,213][hyperopt.tpe][INFO] - TPE using 93/93 trials with best loss 0.236040
[2024-01-23 11:06:45,262][hyperopt.tpe][INFO] - build_posterior_wrapper took 0.002345 seconds
[2024-01-23 11:06:45,263][hyperopt.tpe][INFO] - TPE using 94/94 trials with best loss 0.236040
[2024-01-23 11:06:45,388][hyperopt.tpe][INFO] - build_posterior_wrapper took 0.002295 seconds
[2024-01-23 11:06:45,388][hyperopt.tpe][INFO] - TPE using 95/95 trials with best loss 0.236040
[2024-01-23 11:06:45,495][hyperopt.tpe][INFO] - build_posterior_wrapper took 0.002234 seconds
[2024-01-23 11:06:45,495][hyperopt.tpe][INFO] - TPE using 96/96 trials with best loss 0.236040
[2024-01-23 11:06:45,689][hyperopt.tpe][INFO] - build_posterior_wrapper took 0.002271 seconds
[2024-01-23 11:06:45,689][hyperopt.tpe][INFO] - TPE using 97/97 trials with best loss 0.236040
[2024-01-23 11:06:45,840][hyperopt.tpe][INFO] - build_posterior_wrapper took 0.002442 seconds
[2024-01-23 11:06:45,841][hyperopt.tpe][INFO] - TPE using 98/98 trials with best loss 0.236040
[2024-01-23 11:06:45,942][hyperopt.tpe][INFO] - build_posterior_wrapper took 0.002263 seconds
[2024-01-23 11:06:45,943][hyperopt.tpe][INFO] - TPE using 99/99 trials with best loss 0.236040
[2024-01-23 11:06:46,034][hyperopt.tpe][INFO] - build_posterior_wrapper took 0.002272 seconds
[2024-01-23 11:06:46,034][hyperopt.tpe][INFO] - TPE using 100/100 trials with best loss 0.236040
[2024-01-23 11:06:46,146][hyperopt.tpe][INFO] - build_posterior_wrapper took 0.002263 seconds
[2024-01-23 11:06:46,146][hyperopt.tpe][INFO] - TPE using 101/101 trials with best loss 0.236040
[2024-01-23 11:06:46,204][hyperopt.tpe][INFO] - build_posterior_wrapper took 0.002255 seconds
[2024-01-23 11:06:46,204][hyperopt.tpe][INFO] - TPE using 102/102 trials with best loss 0.236040
[2024-01-23 11:06:46,342][hyperopt.tpe][INFO] - build_posterior_wrapper took 0.002266 seconds
[2024-01-23 11:06:46,342][hyperopt.tpe][INFO] - TPE using 103/103 trials with best loss 0.236040
[2024-01-23 11:06:46,415][hyperopt.tpe][INFO] - build_posterior_wrapper took 0.002277 seconds
[2024-01-23 11:06:46,416][hyperopt.tpe][INFO] - TPE using 104/104 trials with best loss 0.236040
[2024-01-23 11:06:46,605][hyperopt.tpe][INFO] - build_posterior_wrapper took 0.002326 seconds
[2024-01-23 11:06:46,605][hyperopt.tpe][INFO] - TPE using 105/105 trials with best loss 0.236040
[2024-01-23 11:06:46,758][hyperopt.tpe][INFO] - build_posterior_wrapper took 0.002323 seconds
[2024-01-23 11:06:46,758][hyperopt.tpe][INFO] - TPE using 106/106 trials with best loss 0.236040
[2024-01-23 11:06:46,857][hyperopt.tpe][INFO] - build_posterior_wrapper took 0.002245 seconds
[2024-01-23 11:06:46,857][hyperopt.tpe][INFO] - TPE using 107/107 trials with best loss 0.236040
[2024-01-23 11:06:46,947][hyperopt.tpe][INFO] - build_posterior_wrapper took 0.002274 seconds
[2024-01-23 11:06:46,947][hyperopt.tpe][INFO] - TPE using 108/108 trials with best loss 0.236040
[2024-01-23 11:06:47,059][hyperopt.tpe][INFO] - build_posterior_wrapper took 0.002312 seconds
[2024-01-23 11:06:47,059][hyperopt.tpe][INFO] - TPE using 109/109 trials with best loss 0.236040
[2024-01-23 11:06:47,118][hyperopt.tpe][INFO] - build_posterior_wrapper took 0.002241 seconds
[2024-01-23 11:06:47,118][hyperopt.tpe][INFO] - TPE using 110/110 trials with best loss 0.236040
[2024-01-23 11:06:47,250][hyperopt.tpe][INFO] - build_posterior_wrapper took 0.002303 seconds
[2024-01-23 11:06:47,250][hyperopt.tpe][INFO] - TPE using 111/111 trials with best loss 0.236040
[2024-01-23 11:06:47,344][hyperopt.tpe][INFO] - build_posterior_wrapper took 0.002239 seconds
[2024-01-23 11:06:47,344][hyperopt.tpe][INFO] - TPE using 112/112 trials with best loss 0.236040
[2024-01-23 11:06:47,493][hyperopt.tpe][INFO] - build_posterior_wrapper took 0.002249 seconds
[2024-01-23 11:06:47,494][hyperopt.tpe][INFO] - TPE using 113/113 trials with best loss 0.236040
[2024-01-23 11:06:47,626][hyperopt.tpe][INFO] - build_posterior_wrapper took 0.002258 seconds
[2024-01-23 11:06:47,626][hyperopt.tpe][INFO] - TPE using 114/114 trials with best loss 0.236040
[2024-01-23 11:06:47,731][hyperopt.tpe][INFO] - build_posterior_wrapper took 0.002263 seconds
[2024-01-23 11:06:47,731][hyperopt.tpe][INFO] - TPE using 115/115 trials with best loss 0.236040
[2024-01-23 11:06:47,816][hyperopt.tpe][INFO] - build_posterior_wrapper took 0.002254 seconds
[2024-01-23 11:06:47,816][hyperopt.tpe][INFO] - TPE using 116/116 trials with best loss 0.236040
[2024-01-23 11:06:47,928][hyperopt.tpe][INFO] - build_posterior_wrapper took 0.002260 seconds
[2024-01-23 11:06:47,928][hyperopt.tpe][INFO] - TPE using 117/117 trials with best loss 0.236040
[2024-01-23 11:06:47,983][hyperopt.tpe][INFO] - build_posterior_wrapper took 0.002259 seconds
[2024-01-23 11:06:47,983][hyperopt.tpe][INFO] - TPE using 118/118 trials with best loss 0.236040
[2024-01-23 11:06:48,137][hyperopt.tpe][INFO] - build_posterior_wrapper took 0.002263 seconds
[2024-01-23 11:06:48,137][hyperopt.tpe][INFO] - TPE using 119/119 trials with best loss 0.236040
[2024-01-23 11:06:48,231][hyperopt.tpe][INFO] - build_posterior_wrapper took 0.002268 seconds
[2024-01-23 11:06:48,232][hyperopt.tpe][INFO] - TPE using 120/120 trials with best loss 0.236040
[2024-01-23 11:06:48,399][hyperopt.tpe][INFO] - build_posterior_wrapper took 0.002338 seconds
[2024-01-23 11:06:48,400][hyperopt.tpe][INFO] - TPE using 121/121 trials with best loss 0.236040
[2024-01-23 11:06:48,560][hyperopt.tpe][INFO] - build_posterior_wrapper took 0.002311 seconds
[2024-01-23 11:06:48,561][hyperopt.tpe][INFO] - TPE using 122/122 trials with best loss 0.236040
[2024-01-23 11:06:48,671][hyperopt.tpe][INFO] - build_posterior_wrapper took 0.002319 seconds
[2024-01-23 11:06:48,671][hyperopt.tpe][INFO] - TPE using 123/123 trials with best loss 0.236040
[2024-01-23 11:06:48,747][hyperopt.tpe][INFO] - build_posterior_wrapper took 0.002258 seconds
[2024-01-23 11:06:48,747][hyperopt.tpe][INFO] - TPE using 124/124 trials with best loss 0.236040
[2024-01-23 11:06:48,888][hyperopt.tpe][INFO] - build_posterior_wrapper took 0.002291 seconds
[2024-01-23 11:06:48,888][hyperopt.tpe][INFO] - TPE using 125/125 trials with best loss 0.236040
[2024-01-23 11:06:48,938][hyperopt.tpe][INFO] - build_posterior_wrapper took 0.002385 seconds
[2024-01-23 11:06:48,938][hyperopt.tpe][INFO] - TPE using 126/126 trials with best loss 0.236040
[2024-01-23 11:06:49,127][hyperopt.tpe][INFO] - build_posterior_wrapper took 0.002292 seconds
[2024-01-23 11:06:49,128][hyperopt.tpe][INFO] - TPE using 127/127 trials with best loss 0.236040
[2024-01-23 11:06:49,215][hyperopt.tpe][INFO] - build_posterior_wrapper took 0.002271 seconds
[2024-01-23 11:06:49,215][hyperopt.tpe][INFO] - TPE using 128/128 trials with best loss 0.236040
[2024-01-23 11:06:49,364][hyperopt.tpe][INFO] - build_posterior_wrapper took 0.002343 seconds
[2024-01-23 11:06:49,365][hyperopt.tpe][INFO] - TPE using 129/129 trials with best loss 0.236040
[2024-01-23 11:06:49,527][hyperopt.tpe][INFO] - build_posterior_wrapper took 0.002413 seconds
[2024-01-23 11:06:49,528][hyperopt.tpe][INFO] - TPE using 130/130 trials with best loss 0.236040
[2024-01-23 11:06:49,653][hyperopt.tpe][INFO] - build_posterior_wrapper took 0.002283 seconds
[2024-01-23 11:06:49,654][hyperopt.tpe][INFO] - TPE using 131/131 trials with best loss 0.236040
[2024-01-23 11:06:49,730][hyperopt.tpe][INFO] - build_posterior_wrapper took 0.002460 seconds
[2024-01-23 11:06:49,730][hyperopt.tpe][INFO] - TPE using 132/132 trials with best loss 0.236040
[2024-01-23 11:06:49,843][hyperopt.tpe][INFO] - build_posterior_wrapper took 0.002261 seconds
[2024-01-23 11:06:49,843][hyperopt.tpe][INFO] - TPE using 133/133 trials with best loss 0.236040
[2024-01-23 11:06:49,909][hyperopt.tpe][INFO] - build_posterior_wrapper took 0.002235 seconds
[2024-01-23 11:06:49,910][hyperopt.tpe][INFO] - TPE using 134/134 trials with best loss 0.236040
[2024-01-23 11:06:50,026][hyperopt.tpe][INFO] - build_posterior_wrapper took 0.002298 seconds
[2024-01-23 11:06:50,027][hyperopt.tpe][INFO] - TPE using 135/135 trials with best loss 0.236040
[2024-01-23 11:06:50,126][hyperopt.tpe][INFO] - build_posterior_wrapper took 0.002237 seconds
[2024-01-23 11:06:50,126][hyperopt.tpe][INFO] - TPE using 136/136 trials with best loss 0.236040
[2024-01-23 11:06:50,291][hyperopt.tpe][INFO] - build_posterior_wrapper took 0.002251 seconds
[2024-01-23 11:06:50,291][hyperopt.tpe][INFO] - TPE using 137/137 trials with best loss 0.236040
[2024-01-23 11:06:50,458][hyperopt.tpe][INFO] - build_posterior_wrapper took 0.002258 seconds
[2024-01-23 11:06:50,458][hyperopt.tpe][INFO] - TPE using 138/138 trials with best loss 0.236040
[2024-01-23 11:06:50,562][hyperopt.tpe][INFO] - build_posterior_wrapper took 0.002243 seconds
[2024-01-23 11:06:50,562][hyperopt.tpe][INFO] - TPE using 139/139 trials with best loss 0.236040
[2024-01-23 11:06:50,651][hyperopt.tpe][INFO] - build_posterior_wrapper took 0.002256 seconds
[2024-01-23 11:06:50,651][hyperopt.tpe][INFO] - TPE using 140/140 trials with best loss 0.236040
[2024-01-23 11:06:50,766][hyperopt.tpe][INFO] - build_posterior_wrapper took 0.002281 seconds
[2024-01-23 11:06:50,766][hyperopt.tpe][INFO] - TPE using 141/141 trials with best loss 0.236040
[2024-01-23 11:06:50,820][hyperopt.tpe][INFO] - build_posterior_wrapper took 0.002239 seconds
[2024-01-23 11:06:50,820][hyperopt.tpe][INFO] - TPE using 142/142 trials with best loss 0.236040
[2024-01-23 11:06:50,942][hyperopt.tpe][INFO] - build_posterior_wrapper took 0.002257 seconds
[2024-01-23 11:06:50,942][hyperopt.tpe][INFO] - TPE using 143/143 trials with best loss 0.236040
[2024-01-23 11:06:51,028][hyperopt.tpe][INFO] - build_posterior_wrapper took 0.002229 seconds
[2024-01-23 11:06:51,028][hyperopt.tpe][INFO] - TPE using 144/144 trials with best loss 0.236040
[2024-01-23 11:06:51,152][hyperopt.tpe][INFO] - build_posterior_wrapper took 0.002259 seconds
[2024-01-23 11:06:51,152][hyperopt.tpe][INFO] - TPE using 145/145 trials with best loss 0.236040
[2024-01-23 11:06:51,287][hyperopt.tpe][INFO] - build_posterior_wrapper took 0.002285 seconds
[2024-01-23 11:06:51,287][hyperopt.tpe][INFO] - TPE using 146/146 trials with best loss 0.236040
[2024-01-23 11:06:51,424][hyperopt.tpe][INFO] - build_posterior_wrapper took 0.002254 seconds
[2024-01-23 11:06:51,424][hyperopt.tpe][INFO] - TPE using 147/147 trials with best loss 0.236040
[2024-01-23 11:06:51,558][hyperopt.tpe][INFO] - build_posterior_wrapper took 0.002277 seconds
[2024-01-23 11:06:51,558][hyperopt.tpe][INFO] - TPE using 148/148 trials with best loss 0.236040
[2024-01-23 11:06:51,692][hyperopt.tpe][INFO] - build_posterior_wrapper took 0.002273 seconds
[2024-01-23 11:06:51,692][hyperopt.tpe][INFO] - TPE using 149/149 trials with best loss 0.236040
[2024-01-23 11:06:51,817][hyperopt.tpe][INFO] - build_posterior_wrapper took 0.002254 seconds
[2024-01-23 11:06:51,818][hyperopt.tpe][INFO] - TPE using 150/150 trials with best loss 0.236040
[2024-01-23 11:06:51,950][hyperopt.tpe][INFO] - build_posterior_wrapper took 0.002266 seconds
[2024-01-23 11:06:51,951][hyperopt.tpe][INFO] - TPE using 151/151 trials with best loss 0.236040
[2024-01-23 11:06:52,079][hyperopt.tpe][INFO] - build_posterior_wrapper took 0.002241 seconds
[2024-01-23 11:06:52,079][hyperopt.tpe][INFO] - TPE using 152/152 trials with best loss 0.236040
[2024-01-23 11:06:52,209][hyperopt.tpe][INFO] - build_posterior_wrapper took 0.002266 seconds
[2024-01-23 11:06:52,209][hyperopt.tpe][INFO] - TPE using 153/153 trials with best loss 0.236040
[2024-01-23 11:06:52,344][hyperopt.tpe][INFO] - build_posterior_wrapper took 0.002245 seconds
[2024-01-23 11:06:52,344][hyperopt.tpe][INFO] - TPE using 154/154 trials with best loss 0.235971
[2024-01-23 11:06:52,461][hyperopt.tpe][INFO] - build_posterior_wrapper took 0.002260 seconds
[2024-01-23 11:06:52,461][hyperopt.tpe][INFO] - TPE using 155/155 trials with best loss 0.235971
[2024-01-23 11:06:52,579][hyperopt.tpe][INFO] - build_posterior_wrapper took 0.002256 seconds
[2024-01-23 11:06:52,580][hyperopt.tpe][INFO] - TPE using 156/156 trials with best loss 0.235971
[2024-01-23 11:06:52,737][hyperopt.tpe][INFO] - build_posterior_wrapper took 0.002271 seconds
[2024-01-23 11:06:52,737][hyperopt.tpe][INFO] - TPE using 157/157 trials with best loss 0.235971
[2024-01-23 11:06:52,857][hyperopt.tpe][INFO] - build_posterior_wrapper took 0.002386 seconds
[2024-01-23 11:06:52,857][hyperopt.tpe][INFO] - TPE using 158/158 trials with best loss 0.235971
[2024-01-23 11:06:52,932][hyperopt.tpe][INFO] - build_posterior_wrapper took 0.002246 seconds
[2024-01-23 11:06:52,932][hyperopt.tpe][INFO] - TPE using 159/159 trials with best loss 0.235971
[2024-01-23 11:06:53,033][hyperopt.tpe][INFO] - build_posterior_wrapper took 0.002181 seconds
[2024-01-23 11:06:53,033][hyperopt.tpe][INFO] - TPE using 160/160 trials with best loss 0.235971
[2024-01-23 11:06:53,160][hyperopt.tpe][INFO] - build_posterior_wrapper took 0.002252 seconds
[2024-01-23 11:06:53,160][hyperopt.tpe][INFO] - TPE using 161/161 trials with best loss 0.235971
[2024-01-23 11:06:53,290][hyperopt.tpe][INFO] - build_posterior_wrapper took 0.002243 seconds
[2024-01-23 11:06:53,290][hyperopt.tpe][INFO] - TPE using 162/162 trials with best loss 0.235971
[2024-01-23 11:06:53,340][hyperopt.tpe][INFO] - build_posterior_wrapper took 0.002164 seconds
[2024-01-23 11:06:53,340][hyperopt.tpe][INFO] - TPE using 163/163 trials with best loss 0.235971
[2024-01-23 11:06:53,418][hyperopt.tpe][INFO] - build_posterior_wrapper took 0.002247 seconds
[2024-01-23 11:06:53,419][hyperopt.tpe][INFO] - TPE using 164/164 trials with best loss 0.235971
[2024-01-23 11:06:53,540][hyperopt.tpe][INFO] - build_posterior_wrapper took 0.002236 seconds
[2024-01-23 11:06:53,540][hyperopt.tpe][INFO] - TPE using 165/165 trials with best loss 0.235971
[2024-01-23 11:06:53,664][hyperopt.tpe][INFO] - build_posterior_wrapper took 0.002306 seconds
[2024-01-23 11:06:53,664][hyperopt.tpe][INFO] - TPE using 166/166 trials with best loss 0.235971
[2024-01-23 11:06:53,805][hyperopt.tpe][INFO] - build_posterior_wrapper took 0.002271 seconds
[2024-01-23 11:06:53,805][hyperopt.tpe][INFO] - TPE using 167/167 trials with best loss 0.235971
[2024-01-23 11:06:53,886][hyperopt.tpe][INFO] - build_posterior_wrapper took 0.002243 seconds
[2024-01-23 11:06:53,886][hyperopt.tpe][INFO] - TPE using 168/168 trials with best loss 0.235971
[2024-01-23 11:06:53,981][hyperopt.tpe][INFO] - build_posterior_wrapper took 0.002348 seconds
[2024-01-23 11:06:53,982][hyperopt.tpe][INFO] - TPE using 169/169 trials with best loss 0.235971
[2024-01-23 11:06:54,094][hyperopt.tpe][INFO] - build_posterior_wrapper took 0.002248 seconds
[2024-01-23 11:06:54,094][hyperopt.tpe][INFO] - TPE using 170/170 trials with best loss 0.235971
[2024-01-23 11:06:54,146][hyperopt.tpe][INFO] - build_posterior_wrapper took 0.002303 seconds
[2024-01-23 11:06:54,146][hyperopt.tpe][INFO] - TPE using 171/171 trials with best loss 0.235971
[2024-01-23 11:06:54,229][hyperopt.tpe][INFO] - build_posterior_wrapper took 0.002295 seconds
[2024-01-23 11:06:54,229][hyperopt.tpe][INFO] - TPE using 172/172 trials with best loss 0.235971
[2024-01-23 11:06:54,363][hyperopt.tpe][INFO] - build_posterior_wrapper took 0.002262 seconds
[2024-01-23 11:06:54,364][hyperopt.tpe][INFO] - TPE using 173/173 trials with best loss 0.235106
[2024-01-23 11:06:54,504][hyperopt.tpe][INFO] - build_posterior_wrapper took 0.002254 seconds
[2024-01-23 11:06:54,505][hyperopt.tpe][INFO] - TPE using 174/174 trials with best loss 0.235106
[2024-01-23 11:06:54,637][hyperopt.tpe][INFO] - build_posterior_wrapper took 0.002276 seconds
[2024-01-23 11:06:54,638][hyperopt.tpe][INFO] - TPE using 175/175 trials with best loss 0.235106
[2024-01-23 11:06:54,713][hyperopt.tpe][INFO] - build_posterior_wrapper took 0.002476 seconds
[2024-01-23 11:06:54,713][hyperopt.tpe][INFO] - TPE using 176/176 trials with best loss 0.235106
[2024-01-23 11:06:54,836][hyperopt.tpe][INFO] - build_posterior_wrapper took 0.002246 seconds
[2024-01-23 11:06:54,836][hyperopt.tpe][INFO] - TPE using 177/177 trials with best loss 0.235106
[2024-01-23 11:06:54,966][hyperopt.tpe][INFO] - build_posterior_wrapper took 0.002316 seconds
[2024-01-23 11:06:54,966][hyperopt.tpe][INFO] - TPE using 178/178 trials with best loss 0.235106
[2024-01-23 11:06:55,108][hyperopt.tpe][INFO] - build_posterior_wrapper took 0.002249 seconds
[2024-01-23 11:06:55,108][hyperopt.tpe][INFO] - TPE using 179/179 trials with best loss 0.235106
[2024-01-23 11:06:55,158][hyperopt.tpe][INFO] - build_posterior_wrapper took 0.002271 seconds
[2024-01-23 11:06:55,159][hyperopt.tpe][INFO] - TPE using 180/180 trials with best loss 0.235106
[2024-01-23 11:06:55,237][hyperopt.tpe][INFO] - build_posterior_wrapper took 0.002233 seconds
[2024-01-23 11:06:55,238][hyperopt.tpe][INFO] - TPE using 181/181 trials with best loss 0.235106
[2024-01-23 11:06:55,386][hyperopt.tpe][INFO] - build_posterior_wrapper took 0.002246 seconds
[2024-01-23 11:06:55,386][hyperopt.tpe][INFO] - TPE using 182/182 trials with best loss 0.235106
[2024-01-23 11:06:55,505][hyperopt.tpe][INFO] - build_posterior_wrapper took 0.002250 seconds
[2024-01-23 11:06:55,505][hyperopt.tpe][INFO] - TPE using 183/183 trials with best loss 0.235106
[2024-01-23 11:06:55,681][hyperopt.tpe][INFO] - build_posterior_wrapper took 0.002189 seconds
[2024-01-23 11:06:55,682][hyperopt.tpe][INFO] - TPE using 184/184 trials with best loss 0.235106
[2024-01-23 11:06:55,767][hyperopt.tpe][INFO] - build_posterior_wrapper took 0.002152 seconds
[2024-01-23 11:06:55,767][hyperopt.tpe][INFO] - TPE using 185/185 trials with best loss 0.235106
[2024-01-23 11:06:55,861][hyperopt.tpe][INFO] - build_posterior_wrapper took 0.002142 seconds
[2024-01-23 11:06:55,861][hyperopt.tpe][INFO] - TPE using 186/186 trials with best loss 0.235106
[2024-01-23 11:06:56,002][hyperopt.tpe][INFO] - build_posterior_wrapper took 0.002165 seconds
[2024-01-23 11:06:56,002][hyperopt.tpe][INFO] - TPE using 187/187 trials with best loss 0.235106
[2024-01-23 11:06:56,113][hyperopt.tpe][INFO] - build_posterior_wrapper took 0.002255 seconds
[2024-01-23 11:06:56,113][hyperopt.tpe][INFO] - TPE using 188/188 trials with best loss 0.235106
[2024-01-23 11:06:56,171][hyperopt.tpe][INFO] - build_posterior_wrapper took 0.002251 seconds
[2024-01-23 11:06:56,172][hyperopt.tpe][INFO] - TPE using 189/189 trials with best loss 0.235106
[2024-01-23 11:06:56,247][hyperopt.tpe][INFO] - build_posterior_wrapper took 0.002278 seconds
[2024-01-23 11:06:56,248][hyperopt.tpe][INFO] - TPE using 190/190 trials with best loss 0.235106
[2024-01-23 11:06:56,404][hyperopt.tpe][INFO] - build_posterior_wrapper took 0.002251 seconds
[2024-01-23 11:06:56,404][hyperopt.tpe][INFO] - TPE using 191/191 trials with best loss 0.235106
[2024-01-23 11:06:56,588][hyperopt.tpe][INFO] - build_posterior_wrapper took 0.002258 seconds
[2024-01-23 11:06:56,588][hyperopt.tpe][INFO] - TPE using 192/192 trials with best loss 0.235106
[2024-01-23 11:06:56,745][hyperopt.tpe][INFO] - build_posterior_wrapper took 0.002337 seconds
[2024-01-23 11:06:56,745][hyperopt.tpe][INFO] - TPE using 193/193 trials with best loss 0.235106
[2024-01-23 11:06:56,839][hyperopt.tpe][INFO] - build_posterior_wrapper took 0.002345 seconds
[2024-01-23 11:06:56,839][hyperopt.tpe][INFO] - TPE using 194/194 trials with best loss 0.235106
[2024-01-23 11:06:56,968][hyperopt.tpe][INFO] - build_posterior_wrapper took 0.002273 seconds
[2024-01-23 11:06:56,968][hyperopt.tpe][INFO] - TPE using 195/195 trials with best loss 0.235106
[2024-01-23 11:06:57,064][hyperopt.tpe][INFO] - build_posterior_wrapper took 0.002242 seconds
[2024-01-23 11:06:57,064][hyperopt.tpe][INFO] - TPE using 196/196 trials with best loss 0.235106
[2024-01-23 11:06:57,152][hyperopt.tpe][INFO] - build_posterior_wrapper took 0.002274 seconds
[2024-01-23 11:06:57,153][hyperopt.tpe][INFO] - TPE using 197/197 trials with best loss 0.235106
[2024-01-23 11:06:57,266][hyperopt.tpe][INFO] - build_posterior_wrapper took 0.002257 seconds
[2024-01-23 11:06:57,267][hyperopt.tpe][INFO] - TPE using 198/198 trials with best loss 0.235106
[2024-01-23 11:06:57,326][hyperopt.tpe][INFO] - build_posterior_wrapper took 0.002241 seconds
[2024-01-23 11:06:57,327][hyperopt.tpe][INFO] - TPE using 199/199 trials with best loss 0.235106
[2024-01-23 11:06:57,447][hyperopt.tpe][INFO] - build_posterior_wrapper took 0.002330 seconds
[2024-01-23 11:06:57,447][hyperopt.tpe][INFO] - TPE using 200/200 trials with best loss 0.235106
[2024-01-23 11:06:57,527][hyperopt.tpe][INFO] - build_posterior_wrapper took 0.002269 seconds
[2024-01-23 11:06:57,528][hyperopt.tpe][INFO] - TPE using 201/201 trials with best loss 0.235106
[2024-01-23 11:06:57,679][hyperopt.tpe][INFO] - build_posterior_wrapper took 0.002269 seconds
[2024-01-23 11:06:57,679][hyperopt.tpe][INFO] - TPE using 202/202 trials with best loss 0.235106
[2024-01-23 11:06:57,821][hyperopt.tpe][INFO] - build_posterior_wrapper took 0.002240 seconds
[2024-01-23 11:06:57,821][hyperopt.tpe][INFO] - TPE using 203/203 trials with best loss 0.235106
[2024-01-23 11:06:57,947][hyperopt.tpe][INFO] - build_posterior_wrapper took 0.002256 seconds
[2024-01-23 11:06:57,947][hyperopt.tpe][INFO] - TPE using 204/204 trials with best loss 0.235106
[2024-01-23 11:06:58,026][hyperopt.tpe][INFO] - build_posterior_wrapper took 0.002382 seconds
[2024-01-23 11:06:58,027][hyperopt.tpe][INFO] - TPE using 205/205 trials with best loss 0.235106
[2024-01-23 11:06:58,152][hyperopt.tpe][INFO] - build_posterior_wrapper took 0.002373 seconds
[2024-01-23 11:06:58,153][hyperopt.tpe][INFO] - TPE using 206/206 trials with best loss 0.235106
[2024-01-23 11:06:58,305][hyperopt.tpe][INFO] - build_posterior_wrapper took 0.002273 seconds
[2024-01-23 11:06:58,305][hyperopt.tpe][INFO] - TPE using 207/207 trials with best loss 0.235106
[2024-01-23 11:06:58,356][hyperopt.tpe][INFO] - build_posterior_wrapper took 0.002280 seconds
[2024-01-23 11:06:58,356][hyperopt.tpe][INFO] - TPE using 208/208 trials with best loss 0.235106
[2024-01-23 11:06:58,474][hyperopt.tpe][INFO] - build_posterior_wrapper took 0.002239 seconds
[2024-01-23 11:06:58,474][hyperopt.tpe][INFO] - TPE using 209/209 trials with best loss 0.235106
[2024-01-23 11:06:58,567][hyperopt.tpe][INFO] - build_posterior_wrapper took 0.002240 seconds
[2024-01-23 11:06:58,567][hyperopt.tpe][INFO] - TPE using 210/210 trials with best loss 0.235106
[2024-01-23 11:06:58,751][hyperopt.tpe][INFO] - build_posterior_wrapper took 0.002258 seconds
[2024-01-23 11:06:58,751][hyperopt.tpe][INFO] - TPE using 211/211 trials with best loss 0.235106
[2024-01-23 11:06:58,893][hyperopt.tpe][INFO] - build_posterior_wrapper took 0.002262 seconds
[2024-01-23 11:06:58,894][hyperopt.tpe][INFO] - TPE using 212/212 trials with best loss 0.235106
[2024-01-23 11:06:59,071][hyperopt.tpe][INFO] - build_posterior_wrapper took 0.002278 seconds
[2024-01-23 11:06:59,071][hyperopt.tpe][INFO] - TPE using 213/213 trials with best loss 0.235106
[2024-01-23 11:06:59,167][hyperopt.tpe][INFO] - build_posterior_wrapper took 0.002242 seconds
[2024-01-23 11:06:59,168][hyperopt.tpe][INFO] - TPE using 214/214 trials with best loss 0.235106
[2024-01-23 11:06:59,258][hyperopt.tpe][INFO] - build_posterior_wrapper took 0.002255 seconds
[2024-01-23 11:06:59,259][hyperopt.tpe][INFO] - TPE using 215/215 trials with best loss 0.235106
[2024-01-23 11:06:59,423][hyperopt.tpe][INFO] - build_posterior_wrapper took 0.002254 seconds
[2024-01-23 11:06:59,423][hyperopt.tpe][INFO] - TPE using 216/216 trials with best loss 0.235106
[2024-01-23 11:06:59,473][hyperopt.tpe][INFO] - build_posterior_wrapper took 0.002257 seconds
[2024-01-23 11:06:59,474][hyperopt.tpe][INFO] - TPE using 217/217 trials with best loss 0.235106
[2024-01-23 11:06:59,593][hyperopt.tpe][INFO] - build_posterior_wrapper took 0.002237 seconds
[2024-01-23 11:06:59,593][hyperopt.tpe][INFO] - TPE using 218/218 trials with best loss 0.235106
[2024-01-23 11:06:59,687][hyperopt.tpe][INFO] - build_posterior_wrapper took 0.002361 seconds
[2024-01-23 11:06:59,687][hyperopt.tpe][INFO] - TPE using 219/219 trials with best loss 0.235106
[2024-01-23 11:06:59,826][hyperopt.tpe][INFO] - build_posterior_wrapper took 0.002304 seconds
[2024-01-23 11:06:59,826][hyperopt.tpe][INFO] - TPE using 220/220 trials with best loss 0.235106
[2024-01-23 11:06:59,968][hyperopt.tpe][INFO] - build_posterior_wrapper took 0.002262 seconds
[2024-01-23 11:06:59,969][hyperopt.tpe][INFO] - TPE using 221/221 trials with best loss 0.235106
[2024-01-23 11:07:00,096][hyperopt.tpe][INFO] - build_posterior_wrapper took 0.002238 seconds
[2024-01-23 11:07:00,096][hyperopt.tpe][INFO] - TPE using 222/222 trials with best loss 0.235106
[2024-01-23 11:07:00,200][hyperopt.tpe][INFO] - build_posterior_wrapper took 0.002238 seconds
[2024-01-23 11:07:00,200][hyperopt.tpe][INFO] - TPE using 223/223 trials with best loss 0.235106
[2024-01-23 11:07:00,307][hyperopt.tpe][INFO] - build_posterior_wrapper took 0.002254 seconds
[2024-01-23 11:07:00,308][hyperopt.tpe][INFO] - TPE using 224/224 trials with best loss 0.235106
[2024-01-23 11:07:00,454][hyperopt.tpe][INFO] - build_posterior_wrapper took 0.002258 seconds
[2024-01-23 11:07:00,454][hyperopt.tpe][INFO] - TPE using 225/225 trials with best loss 0.235106
[2024-01-23 11:07:00,506][hyperopt.tpe][INFO] - build_posterior_wrapper took 0.002249 seconds
[2024-01-23 11:07:00,506][hyperopt.tpe][INFO] - TPE using 226/226 trials with best loss 0.235106
[2024-01-23 11:07:00,628][hyperopt.tpe][INFO] - build_posterior_wrapper took 0.002225 seconds
[2024-01-23 11:07:00,629][hyperopt.tpe][INFO] - TPE using 227/227 trials with best loss 0.235106
[2024-01-23 11:07:00,746][hyperopt.tpe][INFO] - build_posterior_wrapper took 0.002283 seconds
[2024-01-23 11:07:00,746][hyperopt.tpe][INFO] - TPE using 228/228 trials with best loss 0.235106
[2024-01-23 11:07:00,846][hyperopt.tpe][INFO] - build_posterior_wrapper took 0.002236 seconds
[2024-01-23 11:07:00,846][hyperopt.tpe][INFO] - TPE using 229/229 trials with best loss 0.235106
[2024-01-23 11:07:00,921][hyperopt.tpe][INFO] - build_posterior_wrapper took 0.002266 seconds
[2024-01-23 11:07:00,921][hyperopt.tpe][INFO] - TPE using 230/230 trials with best loss 0.235106
[2024-01-23 11:07:01,015][hyperopt.tpe][INFO] - build_posterior_wrapper took 0.002287 seconds
[2024-01-23 11:07:01,015][hyperopt.tpe][INFO] - TPE using 231/231 trials with best loss 0.235106
[2024-01-23 11:07:01,095][hyperopt.tpe][INFO] - build_posterior_wrapper took 0.002338 seconds
[2024-01-23 11:07:01,095][hyperopt.tpe][INFO] - TPE using 232/232 trials with best loss 0.235106
[2024-01-23 11:07:01,180][hyperopt.tpe][INFO] - build_posterior_wrapper took 0.002266 seconds
[2024-01-23 11:07:01,181][hyperopt.tpe][INFO] - TPE using 233/233 trials with best loss 0.235106
[2024-01-23 11:07:01,268][hyperopt.tpe][INFO] - build_posterior_wrapper took 0.002249 seconds
[2024-01-23 11:07:01,268][hyperopt.tpe][INFO] - TPE using 234/234 trials with best loss 0.235106
[2024-01-23 11:07:01,355][hyperopt.tpe][INFO] - build_posterior_wrapper took 0.002268 seconds
[2024-01-23 11:07:01,356][hyperopt.tpe][INFO] - TPE using 235/235 trials with best loss 0.235106
[2024-01-23 11:07:01,428][hyperopt.tpe][INFO] - build_posterior_wrapper took 0.002276 seconds
[2024-01-23 11:07:01,428][hyperopt.tpe][INFO] - TPE using 236/236 trials with best loss 0.235106
[2024-01-23 11:07:01,511][hyperopt.tpe][INFO] - build_posterior_wrapper took 0.002246 seconds
[2024-01-23 11:07:01,511][hyperopt.tpe][INFO] - TPE using 237/237 trials with best loss 0.235106
[2024-01-23 11:07:01,625][hyperopt.tpe][INFO] - build_posterior_wrapper took 0.002252 seconds
[2024-01-23 11:07:01,625][hyperopt.tpe][INFO] - TPE using 238/238 trials with best loss 0.235106
[2024-01-23 11:07:01,701][hyperopt.tpe][INFO] - build_posterior_wrapper took 0.002308 seconds
[2024-01-23 11:07:01,701][hyperopt.tpe][INFO] - TPE using 239/239 trials with best loss 0.235106
[2024-01-23 11:07:01,812][hyperopt.tpe][INFO] - build_posterior_wrapper took 0.002242 seconds
[2024-01-23 11:07:01,812][hyperopt.tpe][INFO] - TPE using 240/240 trials with best loss 0.235106
[2024-01-23 11:07:01,904][hyperopt.tpe][INFO] - build_posterior_wrapper took 0.002268 seconds
[2024-01-23 11:07:01,905][hyperopt.tpe][INFO] - TPE using 241/241 trials with best loss 0.235106
[2024-01-23 11:07:01,987][hyperopt.tpe][INFO] - build_posterior_wrapper took 0.002252 seconds
[2024-01-23 11:07:01,988][hyperopt.tpe][INFO] - TPE using 242/242 trials with best loss 0.235106
[2024-01-23 11:07:02,078][hyperopt.tpe][INFO] - build_posterior_wrapper took 0.002251 seconds
[2024-01-23 11:07:02,078][hyperopt.tpe][INFO] - TPE using 243/243 trials with best loss 0.235106
[2024-01-23 11:07:02,269][hyperopt.tpe][INFO] - build_posterior_wrapper took 0.002259 seconds
[2024-01-23 11:07:02,270][hyperopt.tpe][INFO] - TPE using 244/244 trials with best loss 0.235106
[2024-01-23 11:07:02,364][hyperopt.tpe][INFO] - build_posterior_wrapper took 0.002307 seconds
[2024-01-23 11:07:02,365][hyperopt.tpe][INFO] - TPE using 245/245 trials with best loss 0.235106
[2024-01-23 11:07:02,447][hyperopt.tpe][INFO] - build_posterior_wrapper took 0.002283 seconds
[2024-01-23 11:07:02,448][hyperopt.tpe][INFO] - TPE using 246/246 trials with best loss 0.235106
[2024-01-23 11:07:02,508][hyperopt.tpe][INFO] - build_posterior_wrapper took 0.002264 seconds
[2024-01-23 11:07:02,509][hyperopt.tpe][INFO] - TPE using 247/247 trials with best loss 0.235106
[2024-01-23 11:07:02,583][hyperopt.tpe][INFO] - build_posterior_wrapper took 0.002367 seconds
[2024-01-23 11:07:02,584][hyperopt.tpe][INFO] - TPE using 248/248 trials with best loss 0.235106
[2024-01-23 11:07:02,861][hyperopt.tpe][INFO] - build_posterior_wrapper took 0.002281 seconds
[2024-01-23 11:07:02,861][hyperopt.tpe][INFO] - TPE using 249/249 trials with best loss 0.235106
[2024-01-23 11:07:02,951][hyperopt.tpe][INFO] - build_posterior_wrapper took 0.002235 seconds
[2024-01-23 11:07:02,951][hyperopt.tpe][INFO] - TPE using 250/250 trials with best loss 0.235106
[2024-01-23 11:07:03,047][hyperopt.tpe][INFO] - build_posterior_wrapper took 0.002230 seconds
[2024-01-23 11:07:03,048][hyperopt.tpe][INFO] - TPE using 251/251 trials with best loss 0.235106
[2024-01-23 11:07:03,123][hyperopt.tpe][INFO] - build_posterior_wrapper took 0.002185 seconds
[2024-01-23 11:07:03,124][hyperopt.tpe][INFO] - TPE using 252/252 trials with best loss 0.235106
[2024-01-23 11:07:03,183][hyperopt.tpe][INFO] - build_posterior_wrapper took 0.002281 seconds
[2024-01-23 11:07:03,183][hyperopt.tpe][INFO] - TPE using 253/253 trials with best loss 0.235106
[2024-01-23 11:07:03,253][hyperopt.tpe][INFO] - build_posterior_wrapper took 0.002173 seconds
[2024-01-23 11:07:03,253][hyperopt.tpe][INFO] - TPE using 254/254 trials with best loss 0.235106
[2024-01-23 11:07:03,406][hyperopt.tpe][INFO] - build_posterior_wrapper took 0.002254 seconds
[2024-01-23 11:07:03,407][hyperopt.tpe][INFO] - TPE using 255/255 trials with best loss 0.235106
[2024-01-23 11:07:03,503][hyperopt.tpe][INFO] - build_posterior_wrapper took 0.002224 seconds
[2024-01-23 11:07:03,503][hyperopt.tpe][INFO] - TPE using 256/256 trials with best loss 0.235106
[2024-01-23 11:07:03,597][hyperopt.tpe][INFO] - build_posterior_wrapper took 0.002194 seconds
[2024-01-23 11:07:03,597][hyperopt.tpe][INFO] - TPE using 257/257 trials with best loss 0.235106
[2024-01-23 11:07:03,792][hyperopt.tpe][INFO] - build_posterior_wrapper took 0.002250 seconds
[2024-01-23 11:07:03,793][hyperopt.tpe][INFO] - TPE using 258/258 trials with best loss 0.235106
[2024-01-23 11:07:03,987][hyperopt.tpe][INFO] - build_posterior_wrapper took 0.002235 seconds
[2024-01-23 11:07:03,988][hyperopt.tpe][INFO] - TPE using 259/259 trials with best loss 0.235106
[2024-01-23 11:07:04,187][hyperopt.tpe][INFO] - build_posterior_wrapper took 0.002416 seconds
[2024-01-23 11:07:04,187][hyperopt.tpe][INFO] - TPE using 260/260 trials with best loss 0.235106
[2024-01-23 11:07:04,379][hyperopt.tpe][INFO] - build_posterior_wrapper took 0.002297 seconds
[2024-01-23 11:07:04,380][hyperopt.tpe][INFO] - TPE using 261/261 trials with best loss 0.235106
[2024-01-23 11:07:04,566][hyperopt.tpe][INFO] - build_posterior_wrapper took 0.002242 seconds
[2024-01-23 11:07:04,566][hyperopt.tpe][INFO] - TPE using 262/262 trials with best loss 0.235106
[2024-01-23 11:07:04,762][hyperopt.tpe][INFO] - build_posterior_wrapper took 0.002256 seconds
[2024-01-23 11:07:04,762][hyperopt.tpe][INFO] - TPE using 263/263 trials with best loss 0.235106
[2024-01-23 11:07:04,944][hyperopt.tpe][INFO] - build_posterior_wrapper took 0.002264 seconds
[2024-01-23 11:07:04,944][hyperopt.tpe][INFO] - TPE using 264/264 trials with best loss 0.235106
[2024-01-23 11:07:05,133][hyperopt.tpe][INFO] - build_posterior_wrapper took 0.002274 seconds
[2024-01-23 11:07:05,134][hyperopt.tpe][INFO] - TPE using 265/265 trials with best loss 0.235106
[2024-01-23 11:07:05,332][hyperopt.tpe][INFO] - build_posterior_wrapper took 0.002279 seconds
[2024-01-23 11:07:05,334][hyperopt.tpe][INFO] - TPE using 266/266 trials with best loss 0.235106
[2024-01-23 11:07:05,533][hyperopt.tpe][INFO] - build_posterior_wrapper took 0.002293 seconds
[2024-01-23 11:07:05,533][hyperopt.tpe][INFO] - TPE using 267/267 trials with best loss 0.235106
[2024-01-23 11:07:05,718][hyperopt.tpe][INFO] - build_posterior_wrapper took 0.002239 seconds
[2024-01-23 11:07:05,718][hyperopt.tpe][INFO] - TPE using 268/268 trials with best loss 0.235106
[2024-01-23 11:07:05,897][hyperopt.tpe][INFO] - build_posterior_wrapper took 0.002244 seconds
[2024-01-23 11:07:05,897][hyperopt.tpe][INFO] - TPE using 269/269 trials with best loss 0.235106
[2024-01-23 11:07:06,079][hyperopt.tpe][INFO] - build_posterior_wrapper took 0.002235 seconds
[2024-01-23 11:07:06,079][hyperopt.tpe][INFO] - TPE using 270/270 trials with best loss 0.235106
[2024-01-23 11:07:06,273][hyperopt.tpe][INFO] - build_posterior_wrapper took 0.002260 seconds
[2024-01-23 11:07:06,273][hyperopt.tpe][INFO] - TPE using 271/271 trials with best loss 0.235106
[2024-01-23 11:07:06,459][hyperopt.tpe][INFO] - build_posterior_wrapper took 0.002246 seconds
[2024-01-23 11:07:06,459][hyperopt.tpe][INFO] - TPE using 272/272 trials with best loss 0.235106
[2024-01-23 11:07:06,660][hyperopt.tpe][INFO] - build_posterior_wrapper took 0.002304 seconds
[2024-01-23 11:07:06,660][hyperopt.tpe][INFO] - TPE using 273/273 trials with best loss 0.234862
[2024-01-23 11:07:06,841][hyperopt.tpe][INFO] - build_posterior_wrapper took 0.002266 seconds
[2024-01-23 11:07:06,842][hyperopt.tpe][INFO] - TPE using 274/274 trials with best loss 0.234862
[2024-01-23 11:07:07,033][hyperopt.tpe][INFO] - build_posterior_wrapper took 0.002237 seconds
[2024-01-23 11:07:07,034][hyperopt.tpe][INFO] - TPE using 275/275 trials with best loss 0.234862
[2024-01-23 11:07:07,232][hyperopt.tpe][INFO] - build_posterior_wrapper took 0.002229 seconds
[2024-01-23 11:07:07,233][hyperopt.tpe][INFO] - TPE using 276/276 trials with best loss 0.234862
[2024-01-23 11:07:07,407][hyperopt.tpe][INFO] - build_posterior_wrapper took 0.002201 seconds
[2024-01-23 11:07:07,408][hyperopt.tpe][INFO] - TPE using 277/277 trials with best loss 0.234862
[2024-01-23 11:07:07,579][hyperopt.tpe][INFO] - build_posterior_wrapper took 0.002243 seconds
[2024-01-23 11:07:07,580][hyperopt.tpe][INFO] - TPE using 278/278 trials with best loss 0.234862
[2024-01-23 11:07:07,776][hyperopt.tpe][INFO] - build_posterior_wrapper took 0.002242 seconds
[2024-01-23 11:07:07,776][hyperopt.tpe][INFO] - TPE using 279/279 trials with best loss 0.234862
[2024-01-23 11:07:07,979][hyperopt.tpe][INFO] - build_posterior_wrapper took 0.002270 seconds
[2024-01-23 11:07:07,980][hyperopt.tpe][INFO] - TPE using 280/280 trials with best loss 0.234862
[2024-01-23 11:07:08,122][hyperopt.tpe][INFO] - build_posterior_wrapper took 0.002228 seconds
[2024-01-23 11:07:08,122][hyperopt.tpe][INFO] - TPE using 281/281 trials with best loss 0.234862
[2024-01-23 11:07:08,284][hyperopt.tpe][INFO] - build_posterior_wrapper took 0.002227 seconds
[2024-01-23 11:07:08,284][hyperopt.tpe][INFO] - TPE using 282/282 trials with best loss 0.234862
[2024-01-23 11:07:08,455][hyperopt.tpe][INFO] - build_posterior_wrapper took 0.002215 seconds
[2024-01-23 11:07:08,455][hyperopt.tpe][INFO] - TPE using 283/283 trials with best loss 0.234862
[2024-01-23 11:07:08,631][hyperopt.tpe][INFO] - build_posterior_wrapper took 0.002261 seconds
[2024-01-23 11:07:08,632][hyperopt.tpe][INFO] - TPE using 284/284 trials with best loss 0.234862
[2024-01-23 11:07:08,781][hyperopt.tpe][INFO] - build_posterior_wrapper took 0.002256 seconds
[2024-01-23 11:07:08,781][hyperopt.tpe][INFO] - TPE using 285/285 trials with best loss 0.234862
[2024-01-23 11:07:08,968][hyperopt.tpe][INFO] - build_posterior_wrapper took 0.002327 seconds
[2024-01-23 11:07:08,968][hyperopt.tpe][INFO] - TPE using 286/286 trials with best loss 0.234862
[2024-01-23 11:07:09,160][hyperopt.tpe][INFO] - build_posterior_wrapper took 0.002225 seconds
[2024-01-23 11:07:09,160][hyperopt.tpe][INFO] - TPE using 287/287 trials with best loss 0.234862
[2024-01-23 11:07:09,296][hyperopt.tpe][INFO] - build_posterior_wrapper took 0.002240 seconds
[2024-01-23 11:07:09,296][hyperopt.tpe][INFO] - TPE using 288/288 trials with best loss 0.234862
[2024-01-23 11:07:09,499][hyperopt.tpe][INFO] - build_posterior_wrapper took 0.002261 seconds
[2024-01-23 11:07:09,500][hyperopt.tpe][INFO] - TPE using 289/289 trials with best loss 0.234862
[2024-01-23 11:07:09,700][hyperopt.tpe][INFO] - build_posterior_wrapper took 0.002357 seconds
[2024-01-23 11:07:09,701][hyperopt.tpe][INFO] - TPE using 290/290 trials with best loss 0.234862
[2024-01-23 11:07:09,828][hyperopt.tpe][INFO] - build_posterior_wrapper took 0.002244 seconds
[2024-01-23 11:07:09,828][hyperopt.tpe][INFO] - TPE using 291/291 trials with best loss 0.234862
[2024-01-23 11:07:09,968][hyperopt.tpe][INFO] - build_posterior_wrapper took 0.002244 seconds
[2024-01-23 11:07:09,968][hyperopt.tpe][INFO] - TPE using 292/292 trials with best loss 0.234862
[2024-01-23 11:07:10,083][hyperopt.tpe][INFO] - build_posterior_wrapper took 0.002264 seconds
[2024-01-23 11:07:10,084][hyperopt.tpe][INFO] - TPE using 293/293 trials with best loss 0.234862
[2024-01-23 11:07:10,268][hyperopt.tpe][INFO] - build_posterior_wrapper took 0.002244 seconds
[2024-01-23 11:07:10,269][hyperopt.tpe][INFO] - TPE using 294/294 trials with best loss 0.233247
[2024-01-23 11:07:10,421][hyperopt.tpe][INFO] - build_posterior_wrapper took 0.002251 seconds
[2024-01-23 11:07:10,421][hyperopt.tpe][INFO] - TPE using 295/295 trials with best loss 0.226785
[2024-01-23 11:07:10,578][hyperopt.tpe][INFO] - build_posterior_wrapper took 0.002298 seconds
[2024-01-23 11:07:10,579][hyperopt.tpe][INFO] - TPE using 296/296 trials with best loss 0.208743
[2024-01-23 11:07:10,720][hyperopt.tpe][INFO] - build_posterior_wrapper took 0.002273 seconds
[2024-01-23 11:07:10,721][hyperopt.tpe][INFO] - TPE using 297/297 trials with best loss 0.208743
[2024-01-23 11:07:10,881][hyperopt.tpe][INFO] - build_posterior_wrapper took 0.002273 seconds
[2024-01-23 11:07:10,882][hyperopt.tpe][INFO] - TPE using 298/298 trials with best loss 0.208743
[2024-01-23 11:07:11,040][hyperopt.tpe][INFO] - build_posterior_wrapper took 0.002258 seconds
[2024-01-23 11:07:11,041][hyperopt.tpe][INFO] - TPE using 299/299 trials with best loss 0.208743
[2024-01-23 11:07:11,107][hyperopt.tpe][INFO] - build_posterior_wrapper took 0.002247 seconds
[2024-01-23 11:07:11,108][hyperopt.tpe][INFO] - TPE using 300/300 trials with best loss 0.208743
[2024-01-23 11:07:11,251][hyperopt.tpe][INFO] - build_posterior_wrapper took 0.002265 seconds
[2024-01-23 11:07:11,252][hyperopt.tpe][INFO] - TPE using 301/301 trials with best loss 0.208743
[2024-01-23 11:07:11,412][hyperopt.tpe][INFO] - build_posterior_wrapper took 0.002270 seconds
[2024-01-23 11:07:11,412][hyperopt.tpe][INFO] - TPE using 302/302 trials with best loss 0.208743
[2024-01-23 11:07:11,575][hyperopt.tpe][INFO] - build_posterior_wrapper took 0.002266 seconds
[2024-01-23 11:07:11,575][hyperopt.tpe][INFO] - TPE using 303/303 trials with best loss 0.208743
[2024-01-23 11:07:11,720][hyperopt.tpe][INFO] - build_posterior_wrapper took 0.002263 seconds
[2024-01-23 11:07:11,720][hyperopt.tpe][INFO] - TPE using 304/304 trials with best loss 0.208743
[2024-01-23 11:07:11,851][hyperopt.tpe][INFO] - build_posterior_wrapper took 0.002256 seconds
[2024-01-23 11:07:11,851][hyperopt.tpe][INFO] - TPE using 305/305 trials with best loss 0.208743
[2024-01-23 11:07:11,968][hyperopt.tpe][INFO] - build_posterior_wrapper took 0.002268 seconds
[2024-01-23 11:07:11,969][hyperopt.tpe][INFO] - TPE using 306/306 trials with best loss 0.208743
[2024-01-23 11:07:12,103][hyperopt.tpe][INFO] - build_posterior_wrapper took 0.002268 seconds
[2024-01-23 11:07:12,103][hyperopt.tpe][INFO] - TPE using 307/307 trials with best loss 0.208743
[2024-01-23 11:07:12,177][hyperopt.tpe][INFO] - build_posterior_wrapper took 0.002216 seconds
[2024-01-23 11:07:12,177][hyperopt.tpe][INFO] - TPE using 308/308 trials with best loss 0.208743
[2024-01-23 11:07:12,247][hyperopt.tpe][INFO] - build_posterior_wrapper took 0.002248 seconds
[2024-01-23 11:07:12,247][hyperopt.tpe][INFO] - TPE using 309/309 trials with best loss 0.208743
[2024-01-23 11:07:12,321][hyperopt.tpe][INFO] - build_posterior_wrapper took 0.002225 seconds
[2024-01-23 11:07:12,321][hyperopt.tpe][INFO] - TPE using 310/310 trials with best loss 0.208743
[2024-01-23 11:07:12,381][hyperopt.tpe][INFO] - build_posterior_wrapper took 0.002226 seconds
[2024-01-23 11:07:12,381][hyperopt.tpe][INFO] - TPE using 311/311 trials with best loss 0.208743
[2024-01-23 11:07:12,447][hyperopt.tpe][INFO] - build_posterior_wrapper took 0.002228 seconds
[2024-01-23 11:07:12,447][hyperopt.tpe][INFO] - TPE using 312/312 trials with best loss 0.208743
[2024-01-23 11:07:12,511][hyperopt.tpe][INFO] - build_posterior_wrapper took 0.002281 seconds
[2024-01-23 11:07:12,512][hyperopt.tpe][INFO] - TPE using 313/313 trials with best loss 0.208743
[2024-01-23 11:07:12,572][hyperopt.tpe][INFO] - build_posterior_wrapper took 0.002290 seconds
[2024-01-23 11:07:12,572][hyperopt.tpe][INFO] - TPE using 314/314 trials with best loss 0.208743
[2024-01-23 11:07:12,629][hyperopt.tpe][INFO] - build_posterior_wrapper took 0.002257 seconds
[2024-01-23 11:07:12,630][hyperopt.tpe][INFO] - TPE using 315/315 trials with best loss 0.208743
[2024-01-23 11:07:12,704][hyperopt.tpe][INFO] - build_posterior_wrapper took 0.002223 seconds
[2024-01-23 11:07:12,705][hyperopt.tpe][INFO] - TPE using 316/316 trials with best loss 0.208743
[2024-01-23 11:07:12,762][hyperopt.tpe][INFO] - build_posterior_wrapper took 0.002234 seconds
[2024-01-23 11:07:12,762][hyperopt.tpe][INFO] - TPE using 317/317 trials with best loss 0.208743
[2024-01-23 11:07:12,829][hyperopt.tpe][INFO] - build_posterior_wrapper took 0.002240 seconds
[2024-01-23 11:07:12,830][hyperopt.tpe][INFO] - TPE using 318/318 trials with best loss 0.208743
[2024-01-23 11:07:12,884][hyperopt.tpe][INFO] - build_posterior_wrapper took 0.002230 seconds
[2024-01-23 11:07:12,885][hyperopt.tpe][INFO] - TPE using 319/319 trials with best loss 0.208743
[2024-01-23 11:07:12,939][hyperopt.tpe][INFO] - build_posterior_wrapper took 0.002278 seconds
[2024-01-23 11:07:12,940][hyperopt.tpe][INFO] - TPE using 320/320 trials with best loss 0.208743
[2024-01-23 11:07:13,002][hyperopt.tpe][INFO] - build_posterior_wrapper took 0.002264 seconds
[2024-01-23 11:07:13,003][hyperopt.tpe][INFO] - TPE using 321/321 trials with best loss 0.208743
[2024-01-23 11:07:13,075][hyperopt.tpe][INFO] - build_posterior_wrapper took 0.002251 seconds
[2024-01-23 11:07:13,076][hyperopt.tpe][INFO] - TPE using 322/322 trials with best loss 0.208743
[2024-01-23 11:07:13,133][hyperopt.tpe][INFO] - build_posterior_wrapper took 0.002264 seconds
[2024-01-23 11:07:13,134][hyperopt.tpe][INFO] - TPE using 323/323 trials with best loss 0.208743
[2024-01-23 11:07:13,294][hyperopt.tpe][INFO] - build_posterior_wrapper took 0.002243 seconds
[2024-01-23 11:07:13,294][hyperopt.tpe][INFO] - TPE using 324/324 trials with best loss 0.208743
[2024-01-23 11:07:13,416][hyperopt.tpe][INFO] - build_posterior_wrapper took 0.002268 seconds
[2024-01-23 11:07:13,417][hyperopt.tpe][INFO] - TPE using 325/325 trials with best loss 0.208743
[2024-01-23 11:07:13,478][hyperopt.tpe][INFO] - build_posterior_wrapper took 0.002248 seconds
[2024-01-23 11:07:13,478][hyperopt.tpe][INFO] - TPE using 326/326 trials with best loss 0.208743
[2024-01-23 11:07:13,552][hyperopt.tpe][INFO] - build_posterior_wrapper took 0.002260 seconds
[2024-01-23 11:07:13,552][hyperopt.tpe][INFO] - TPE using 327/327 trials with best loss 0.208743
[2024-01-23 11:07:13,717][hyperopt.tpe][INFO] - build_posterior_wrapper took 0.002315 seconds
[2024-01-23 11:07:13,718][hyperopt.tpe][INFO] - TPE using 328/328 trials with best loss 0.208743
[2024-01-23 11:07:13,876][hyperopt.tpe][INFO] - build_posterior_wrapper took 0.002255 seconds
[2024-01-23 11:07:13,877][hyperopt.tpe][INFO] - TPE using 329/329 trials with best loss 0.208743
[2024-01-23 11:07:13,935][hyperopt.tpe][INFO] - build_posterior_wrapper took 0.002250 seconds
[2024-01-23 11:07:13,936][hyperopt.tpe][INFO] - TPE using 330/330 trials with best loss 0.208743
[2024-01-23 11:07:14,096][hyperopt.tpe][INFO] - build_posterior_wrapper took 0.002244 seconds
[2024-01-23 11:07:14,096][hyperopt.tpe][INFO] - TPE using 331/331 trials with best loss 0.208743
[2024-01-23 11:07:14,171][hyperopt.tpe][INFO] - build_posterior_wrapper took 0.002246 seconds
[2024-01-23 11:07:14,172][hyperopt.tpe][INFO] - TPE using 332/332 trials with best loss 0.208743
[2024-01-23 11:07:14,286][hyperopt.tpe][INFO] - build_posterior_wrapper took 0.002343 seconds
[2024-01-23 11:07:14,286][hyperopt.tpe][INFO] - TPE using 333/333 trials with best loss 0.208743
[2024-01-23 11:07:14,415][hyperopt.tpe][INFO] - build_posterior_wrapper took 0.002229 seconds
[2024-01-23 11:07:14,416][hyperopt.tpe][INFO] - TPE using 334/334 trials with best loss 0.208743
[2024-01-23 11:07:14,484][hyperopt.tpe][INFO] - build_posterior_wrapper took 0.002240 seconds
[2024-01-23 11:07:14,484][hyperopt.tpe][INFO] - TPE using 335/335 trials with best loss 0.208743
[2024-01-23 11:07:14,661][hyperopt.tpe][INFO] - build_posterior_wrapper took 0.002242 seconds
[2024-01-23 11:07:14,662][hyperopt.tpe][INFO] - TPE using 336/336 trials with best loss 0.208743
[2024-01-23 11:07:14,790][hyperopt.tpe][INFO] - build_posterior_wrapper took 0.002246 seconds
[2024-01-23 11:07:14,790][hyperopt.tpe][INFO] - TPE using 337/337 trials with best loss 0.208743
[2024-01-23 11:07:14,954][hyperopt.tpe][INFO] - build_posterior_wrapper took 0.002239 seconds
[2024-01-23 11:07:14,954][hyperopt.tpe][INFO] - TPE using 338/338 trials with best loss 0.208743
[2024-01-23 11:07:15,080][hyperopt.tpe][INFO] - build_posterior_wrapper took 0.002242 seconds
[2024-01-23 11:07:15,081][hyperopt.tpe][INFO] - TPE using 339/339 trials with best loss 0.208743
[2024-01-23 11:07:15,237][hyperopt.tpe][INFO] - build_posterior_wrapper took 0.002222 seconds
[2024-01-23 11:07:15,237][hyperopt.tpe][INFO] - TPE using 340/340 trials with best loss 0.208743
[2024-01-23 11:07:15,364][hyperopt.tpe][INFO] - build_posterior_wrapper took 0.002237 seconds
[2024-01-23 11:07:15,365][hyperopt.tpe][INFO] - TPE using 341/341 trials with best loss 0.208743
[2024-01-23 11:07:15,423][hyperopt.tpe][INFO] - build_posterior_wrapper took 0.002178 seconds
[2024-01-23 11:07:15,424][hyperopt.tpe][INFO] - TPE using 342/342 trials with best loss 0.208743
[2024-01-23 11:07:15,554][hyperopt.tpe][INFO] - build_posterior_wrapper took 0.002229 seconds
[2024-01-23 11:07:15,555][hyperopt.tpe][INFO] - TPE using 343/343 trials with best loss 0.208743
[2024-01-23 11:07:15,762][hyperopt.tpe][INFO] - build_posterior_wrapper took 0.002218 seconds
[2024-01-23 11:07:15,762][hyperopt.tpe][INFO] - TPE using 344/344 trials with best loss 0.208743
[2024-01-23 11:07:15,822][hyperopt.tpe][INFO] - build_posterior_wrapper took 0.002161 seconds
[2024-01-23 11:07:15,822][hyperopt.tpe][INFO] - TPE using 345/345 trials with best loss 0.208743
[2024-01-23 11:07:15,958][hyperopt.tpe][INFO] - build_posterior_wrapper took 0.002249 seconds
[2024-01-23 11:07:15,959][hyperopt.tpe][INFO] - TPE using 346/346 trials with best loss 0.208743
[2024-01-23 11:07:16,126][hyperopt.tpe][INFO] - build_posterior_wrapper took 0.002238 seconds
[2024-01-23 11:07:16,126][hyperopt.tpe][INFO] - TPE using 347/347 trials with best loss 0.208743
[2024-01-23 11:07:16,277][hyperopt.tpe][INFO] - build_posterior_wrapper took 0.002249 seconds
[2024-01-23 11:07:16,278][hyperopt.tpe][INFO] - TPE using 348/348 trials with best loss 0.208743
[2024-01-23 11:07:16,421][hyperopt.tpe][INFO] - build_posterior_wrapper took 0.002224 seconds
[2024-01-23 11:07:16,422][hyperopt.tpe][INFO] - TPE using 349/349 trials with best loss 0.208743
[2024-01-23 11:07:16,489][hyperopt.tpe][INFO] - build_posterior_wrapper took 0.002256 seconds
[2024-01-23 11:07:16,489][hyperopt.tpe][INFO] - TPE using 350/350 trials with best loss 0.208743
[2024-01-23 11:07:16,607][hyperopt.tpe][INFO] - build_posterior_wrapper took 0.002261 seconds
[2024-01-23 11:07:16,608][hyperopt.tpe][INFO] - TPE using 351/351 trials with best loss 0.208743
[2024-01-23 11:07:16,733][hyperopt.tpe][INFO] - build_posterior_wrapper took 0.002246 seconds
[2024-01-23 11:07:16,734][hyperopt.tpe][INFO] - TPE using 352/352 trials with best loss 0.208743
[2024-01-23 11:07:16,879][hyperopt.tpe][INFO] - build_posterior_wrapper took 0.002270 seconds
[2024-01-23 11:07:16,880][hyperopt.tpe][INFO] - TPE using 353/353 trials with best loss 0.208743
[2024-01-23 11:07:17,016][hyperopt.tpe][INFO] - build_posterior_wrapper took 0.002244 seconds
[2024-01-23 11:07:17,017][hyperopt.tpe][INFO] - TPE using 354/354 trials with best loss 0.208743
[2024-01-23 11:07:17,072][hyperopt.tpe][INFO] - build_posterior_wrapper took 0.002221 seconds
[2024-01-23 11:07:17,072][hyperopt.tpe][INFO] - TPE using 355/355 trials with best loss 0.208743
[2024-01-23 11:07:17,218][hyperopt.tpe][INFO] - build_posterior_wrapper took 0.002280 seconds
[2024-01-23 11:07:17,218][hyperopt.tpe][INFO] - TPE using 356/356 trials with best loss 0.208743
[2024-01-23 11:07:17,376][hyperopt.tpe][INFO] - build_posterior_wrapper took 0.002260 seconds
[2024-01-23 11:07:17,376][hyperopt.tpe][INFO] - TPE using 357/357 trials with best loss 0.208743
[2024-01-23 11:07:17,518][hyperopt.tpe][INFO] - build_posterior_wrapper took 0.002267 seconds
[2024-01-23 11:07:17,518][hyperopt.tpe][INFO] - TPE using 358/358 trials with best loss 0.208743
[2024-01-23 11:07:17,626][hyperopt.tpe][INFO] - build_posterior_wrapper took 0.002295 seconds
[2024-01-23 11:07:17,626][hyperopt.tpe][INFO] - TPE using 359/359 trials with best loss 0.208743
[2024-01-23 11:07:17,682][hyperopt.tpe][INFO] - build_posterior_wrapper took 0.002244 seconds
[2024-01-23 11:07:17,683][hyperopt.tpe][INFO] - TPE using 360/360 trials with best loss 0.208743
[2024-01-23 11:07:17,820][hyperopt.tpe][INFO] - build_posterior_wrapper took 0.002227 seconds
[2024-01-23 11:07:17,820][hyperopt.tpe][INFO] - TPE using 361/361 trials with best loss 0.208743
[2024-01-23 11:07:17,978][hyperopt.tpe][INFO] - build_posterior_wrapper took 0.002235 seconds
[2024-01-23 11:07:17,979][hyperopt.tpe][INFO] - TPE using 362/362 trials with best loss 0.208743
[2024-01-23 11:07:18,116][hyperopt.tpe][INFO] - build_posterior_wrapper took 0.002243 seconds
[2024-01-23 11:07:18,117][hyperopt.tpe][INFO] - TPE using 363/363 trials with best loss 0.208743
[2024-01-23 11:07:18,172][hyperopt.tpe][INFO] - build_posterior_wrapper took 0.002246 seconds
[2024-01-23 11:07:18,172][hyperopt.tpe][INFO] - TPE using 364/364 trials with best loss 0.208743
[2024-01-23 11:07:18,312][hyperopt.tpe][INFO] - build_posterior_wrapper took 0.002243 seconds
[2024-01-23 11:07:18,312][hyperopt.tpe][INFO] - TPE using 365/365 trials with best loss 0.208743
[2024-01-23 11:07:18,464][hyperopt.tpe][INFO] - build_posterior_wrapper took 0.002254 seconds
[2024-01-23 11:07:18,465][hyperopt.tpe][INFO] - TPE using 366/366 trials with best loss 0.208743
[2024-01-23 11:07:18,605][hyperopt.tpe][INFO] - build_posterior_wrapper took 0.002231 seconds
[2024-01-23 11:07:18,605][hyperopt.tpe][INFO] - TPE using 367/367 trials with best loss 0.208743
[2024-01-23 11:07:18,696][hyperopt.tpe][INFO] - build_posterior_wrapper took 0.002155 seconds
[2024-01-23 11:07:18,697][hyperopt.tpe][INFO] - TPE using 368/368 trials with best loss 0.208743
[2024-01-23 11:07:18,750][hyperopt.tpe][INFO] - build_posterior_wrapper took 0.002171 seconds
[2024-01-23 11:07:18,751][hyperopt.tpe][INFO] - TPE using 369/369 trials with best loss 0.208743
[2024-01-23 11:07:18,907][hyperopt.tpe][INFO] - build_posterior_wrapper took 0.002186 seconds
[2024-01-23 11:07:18,908][hyperopt.tpe][INFO] - TPE using 370/370 trials with best loss 0.208329
[2024-01-23 11:07:19,083][hyperopt.tpe][INFO] - build_posterior_wrapper took 0.002178 seconds
[2024-01-23 11:07:19,083][hyperopt.tpe][INFO] - TPE using 371/371 trials with best loss 0.208329
[2024-01-23 11:07:19,218][hyperopt.tpe][INFO] - build_posterior_wrapper took 0.002290 seconds
[2024-01-23 11:07:19,219][hyperopt.tpe][INFO] - TPE using 372/372 trials with best loss 0.208329
[2024-01-23 11:07:19,358][hyperopt.tpe][INFO] - build_posterior_wrapper took 0.002238 seconds
[2024-01-23 11:07:19,359][hyperopt.tpe][INFO] - TPE using 373/373 trials with best loss 0.208329
[2024-01-23 11:07:19,517][hyperopt.tpe][INFO] - build_posterior_wrapper took 0.002249 seconds
[2024-01-23 11:07:19,518][hyperopt.tpe][INFO] - TPE using 374/374 trials with best loss 0.208329
[2024-01-23 11:07:19,728][hyperopt.tpe][INFO] - build_posterior_wrapper took 0.063265 seconds
[2024-01-23 11:07:19,729][hyperopt.tpe][INFO] - TPE using 375/375 trials with best loss 0.208329
[2024-01-23 11:07:19,846][hyperopt.tpe][INFO] - build_posterior_wrapper took 0.002277 seconds
[2024-01-23 11:07:19,846][hyperopt.tpe][INFO] - TPE using 376/376 trials with best loss 0.208329
[2024-01-23 11:07:20,044][hyperopt.tpe][INFO] - build_posterior_wrapper took 0.002273 seconds
[2024-01-23 11:07:20,044][hyperopt.tpe][INFO] - TPE using 377/377 trials with best loss 0.208329
[2024-01-23 11:07:20,179][hyperopt.tpe][INFO] - build_posterior_wrapper took 0.002270 seconds
[2024-01-23 11:07:20,179][hyperopt.tpe][INFO] - TPE using 378/378 trials with best loss 0.208329
[2024-01-23 11:07:20,379][hyperopt.tpe][INFO] - build_posterior_wrapper took 0.002285 seconds
[2024-01-23 11:07:20,379][hyperopt.tpe][INFO] - TPE using 379/379 trials with best loss 0.208329
[2024-01-23 11:07:20,526][hyperopt.tpe][INFO] - build_posterior_wrapper took 0.002282 seconds
[2024-01-23 11:07:20,527][hyperopt.tpe][INFO] - TPE using 380/380 trials with best loss 0.208329
[2024-01-23 11:07:20,663][hyperopt.tpe][INFO] - build_posterior_wrapper took 0.002294 seconds
[2024-01-23 11:07:20,663][hyperopt.tpe][INFO] - TPE using 381/381 trials with best loss 0.208329
[2024-01-23 11:07:20,798][hyperopt.tpe][INFO] - build_posterior_wrapper took 0.002271 seconds
[2024-01-23 11:07:20,799][hyperopt.tpe][INFO] - TPE using 382/382 trials with best loss 0.208329
[2024-01-23 11:07:20,914][hyperopt.tpe][INFO] - build_posterior_wrapper took 0.002260 seconds
[2024-01-23 11:07:20,915][hyperopt.tpe][INFO] - TPE using 383/383 trials with best loss 0.208329
[2024-01-23 11:07:21,073][hyperopt.tpe][INFO] - build_posterior_wrapper took 0.002343 seconds
[2024-01-23 11:07:21,074][hyperopt.tpe][INFO] - TPE using 384/384 trials with best loss 0.205974
[2024-01-23 11:07:21,228][hyperopt.tpe][INFO] - build_posterior_wrapper took 0.002290 seconds
[2024-01-23 11:07:21,229][hyperopt.tpe][INFO] - TPE using 385/385 trials with best loss 0.205974
[2024-01-23 11:07:21,390][hyperopt.tpe][INFO] - build_posterior_wrapper took 0.002266 seconds
[2024-01-23 11:07:21,390][hyperopt.tpe][INFO] - TPE using 386/386 trials with best loss 0.205974
[2024-01-23 11:07:21,543][hyperopt.tpe][INFO] - build_posterior_wrapper took 0.002291 seconds
[2024-01-23 11:07:21,543][hyperopt.tpe][INFO] - TPE using 387/387 trials with best loss 0.205974
[2024-01-23 11:07:21,702][hyperopt.tpe][INFO] - build_posterior_wrapper took 0.002261 seconds
[2024-01-23 11:07:21,703][hyperopt.tpe][INFO] - TPE using 388/388 trials with best loss 0.205974
[2024-01-23 11:07:21,843][hyperopt.tpe][INFO] - build_posterior_wrapper took 0.002272 seconds
[2024-01-23 11:07:21,844][hyperopt.tpe][INFO] - TPE using 389/389 trials with best loss 0.205974
[2024-01-23 11:07:22,002][hyperopt.tpe][INFO] - build_posterior_wrapper took 0.002435 seconds
[2024-01-23 11:07:22,002][hyperopt.tpe][INFO] - TPE using 390/390 trials with best loss 0.205974
[2024-01-23 11:07:22,132][hyperopt.tpe][INFO] - build_posterior_wrapper took 0.002259 seconds
[2024-01-23 11:07:22,132][hyperopt.tpe][INFO] - TPE using 391/391 trials with best loss 0.205974
[2024-01-23 11:07:22,248][hyperopt.tpe][INFO] - build_posterior_wrapper took 0.002362 seconds
[2024-01-23 11:07:22,249][hyperopt.tpe][INFO] - TPE using 392/392 trials with best loss 0.205974
[2024-01-23 11:07:22,449][hyperopt.tpe][INFO] - build_posterior_wrapper took 0.002313 seconds
[2024-01-23 11:07:22,449][hyperopt.tpe][INFO] - TPE using 393/393 trials with best loss 0.205974
[2024-01-23 11:07:22,624][hyperopt.tpe][INFO] - build_posterior_wrapper took 0.002286 seconds
[2024-01-23 11:07:22,624][hyperopt.tpe][INFO] - TPE using 394/394 trials with best loss 0.205974
[2024-01-23 11:07:22,761][hyperopt.tpe][INFO] - build_posterior_wrapper took 0.002316 seconds
[2024-01-23 11:07:22,762][hyperopt.tpe][INFO] - TPE using 395/395 trials with best loss 0.205974
[2024-01-23 11:07:22,913][hyperopt.tpe][INFO] - build_posterior_wrapper took 0.002284 seconds
[2024-01-23 11:07:22,914][hyperopt.tpe][INFO] - TPE using 396/396 trials with best loss 0.205974
[2024-01-23 11:07:23,042][hyperopt.tpe][INFO] - build_posterior_wrapper took 0.002271 seconds
[2024-01-23 11:07:23,043][hyperopt.tpe][INFO] - TPE using 397/397 trials with best loss 0.205974
[2024-01-23 11:07:23,184][hyperopt.tpe][INFO] - build_posterior_wrapper took 0.002317 seconds
[2024-01-23 11:07:23,184][hyperopt.tpe][INFO] - TPE using 398/398 trials with best loss 0.205974
[2024-01-23 11:07:23,317][hyperopt.tpe][INFO] - build_posterior_wrapper took 0.002262 seconds
[2024-01-23 11:07:23,318][hyperopt.tpe][INFO] - TPE using 399/399 trials with best loss 0.205974
[2024-01-23 11:07:23,433][hyperopt.tpe][INFO] - build_posterior_wrapper took 0.002348 seconds
[2024-01-23 11:07:23,434][hyperopt.tpe][INFO] - TPE using 400/400 trials with best loss 0.205974
[2024-01-23 11:07:23,645][hyperopt.tpe][INFO] - build_posterior_wrapper took 0.002255 seconds
[2024-01-23 11:07:23,646][hyperopt.tpe][INFO] - TPE using 401/401 trials with best loss 0.205974
[2024-01-23 11:07:23,797][hyperopt.tpe][INFO] - build_posterior_wrapper took 0.002269 seconds
[2024-01-23 11:07:23,798][hyperopt.tpe][INFO] - TPE using 402/402 trials with best loss 0.205974
[2024-01-23 11:07:23,944][hyperopt.tpe][INFO] - build_posterior_wrapper took 0.002254 seconds
[2024-01-23 11:07:23,944][hyperopt.tpe][INFO] - TPE using 403/403 trials with best loss 0.205974
[2024-01-23 11:07:24,103][hyperopt.tpe][INFO] - build_posterior_wrapper took 0.002257 seconds
[2024-01-23 11:07:24,104][hyperopt.tpe][INFO] - TPE using 404/404 trials with best loss 0.205974
[2024-01-23 11:07:24,250][hyperopt.tpe][INFO] - build_posterior_wrapper took 0.002293 seconds
[2024-01-23 11:07:24,251][hyperopt.tpe][INFO] - TPE using 405/405 trials with best loss 0.205974
[2024-01-23 11:07:24,395][hyperopt.tpe][INFO] - build_posterior_wrapper took 0.002257 seconds
[2024-01-23 11:07:24,396][hyperopt.tpe][INFO] - TPE using 406/406 trials with best loss 0.205974
[2024-01-23 11:07:24,539][hyperopt.tpe][INFO] - build_posterior_wrapper took 0.002260 seconds
[2024-01-23 11:07:24,539][hyperopt.tpe][INFO] - TPE using 407/407 trials with best loss 0.205974
[2024-01-23 11:07:24,699][hyperopt.tpe][INFO] - build_posterior_wrapper took 0.002271 seconds
[2024-01-23 11:07:24,700][hyperopt.tpe][INFO] - TPE using 408/408 trials with best loss 0.205426
[2024-01-23 11:07:24,849][hyperopt.tpe][INFO] - build_posterior_wrapper took 0.002299 seconds
[2024-01-23 11:07:24,850][hyperopt.tpe][INFO] - TPE using 409/409 trials with best loss 0.205426
[2024-01-23 11:07:25,005][hyperopt.tpe][INFO] - build_posterior_wrapper took 0.002270 seconds
[2024-01-23 11:07:25,006][hyperopt.tpe][INFO] - TPE using 410/410 trials with best loss 0.205426
[2024-01-23 11:07:25,146][hyperopt.tpe][INFO] - build_posterior_wrapper took 0.002274 seconds
[2024-01-23 11:07:25,146][hyperopt.tpe][INFO] - TPE using 411/411 trials with best loss 0.205426
[2024-01-23 11:07:25,293][hyperopt.tpe][INFO] - build_posterior_wrapper took 0.002305 seconds
[2024-01-23 11:07:25,293][hyperopt.tpe][INFO] - TPE using 412/412 trials with best loss 0.205426
[2024-01-23 11:07:25,438][hyperopt.tpe][INFO] - build_posterior_wrapper took 0.002263 seconds
[2024-01-23 11:07:25,438][hyperopt.tpe][INFO] - TPE using 413/413 trials with best loss 0.205426
[2024-01-23 11:07:25,580][hyperopt.tpe][INFO] - build_posterior_wrapper took 0.002256 seconds
[2024-01-23 11:07:25,581][hyperopt.tpe][INFO] - TPE using 414/414 trials with best loss 0.205426
[2024-01-23 11:07:25,728][hyperopt.tpe][INFO] - build_posterior_wrapper took 0.002261 seconds
[2024-01-23 11:07:25,728][hyperopt.tpe][INFO] - TPE using 415/415 trials with best loss 0.205426
[2024-01-23 11:07:25,875][hyperopt.tpe][INFO] - build_posterior_wrapper took 0.002257 seconds
[2024-01-23 11:07:25,876][hyperopt.tpe][INFO] - TPE using 416/416 trials with best loss 0.205426
[2024-01-23 11:07:26,036][hyperopt.tpe][INFO] - build_posterior_wrapper took 0.002255 seconds
[2024-01-23 11:07:26,036][hyperopt.tpe][INFO] - TPE using 417/417 trials with best loss 0.205426
[2024-01-23 11:07:26,170][hyperopt.tpe][INFO] - build_posterior_wrapper took 0.002195 seconds
[2024-01-23 11:07:26,170][hyperopt.tpe][INFO] - TPE using 418/418 trials with best loss 0.205426
[2024-01-23 11:07:26,311][hyperopt.tpe][INFO] - build_posterior_wrapper took 0.002259 seconds
[2024-01-23 11:07:26,312][hyperopt.tpe][INFO] - TPE using 419/419 trials with best loss 0.205426
[2024-01-23 11:07:26,478][hyperopt.tpe][INFO] - build_posterior_wrapper took 0.002243 seconds
[2024-01-23 11:07:26,479][hyperopt.tpe][INFO] - TPE using 420/420 trials with best loss 0.205426
[2024-01-23 11:07:26,626][hyperopt.tpe][INFO] - build_posterior_wrapper took 0.002246 seconds
[2024-01-23 11:07:26,626][hyperopt.tpe][INFO] - TPE using 421/421 trials with best loss 0.205426
[2024-01-23 11:07:26,737][hyperopt.tpe][INFO] - build_posterior_wrapper took 0.002231 seconds
[2024-01-23 11:07:26,737][hyperopt.tpe][INFO] - TPE using 422/422 trials with best loss 0.205426
[2024-01-23 11:07:26,878][hyperopt.tpe][INFO] - build_posterior_wrapper took 0.002268 seconds
[2024-01-23 11:07:26,879][hyperopt.tpe][INFO] - TPE using 423/423 trials with best loss 0.205426
[2024-01-23 11:07:27,078][hyperopt.tpe][INFO] - build_posterior_wrapper took 0.002261 seconds
[2024-01-23 11:07:27,079][hyperopt.tpe][INFO] - TPE using 424/424 trials with best loss 0.205426
[2024-01-23 11:07:27,193][hyperopt.tpe][INFO] - build_posterior_wrapper took 0.002255 seconds
[2024-01-23 11:07:27,193][hyperopt.tpe][INFO] - TPE using 425/425 trials with best loss 0.205426
[2024-01-23 11:07:27,353][hyperopt.tpe][INFO] - build_posterior_wrapper took 0.002254 seconds
[2024-01-23 11:07:27,353][hyperopt.tpe][INFO] - TPE using 426/426 trials with best loss 0.205426
[2024-01-23 11:07:27,485][hyperopt.tpe][INFO] - build_posterior_wrapper took 0.002271 seconds
[2024-01-23 11:07:27,486][hyperopt.tpe][INFO] - TPE using 427/427 trials with best loss 0.205426
[2024-01-23 11:07:27,625][hyperopt.tpe][INFO] - build_posterior_wrapper took 0.002273 seconds
[2024-01-23 11:07:27,626][hyperopt.tpe][INFO] - TPE using 428/428 trials with best loss 0.205426
[2024-01-23 11:07:27,785][hyperopt.tpe][INFO] - build_posterior_wrapper took 0.002242 seconds
[2024-01-23 11:07:27,785][hyperopt.tpe][INFO] - TPE using 429/429 trials with best loss 0.205426
[2024-01-23 11:07:27,956][hyperopt.tpe][INFO] - build_posterior_wrapper took 0.002228 seconds
[2024-01-23 11:07:27,957][hyperopt.tpe][INFO] - TPE using 430/430 trials with best loss 0.205426
[2024-01-23 11:07:28,070][hyperopt.tpe][INFO] - build_posterior_wrapper took 0.002265 seconds
[2024-01-23 11:07:28,071][hyperopt.tpe][INFO] - TPE using 431/431 trials with best loss 0.205426
[2024-01-23 11:07:28,220][hyperopt.tpe][INFO] - build_posterior_wrapper took 0.002234 seconds
[2024-01-23 11:07:28,221][hyperopt.tpe][INFO] - TPE using 432/432 trials with best loss 0.205426
[2024-01-23 11:07:28,335][hyperopt.tpe][INFO] - build_posterior_wrapper took 0.002266 seconds
[2024-01-23 11:07:28,335][hyperopt.tpe][INFO] - TPE using 433/433 trials with best loss 0.205426
[2024-01-23 11:07:28,482][hyperopt.tpe][INFO] - build_posterior_wrapper took 0.002242 seconds
[2024-01-23 11:07:28,482][hyperopt.tpe][INFO] - TPE using 434/434 trials with best loss 0.205426
[2024-01-23 11:07:28,620][hyperopt.tpe][INFO] - build_posterior_wrapper took 0.002257 seconds
[2024-01-23 11:07:28,621][hyperopt.tpe][INFO] - TPE using 435/435 trials with best loss 0.205426
[2024-01-23 11:07:28,762][hyperopt.tpe][INFO] - build_posterior_wrapper took 0.002264 seconds
[2024-01-23 11:07:28,763][hyperopt.tpe][INFO] - TPE using 436/436 trials with best loss 0.205426
[2024-01-23 11:07:28,897][hyperopt.tpe][INFO] - build_posterior_wrapper took 0.002254 seconds
[2024-01-23 11:07:28,898][hyperopt.tpe][INFO] - TPE using 437/437 trials with best loss 0.205426
[2024-01-23 11:07:29,064][hyperopt.tpe][INFO] - build_posterior_wrapper took 0.002262 seconds
[2024-01-23 11:07:29,065][hyperopt.tpe][INFO] - TPE using 438/438 trials with best loss 0.205426
[2024-01-23 11:07:29,271][hyperopt.tpe][INFO] - build_posterior_wrapper took 0.002232 seconds
[2024-01-23 11:07:29,271][hyperopt.tpe][INFO] - TPE using 439/439 trials with best loss 0.205426
[2024-01-23 11:07:29,410][hyperopt.tpe][INFO] - build_posterior_wrapper took 0.002246 seconds
[2024-01-23 11:07:29,411][hyperopt.tpe][INFO] - TPE using 440/440 trials with best loss 0.205426
[2024-01-23 11:07:29,536][hyperopt.tpe][INFO] - build_posterior_wrapper took 0.002264 seconds
[2024-01-23 11:07:29,537][hyperopt.tpe][INFO] - TPE using 441/441 trials with best loss 0.205426
[2024-01-23 11:07:29,652][hyperopt.tpe][INFO] - build_posterior_wrapper took 0.002245 seconds
[2024-01-23 11:07:29,653][hyperopt.tpe][INFO] - TPE using 442/442 trials with best loss 0.205426
[2024-01-23 11:07:29,797][hyperopt.tpe][INFO] - build_posterior_wrapper took 0.002312 seconds
[2024-01-23 11:07:29,798][hyperopt.tpe][INFO] - TPE using 443/443 trials with best loss 0.205426
[2024-01-23 11:07:29,927][hyperopt.tpe][INFO] - build_posterior_wrapper took 0.002270 seconds
[2024-01-23 11:07:29,927][hyperopt.tpe][INFO] - TPE using 444/444 trials with best loss 0.205426
[2024-01-23 11:07:30,064][hyperopt.tpe][INFO] - build_posterior_wrapper took 0.002269 seconds
[2024-01-23 11:07:30,065][hyperopt.tpe][INFO] - TPE using 445/445 trials with best loss 0.205426
[2024-01-23 11:07:30,211][hyperopt.tpe][INFO] - build_posterior_wrapper took 0.002225 seconds
[2024-01-23 11:07:30,211][hyperopt.tpe][INFO] - TPE using 446/446 trials with best loss 0.205426
[2024-01-23 11:07:30,445][hyperopt.tpe][INFO] - build_posterior_wrapper took 0.002229 seconds
[2024-01-23 11:07:30,445][hyperopt.tpe][INFO] - TPE using 447/447 trials with best loss 0.205426
[2024-01-23 11:07:30,583][hyperopt.tpe][INFO] - build_posterior_wrapper took 0.002189 seconds
[2024-01-23 11:07:30,584][hyperopt.tpe][INFO] - TPE using 448/448 trials with best loss 0.205426
[2024-01-23 11:07:30,697][hyperopt.tpe][INFO] - build_posterior_wrapper took 0.002246 seconds
[2024-01-23 11:07:30,698][hyperopt.tpe][INFO] - TPE using 449/449 trials with best loss 0.205426
[2024-01-23 11:07:30,834][hyperopt.tpe][INFO] - build_posterior_wrapper took 0.002305 seconds
[2024-01-23 11:07:30,835][hyperopt.tpe][INFO] - TPE using 450/450 trials with best loss 0.205426
[2024-01-23 11:07:30,952][hyperopt.tpe][INFO] - build_posterior_wrapper took 0.002253 seconds
[2024-01-23 11:07:30,953][hyperopt.tpe][INFO] - TPE using 451/451 trials with best loss 0.205426
[2024-01-23 11:07:31,094][hyperopt.tpe][INFO] - build_posterior_wrapper took 0.002255 seconds
[2024-01-23 11:07:31,094][hyperopt.tpe][INFO] - TPE using 452/452 trials with best loss 0.205426
[2024-01-23 11:07:31,223][hyperopt.tpe][INFO] - build_posterior_wrapper took 0.002261 seconds
[2024-01-23 11:07:31,223][hyperopt.tpe][INFO] - TPE using 453/453 trials with best loss 0.205426
[2024-01-23 11:07:31,388][hyperopt.tpe][INFO] - build_posterior_wrapper took 0.002334 seconds
[2024-01-23 11:07:31,389][hyperopt.tpe][INFO] - TPE using 454/454 trials with best loss 0.205426
[2024-01-23 11:07:31,549][hyperopt.tpe][INFO] - build_posterior_wrapper took 0.002310 seconds
[2024-01-23 11:07:31,549][hyperopt.tpe][INFO] - TPE using 455/455 trials with best loss 0.205426
[2024-01-23 11:07:31,714][hyperopt.tpe][INFO] - build_posterior_wrapper took 0.002266 seconds
[2024-01-23 11:07:31,714][hyperopt.tpe][INFO] - TPE using 456/456 trials with best loss 0.205426
[2024-01-23 11:07:31,926][hyperopt.tpe][INFO] - build_posterior_wrapper took 0.002246 seconds
[2024-01-23 11:07:31,926][hyperopt.tpe][INFO] - TPE using 457/457 trials with best loss 0.205426
[2024-01-23 11:07:32,037][hyperopt.tpe][INFO] - build_posterior_wrapper took 0.002265 seconds
[2024-01-23 11:07:32,037][hyperopt.tpe][INFO] - TPE using 458/458 trials with best loss 0.205426
[2024-01-23 11:07:32,171][hyperopt.tpe][INFO] - build_posterior_wrapper took 0.002280 seconds
[2024-01-23 11:07:32,172][hyperopt.tpe][INFO] - TPE using 459/459 trials with best loss 0.205426
[2024-01-23 11:07:32,318][hyperopt.tpe][INFO] - build_posterior_wrapper took 0.002252 seconds
[2024-01-23 11:07:32,319][hyperopt.tpe][INFO] - TPE using 460/460 trials with best loss 0.205426
[2024-01-23 11:07:32,509][hyperopt.tpe][INFO] - build_posterior_wrapper took 0.002269 seconds
[2024-01-23 11:07:32,510][hyperopt.tpe][INFO] - TPE using 461/461 trials with best loss 0.205426
[2024-01-23 11:07:32,628][hyperopt.tpe][INFO] - build_posterior_wrapper took 0.002259 seconds
[2024-01-23 11:07:32,628][hyperopt.tpe][INFO] - TPE using 462/462 trials with best loss 0.205426
[2024-01-23 11:07:32,765][hyperopt.tpe][INFO] - build_posterior_wrapper took 0.002250 seconds
[2024-01-23 11:07:32,766][hyperopt.tpe][INFO] - TPE using 463/463 trials with best loss 0.205426
[2024-01-23 11:07:32,903][hyperopt.tpe][INFO] - build_posterior_wrapper took 0.002245 seconds
[2024-01-23 11:07:32,903][hyperopt.tpe][INFO] - TPE using 464/464 trials with best loss 0.205426
[2024-01-23 11:07:33,067][hyperopt.tpe][INFO] - build_posterior_wrapper took 0.002255 seconds
[2024-01-23 11:07:33,068][hyperopt.tpe][INFO] - TPE using 465/465 trials with best loss 0.205426
[2024-01-23 11:07:33,208][hyperopt.tpe][INFO] - build_posterior_wrapper took 0.002297 seconds
[2024-01-23 11:07:33,209][hyperopt.tpe][INFO] - TPE using 466/466 trials with best loss 0.205426
[2024-01-23 11:07:33,355][hyperopt.tpe][INFO] - build_posterior_wrapper took 0.002243 seconds
[2024-01-23 11:07:33,355][hyperopt.tpe][INFO] - TPE using 467/467 trials with best loss 0.205426
[2024-01-23 11:07:33,470][hyperopt.tpe][INFO] - build_posterior_wrapper took 0.002260 seconds
[2024-01-23 11:07:33,471][hyperopt.tpe][INFO] - TPE using 468/468 trials with best loss 0.205426
[2024-01-23 11:07:33,677][hyperopt.tpe][INFO] - build_posterior_wrapper took 0.002240 seconds
[2024-01-23 11:07:33,678][hyperopt.tpe][INFO] - TPE using 469/469 trials with best loss 0.205426
[2024-01-23 11:07:33,795][hyperopt.tpe][INFO] - build_posterior_wrapper took 0.002244 seconds
[2024-01-23 11:07:33,796][hyperopt.tpe][INFO] - TPE using 470/470 trials with best loss 0.205426
[2024-01-23 11:07:33,925][hyperopt.tpe][INFO] - build_posterior_wrapper took 0.002256 seconds
[2024-01-23 11:07:33,926][hyperopt.tpe][INFO] - TPE using 471/471 trials with best loss 0.205426
[2024-01-23 11:07:34,076][hyperopt.tpe][INFO] - build_posterior_wrapper took 0.002281 seconds
[2024-01-23 11:07:34,076][hyperopt.tpe][INFO] - TPE using 472/472 trials with best loss 0.205426
[2024-01-23 11:07:34,215][hyperopt.tpe][INFO] - build_posterior_wrapper took 0.002253 seconds
[2024-01-23 11:07:34,215][hyperopt.tpe][INFO] - TPE using 473/473 trials with best loss 0.205426
[2024-01-23 11:07:34,371][hyperopt.tpe][INFO] - build_posterior_wrapper took 0.002245 seconds
[2024-01-23 11:07:34,372][hyperopt.tpe][INFO] - TPE using 474/474 trials with best loss 0.205426
[2024-01-23 11:07:34,582][hyperopt.tpe][INFO] - build_posterior_wrapper took 0.002245 seconds
[2024-01-23 11:07:34,583][hyperopt.tpe][INFO] - TPE using 475/475 trials with best loss 0.205426
[2024-01-23 11:07:34,724][hyperopt.tpe][INFO] - build_posterior_wrapper took 0.002255 seconds
[2024-01-23 11:07:34,725][hyperopt.tpe][INFO] - TPE using 476/476 trials with best loss 0.205426
[2024-01-23 11:07:34,842][hyperopt.tpe][INFO] - build_posterior_wrapper took 0.002304 seconds
[2024-01-23 11:07:34,843][hyperopt.tpe][INFO] - TPE using 477/477 trials with best loss 0.205426
[2024-01-23 11:07:34,980][hyperopt.tpe][INFO] - build_posterior_wrapper took 0.002236 seconds
[2024-01-23 11:07:34,980][hyperopt.tpe][INFO] - TPE using 478/478 trials with best loss 0.205426
[2024-01-23 11:07:35,098][hyperopt.tpe][INFO] - build_posterior_wrapper took 0.002502 seconds
[2024-01-23 11:07:35,099][hyperopt.tpe][INFO] - TPE using 479/479 trials with best loss 0.205426
[2024-01-23 11:07:35,241][hyperopt.tpe][INFO] - build_posterior_wrapper took 0.002263 seconds
[2024-01-23 11:07:35,242][hyperopt.tpe][INFO] - TPE using 480/480 trials with best loss 0.205426
[2024-01-23 11:07:35,371][hyperopt.tpe][INFO] - build_posterior_wrapper took 0.002250 seconds
[2024-01-23 11:07:35,372][hyperopt.tpe][INFO] - TPE using 481/481 trials with best loss 0.205426
[2024-01-23 11:07:35,506][hyperopt.tpe][INFO] - build_posterior_wrapper took 0.002259 seconds
[2024-01-23 11:07:35,507][hyperopt.tpe][INFO] - TPE using 482/482 trials with best loss 0.205426
[2024-01-23 11:07:35,664][hyperopt.tpe][INFO] - build_posterior_wrapper took 0.002262 seconds
[2024-01-23 11:07:35,664][hyperopt.tpe][INFO] - TPE using 483/483 trials with best loss 0.205426
[2024-01-23 11:07:35,865][hyperopt.tpe][INFO] - build_posterior_wrapper took 0.002272 seconds
[2024-01-23 11:07:35,866][hyperopt.tpe][INFO] - TPE using 484/484 trials with best loss 0.205426
[2024-01-23 11:07:35,996][hyperopt.tpe][INFO] - build_posterior_wrapper took 0.002255 seconds
[2024-01-23 11:07:35,997][hyperopt.tpe][INFO] - TPE using 485/485 trials with best loss 0.205426
[2024-01-23 11:07:36,136][hyperopt.tpe][INFO] - build_posterior_wrapper took 0.002238 seconds
[2024-01-23 11:07:36,137][hyperopt.tpe][INFO] - TPE using 486/486 trials with best loss 0.205426
[2024-01-23 11:07:36,285][hyperopt.tpe][INFO] - build_posterior_wrapper took 0.002283 seconds
[2024-01-23 11:07:36,286][hyperopt.tpe][INFO] - TPE using 487/487 trials with best loss 0.205426
[2024-01-23 11:07:36,404][hyperopt.tpe][INFO] - build_posterior_wrapper took 0.002265 seconds
[2024-01-23 11:07:36,404][hyperopt.tpe][INFO] - TPE using 488/488 trials with best loss 0.205426
[2024-01-23 11:07:36,547][hyperopt.tpe][INFO] - build_posterior_wrapper took 0.002268 seconds
[2024-01-23 11:07:36,548][hyperopt.tpe][INFO] - TPE using 489/489 trials with best loss 0.205426
[2024-01-23 11:07:36,690][hyperopt.tpe][INFO] - build_posterior_wrapper took 0.002257 seconds
[2024-01-23 11:07:36,691][hyperopt.tpe][INFO] - TPE using 490/490 trials with best loss 0.205426
[2024-01-23 11:07:36,845][hyperopt.tpe][INFO] - build_posterior_wrapper took 0.002285 seconds
[2024-01-23 11:07:36,845][hyperopt.tpe][INFO] - TPE using 491/491 trials with best loss 0.205426
[2024-01-23 11:07:37,011][hyperopt.tpe][INFO] - build_posterior_wrapper took 0.002244 seconds
[2024-01-23 11:07:37,012][hyperopt.tpe][INFO] - TPE using 492/492 trials with best loss 0.205426
[2024-01-23 11:07:37,175][hyperopt.tpe][INFO] - build_posterior_wrapper took 0.002299 seconds
[2024-01-23 11:07:37,175][hyperopt.tpe][INFO] - TPE using 493/493 trials with best loss 0.205426
[2024-01-23 11:07:37,320][hyperopt.tpe][INFO] - build_posterior_wrapper took 0.002249 seconds
[2024-01-23 11:07:37,321][hyperopt.tpe][INFO] - TPE using 494/494 trials with best loss 0.205426
[2024-01-23 11:07:37,445][hyperopt.tpe][INFO] - build_posterior_wrapper took 0.002274 seconds
[2024-01-23 11:07:37,445][hyperopt.tpe][INFO] - TPE using 495/495 trials with best loss 0.205426
[2024-01-23 11:07:37,644][hyperopt.tpe][INFO] - build_posterior_wrapper took 0.002259 seconds
[2024-01-23 11:07:37,644][hyperopt.tpe][INFO] - TPE using 496/496 trials with best loss 0.205426
[2024-01-23 11:07:37,760][hyperopt.tpe][INFO] - build_posterior_wrapper took 0.002239 seconds
[2024-01-23 11:07:37,760][hyperopt.tpe][INFO] - TPE using 497/497 trials with best loss 0.205426
[2024-01-23 11:07:37,898][hyperopt.tpe][INFO] - build_posterior_wrapper took 0.002251 seconds
[2024-01-23 11:07:37,898][hyperopt.tpe][INFO] - TPE using 498/498 trials with best loss 0.205426
[2024-01-23 11:07:38,104][hyperopt.tpe][INFO] - build_posterior_wrapper took 0.002242 seconds
[2024-01-23 11:07:38,104][hyperopt.tpe][INFO] - TPE using 499/499 trials with best loss 0.205426
[2024-01-23 11:07:38,247][root][INFO] - Hyperopt complete
[2024-01-23 11:07:38,247][root][INFO] - Best params: {'gamma': 0, 'learning_rate': 0.505, 'max_depth': 6, 'min_child_weight': 3, 'n_estimators': 200, 'reg_alpha': 0.12456786297545994, 'reg_lambda': 5.709946362929483, 'subsample': 0.8}
[2024-01-23 11:07:38,268][root][INFO] - Parameters written to /projects/p31961/ENIGMA/results/experiments/endpoint_experiments/xgb_regression_da_and_d2_hyperopt_tune_with_elastic_net/best_params.yaml
[2024-01-23 11:07:38,268][root][INFO] - Writing results to /projects/p31961/ENIGMA/results/experiments/endpoint_experiments/xgb_regression_da_and_d2_hyperopt_tune_with_elastic_net/hyper_opt_results.parquet
[2024-01-23 11:07:38,273][root][INFO] - Experiment complete
