[2024-01-01 12:09:08,569][root][INFO] - Experiment name: xgb_regression_da_and_d2_only_hyperopt_tune_no_reg
[2024-01-01 12:09:13,420][root][INFO] - Running hyperopt
[2024-01-01 12:09:13,442][hyperopt.tpe][INFO] - build_posterior_wrapper took 0.001868 seconds
[2024-01-01 12:09:13,442][hyperopt.tpe][INFO] - TPE using 0 trials
[2024-01-01 12:09:13,943][hyperopt.tpe][INFO] - build_posterior_wrapper took 0.001823 seconds
[2024-01-01 12:09:13,944][hyperopt.tpe][INFO] - TPE using 1/1 trials with best loss 0.337094
[2024-01-01 12:09:14,066][hyperopt.tpe][INFO] - build_posterior_wrapper took 0.002521 seconds
[2024-01-01 12:09:14,066][hyperopt.tpe][INFO] - TPE using 2/2 trials with best loss 0.310148
[2024-01-01 12:09:14,164][hyperopt.tpe][INFO] - build_posterior_wrapper took 0.001761 seconds
[2024-01-01 12:09:14,164][hyperopt.tpe][INFO] - TPE using 3/3 trials with best loss 0.310148
[2024-01-01 12:09:14,358][hyperopt.tpe][INFO] - build_posterior_wrapper took 0.001728 seconds
[2024-01-01 12:09:14,358][hyperopt.tpe][INFO] - TPE using 4/4 trials with best loss 0.310148
[2024-01-01 12:09:14,484][hyperopt.tpe][INFO] - build_posterior_wrapper took 0.001735 seconds
[2024-01-01 12:09:14,484][hyperopt.tpe][INFO] - TPE using 5/5 trials with best loss 0.310148
[2024-01-01 12:09:14,588][hyperopt.tpe][INFO] - build_posterior_wrapper took 0.001763 seconds
[2024-01-01 12:09:14,588][hyperopt.tpe][INFO] - TPE using 6/6 trials with best loss 0.310148
[2024-01-01 12:09:14,688][hyperopt.tpe][INFO] - build_posterior_wrapper took 0.001732 seconds
[2024-01-01 12:09:14,688][hyperopt.tpe][INFO] - TPE using 7/7 trials with best loss 0.310148
[2024-01-01 12:09:14,747][hyperopt.tpe][INFO] - build_posterior_wrapper took 0.001791 seconds
[2024-01-01 12:09:14,747][hyperopt.tpe][INFO] - TPE using 8/8 trials with best loss 0.310148
[2024-01-01 12:09:14,822][hyperopt.tpe][INFO] - build_posterior_wrapper took 0.001740 seconds
[2024-01-01 12:09:14,822][hyperopt.tpe][INFO] - TPE using 9/9 trials with best loss 0.310148
[2024-01-01 12:09:14,904][hyperopt.tpe][INFO] - build_posterior_wrapper took 0.001755 seconds
[2024-01-01 12:09:14,904][hyperopt.tpe][INFO] - TPE using 10/10 trials with best loss 0.310148
[2024-01-01 12:09:14,973][hyperopt.tpe][INFO] - build_posterior_wrapper took 0.001764 seconds
[2024-01-01 12:09:14,974][hyperopt.tpe][INFO] - TPE using 11/11 trials with best loss 0.310148
[2024-01-01 12:09:15,039][hyperopt.tpe][INFO] - build_posterior_wrapper took 0.001759 seconds
[2024-01-01 12:09:15,040][hyperopt.tpe][INFO] - TPE using 12/12 trials with best loss 0.310148
[2024-01-01 12:09:15,165][hyperopt.tpe][INFO] - build_posterior_wrapper took 0.001756 seconds
[2024-01-01 12:09:15,165][hyperopt.tpe][INFO] - TPE using 13/13 trials with best loss 0.310148
[2024-01-01 12:09:15,286][hyperopt.tpe][INFO] - build_posterior_wrapper took 0.001834 seconds
[2024-01-01 12:09:15,286][hyperopt.tpe][INFO] - TPE using 14/14 trials with best loss 0.310148
[2024-01-01 12:09:15,396][hyperopt.tpe][INFO] - build_posterior_wrapper took 0.001738 seconds
[2024-01-01 12:09:15,396][hyperopt.tpe][INFO] - TPE using 15/15 trials with best loss 0.310148
[2024-01-01 12:09:15,492][hyperopt.tpe][INFO] - build_posterior_wrapper took 0.001762 seconds
[2024-01-01 12:09:15,492][hyperopt.tpe][INFO] - TPE using 16/16 trials with best loss 0.310148
[2024-01-01 12:09:15,535][hyperopt.tpe][INFO] - build_posterior_wrapper took 0.001742 seconds
[2024-01-01 12:09:15,535][hyperopt.tpe][INFO] - TPE using 17/17 trials with best loss 0.310148
[2024-01-01 12:09:15,602][hyperopt.tpe][INFO] - build_posterior_wrapper took 0.001746 seconds
[2024-01-01 12:09:15,602][hyperopt.tpe][INFO] - TPE using 18/18 trials with best loss 0.310148
[2024-01-01 12:09:15,649][hyperopt.tpe][INFO] - build_posterior_wrapper took 0.001740 seconds
[2024-01-01 12:09:15,649][hyperopt.tpe][INFO] - TPE using 19/19 trials with best loss 0.310148
[2024-01-01 12:09:15,702][hyperopt.tpe][INFO] - build_posterior_wrapper took 0.001773 seconds
[2024-01-01 12:09:15,703][hyperopt.tpe][INFO] - TPE using 20/20 trials with best loss 0.310148
[2024-01-01 12:09:15,869][hyperopt.tpe][INFO] - build_posterior_wrapper took 0.001769 seconds
[2024-01-01 12:09:15,869][hyperopt.tpe][INFO] - TPE using 21/21 trials with best loss 0.310148
[2024-01-01 12:09:16,041][hyperopt.tpe][INFO] - build_posterior_wrapper took 0.001733 seconds
[2024-01-01 12:09:16,042][hyperopt.tpe][INFO] - TPE using 22/22 trials with best loss 0.310148
[2024-01-01 12:09:16,214][hyperopt.tpe][INFO] - build_posterior_wrapper took 0.001760 seconds
[2024-01-01 12:09:16,214][hyperopt.tpe][INFO] - TPE using 23/23 trials with best loss 0.310148
[2024-01-01 12:09:16,270][hyperopt.tpe][INFO] - build_posterior_wrapper took 0.001755 seconds
[2024-01-01 12:09:16,270][hyperopt.tpe][INFO] - TPE using 24/24 trials with best loss 0.310148
[2024-01-01 12:09:16,323][hyperopt.tpe][INFO] - build_posterior_wrapper took 0.001757 seconds
[2024-01-01 12:09:16,323][hyperopt.tpe][INFO] - TPE using 25/25 trials with best loss 0.310148
[2024-01-01 12:09:16,489][hyperopt.tpe][INFO] - build_posterior_wrapper took 0.001811 seconds
[2024-01-01 12:09:16,489][hyperopt.tpe][INFO] - TPE using 26/26 trials with best loss 0.310148
[2024-01-01 12:09:16,639][hyperopt.tpe][INFO] - build_posterior_wrapper took 0.001776 seconds
[2024-01-01 12:09:16,640][hyperopt.tpe][INFO] - TPE using 27/27 trials with best loss 0.310148
[2024-01-01 12:09:16,692][hyperopt.tpe][INFO] - build_posterior_wrapper took 0.001745 seconds
[2024-01-01 12:09:16,693][hyperopt.tpe][INFO] - TPE using 28/28 trials with best loss 0.310148
[2024-01-01 12:09:16,866][hyperopt.tpe][INFO] - build_posterior_wrapper took 0.001730 seconds
[2024-01-01 12:09:16,866][hyperopt.tpe][INFO] - TPE using 29/29 trials with best loss 0.310148
[2024-01-01 12:09:16,913][hyperopt.tpe][INFO] - build_posterior_wrapper took 0.001761 seconds
[2024-01-01 12:09:16,914][hyperopt.tpe][INFO] - TPE using 30/30 trials with best loss 0.310148
[2024-01-01 12:09:17,085][hyperopt.tpe][INFO] - build_posterior_wrapper took 0.001778 seconds
[2024-01-01 12:09:17,085][hyperopt.tpe][INFO] - TPE using 31/31 trials with best loss 0.310148
[2024-01-01 12:09:17,186][hyperopt.tpe][INFO] - build_posterior_wrapper took 0.001811 seconds
[2024-01-01 12:09:17,186][hyperopt.tpe][INFO] - TPE using 32/32 trials with best loss 0.310148
[2024-01-01 12:09:17,289][hyperopt.tpe][INFO] - build_posterior_wrapper took 0.001820 seconds
[2024-01-01 12:09:17,289][hyperopt.tpe][INFO] - TPE using 33/33 trials with best loss 0.310148
[2024-01-01 12:09:17,390][hyperopt.tpe][INFO] - build_posterior_wrapper took 0.001759 seconds
[2024-01-01 12:09:17,390][hyperopt.tpe][INFO] - TPE using 34/34 trials with best loss 0.310148
[2024-01-01 12:09:17,492][hyperopt.tpe][INFO] - build_posterior_wrapper took 0.001776 seconds
[2024-01-01 12:09:17,492][hyperopt.tpe][INFO] - TPE using 35/35 trials with best loss 0.310148
[2024-01-01 12:09:17,593][hyperopt.tpe][INFO] - build_posterior_wrapper took 0.001740 seconds
[2024-01-01 12:09:17,593][hyperopt.tpe][INFO] - TPE using 36/36 trials with best loss 0.310148
[2024-01-01 12:09:17,720][hyperopt.tpe][INFO] - build_posterior_wrapper took 0.001755 seconds
[2024-01-01 12:09:17,720][hyperopt.tpe][INFO] - TPE using 37/37 trials with best loss 0.310148
[2024-01-01 12:09:17,819][hyperopt.tpe][INFO] - build_posterior_wrapper took 0.001783 seconds
[2024-01-01 12:09:17,819][hyperopt.tpe][INFO] - TPE using 38/38 trials with best loss 0.310148
[2024-01-01 12:09:17,976][hyperopt.tpe][INFO] - build_posterior_wrapper took 0.001793 seconds
[2024-01-01 12:09:17,976][hyperopt.tpe][INFO] - TPE using 39/39 trials with best loss 0.310148
[2024-01-01 12:09:18,069][hyperopt.tpe][INFO] - build_posterior_wrapper took 0.001748 seconds
[2024-01-01 12:09:18,069][hyperopt.tpe][INFO] - TPE using 40/40 trials with best loss 0.310148
[2024-01-01 12:09:18,148][hyperopt.tpe][INFO] - build_posterior_wrapper took 0.001766 seconds
[2024-01-01 12:09:18,148][hyperopt.tpe][INFO] - TPE using 41/41 trials with best loss 0.310148
[2024-01-01 12:09:18,276][hyperopt.tpe][INFO] - build_posterior_wrapper took 0.001761 seconds
[2024-01-01 12:09:18,276][hyperopt.tpe][INFO] - TPE using 42/42 trials with best loss 0.310148
[2024-01-01 12:09:18,351][hyperopt.tpe][INFO] - build_posterior_wrapper took 0.001770 seconds
[2024-01-01 12:09:18,352][hyperopt.tpe][INFO] - TPE using 43/43 trials with best loss 0.310148
[2024-01-01 12:09:18,492][hyperopt.tpe][INFO] - build_posterior_wrapper took 0.001825 seconds
[2024-01-01 12:09:18,492][hyperopt.tpe][INFO] - TPE using 44/44 trials with best loss 0.310148
[2024-01-01 12:09:18,607][hyperopt.tpe][INFO] - build_posterior_wrapper took 0.001744 seconds
[2024-01-01 12:09:18,607][hyperopt.tpe][INFO] - TPE using 45/45 trials with best loss 0.310148
[2024-01-01 12:09:18,751][hyperopt.tpe][INFO] - build_posterior_wrapper took 0.001742 seconds
[2024-01-01 12:09:18,751][hyperopt.tpe][INFO] - TPE using 46/46 trials with best loss 0.310148
[2024-01-01 12:09:18,816][hyperopt.tpe][INFO] - build_posterior_wrapper took 0.001760 seconds
[2024-01-01 12:09:18,816][hyperopt.tpe][INFO] - TPE using 47/47 trials with best loss 0.310148
[2024-01-01 12:09:18,914][hyperopt.tpe][INFO] - build_posterior_wrapper took 0.001750 seconds
[2024-01-01 12:09:18,915][hyperopt.tpe][INFO] - TPE using 48/48 trials with best loss 0.310148
[2024-01-01 12:09:19,075][hyperopt.tpe][INFO] - build_posterior_wrapper took 0.001776 seconds
[2024-01-01 12:09:19,076][hyperopt.tpe][INFO] - TPE using 49/49 trials with best loss 0.310148
[2024-01-01 12:09:19,202][hyperopt.tpe][INFO] - build_posterior_wrapper took 0.001816 seconds
[2024-01-01 12:09:19,202][hyperopt.tpe][INFO] - TPE using 50/50 trials with best loss 0.303841
[2024-01-01 12:09:19,349][hyperopt.tpe][INFO] - build_posterior_wrapper took 0.001761 seconds
[2024-01-01 12:09:19,349][hyperopt.tpe][INFO] - TPE using 51/51 trials with best loss 0.303841
[2024-01-01 12:09:19,476][hyperopt.tpe][INFO] - build_posterior_wrapper took 0.001806 seconds
[2024-01-01 12:09:19,476][hyperopt.tpe][INFO] - TPE using 52/52 trials with best loss 0.303841
[2024-01-01 12:09:19,619][hyperopt.tpe][INFO] - build_posterior_wrapper took 0.001771 seconds
[2024-01-01 12:09:19,619][hyperopt.tpe][INFO] - TPE using 53/53 trials with best loss 0.303841
[2024-01-01 12:09:19,740][hyperopt.tpe][INFO] - build_posterior_wrapper took 0.001749 seconds
[2024-01-01 12:09:19,740][hyperopt.tpe][INFO] - TPE using 54/54 trials with best loss 0.303841
[2024-01-01 12:09:19,966][hyperopt.tpe][INFO] - build_posterior_wrapper took 0.001761 seconds
[2024-01-01 12:09:19,966][hyperopt.tpe][INFO] - TPE using 55/55 trials with best loss 0.303841
[2024-01-01 12:09:20,115][hyperopt.tpe][INFO] - build_posterior_wrapper took 0.001785 seconds
[2024-01-01 12:09:20,116][hyperopt.tpe][INFO] - TPE using 56/56 trials with best loss 0.303841
[2024-01-01 12:09:20,220][hyperopt.tpe][INFO] - build_posterior_wrapper took 0.001778 seconds
[2024-01-01 12:09:20,220][hyperopt.tpe][INFO] - TPE using 57/57 trials with best loss 0.303841
[2024-01-01 12:09:20,327][hyperopt.tpe][INFO] - build_posterior_wrapper took 0.001744 seconds
[2024-01-01 12:09:20,327][hyperopt.tpe][INFO] - TPE using 58/58 trials with best loss 0.303841
[2024-01-01 12:09:20,489][hyperopt.tpe][INFO] - build_posterior_wrapper took 0.001768 seconds
[2024-01-01 12:09:20,489][hyperopt.tpe][INFO] - TPE using 59/59 trials with best loss 0.303841
[2024-01-01 12:09:20,583][hyperopt.tpe][INFO] - build_posterior_wrapper took 0.001772 seconds
[2024-01-01 12:09:20,584][hyperopt.tpe][INFO] - TPE using 60/60 trials with best loss 0.270361
[2024-01-01 12:09:20,679][hyperopt.tpe][INFO] - build_posterior_wrapper took 0.001787 seconds
[2024-01-01 12:09:20,679][hyperopt.tpe][INFO] - TPE using 61/61 trials with best loss 0.270361
[2024-01-01 12:09:20,772][hyperopt.tpe][INFO] - build_posterior_wrapper took 0.001791 seconds
[2024-01-01 12:09:20,773][hyperopt.tpe][INFO] - TPE using 62/62 trials with best loss 0.270361
[2024-01-01 12:09:20,867][hyperopt.tpe][INFO] - build_posterior_wrapper took 0.001750 seconds
[2024-01-01 12:09:20,867][hyperopt.tpe][INFO] - TPE using 63/63 trials with best loss 0.270361
[2024-01-01 12:09:20,961][hyperopt.tpe][INFO] - build_posterior_wrapper took 0.001734 seconds
[2024-01-01 12:09:20,961][hyperopt.tpe][INFO] - TPE using 64/64 trials with best loss 0.270361
[2024-01-01 12:09:21,058][hyperopt.tpe][INFO] - build_posterior_wrapper took 0.001748 seconds
[2024-01-01 12:09:21,059][hyperopt.tpe][INFO] - TPE using 65/65 trials with best loss 0.270361
[2024-01-01 12:09:21,152][hyperopt.tpe][INFO] - build_posterior_wrapper took 0.001740 seconds
[2024-01-01 12:09:21,152][hyperopt.tpe][INFO] - TPE using 66/66 trials with best loss 0.270361
[2024-01-01 12:09:21,247][hyperopt.tpe][INFO] - build_posterior_wrapper took 0.001733 seconds
[2024-01-01 12:09:21,247][hyperopt.tpe][INFO] - TPE using 67/67 trials with best loss 0.270361
[2024-01-01 12:09:21,341][hyperopt.tpe][INFO] - build_posterior_wrapper took 0.001795 seconds
[2024-01-01 12:09:21,341][hyperopt.tpe][INFO] - TPE using 68/68 trials with best loss 0.270361
[2024-01-01 12:09:21,436][hyperopt.tpe][INFO] - build_posterior_wrapper took 0.001740 seconds
[2024-01-01 12:09:21,436][hyperopt.tpe][INFO] - TPE using 69/69 trials with best loss 0.270361
[2024-01-01 12:09:21,534][hyperopt.tpe][INFO] - build_posterior_wrapper took 0.001914 seconds
[2024-01-01 12:09:21,534][hyperopt.tpe][INFO] - TPE using 70/70 trials with best loss 0.270361
[2024-01-01 12:09:21,634][hyperopt.tpe][INFO] - build_posterior_wrapper took 0.001753 seconds
[2024-01-01 12:09:21,634][hyperopt.tpe][INFO] - TPE using 71/71 trials with best loss 0.270361
[2024-01-01 12:09:21,732][hyperopt.tpe][INFO] - build_posterior_wrapper took 0.001739 seconds
[2024-01-01 12:09:21,733][hyperopt.tpe][INFO] - TPE using 72/72 trials with best loss 0.270361
[2024-01-01 12:09:21,826][hyperopt.tpe][INFO] - build_posterior_wrapper took 0.001749 seconds
[2024-01-01 12:09:21,826][hyperopt.tpe][INFO] - TPE using 73/73 trials with best loss 0.270361
[2024-01-01 12:09:21,913][hyperopt.tpe][INFO] - build_posterior_wrapper took 0.001815 seconds
[2024-01-01 12:09:21,914][hyperopt.tpe][INFO] - TPE using 74/74 trials with best loss 0.270361
[2024-01-01 12:09:22,003][hyperopt.tpe][INFO] - build_posterior_wrapper took 0.001757 seconds
[2024-01-01 12:09:22,003][hyperopt.tpe][INFO] - TPE using 75/75 trials with best loss 0.270361
[2024-01-01 12:09:22,068][hyperopt.tpe][INFO] - build_posterior_wrapper took 0.001750 seconds
[2024-01-01 12:09:22,068][hyperopt.tpe][INFO] - TPE using 76/76 trials with best loss 0.270361
[2024-01-01 12:09:22,159][hyperopt.tpe][INFO] - build_posterior_wrapper took 0.001759 seconds
[2024-01-01 12:09:22,159][hyperopt.tpe][INFO] - TPE using 77/77 trials with best loss 0.270361
[2024-01-01 12:09:22,221][hyperopt.tpe][INFO] - build_posterior_wrapper took 0.001752 seconds
[2024-01-01 12:09:22,221][hyperopt.tpe][INFO] - TPE using 78/78 trials with best loss 0.270361
[2024-01-01 12:09:22,307][hyperopt.tpe][INFO] - build_posterior_wrapper took 0.001752 seconds
[2024-01-01 12:09:22,308][hyperopt.tpe][INFO] - TPE using 79/79 trials with best loss 0.270361
[2024-01-01 12:09:22,415][hyperopt.tpe][INFO] - build_posterior_wrapper took 0.001806 seconds
[2024-01-01 12:09:22,415][hyperopt.tpe][INFO] - TPE using 80/80 trials with best loss 0.270361
[2024-01-01 12:09:22,586][hyperopt.tpe][INFO] - build_posterior_wrapper took 0.001786 seconds
[2024-01-01 12:09:22,586][hyperopt.tpe][INFO] - TPE using 81/81 trials with best loss 0.270361
[2024-01-01 12:09:22,631][hyperopt.tpe][INFO] - build_posterior_wrapper took 0.001763 seconds
[2024-01-01 12:09:22,631][hyperopt.tpe][INFO] - TPE using 82/82 trials with best loss 0.270361
[2024-01-01 12:09:22,727][hyperopt.tpe][INFO] - build_posterior_wrapper took 0.001778 seconds
[2024-01-01 12:09:22,727][hyperopt.tpe][INFO] - TPE using 83/83 trials with best loss 0.270361
[2024-01-01 12:09:22,819][hyperopt.tpe][INFO] - build_posterior_wrapper took 0.001745 seconds
[2024-01-01 12:09:22,819][hyperopt.tpe][INFO] - TPE using 84/84 trials with best loss 0.270361
[2024-01-01 12:09:22,917][hyperopt.tpe][INFO] - build_posterior_wrapper took 0.001764 seconds
[2024-01-01 12:09:22,918][hyperopt.tpe][INFO] - TPE using 85/85 trials with best loss 0.270361
[2024-01-01 12:09:23,071][hyperopt.tpe][INFO] - build_posterior_wrapper took 0.001834 seconds
[2024-01-01 12:09:23,071][hyperopt.tpe][INFO] - TPE using 86/86 trials with best loss 0.270361
[2024-01-01 12:09:23,245][hyperopt.tpe][INFO] - build_posterior_wrapper took 0.050803 seconds
[2024-01-01 12:09:23,245][hyperopt.tpe][INFO] - TPE using 87/87 trials with best loss 0.270361
[2024-01-01 12:09:23,291][hyperopt.tpe][INFO] - build_posterior_wrapper took 0.001763 seconds
[2024-01-01 12:09:23,291][hyperopt.tpe][INFO] - TPE using 88/88 trials with best loss 0.270361
[2024-01-01 12:09:23,377][hyperopt.tpe][INFO] - build_posterior_wrapper took 0.001799 seconds
[2024-01-01 12:09:23,377][hyperopt.tpe][INFO] - TPE using 89/89 trials with best loss 0.270361
[2024-01-01 12:09:23,462][hyperopt.tpe][INFO] - build_posterior_wrapper took 0.001791 seconds
[2024-01-01 12:09:23,463][hyperopt.tpe][INFO] - TPE using 90/90 trials with best loss 0.270361
[2024-01-01 12:09:23,669][hyperopt.tpe][INFO] - build_posterior_wrapper took 0.001775 seconds
[2024-01-01 12:09:23,670][hyperopt.tpe][INFO] - TPE using 91/91 trials with best loss 0.270361
[2024-01-01 12:09:23,773][hyperopt.tpe][INFO] - build_posterior_wrapper took 0.001767 seconds
[2024-01-01 12:09:23,773][hyperopt.tpe][INFO] - TPE using 92/92 trials with best loss 0.269378
[2024-01-01 12:09:23,833][hyperopt.tpe][INFO] - build_posterior_wrapper took 0.001777 seconds
[2024-01-01 12:09:23,834][hyperopt.tpe][INFO] - TPE using 93/93 trials with best loss 0.269378
[2024-01-01 12:09:23,937][hyperopt.tpe][INFO] - build_posterior_wrapper took 0.001762 seconds
[2024-01-01 12:09:23,937][hyperopt.tpe][INFO] - TPE using 94/94 trials with best loss 0.269378
[2024-01-01 12:09:24,002][hyperopt.tpe][INFO] - build_posterior_wrapper took 0.001783 seconds
[2024-01-01 12:09:24,003][hyperopt.tpe][INFO] - TPE using 95/95 trials with best loss 0.269378
[2024-01-01 12:09:24,095][hyperopt.tpe][INFO] - build_posterior_wrapper took 0.001751 seconds
[2024-01-01 12:09:24,096][hyperopt.tpe][INFO] - TPE using 96/96 trials with best loss 0.269378
[2024-01-01 12:09:24,266][hyperopt.tpe][INFO] - build_posterior_wrapper took 0.001793 seconds
[2024-01-01 12:09:24,267][hyperopt.tpe][INFO] - TPE using 97/97 trials with best loss 0.269378
[2024-01-01 12:09:24,382][hyperopt.tpe][INFO] - build_posterior_wrapper took 0.001764 seconds
[2024-01-01 12:09:24,382][hyperopt.tpe][INFO] - TPE using 98/98 trials with best loss 0.269378
[2024-01-01 12:09:24,454][hyperopt.tpe][INFO] - build_posterior_wrapper took 0.001785 seconds
[2024-01-01 12:09:24,454][hyperopt.tpe][INFO] - TPE using 99/99 trials with best loss 0.268660
[2024-01-01 12:09:24,517][hyperopt.tpe][INFO] - build_posterior_wrapper took 0.001772 seconds
[2024-01-01 12:09:24,517][hyperopt.tpe][INFO] - TPE using 100/100 trials with best loss 0.268660
[2024-01-01 12:09:24,584][hyperopt.tpe][INFO] - build_posterior_wrapper took 0.001785 seconds
[2024-01-01 12:09:24,584][hyperopt.tpe][INFO] - TPE using 101/101 trials with best loss 0.268660
[2024-01-01 12:09:24,629][hyperopt.tpe][INFO] - build_posterior_wrapper took 0.001766 seconds
[2024-01-01 12:09:24,629][hyperopt.tpe][INFO] - TPE using 102/102 trials with best loss 0.268660
[2024-01-01 12:09:24,688][hyperopt.tpe][INFO] - build_posterior_wrapper took 0.001783 seconds
[2024-01-01 12:09:24,688][hyperopt.tpe][INFO] - TPE using 103/103 trials with best loss 0.268660
[2024-01-01 12:09:24,759][hyperopt.tpe][INFO] - build_posterior_wrapper took 0.001775 seconds
[2024-01-01 12:09:24,760][hyperopt.tpe][INFO] - TPE using 104/104 trials with best loss 0.268660
[2024-01-01 12:09:24,834][hyperopt.tpe][INFO] - build_posterior_wrapper took 0.001796 seconds
[2024-01-01 12:09:24,834][hyperopt.tpe][INFO] - TPE using 105/105 trials with best loss 0.268660
[2024-01-01 12:09:24,903][hyperopt.tpe][INFO] - build_posterior_wrapper took 0.001775 seconds
[2024-01-01 12:09:24,903][hyperopt.tpe][INFO] - TPE using 106/106 trials with best loss 0.268660
[2024-01-01 12:09:24,955][hyperopt.tpe][INFO] - build_posterior_wrapper took 0.001792 seconds
[2024-01-01 12:09:24,955][hyperopt.tpe][INFO] - TPE using 107/107 trials with best loss 0.268660
[2024-01-01 12:09:25,027][hyperopt.tpe][INFO] - build_posterior_wrapper took 0.001775 seconds
[2024-01-01 12:09:25,028][hyperopt.tpe][INFO] - TPE using 108/108 trials with best loss 0.268660
[2024-01-01 12:09:25,088][hyperopt.tpe][INFO] - build_posterior_wrapper took 0.001764 seconds
[2024-01-01 12:09:25,088][hyperopt.tpe][INFO] - TPE using 109/109 trials with best loss 0.268660
[2024-01-01 12:09:25,144][hyperopt.tpe][INFO] - build_posterior_wrapper took 0.001774 seconds
[2024-01-01 12:09:25,144][hyperopt.tpe][INFO] - TPE using 110/110 trials with best loss 0.268660
[2024-01-01 12:09:25,189][hyperopt.tpe][INFO] - build_posterior_wrapper took 0.001801 seconds
[2024-01-01 12:09:25,189][hyperopt.tpe][INFO] - TPE using 111/111 trials with best loss 0.268660
[2024-01-01 12:09:25,243][hyperopt.tpe][INFO] - build_posterior_wrapper took 0.001749 seconds
[2024-01-01 12:09:25,243][hyperopt.tpe][INFO] - TPE using 112/112 trials with best loss 0.268660
[2024-01-01 12:09:25,318][hyperopt.tpe][INFO] - build_posterior_wrapper took 0.001774 seconds
[2024-01-01 12:09:25,318][hyperopt.tpe][INFO] - TPE using 113/113 trials with best loss 0.268660
[2024-01-01 12:09:25,394][hyperopt.tpe][INFO] - build_posterior_wrapper took 0.001777 seconds
[2024-01-01 12:09:25,394][hyperopt.tpe][INFO] - TPE using 114/114 trials with best loss 0.268660
[2024-01-01 12:09:25,441][hyperopt.tpe][INFO] - build_posterior_wrapper took 0.001804 seconds
[2024-01-01 12:09:25,442][hyperopt.tpe][INFO] - TPE using 115/115 trials with best loss 0.268660
[2024-01-01 12:09:25,498][hyperopt.tpe][INFO] - build_posterior_wrapper took 0.001776 seconds
[2024-01-01 12:09:25,498][hyperopt.tpe][INFO] - TPE using 116/116 trials with best loss 0.268660
[2024-01-01 12:09:25,561][hyperopt.tpe][INFO] - build_posterior_wrapper took 0.001792 seconds
[2024-01-01 12:09:25,561][hyperopt.tpe][INFO] - TPE using 117/117 trials with best loss 0.254745
[2024-01-01 12:09:25,615][hyperopt.tpe][INFO] - build_posterior_wrapper took 0.001767 seconds
[2024-01-01 12:09:25,616][hyperopt.tpe][INFO] - TPE using 118/118 trials with best loss 0.254745
[2024-01-01 12:09:25,676][hyperopt.tpe][INFO] - build_posterior_wrapper took 0.001770 seconds
[2024-01-01 12:09:25,676][hyperopt.tpe][INFO] - TPE using 119/119 trials with best loss 0.254745
[2024-01-01 12:09:25,729][hyperopt.tpe][INFO] - build_posterior_wrapper took 0.001773 seconds
[2024-01-01 12:09:25,729][hyperopt.tpe][INFO] - TPE using 120/120 trials with best loss 0.254745
[2024-01-01 12:09:25,783][hyperopt.tpe][INFO] - build_posterior_wrapper took 0.001783 seconds
[2024-01-01 12:09:25,783][hyperopt.tpe][INFO] - TPE using 121/121 trials with best loss 0.254745
[2024-01-01 12:09:25,834][hyperopt.tpe][INFO] - build_posterior_wrapper took 0.001772 seconds
[2024-01-01 12:09:25,834][hyperopt.tpe][INFO] - TPE using 122/122 trials with best loss 0.254745
[2024-01-01 12:09:25,969][hyperopt.tpe][INFO] - build_posterior_wrapper took 0.001774 seconds
[2024-01-01 12:09:25,969][hyperopt.tpe][INFO] - TPE using 123/123 trials with best loss 0.254745
[2024-01-01 12:09:26,037][hyperopt.tpe][INFO] - build_posterior_wrapper took 0.001754 seconds
[2024-01-01 12:09:26,037][hyperopt.tpe][INFO] - TPE using 124/124 trials with best loss 0.254745
[2024-01-01 12:09:26,181][hyperopt.tpe][INFO] - build_posterior_wrapper took 0.001761 seconds
[2024-01-01 12:09:26,181][hyperopt.tpe][INFO] - TPE using 125/125 trials with best loss 0.254745
[2024-01-01 12:09:26,339][hyperopt.tpe][INFO] - build_posterior_wrapper took 0.001762 seconds
[2024-01-01 12:09:26,339][hyperopt.tpe][INFO] - TPE using 126/126 trials with best loss 0.254745
[2024-01-01 12:09:26,498][hyperopt.tpe][INFO] - build_posterior_wrapper took 0.001767 seconds
[2024-01-01 12:09:26,498][hyperopt.tpe][INFO] - TPE using 127/127 trials with best loss 0.254745
[2024-01-01 12:09:26,642][hyperopt.tpe][INFO] - build_posterior_wrapper took 0.001754 seconds
[2024-01-01 12:09:26,642][hyperopt.tpe][INFO] - TPE using 128/128 trials with best loss 0.254745
[2024-01-01 12:09:26,786][hyperopt.tpe][INFO] - build_posterior_wrapper took 0.001778 seconds
[2024-01-01 12:09:26,786][hyperopt.tpe][INFO] - TPE using 129/129 trials with best loss 0.254745
[2024-01-01 12:09:26,943][hyperopt.tpe][INFO] - build_posterior_wrapper took 0.001759 seconds
[2024-01-01 12:09:26,944][hyperopt.tpe][INFO] - TPE using 130/130 trials with best loss 0.254745
[2024-01-01 12:09:27,087][hyperopt.tpe][INFO] - build_posterior_wrapper took 0.001768 seconds
[2024-01-01 12:09:27,088][hyperopt.tpe][INFO] - TPE using 131/131 trials with best loss 0.254745
[2024-01-01 12:09:27,246][hyperopt.tpe][INFO] - build_posterior_wrapper took 0.001767 seconds
[2024-01-01 12:09:27,246][hyperopt.tpe][INFO] - TPE using 132/132 trials with best loss 0.254745
[2024-01-01 12:09:27,395][hyperopt.tpe][INFO] - build_posterior_wrapper took 0.001957 seconds
[2024-01-01 12:09:27,395][hyperopt.tpe][INFO] - TPE using 133/133 trials with best loss 0.254745
[2024-01-01 12:09:27,553][hyperopt.tpe][INFO] - build_posterior_wrapper took 0.001748 seconds
[2024-01-01 12:09:27,554][hyperopt.tpe][INFO] - TPE using 134/134 trials with best loss 0.254745
[2024-01-01 12:09:27,714][hyperopt.tpe][INFO] - build_posterior_wrapper took 0.001773 seconds
[2024-01-01 12:09:27,714][hyperopt.tpe][INFO] - TPE using 135/135 trials with best loss 0.254745
[2024-01-01 12:09:27,858][hyperopt.tpe][INFO] - build_posterior_wrapper took 0.001766 seconds
[2024-01-01 12:09:27,859][hyperopt.tpe][INFO] - TPE using 136/136 trials with best loss 0.254745
[2024-01-01 12:09:27,989][hyperopt.tpe][INFO] - build_posterior_wrapper took 0.001764 seconds
[2024-01-01 12:09:27,989][hyperopt.tpe][INFO] - TPE using 137/137 trials with best loss 0.254745
[2024-01-01 12:09:28,121][hyperopt.tpe][INFO] - build_posterior_wrapper took 0.001758 seconds
[2024-01-01 12:09:28,121][hyperopt.tpe][INFO] - TPE using 138/138 trials with best loss 0.254745
[2024-01-01 12:09:28,257][hyperopt.tpe][INFO] - build_posterior_wrapper took 0.001781 seconds
[2024-01-01 12:09:28,257][hyperopt.tpe][INFO] - TPE using 139/139 trials with best loss 0.254745
[2024-01-01 12:09:28,415][hyperopt.tpe][INFO] - build_posterior_wrapper took 0.001759 seconds
[2024-01-01 12:09:28,415][hyperopt.tpe][INFO] - TPE using 140/140 trials with best loss 0.254745
[2024-01-01 12:09:28,549][hyperopt.tpe][INFO] - build_posterior_wrapper took 0.001807 seconds
[2024-01-01 12:09:28,549][hyperopt.tpe][INFO] - TPE using 141/141 trials with best loss 0.254745
[2024-01-01 12:09:28,741][hyperopt.tpe][INFO] - build_posterior_wrapper took 0.001766 seconds
[2024-01-01 12:09:28,741][hyperopt.tpe][INFO] - TPE using 142/142 trials with best loss 0.254745
[2024-01-01 12:09:28,850][hyperopt.tpe][INFO] - build_posterior_wrapper took 0.001796 seconds
[2024-01-01 12:09:28,850][hyperopt.tpe][INFO] - TPE using 143/143 trials with best loss 0.254745
[2024-01-01 12:09:28,957][hyperopt.tpe][INFO] - build_posterior_wrapper took 0.001878 seconds
[2024-01-01 12:09:28,958][hyperopt.tpe][INFO] - TPE using 144/144 trials with best loss 0.254745
[2024-01-01 12:09:29,112][hyperopt.tpe][INFO] - build_posterior_wrapper took 0.001786 seconds
[2024-01-01 12:09:29,112][hyperopt.tpe][INFO] - TPE using 145/145 trials with best loss 0.254745
[2024-01-01 12:09:29,257][hyperopt.tpe][INFO] - build_posterior_wrapper took 0.001763 seconds
[2024-01-01 12:09:29,257][hyperopt.tpe][INFO] - TPE using 146/146 trials with best loss 0.254745
[2024-01-01 12:09:29,401][hyperopt.tpe][INFO] - build_posterior_wrapper took 0.001806 seconds
[2024-01-01 12:09:29,401][hyperopt.tpe][INFO] - TPE using 147/147 trials with best loss 0.254745
[2024-01-01 12:09:29,546][hyperopt.tpe][INFO] - build_posterior_wrapper took 0.001777 seconds
[2024-01-01 12:09:29,546][hyperopt.tpe][INFO] - TPE using 148/148 trials with best loss 0.254745
[2024-01-01 12:09:29,691][hyperopt.tpe][INFO] - build_posterior_wrapper took 0.001790 seconds
[2024-01-01 12:09:29,691][hyperopt.tpe][INFO] - TPE using 149/149 trials with best loss 0.254745
[2024-01-01 12:09:29,836][hyperopt.tpe][INFO] - build_posterior_wrapper took 0.001783 seconds
[2024-01-01 12:09:29,836][hyperopt.tpe][INFO] - TPE using 150/150 trials with best loss 0.254745
[2024-01-01 12:09:29,981][hyperopt.tpe][INFO] - build_posterior_wrapper took 0.001794 seconds
[2024-01-01 12:09:29,981][hyperopt.tpe][INFO] - TPE using 151/151 trials with best loss 0.254745
[2024-01-01 12:09:30,125][hyperopt.tpe][INFO] - build_posterior_wrapper took 0.001781 seconds
[2024-01-01 12:09:30,126][hyperopt.tpe][INFO] - TPE using 152/152 trials with best loss 0.254745
[2024-01-01 12:09:30,259][hyperopt.tpe][INFO] - build_posterior_wrapper took 0.001804 seconds
[2024-01-01 12:09:30,259][hyperopt.tpe][INFO] - TPE using 153/153 trials with best loss 0.254745
[2024-01-01 12:09:30,385][hyperopt.tpe][INFO] - build_posterior_wrapper took 0.001818 seconds
[2024-01-01 12:09:30,385][hyperopt.tpe][INFO] - TPE using 154/154 trials with best loss 0.254745
[2024-01-01 12:09:30,505][hyperopt.tpe][INFO] - build_posterior_wrapper took 0.001803 seconds
[2024-01-01 12:09:30,505][hyperopt.tpe][INFO] - TPE using 155/155 trials with best loss 0.254745
[2024-01-01 12:09:30,625][hyperopt.tpe][INFO] - build_posterior_wrapper took 0.001781 seconds
[2024-01-01 12:09:30,625][hyperopt.tpe][INFO] - TPE using 156/156 trials with best loss 0.254745
[2024-01-01 12:09:30,735][hyperopt.tpe][INFO] - build_posterior_wrapper took 0.001817 seconds
[2024-01-01 12:09:30,735][hyperopt.tpe][INFO] - TPE using 157/157 trials with best loss 0.254745
[2024-01-01 12:09:30,843][hyperopt.tpe][INFO] - build_posterior_wrapper took 0.001790 seconds
[2024-01-01 12:09:30,843][hyperopt.tpe][INFO] - TPE using 158/158 trials with best loss 0.254745
[2024-01-01 12:09:30,930][hyperopt.tpe][INFO] - build_posterior_wrapper took 0.001803 seconds
[2024-01-01 12:09:30,930][hyperopt.tpe][INFO] - TPE using 159/159 trials with best loss 0.254745
[2024-01-01 12:09:31,055][hyperopt.tpe][INFO] - build_posterior_wrapper took 0.001770 seconds
[2024-01-01 12:09:31,055][hyperopt.tpe][INFO] - TPE using 160/160 trials with best loss 0.254745
[2024-01-01 12:09:31,148][hyperopt.tpe][INFO] - build_posterior_wrapper took 0.001805 seconds
[2024-01-01 12:09:31,148][hyperopt.tpe][INFO] - TPE using 161/161 trials with best loss 0.254745
[2024-01-01 12:09:31,264][hyperopt.tpe][INFO] - build_posterior_wrapper took 0.001765 seconds
[2024-01-01 12:09:31,264][hyperopt.tpe][INFO] - TPE using 162/162 trials with best loss 0.254745
[2024-01-01 12:09:31,369][hyperopt.tpe][INFO] - build_posterior_wrapper took 0.001791 seconds
[2024-01-01 12:09:31,369][hyperopt.tpe][INFO] - TPE using 163/163 trials with best loss 0.254745
[2024-01-01 12:09:31,540][hyperopt.tpe][INFO] - build_posterior_wrapper took 0.001755 seconds
[2024-01-01 12:09:31,540][hyperopt.tpe][INFO] - TPE using 164/164 trials with best loss 0.254745
[2024-01-01 12:09:31,662][hyperopt.tpe][INFO] - build_posterior_wrapper took 0.001785 seconds
[2024-01-01 12:09:31,662][hyperopt.tpe][INFO] - TPE using 165/165 trials with best loss 0.254745
[2024-01-01 12:09:31,748][hyperopt.tpe][INFO] - build_posterior_wrapper took 0.001783 seconds
[2024-01-01 12:09:31,749][hyperopt.tpe][INFO] - TPE using 166/166 trials with best loss 0.254745
[2024-01-01 12:09:31,874][hyperopt.tpe][INFO] - build_posterior_wrapper took 0.001771 seconds
[2024-01-01 12:09:31,875][hyperopt.tpe][INFO] - TPE using 167/167 trials with best loss 0.254745
[2024-01-01 12:09:32,013][hyperopt.tpe][INFO] - build_posterior_wrapper took 0.001779 seconds
[2024-01-01 12:09:32,013][hyperopt.tpe][INFO] - TPE using 168/168 trials with best loss 0.254745
[2024-01-01 12:09:32,104][hyperopt.tpe][INFO] - build_posterior_wrapper took 0.001804 seconds
[2024-01-01 12:09:32,105][hyperopt.tpe][INFO] - TPE using 169/169 trials with best loss 0.254745
[2024-01-01 12:09:32,251][hyperopt.tpe][INFO] - build_posterior_wrapper took 0.001772 seconds
[2024-01-01 12:09:32,251][hyperopt.tpe][INFO] - TPE using 170/170 trials with best loss 0.254745
[2024-01-01 12:09:32,356][hyperopt.tpe][INFO] - build_posterior_wrapper took 0.001805 seconds
[2024-01-01 12:09:32,356][hyperopt.tpe][INFO] - TPE using 171/171 trials with best loss 0.254745
[2024-01-01 12:09:32,464][hyperopt.tpe][INFO] - build_posterior_wrapper took 0.001777 seconds
[2024-01-01 12:09:32,464][hyperopt.tpe][INFO] - TPE using 172/172 trials with best loss 0.254745
[2024-01-01 12:09:32,590][hyperopt.tpe][INFO] - build_posterior_wrapper took 0.001791 seconds
[2024-01-01 12:09:32,590][hyperopt.tpe][INFO] - TPE using 173/173 trials with best loss 0.254745
[2024-01-01 12:09:32,678][hyperopt.tpe][INFO] - build_posterior_wrapper took 0.001785 seconds
[2024-01-01 12:09:32,678][hyperopt.tpe][INFO] - TPE using 174/174 trials with best loss 0.254745
[2024-01-01 12:09:32,801][hyperopt.tpe][INFO] - build_posterior_wrapper took 0.001779 seconds
[2024-01-01 12:09:32,802][hyperopt.tpe][INFO] - TPE using 175/175 trials with best loss 0.254745
[2024-01-01 12:09:32,918][hyperopt.tpe][INFO] - build_posterior_wrapper took 0.001785 seconds
[2024-01-01 12:09:32,918][hyperopt.tpe][INFO] - TPE using 176/176 trials with best loss 0.254745
[2024-01-01 12:09:33,053][hyperopt.tpe][INFO] - build_posterior_wrapper took 0.001790 seconds
[2024-01-01 12:09:33,053][hyperopt.tpe][INFO] - TPE using 177/177 trials with best loss 0.254745
[2024-01-01 12:09:33,168][hyperopt.tpe][INFO] - build_posterior_wrapper took 0.001782 seconds
[2024-01-01 12:09:33,168][hyperopt.tpe][INFO] - TPE using 178/178 trials with best loss 0.254745
[2024-01-01 12:09:33,272][hyperopt.tpe][INFO] - build_posterior_wrapper took 0.001803 seconds
[2024-01-01 12:09:33,272][hyperopt.tpe][INFO] - TPE using 179/179 trials with best loss 0.254745
[2024-01-01 12:09:33,417][hyperopt.tpe][INFO] - build_posterior_wrapper took 0.001776 seconds
[2024-01-01 12:09:33,417][hyperopt.tpe][INFO] - TPE using 180/180 trials with best loss 0.254745
[2024-01-01 12:09:33,522][hyperopt.tpe][INFO] - build_posterior_wrapper took 0.001795 seconds
[2024-01-01 12:09:33,522][hyperopt.tpe][INFO] - TPE using 181/181 trials with best loss 0.254745
[2024-01-01 12:09:33,609][hyperopt.tpe][INFO] - build_posterior_wrapper took 0.001782 seconds
[2024-01-01 12:09:33,610][hyperopt.tpe][INFO] - TPE using 182/182 trials with best loss 0.254745
[2024-01-01 12:09:33,717][hyperopt.tpe][INFO] - build_posterior_wrapper took 0.001823 seconds
[2024-01-01 12:09:33,718][hyperopt.tpe][INFO] - TPE using 183/183 trials with best loss 0.254745
[2024-01-01 12:09:33,873][hyperopt.tpe][INFO] - build_posterior_wrapper took 0.001784 seconds
[2024-01-01 12:09:33,873][hyperopt.tpe][INFO] - TPE using 184/184 trials with best loss 0.254745
[2024-01-01 12:09:33,999][hyperopt.tpe][INFO] - build_posterior_wrapper took 0.001774 seconds
[2024-01-01 12:09:33,999][hyperopt.tpe][INFO] - TPE using 185/185 trials with best loss 0.254745
[2024-01-01 12:09:34,178][hyperopt.tpe][INFO] - build_posterior_wrapper took 0.001785 seconds
[2024-01-01 12:09:34,179][hyperopt.tpe][INFO] - TPE using 186/186 trials with best loss 0.254745
[2024-01-01 12:09:34,312][hyperopt.tpe][INFO] - build_posterior_wrapper took 0.001776 seconds
[2024-01-01 12:09:34,312][hyperopt.tpe][INFO] - TPE using 187/187 trials with best loss 0.254745
[2024-01-01 12:09:34,423][hyperopt.tpe][INFO] - build_posterior_wrapper took 0.001756 seconds
[2024-01-01 12:09:34,424][hyperopt.tpe][INFO] - TPE using 188/188 trials with best loss 0.254745
[2024-01-01 12:09:34,537][hyperopt.tpe][INFO] - build_posterior_wrapper took 0.001782 seconds
[2024-01-01 12:09:34,537][hyperopt.tpe][INFO] - TPE using 189/189 trials with best loss 0.254745
[2024-01-01 12:09:34,665][hyperopt.tpe][INFO] - build_posterior_wrapper took 0.001795 seconds
[2024-01-01 12:09:34,665][hyperopt.tpe][INFO] - TPE using 190/190 trials with best loss 0.254745
[2024-01-01 12:09:34,791][hyperopt.tpe][INFO] - build_posterior_wrapper took 0.001777 seconds
[2024-01-01 12:09:34,791][hyperopt.tpe][INFO] - TPE using 191/191 trials with best loss 0.254745
[2024-01-01 12:09:34,918][hyperopt.tpe][INFO] - build_posterior_wrapper took 0.001763 seconds
[2024-01-01 12:09:34,918][hyperopt.tpe][INFO] - TPE using 192/192 trials with best loss 0.254745
[2024-01-01 12:09:35,056][hyperopt.tpe][INFO] - build_posterior_wrapper took 0.001776 seconds
[2024-01-01 12:09:35,057][hyperopt.tpe][INFO] - TPE using 193/193 trials with best loss 0.254745
[2024-01-01 12:09:35,178][hyperopt.tpe][INFO] - build_posterior_wrapper took 0.001755 seconds
[2024-01-01 12:09:35,178][hyperopt.tpe][INFO] - TPE using 194/194 trials with best loss 0.254745
[2024-01-01 12:09:35,286][hyperopt.tpe][INFO] - build_posterior_wrapper took 0.001809 seconds
[2024-01-01 12:09:35,286][hyperopt.tpe][INFO] - TPE using 195/195 trials with best loss 0.254745
[2024-01-01 12:09:35,414][hyperopt.tpe][INFO] - build_posterior_wrapper took 0.001761 seconds
[2024-01-01 12:09:35,415][hyperopt.tpe][INFO] - TPE using 196/196 trials with best loss 0.254745
[2024-01-01 12:09:35,478][hyperopt.tpe][INFO] - build_posterior_wrapper took 0.001866 seconds
[2024-01-01 12:09:35,478][hyperopt.tpe][INFO] - TPE using 197/197 trials with best loss 0.254745
[2024-01-01 12:09:35,524][hyperopt.tpe][INFO] - build_posterior_wrapper took 0.001797 seconds
[2024-01-01 12:09:35,524][hyperopt.tpe][INFO] - TPE using 198/198 trials with best loss 0.254745
[2024-01-01 12:09:35,587][hyperopt.tpe][INFO] - build_posterior_wrapper took 0.001763 seconds
[2024-01-01 12:09:35,587][hyperopt.tpe][INFO] - TPE using 199/199 trials with best loss 0.254745
[2024-01-01 12:09:35,648][hyperopt.tpe][INFO] - build_posterior_wrapper took 0.001750 seconds
[2024-01-01 12:09:35,648][hyperopt.tpe][INFO] - TPE using 200/200 trials with best loss 0.254745
[2024-01-01 12:09:35,701][hyperopt.tpe][INFO] - build_posterior_wrapper took 0.001781 seconds
[2024-01-01 12:09:35,701][hyperopt.tpe][INFO] - TPE using 201/201 trials with best loss 0.254745
[2024-01-01 12:09:35,777][hyperopt.tpe][INFO] - build_posterior_wrapper took 0.001745 seconds
[2024-01-01 12:09:35,777][hyperopt.tpe][INFO] - TPE using 202/202 trials with best loss 0.254745
[2024-01-01 12:09:35,840][hyperopt.tpe][INFO] - build_posterior_wrapper took 0.001750 seconds
[2024-01-01 12:09:35,840][hyperopt.tpe][INFO] - TPE using 203/203 trials with best loss 0.254745
[2024-01-01 12:09:35,903][hyperopt.tpe][INFO] - build_posterior_wrapper took 0.001752 seconds
[2024-01-01 12:09:35,903][hyperopt.tpe][INFO] - TPE using 204/204 trials with best loss 0.254745
[2024-01-01 12:09:35,965][hyperopt.tpe][INFO] - build_posterior_wrapper took 0.001755 seconds
[2024-01-01 12:09:35,965][hyperopt.tpe][INFO] - TPE using 205/205 trials with best loss 0.254745
[2024-01-01 12:09:36,027][hyperopt.tpe][INFO] - build_posterior_wrapper took 0.001762 seconds
[2024-01-01 12:09:36,027][hyperopt.tpe][INFO] - TPE using 206/206 trials with best loss 0.254745
[2024-01-01 12:09:36,073][hyperopt.tpe][INFO] - build_posterior_wrapper took 0.001770 seconds
[2024-01-01 12:09:36,073][hyperopt.tpe][INFO] - TPE using 207/207 trials with best loss 0.254745
[2024-01-01 12:09:36,134][hyperopt.tpe][INFO] - build_posterior_wrapper took 0.001744 seconds
[2024-01-01 12:09:36,134][hyperopt.tpe][INFO] - TPE using 208/208 trials with best loss 0.254745
[2024-01-01 12:09:36,186][hyperopt.tpe][INFO] - build_posterior_wrapper took 0.001755 seconds
[2024-01-01 12:09:36,187][hyperopt.tpe][INFO] - TPE using 209/209 trials with best loss 0.254745
[2024-01-01 12:09:36,259][hyperopt.tpe][INFO] - build_posterior_wrapper took 0.001766 seconds
[2024-01-01 12:09:36,259][hyperopt.tpe][INFO] - TPE using 210/210 trials with best loss 0.254745
[2024-01-01 12:09:36,322][hyperopt.tpe][INFO] - build_posterior_wrapper took 0.001763 seconds
[2024-01-01 12:09:36,322][hyperopt.tpe][INFO] - TPE using 211/211 trials with best loss 0.254745
[2024-01-01 12:09:36,384][hyperopt.tpe][INFO] - build_posterior_wrapper took 0.001756 seconds
[2024-01-01 12:09:36,384][hyperopt.tpe][INFO] - TPE using 212/212 trials with best loss 0.254745
[2024-01-01 12:09:36,447][hyperopt.tpe][INFO] - build_posterior_wrapper took 0.001768 seconds
[2024-01-01 12:09:36,447][hyperopt.tpe][INFO] - TPE using 213/213 trials with best loss 0.254745
[2024-01-01 12:09:36,510][hyperopt.tpe][INFO] - build_posterior_wrapper took 0.001753 seconds
[2024-01-01 12:09:36,510][hyperopt.tpe][INFO] - TPE using 214/214 trials with best loss 0.254745
[2024-01-01 12:09:36,556][hyperopt.tpe][INFO] - build_posterior_wrapper took 0.001769 seconds
[2024-01-01 12:09:36,556][hyperopt.tpe][INFO] - TPE using 215/215 trials with best loss 0.254745
[2024-01-01 12:09:36,619][hyperopt.tpe][INFO] - build_posterior_wrapper took 0.001752 seconds
[2024-01-01 12:09:36,619][hyperopt.tpe][INFO] - TPE using 216/216 trials with best loss 0.254745
[2024-01-01 12:09:36,671][hyperopt.tpe][INFO] - build_posterior_wrapper took 0.001761 seconds
[2024-01-01 12:09:36,672][hyperopt.tpe][INFO] - TPE using 217/217 trials with best loss 0.254745
[2024-01-01 12:09:36,733][hyperopt.tpe][INFO] - build_posterior_wrapper took 0.001759 seconds
[2024-01-01 12:09:36,733][hyperopt.tpe][INFO] - TPE using 218/218 trials with best loss 0.254745
[2024-01-01 12:09:36,804][hyperopt.tpe][INFO] - build_posterior_wrapper took 0.001771 seconds
[2024-01-01 12:09:36,804][hyperopt.tpe][INFO] - TPE using 219/219 trials with best loss 0.254745
[2024-01-01 12:09:36,867][hyperopt.tpe][INFO] - build_posterior_wrapper took 0.001760 seconds
[2024-01-01 12:09:36,867][hyperopt.tpe][INFO] - TPE using 220/220 trials with best loss 0.254745
[2024-01-01 12:09:36,929][hyperopt.tpe][INFO] - build_posterior_wrapper took 0.001774 seconds
[2024-01-01 12:09:36,929][hyperopt.tpe][INFO] - TPE using 221/221 trials with best loss 0.254745
[2024-01-01 12:09:36,992][hyperopt.tpe][INFO] - build_posterior_wrapper took 0.001760 seconds
[2024-01-01 12:09:36,992][hyperopt.tpe][INFO] - TPE using 222/222 trials with best loss 0.254745
[2024-01-01 12:09:37,038][hyperopt.tpe][INFO] - build_posterior_wrapper took 0.001804 seconds
[2024-01-01 12:09:37,038][hyperopt.tpe][INFO] - TPE using 223/223 trials with best loss 0.254745
[2024-01-01 12:09:37,100][hyperopt.tpe][INFO] - build_posterior_wrapper took 0.001774 seconds
[2024-01-01 12:09:37,100][hyperopt.tpe][INFO] - TPE using 224/224 trials with best loss 0.254745
[2024-01-01 12:09:37,153][hyperopt.tpe][INFO] - build_posterior_wrapper took 0.001800 seconds
[2024-01-01 12:09:37,153][hyperopt.tpe][INFO] - TPE using 225/225 trials with best loss 0.254745
[2024-01-01 12:09:37,206][hyperopt.tpe][INFO] - build_posterior_wrapper took 0.001776 seconds
[2024-01-01 12:09:37,207][hyperopt.tpe][INFO] - TPE using 226/226 trials with best loss 0.254745
[2024-01-01 12:09:37,281][hyperopt.tpe][INFO] - build_posterior_wrapper took 0.001915 seconds
[2024-01-01 12:09:37,281][hyperopt.tpe][INFO] - TPE using 227/227 trials with best loss 0.254745
[2024-01-01 12:09:37,336][hyperopt.tpe][INFO] - build_posterior_wrapper took 0.001769 seconds
[2024-01-01 12:09:37,336][hyperopt.tpe][INFO] - TPE using 228/228 trials with best loss 0.254745
[2024-01-01 12:09:37,492][hyperopt.tpe][INFO] - build_posterior_wrapper took 0.001777 seconds
[2024-01-01 12:09:37,492][hyperopt.tpe][INFO] - TPE using 229/229 trials with best loss 0.254745
[2024-01-01 12:09:37,544][hyperopt.tpe][INFO] - build_posterior_wrapper took 0.001780 seconds
[2024-01-01 12:09:37,544][hyperopt.tpe][INFO] - TPE using 230/230 trials with best loss 0.254745
[2024-01-01 12:09:37,590][hyperopt.tpe][INFO] - build_posterior_wrapper took 0.001792 seconds
[2024-01-01 12:09:37,591][hyperopt.tpe][INFO] - TPE using 231/231 trials with best loss 0.254745
[2024-01-01 12:09:37,643][hyperopt.tpe][INFO] - build_posterior_wrapper took 0.001774 seconds
[2024-01-01 12:09:37,643][hyperopt.tpe][INFO] - TPE using 232/232 trials with best loss 0.254745
[2024-01-01 12:09:37,707][hyperopt.tpe][INFO] - build_posterior_wrapper took 0.001760 seconds
[2024-01-01 12:09:37,707][hyperopt.tpe][INFO] - TPE using 233/233 trials with best loss 0.254745
[2024-01-01 12:09:37,863][hyperopt.tpe][INFO] - build_posterior_wrapper took 0.001781 seconds
[2024-01-01 12:09:37,863][hyperopt.tpe][INFO] - TPE using 234/234 trials with best loss 0.254745
[2024-01-01 12:09:37,939][hyperopt.tpe][INFO] - build_posterior_wrapper took 0.001763 seconds
[2024-01-01 12:09:37,940][hyperopt.tpe][INFO] - TPE using 235/235 trials with best loss 0.254745
[2024-01-01 12:09:37,993][hyperopt.tpe][INFO] - build_posterior_wrapper took 0.001785 seconds
[2024-01-01 12:09:37,993][hyperopt.tpe][INFO] - TPE using 236/236 trials with best loss 0.254745
[2024-01-01 12:09:38,055][hyperopt.tpe][INFO] - build_posterior_wrapper took 0.001779 seconds
[2024-01-01 12:09:38,055][hyperopt.tpe][INFO] - TPE using 237/237 trials with best loss 0.254745
[2024-01-01 12:09:38,110][hyperopt.tpe][INFO] - build_posterior_wrapper took 0.001765 seconds
[2024-01-01 12:09:38,110][hyperopt.tpe][INFO] - TPE using 238/238 trials with best loss 0.254745
[2024-01-01 12:09:38,156][hyperopt.tpe][INFO] - build_posterior_wrapper took 0.001770 seconds
[2024-01-01 12:09:38,156][hyperopt.tpe][INFO] - TPE using 239/239 trials with best loss 0.254745
[2024-01-01 12:09:38,324][hyperopt.tpe][INFO] - build_posterior_wrapper took 0.001784 seconds
[2024-01-01 12:09:38,324][hyperopt.tpe][INFO] - TPE using 240/240 trials with best loss 0.254745
[2024-01-01 12:09:38,388][hyperopt.tpe][INFO] - build_posterior_wrapper took 0.001753 seconds
[2024-01-01 12:09:38,388][hyperopt.tpe][INFO] - TPE using 241/241 trials with best loss 0.254745
[2024-01-01 12:09:38,436][hyperopt.tpe][INFO] - build_posterior_wrapper took 0.001764 seconds
[2024-01-01 12:09:38,436][hyperopt.tpe][INFO] - TPE using 242/242 trials with best loss 0.254745
[2024-01-01 12:09:38,498][hyperopt.tpe][INFO] - build_posterior_wrapper took 0.001775 seconds
[2024-01-01 12:09:38,498][hyperopt.tpe][INFO] - TPE using 243/243 trials with best loss 0.254745
[2024-01-01 12:09:38,560][hyperopt.tpe][INFO] - build_posterior_wrapper took 0.001764 seconds
[2024-01-01 12:09:38,560][hyperopt.tpe][INFO] - TPE using 244/244 trials with best loss 0.254745
[2024-01-01 12:09:38,622][hyperopt.tpe][INFO] - build_posterior_wrapper took 0.001760 seconds
[2024-01-01 12:09:38,622][hyperopt.tpe][INFO] - TPE using 245/245 trials with best loss 0.254745
[2024-01-01 12:09:38,811][hyperopt.tpe][INFO] - build_posterior_wrapper took 0.001779 seconds
[2024-01-01 12:09:38,812][hyperopt.tpe][INFO] - TPE using 246/246 trials with best loss 0.254745
[2024-01-01 12:09:38,875][hyperopt.tpe][INFO] - build_posterior_wrapper took 0.001777 seconds
[2024-01-01 12:09:38,875][hyperopt.tpe][INFO] - TPE using 247/247 trials with best loss 0.254745
[2024-01-01 12:09:38,921][hyperopt.tpe][INFO] - build_posterior_wrapper took 0.001775 seconds
[2024-01-01 12:09:38,922][hyperopt.tpe][INFO] - TPE using 248/248 trials with best loss 0.254745
[2024-01-01 12:09:38,983][hyperopt.tpe][INFO] - build_posterior_wrapper took 0.001809 seconds
[2024-01-01 12:09:38,983][hyperopt.tpe][INFO] - TPE using 249/249 trials with best loss 0.254745
[2024-01-01 12:09:39,033][hyperopt.tpe][INFO] - build_posterior_wrapper took 0.001779 seconds
[2024-01-01 12:09:39,033][hyperopt.tpe][INFO] - TPE using 250/250 trials with best loss 0.254745
[2024-01-01 12:09:39,091][hyperopt.tpe][INFO] - build_posterior_wrapper took 0.001808 seconds
[2024-01-01 12:09:39,091][hyperopt.tpe][INFO] - TPE using 251/251 trials with best loss 0.254745
[2024-01-01 12:09:39,259][hyperopt.tpe][INFO] - build_posterior_wrapper took 0.001788 seconds
[2024-01-01 12:09:39,259][hyperopt.tpe][INFO] - TPE using 252/252 trials with best loss 0.254745
[2024-01-01 12:09:39,323][hyperopt.tpe][INFO] - build_posterior_wrapper took 0.001781 seconds
[2024-01-01 12:09:39,323][hyperopt.tpe][INFO] - TPE using 253/253 trials with best loss 0.254745
[2024-01-01 12:09:39,375][hyperopt.tpe][INFO] - build_posterior_wrapper took 0.001770 seconds
[2024-01-01 12:09:39,376][hyperopt.tpe][INFO] - TPE using 254/254 trials with best loss 0.254745
[2024-01-01 12:09:39,437][hyperopt.tpe][INFO] - build_posterior_wrapper took 0.001792 seconds
[2024-01-01 12:09:39,437][hyperopt.tpe][INFO] - TPE using 255/255 trials with best loss 0.254745
[2024-01-01 12:09:39,518][hyperopt.tpe][INFO] - build_posterior_wrapper took 0.001770 seconds
[2024-01-01 12:09:39,519][hyperopt.tpe][INFO] - TPE using 256/256 trials with best loss 0.254745
[2024-01-01 12:09:39,565][hyperopt.tpe][INFO] - build_posterior_wrapper took 0.001799 seconds
[2024-01-01 12:09:39,565][hyperopt.tpe][INFO] - TPE using 257/257 trials with best loss 0.254745
[2024-01-01 12:09:39,628][hyperopt.tpe][INFO] - build_posterior_wrapper took 0.001753 seconds
[2024-01-01 12:09:39,629][hyperopt.tpe][INFO] - TPE using 258/258 trials with best loss 0.254745
[2024-01-01 12:09:39,692][hyperopt.tpe][INFO] - build_posterior_wrapper took 0.001775 seconds
[2024-01-01 12:09:39,693][hyperopt.tpe][INFO] - TPE using 259/259 trials with best loss 0.254745
[2024-01-01 12:09:39,756][hyperopt.tpe][INFO] - build_posterior_wrapper took 0.001746 seconds
[2024-01-01 12:09:39,756][hyperopt.tpe][INFO] - TPE using 260/260 trials with best loss 0.254745
[2024-01-01 12:09:39,819][hyperopt.tpe][INFO] - build_posterior_wrapper took 0.001781 seconds
[2024-01-01 12:09:39,820][hyperopt.tpe][INFO] - TPE using 261/261 trials with best loss 0.254745
[2024-01-01 12:09:39,883][hyperopt.tpe][INFO] - build_posterior_wrapper took 0.001757 seconds
[2024-01-01 12:09:39,883][hyperopt.tpe][INFO] - TPE using 262/262 trials with best loss 0.254745
[2024-01-01 12:09:39,947][hyperopt.tpe][INFO] - build_posterior_wrapper took 0.001771 seconds
[2024-01-01 12:09:39,947][hyperopt.tpe][INFO] - TPE using 263/263 trials with best loss 0.254745
[2024-01-01 12:09:40,010][hyperopt.tpe][INFO] - build_posterior_wrapper took 0.001758 seconds
[2024-01-01 12:09:40,011][hyperopt.tpe][INFO] - TPE using 264/264 trials with best loss 0.254745
[2024-01-01 12:09:40,074][hyperopt.tpe][INFO] - build_posterior_wrapper took 0.001774 seconds
[2024-01-01 12:09:40,074][hyperopt.tpe][INFO] - TPE using 265/265 trials with best loss 0.254745
[2024-01-01 12:09:40,138][hyperopt.tpe][INFO] - build_posterior_wrapper took 0.001742 seconds
[2024-01-01 12:09:40,138][hyperopt.tpe][INFO] - TPE using 266/266 trials with best loss 0.254745
[2024-01-01 12:09:40,202][hyperopt.tpe][INFO] - build_posterior_wrapper took 0.001777 seconds
[2024-01-01 12:09:40,202][hyperopt.tpe][INFO] - TPE using 267/267 trials with best loss 0.254745
[2024-01-01 12:09:40,261][hyperopt.tpe][INFO] - build_posterior_wrapper took 0.001757 seconds
[2024-01-01 12:09:40,261][hyperopt.tpe][INFO] - TPE using 268/268 trials with best loss 0.254745
[2024-01-01 12:09:40,325][hyperopt.tpe][INFO] - build_posterior_wrapper took 0.001763 seconds
[2024-01-01 12:09:40,325][hyperopt.tpe][INFO] - TPE using 269/269 trials with best loss 0.254745
[2024-01-01 12:09:40,389][hyperopt.tpe][INFO] - build_posterior_wrapper took 0.001750 seconds
[2024-01-01 12:09:40,389][hyperopt.tpe][INFO] - TPE using 270/270 trials with best loss 0.254745
[2024-01-01 12:09:40,452][hyperopt.tpe][INFO] - build_posterior_wrapper took 0.001764 seconds
[2024-01-01 12:09:40,453][hyperopt.tpe][INFO] - TPE using 271/271 trials with best loss 0.254745
[2024-01-01 12:09:40,507][hyperopt.tpe][INFO] - build_posterior_wrapper took 0.001770 seconds
[2024-01-01 12:09:40,507][hyperopt.tpe][INFO] - TPE using 272/272 trials with best loss 0.254745
[2024-01-01 12:09:40,680][hyperopt.tpe][INFO] - build_posterior_wrapper took 0.001789 seconds
[2024-01-01 12:09:40,680][hyperopt.tpe][INFO] - TPE using 273/273 trials with best loss 0.254745
[2024-01-01 12:09:40,731][hyperopt.tpe][INFO] - build_posterior_wrapper took 0.001770 seconds
[2024-01-01 12:09:40,732][hyperopt.tpe][INFO] - TPE using 274/274 trials with best loss 0.254745
[2024-01-01 12:09:40,785][hyperopt.tpe][INFO] - build_posterior_wrapper took 0.001783 seconds
[2024-01-01 12:09:40,786][hyperopt.tpe][INFO] - TPE using 275/275 trials with best loss 0.254745
[2024-01-01 12:09:40,895][hyperopt.tpe][INFO] - build_posterior_wrapper took 0.001761 seconds
[2024-01-01 12:09:40,895][hyperopt.tpe][INFO] - TPE using 276/276 trials with best loss 0.254745
[2024-01-01 12:09:40,948][hyperopt.tpe][INFO] - build_posterior_wrapper took 0.001776 seconds
[2024-01-01 12:09:40,949][hyperopt.tpe][INFO] - TPE using 277/277 trials with best loss 0.254745
[2024-01-01 12:09:41,001][hyperopt.tpe][INFO] - build_posterior_wrapper took 0.001753 seconds
[2024-01-01 12:09:41,001][hyperopt.tpe][INFO] - TPE using 278/278 trials with best loss 0.254745
[2024-01-01 12:09:41,063][hyperopt.tpe][INFO] - build_posterior_wrapper took 0.001818 seconds
[2024-01-01 12:09:41,063][hyperopt.tpe][INFO] - TPE using 279/279 trials with best loss 0.254745
[2024-01-01 12:09:41,109][hyperopt.tpe][INFO] - build_posterior_wrapper took 0.001771 seconds
[2024-01-01 12:09:41,109][hyperopt.tpe][INFO] - TPE using 280/280 trials with best loss 0.254745
[2024-01-01 12:09:41,283][hyperopt.tpe][INFO] - build_posterior_wrapper took 0.001776 seconds
[2024-01-01 12:09:41,284][hyperopt.tpe][INFO] - TPE using 281/281 trials with best loss 0.254745
[2024-01-01 12:09:41,357][hyperopt.tpe][INFO] - build_posterior_wrapper took 0.001778 seconds
[2024-01-01 12:09:41,358][hyperopt.tpe][INFO] - TPE using 282/282 trials with best loss 0.254745
[2024-01-01 12:09:41,430][hyperopt.tpe][INFO] - build_posterior_wrapper took 0.001768 seconds
[2024-01-01 12:09:41,430][hyperopt.tpe][INFO] - TPE using 283/283 trials with best loss 0.254745
[2024-01-01 12:09:41,492][hyperopt.tpe][INFO] - build_posterior_wrapper took 0.001752 seconds
[2024-01-01 12:09:41,492][hyperopt.tpe][INFO] - TPE using 284/284 trials with best loss 0.254745
[2024-01-01 12:09:41,564][hyperopt.tpe][INFO] - build_posterior_wrapper took 0.001794 seconds
[2024-01-01 12:09:41,564][hyperopt.tpe][INFO] - TPE using 285/285 trials with best loss 0.254745
[2024-01-01 12:09:41,619][hyperopt.tpe][INFO] - build_posterior_wrapper took 0.001764 seconds
[2024-01-01 12:09:41,619][hyperopt.tpe][INFO] - TPE using 286/286 trials with best loss 0.254745
[2024-01-01 12:09:41,671][hyperopt.tpe][INFO] - build_posterior_wrapper took 0.001775 seconds
[2024-01-01 12:09:41,671][hyperopt.tpe][INFO] - TPE using 287/287 trials with best loss 0.254745
[2024-01-01 12:09:41,839][hyperopt.tpe][INFO] - build_posterior_wrapper took 0.001758 seconds
[2024-01-01 12:09:41,839][hyperopt.tpe][INFO] - TPE using 288/288 trials with best loss 0.254745
[2024-01-01 12:09:41,891][hyperopt.tpe][INFO] - build_posterior_wrapper took 0.001784 seconds
[2024-01-01 12:09:41,891][hyperopt.tpe][INFO] - TPE using 289/289 trials with best loss 0.254745
[2024-01-01 12:09:41,938][hyperopt.tpe][INFO] - build_posterior_wrapper took 0.001766 seconds
[2024-01-01 12:09:41,938][hyperopt.tpe][INFO] - TPE using 290/290 trials with best loss 0.254745
[2024-01-01 12:09:42,036][hyperopt.tpe][INFO] - build_posterior_wrapper took 0.001805 seconds
[2024-01-01 12:09:42,037][hyperopt.tpe][INFO] - TPE using 291/291 trials with best loss 0.254745
[2024-01-01 12:09:42,094][hyperopt.tpe][INFO] - build_posterior_wrapper took 0.001751 seconds
[2024-01-01 12:09:42,094][hyperopt.tpe][INFO] - TPE using 292/292 trials with best loss 0.254745
[2024-01-01 12:09:42,156][hyperopt.tpe][INFO] - build_posterior_wrapper took 0.001781 seconds
[2024-01-01 12:09:42,156][hyperopt.tpe][INFO] - TPE using 293/293 trials with best loss 0.254745
[2024-01-01 12:09:42,207][hyperopt.tpe][INFO] - build_posterior_wrapper took 0.001794 seconds
[2024-01-01 12:09:42,208][hyperopt.tpe][INFO] - TPE using 294/294 trials with best loss 0.254745
[2024-01-01 12:09:42,286][hyperopt.tpe][INFO] - build_posterior_wrapper took 0.001797 seconds
[2024-01-01 12:09:42,286][hyperopt.tpe][INFO] - TPE using 295/295 trials with best loss 0.254745
[2024-01-01 12:09:42,350][hyperopt.tpe][INFO] - build_posterior_wrapper took 0.001770 seconds
[2024-01-01 12:09:42,350][hyperopt.tpe][INFO] - TPE using 296/296 trials with best loss 0.254745
[2024-01-01 12:09:42,404][hyperopt.tpe][INFO] - build_posterior_wrapper took 0.001803 seconds
[2024-01-01 12:09:42,404][hyperopt.tpe][INFO] - TPE using 297/297 trials with best loss 0.254745
[2024-01-01 12:09:42,579][hyperopt.tpe][INFO] - build_posterior_wrapper took 0.001775 seconds
[2024-01-01 12:09:42,579][hyperopt.tpe][INFO] - TPE using 298/298 trials with best loss 0.254745
[2024-01-01 12:09:42,646][hyperopt.tpe][INFO] - build_posterior_wrapper took 0.001791 seconds
[2024-01-01 12:09:42,646][hyperopt.tpe][INFO] - TPE using 299/299 trials with best loss 0.254745
[2024-01-01 12:09:42,698][hyperopt.tpe][INFO] - build_posterior_wrapper took 0.001831 seconds
[2024-01-01 12:09:42,698][hyperopt.tpe][INFO] - TPE using 300/300 trials with best loss 0.254745
[2024-01-01 12:09:42,755][hyperopt.tpe][INFO] - build_posterior_wrapper took 0.001784 seconds
[2024-01-01 12:09:42,755][hyperopt.tpe][INFO] - TPE using 301/301 trials with best loss 0.254745
[2024-01-01 12:09:42,828][hyperopt.tpe][INFO] - build_posterior_wrapper took 0.001765 seconds
[2024-01-01 12:09:42,829][hyperopt.tpe][INFO] - TPE using 302/302 trials with best loss 0.254745
[2024-01-01 12:09:42,877][hyperopt.tpe][INFO] - build_posterior_wrapper took 0.001791 seconds
[2024-01-01 12:09:42,878][hyperopt.tpe][INFO] - TPE using 303/303 trials with best loss 0.254745
[2024-01-01 12:09:43,040][hyperopt.tpe][INFO] - build_posterior_wrapper took 0.001788 seconds
[2024-01-01 12:09:43,040][hyperopt.tpe][INFO] - TPE using 304/304 trials with best loss 0.254745
[2024-01-01 12:09:43,112][hyperopt.tpe][INFO] - build_posterior_wrapper took 0.001778 seconds
[2024-01-01 12:09:43,113][hyperopt.tpe][INFO] - TPE using 305/305 trials with best loss 0.254745
[2024-01-01 12:09:43,175][hyperopt.tpe][INFO] - build_posterior_wrapper took 0.001764 seconds
[2024-01-01 12:09:43,175][hyperopt.tpe][INFO] - TPE using 306/306 trials with best loss 0.254745
[2024-01-01 12:09:43,269][hyperopt.tpe][INFO] - build_posterior_wrapper took 0.001773 seconds
[2024-01-01 12:09:43,269][hyperopt.tpe][INFO] - TPE using 307/307 trials with best loss 0.254745
[2024-01-01 12:09:43,332][hyperopt.tpe][INFO] - build_posterior_wrapper took 0.001755 seconds
[2024-01-01 12:09:43,332][hyperopt.tpe][INFO] - TPE using 308/308 trials with best loss 0.254745
[2024-01-01 12:09:43,396][hyperopt.tpe][INFO] - build_posterior_wrapper took 0.001801 seconds
[2024-01-01 12:09:43,396][hyperopt.tpe][INFO] - TPE using 309/309 trials with best loss 0.254745
[2024-01-01 12:09:43,442][hyperopt.tpe][INFO] - build_posterior_wrapper took 0.001776 seconds
[2024-01-01 12:09:43,443][hyperopt.tpe][INFO] - TPE using 310/310 trials with best loss 0.254745
[2024-01-01 12:09:43,507][hyperopt.tpe][INFO] - build_posterior_wrapper took 0.001791 seconds
[2024-01-01 12:09:43,508][hyperopt.tpe][INFO] - TPE using 311/311 trials with best loss 0.254745
[2024-01-01 12:09:43,568][hyperopt.tpe][INFO] - build_posterior_wrapper took 0.001779 seconds
[2024-01-01 12:09:43,568][hyperopt.tpe][INFO] - TPE using 312/312 trials with best loss 0.254745
[2024-01-01 12:09:43,724][hyperopt.tpe][INFO] - build_posterior_wrapper took 0.001797 seconds
[2024-01-01 12:09:43,724][hyperopt.tpe][INFO] - TPE using 313/313 trials with best loss 0.254745
[2024-01-01 12:09:43,774][hyperopt.tpe][INFO] - build_posterior_wrapper took 0.001774 seconds
[2024-01-01 12:09:43,775][hyperopt.tpe][INFO] - TPE using 314/314 trials with best loss 0.254745
[2024-01-01 12:09:43,874][hyperopt.tpe][INFO] - build_posterior_wrapper took 0.001801 seconds
[2024-01-01 12:09:43,875][hyperopt.tpe][INFO] - TPE using 315/315 trials with best loss 0.254745
[2024-01-01 12:09:43,934][hyperopt.tpe][INFO] - build_posterior_wrapper took 0.001797 seconds
[2024-01-01 12:09:43,934][hyperopt.tpe][INFO] - TPE using 316/316 trials with best loss 0.254745
[2024-01-01 12:09:44,085][hyperopt.tpe][INFO] - build_posterior_wrapper took 0.001773 seconds
[2024-01-01 12:09:44,085][hyperopt.tpe][INFO] - TPE using 317/317 trials with best loss 0.254745
[2024-01-01 12:09:44,139][hyperopt.tpe][INFO] - build_posterior_wrapper took 0.001788 seconds
[2024-01-01 12:09:44,139][hyperopt.tpe][INFO] - TPE using 318/318 trials with best loss 0.254745
[2024-01-01 12:09:44,201][hyperopt.tpe][INFO] - build_posterior_wrapper took 0.001775 seconds
[2024-01-01 12:09:44,202][hyperopt.tpe][INFO] - TPE using 319/319 trials with best loss 0.254745
[2024-01-01 12:09:44,264][hyperopt.tpe][INFO] - build_posterior_wrapper took 0.001753 seconds
[2024-01-01 12:09:44,264][hyperopt.tpe][INFO] - TPE using 320/320 trials with best loss 0.254745
[2024-01-01 12:09:44,310][hyperopt.tpe][INFO] - build_posterior_wrapper took 0.001817 seconds
[2024-01-01 12:09:44,311][hyperopt.tpe][INFO] - TPE using 321/321 trials with best loss 0.254745
[2024-01-01 12:09:44,491][hyperopt.tpe][INFO] - build_posterior_wrapper took 0.001753 seconds
[2024-01-01 12:09:44,491][hyperopt.tpe][INFO] - TPE using 322/322 trials with best loss 0.254745
[2024-01-01 12:09:44,546][hyperopt.tpe][INFO] - build_posterior_wrapper took 0.001795 seconds
[2024-01-01 12:09:44,546][hyperopt.tpe][INFO] - TPE using 323/323 trials with best loss 0.254745
[2024-01-01 12:09:44,608][hyperopt.tpe][INFO] - build_posterior_wrapper took 0.001758 seconds
[2024-01-01 12:09:44,608][hyperopt.tpe][INFO] - TPE using 324/324 trials with best loss 0.254745
[2024-01-01 12:09:44,730][hyperopt.tpe][INFO] - build_posterior_wrapper took 0.001788 seconds
[2024-01-01 12:09:44,731][hyperopt.tpe][INFO] - TPE using 325/325 trials with best loss 0.254745
[2024-01-01 12:09:44,788][hyperopt.tpe][INFO] - build_posterior_wrapper took 0.001776 seconds
[2024-01-01 12:09:44,788][hyperopt.tpe][INFO] - TPE using 326/326 trials with best loss 0.254745
[2024-01-01 12:09:44,877][hyperopt.tpe][INFO] - build_posterior_wrapper took 0.001819 seconds
[2024-01-01 12:09:44,877][hyperopt.tpe][INFO] - TPE using 327/327 trials with best loss 0.254745
[2024-01-01 12:09:44,941][hyperopt.tpe][INFO] - build_posterior_wrapper took 0.001750 seconds
[2024-01-01 12:09:44,941][hyperopt.tpe][INFO] - TPE using 328/328 trials with best loss 0.254745
[2024-01-01 12:09:44,993][hyperopt.tpe][INFO] - build_posterior_wrapper took 0.001778 seconds
[2024-01-01 12:09:44,994][hyperopt.tpe][INFO] - TPE using 329/329 trials with best loss 0.254745
[2024-01-01 12:09:45,058][hyperopt.tpe][INFO] - build_posterior_wrapper took 0.001760 seconds
[2024-01-01 12:09:45,058][hyperopt.tpe][INFO] - TPE using 330/330 trials with best loss 0.254745
[2024-01-01 12:09:45,187][hyperopt.tpe][INFO] - build_posterior_wrapper took 0.001775 seconds
[2024-01-01 12:09:45,188][hyperopt.tpe][INFO] - TPE using 331/331 trials with best loss 0.254745
[2024-01-01 12:09:45,258][hyperopt.tpe][INFO] - build_posterior_wrapper took 0.001740 seconds
[2024-01-01 12:09:45,258][hyperopt.tpe][INFO] - TPE using 332/332 trials with best loss 0.254745
[2024-01-01 12:09:45,358][hyperopt.tpe][INFO] - build_posterior_wrapper took 0.001770 seconds
[2024-01-01 12:09:45,358][hyperopt.tpe][INFO] - TPE using 333/333 trials with best loss 0.254745
[2024-01-01 12:09:45,410][hyperopt.tpe][INFO] - build_posterior_wrapper took 0.001758 seconds
[2024-01-01 12:09:45,410][hyperopt.tpe][INFO] - TPE using 334/334 trials with best loss 0.254745
[2024-01-01 12:09:45,561][hyperopt.tpe][INFO] - build_posterior_wrapper took 0.001767 seconds
[2024-01-01 12:09:45,561][hyperopt.tpe][INFO] - TPE using 335/335 trials with best loss 0.254745
[2024-01-01 12:09:45,625][hyperopt.tpe][INFO] - build_posterior_wrapper took 0.001765 seconds
[2024-01-01 12:09:45,625][hyperopt.tpe][INFO] - TPE using 336/336 trials with best loss 0.254745
[2024-01-01 12:09:45,688][hyperopt.tpe][INFO] - build_posterior_wrapper took 0.001762 seconds
[2024-01-01 12:09:45,688][hyperopt.tpe][INFO] - TPE using 337/337 trials with best loss 0.254745
[2024-01-01 12:09:45,744][hyperopt.tpe][INFO] - build_posterior_wrapper took 0.001761 seconds
[2024-01-01 12:09:45,744][hyperopt.tpe][INFO] - TPE using 338/338 trials with best loss 0.254745
[2024-01-01 12:09:45,806][hyperopt.tpe][INFO] - build_posterior_wrapper took 0.001768 seconds
[2024-01-01 12:09:45,807][hyperopt.tpe][INFO] - TPE using 339/339 trials with best loss 0.254745
[2024-01-01 12:09:45,962][hyperopt.tpe][INFO] - build_posterior_wrapper took 0.001754 seconds
[2024-01-01 12:09:45,962][hyperopt.tpe][INFO] - TPE using 340/340 trials with best loss 0.254745
[2024-01-01 12:09:46,009][hyperopt.tpe][INFO] - build_posterior_wrapper took 0.001776 seconds
[2024-01-01 12:09:46,010][hyperopt.tpe][INFO] - TPE using 341/341 trials with best loss 0.254745
[2024-01-01 12:09:46,067][hyperopt.tpe][INFO] - build_posterior_wrapper took 0.001766 seconds
[2024-01-01 12:09:46,067][hyperopt.tpe][INFO] - TPE using 342/342 trials with best loss 0.254745
[2024-01-01 12:09:46,154][hyperopt.tpe][INFO] - build_posterior_wrapper took 0.001767 seconds
[2024-01-01 12:09:46,155][hyperopt.tpe][INFO] - TPE using 343/343 trials with best loss 0.254745
[2024-01-01 12:09:46,289][hyperopt.tpe][INFO] - build_posterior_wrapper took 0.001794 seconds
[2024-01-01 12:09:46,290][hyperopt.tpe][INFO] - TPE using 344/344 trials with best loss 0.254745
[2024-01-01 12:09:46,343][hyperopt.tpe][INFO] - build_posterior_wrapper took 0.001795 seconds
[2024-01-01 12:09:46,344][hyperopt.tpe][INFO] - TPE using 345/345 trials with best loss 0.254745
[2024-01-01 12:09:46,415][hyperopt.tpe][INFO] - build_posterior_wrapper took 0.001763 seconds
[2024-01-01 12:09:46,415][hyperopt.tpe][INFO] - TPE using 346/346 trials with best loss 0.254745
[2024-01-01 12:09:46,474][hyperopt.tpe][INFO] - build_posterior_wrapper took 0.001773 seconds
[2024-01-01 12:09:46,475][hyperopt.tpe][INFO] - TPE using 347/347 trials with best loss 0.254745
[2024-01-01 12:09:46,540][hyperopt.tpe][INFO] - build_posterior_wrapper took 0.001756 seconds
[2024-01-01 12:09:46,540][hyperopt.tpe][INFO] - TPE using 348/348 trials with best loss 0.254745
[2024-01-01 12:09:46,605][hyperopt.tpe][INFO] - build_posterior_wrapper took 0.001765 seconds
[2024-01-01 12:09:46,605][hyperopt.tpe][INFO] - TPE using 349/349 trials with best loss 0.254745
[2024-01-01 12:09:46,772][hyperopt.tpe][INFO] - build_posterior_wrapper took 0.001776 seconds
[2024-01-01 12:09:46,772][hyperopt.tpe][INFO] - TPE using 350/350 trials with best loss 0.254745
[2024-01-01 12:09:46,819][hyperopt.tpe][INFO] - build_posterior_wrapper took 0.001810 seconds
[2024-01-01 12:09:46,819][hyperopt.tpe][INFO] - TPE using 351/351 trials with best loss 0.254745
[2024-01-01 12:09:46,915][hyperopt.tpe][INFO] - build_posterior_wrapper took 0.001773 seconds
[2024-01-01 12:09:46,916][hyperopt.tpe][INFO] - TPE using 352/352 trials with best loss 0.254745
[2024-01-01 12:09:47,046][hyperopt.tpe][INFO] - build_posterior_wrapper took 0.001790 seconds
[2024-01-01 12:09:47,046][hyperopt.tpe][INFO] - TPE using 353/353 trials with best loss 0.254745
[2024-01-01 12:09:47,097][hyperopt.tpe][INFO] - build_posterior_wrapper took 0.001769 seconds
[2024-01-01 12:09:47,097][hyperopt.tpe][INFO] - TPE using 354/354 trials with best loss 0.254745
[2024-01-01 12:09:47,161][hyperopt.tpe][INFO] - build_posterior_wrapper took 0.001771 seconds
[2024-01-01 12:09:47,161][hyperopt.tpe][INFO] - TPE using 355/355 trials with best loss 0.254745
[2024-01-01 12:09:47,214][hyperopt.tpe][INFO] - build_posterior_wrapper took 0.001772 seconds
[2024-01-01 12:09:47,214][hyperopt.tpe][INFO] - TPE using 356/356 trials with best loss 0.254745
[2024-01-01 12:09:47,275][hyperopt.tpe][INFO] - build_posterior_wrapper took 0.001782 seconds
[2024-01-01 12:09:47,275][hyperopt.tpe][INFO] - TPE using 357/357 trials with best loss 0.254745
[2024-01-01 12:09:47,339][hyperopt.tpe][INFO] - build_posterior_wrapper took 0.001757 seconds
[2024-01-01 12:09:47,340][hyperopt.tpe][INFO] - TPE using 358/358 trials with best loss 0.254745
[2024-01-01 12:09:47,514][hyperopt.tpe][INFO] - build_posterior_wrapper took 0.001770 seconds
[2024-01-01 12:09:47,514][hyperopt.tpe][INFO] - TPE using 359/359 trials with best loss 0.254745
[2024-01-01 12:09:47,574][hyperopt.tpe][INFO] - build_posterior_wrapper took 0.001827 seconds
[2024-01-01 12:09:47,574][hyperopt.tpe][INFO] - TPE using 360/360 trials with best loss 0.254745
[2024-01-01 12:09:47,642][hyperopt.tpe][INFO] - build_posterior_wrapper took 0.001761 seconds
[2024-01-01 12:09:47,643][hyperopt.tpe][INFO] - TPE using 361/361 trials with best loss 0.254745
[2024-01-01 12:09:47,791][hyperopt.tpe][INFO] - build_posterior_wrapper took 0.001764 seconds
[2024-01-01 12:09:47,792][hyperopt.tpe][INFO] - TPE using 362/362 trials with best loss 0.254745
[2024-01-01 12:09:47,856][hyperopt.tpe][INFO] - build_posterior_wrapper took 0.001788 seconds
[2024-01-01 12:09:47,857][hyperopt.tpe][INFO] - TPE using 363/363 trials with best loss 0.254745
[2024-01-01 12:09:47,921][hyperopt.tpe][INFO] - build_posterior_wrapper took 0.001753 seconds
[2024-01-01 12:09:47,921][hyperopt.tpe][INFO] - TPE using 364/364 trials with best loss 0.254745
[2024-01-01 12:09:47,971][hyperopt.tpe][INFO] - build_posterior_wrapper took 0.001779 seconds
[2024-01-01 12:09:47,972][hyperopt.tpe][INFO] - TPE using 365/365 trials with best loss 0.254745
[2024-01-01 12:09:48,030][hyperopt.tpe][INFO] - build_posterior_wrapper took 0.001762 seconds
[2024-01-01 12:09:48,030][hyperopt.tpe][INFO] - TPE using 366/366 trials with best loss 0.254745
[2024-01-01 12:09:48,199][hyperopt.tpe][INFO] - build_posterior_wrapper took 0.001780 seconds
[2024-01-01 12:09:48,199][hyperopt.tpe][INFO] - TPE using 367/367 trials with best loss 0.254745
[2024-01-01 12:09:48,262][hyperopt.tpe][INFO] - build_posterior_wrapper took 0.001749 seconds
[2024-01-01 12:09:48,262][hyperopt.tpe][INFO] - TPE using 368/368 trials with best loss 0.254745
[2024-01-01 12:09:48,315][hyperopt.tpe][INFO] - build_posterior_wrapper took 0.001790 seconds
[2024-01-01 12:09:48,315][hyperopt.tpe][INFO] - TPE using 369/369 trials with best loss 0.254745
[2024-01-01 12:09:48,383][hyperopt.tpe][INFO] - build_posterior_wrapper took 0.001760 seconds
[2024-01-01 12:09:48,383][hyperopt.tpe][INFO] - TPE using 370/370 trials with best loss 0.254745
[2024-01-01 12:09:48,555][hyperopt.tpe][INFO] - build_posterior_wrapper took 0.001768 seconds
[2024-01-01 12:09:48,555][hyperopt.tpe][INFO] - TPE using 371/371 trials with best loss 0.254745
[2024-01-01 12:09:48,620][hyperopt.tpe][INFO] - build_posterior_wrapper took 0.001765 seconds
[2024-01-01 12:09:48,620][hyperopt.tpe][INFO] - TPE using 372/372 trials with best loss 0.254745
[2024-01-01 12:09:48,688][hyperopt.tpe][INFO] - build_posterior_wrapper took 0.001770 seconds
[2024-01-01 12:09:48,689][hyperopt.tpe][INFO] - TPE using 373/373 trials with best loss 0.254745
[2024-01-01 12:09:48,742][hyperopt.tpe][INFO] - build_posterior_wrapper took 0.001748 seconds
[2024-01-01 12:09:48,743][hyperopt.tpe][INFO] - TPE using 374/374 trials with best loss 0.254745
[2024-01-01 12:09:48,805][hyperopt.tpe][INFO] - build_posterior_wrapper took 0.001774 seconds
[2024-01-01 12:09:48,806][hyperopt.tpe][INFO] - TPE using 375/375 trials with best loss 0.254745
[2024-01-01 12:09:48,861][hyperopt.tpe][INFO] - build_posterior_wrapper took 0.001852 seconds
[2024-01-01 12:09:48,861][hyperopt.tpe][INFO] - TPE using 376/376 trials with best loss 0.254745
[2024-01-01 12:09:49,083][hyperopt.tpe][INFO] - build_posterior_wrapper took 0.001774 seconds
[2024-01-01 12:09:49,084][hyperopt.tpe][INFO] - TPE using 377/377 trials with best loss 0.254745
[2024-01-01 12:09:49,136][hyperopt.tpe][INFO] - build_posterior_wrapper took 0.001773 seconds
[2024-01-01 12:09:49,136][hyperopt.tpe][INFO] - TPE using 378/378 trials with best loss 0.254745
[2024-01-01 12:09:49,235][hyperopt.tpe][INFO] - build_posterior_wrapper took 0.001765 seconds
[2024-01-01 12:09:49,235][hyperopt.tpe][INFO] - TPE using 379/379 trials with best loss 0.254745
[2024-01-01 12:09:49,292][hyperopt.tpe][INFO] - build_posterior_wrapper took 0.001754 seconds
[2024-01-01 12:09:49,293][hyperopt.tpe][INFO] - TPE using 380/380 trials with best loss 0.254745
[2024-01-01 12:09:49,450][hyperopt.tpe][INFO] - build_posterior_wrapper took 0.050547 seconds
[2024-01-01 12:09:49,451][hyperopt.tpe][INFO] - TPE using 381/381 trials with best loss 0.254745
[2024-01-01 12:09:49,507][hyperopt.tpe][INFO] - build_posterior_wrapper took 0.001783 seconds
[2024-01-01 12:09:49,508][hyperopt.tpe][INFO] - TPE using 382/382 trials with best loss 0.254745
[2024-01-01 12:09:49,571][hyperopt.tpe][INFO] - build_posterior_wrapper took 0.001773 seconds
[2024-01-01 12:09:49,572][hyperopt.tpe][INFO] - TPE using 383/383 trials with best loss 0.254745
[2024-01-01 12:09:49,626][hyperopt.tpe][INFO] - build_posterior_wrapper took 0.001776 seconds
[2024-01-01 12:09:49,626][hyperopt.tpe][INFO] - TPE using 384/384 trials with best loss 0.254745
[2024-01-01 12:09:49,703][hyperopt.tpe][INFO] - build_posterior_wrapper took 0.001771 seconds
[2024-01-01 12:09:49,703][hyperopt.tpe][INFO] - TPE using 385/385 trials with best loss 0.254745
[2024-01-01 12:09:49,860][hyperopt.tpe][INFO] - build_posterior_wrapper took 0.001776 seconds
[2024-01-01 12:09:49,861][hyperopt.tpe][INFO] - TPE using 386/386 trials with best loss 0.254745
[2024-01-01 12:09:49,924][hyperopt.tpe][INFO] - build_posterior_wrapper took 0.001793 seconds
[2024-01-01 12:09:49,924][hyperopt.tpe][INFO] - TPE using 387/387 trials with best loss 0.254745
[2024-01-01 12:09:50,024][hyperopt.tpe][INFO] - build_posterior_wrapper took 0.001755 seconds
[2024-01-01 12:09:50,024][hyperopt.tpe][INFO] - TPE using 388/388 trials with best loss 0.254745
[2024-01-01 12:09:50,080][hyperopt.tpe][INFO] - build_posterior_wrapper took 0.001776 seconds
[2024-01-01 12:09:50,080][hyperopt.tpe][INFO] - TPE using 389/389 trials with best loss 0.254745
[2024-01-01 12:09:50,189][hyperopt.tpe][INFO] - build_posterior_wrapper took 0.001792 seconds
[2024-01-01 12:09:50,190][hyperopt.tpe][INFO] - TPE using 390/390 trials with best loss 0.254745
[2024-01-01 12:09:50,252][hyperopt.tpe][INFO] - build_posterior_wrapper took 0.001774 seconds
[2024-01-01 12:09:50,252][hyperopt.tpe][INFO] - TPE using 391/391 trials with best loss 0.254745
[2024-01-01 12:09:50,304][hyperopt.tpe][INFO] - build_posterior_wrapper took 0.001777 seconds
[2024-01-01 12:09:50,305][hyperopt.tpe][INFO] - TPE using 392/392 trials with best loss 0.254745
[2024-01-01 12:09:50,369][hyperopt.tpe][INFO] - build_posterior_wrapper took 0.001792 seconds
[2024-01-01 12:09:50,369][hyperopt.tpe][INFO] - TPE using 393/393 trials with best loss 0.254745
[2024-01-01 12:09:50,432][hyperopt.tpe][INFO] - build_posterior_wrapper took 0.001768 seconds
[2024-01-01 12:09:50,432][hyperopt.tpe][INFO] - TPE using 394/394 trials with best loss 0.254745
[2024-01-01 12:09:50,572][hyperopt.tpe][INFO] - build_posterior_wrapper took 0.001794 seconds
[2024-01-01 12:09:50,573][hyperopt.tpe][INFO] - TPE using 395/395 trials with best loss 0.254745
[2024-01-01 12:09:50,637][hyperopt.tpe][INFO] - build_posterior_wrapper took 0.001795 seconds
[2024-01-01 12:09:50,637][hyperopt.tpe][INFO] - TPE using 396/396 trials with best loss 0.254745
[2024-01-01 12:09:50,758][hyperopt.tpe][INFO] - build_posterior_wrapper took 0.001781 seconds
[2024-01-01 12:09:50,759][hyperopt.tpe][INFO] - TPE using 397/397 trials with best loss 0.254745
[2024-01-01 12:09:50,812][hyperopt.tpe][INFO] - build_posterior_wrapper took 0.001784 seconds
[2024-01-01 12:09:50,813][hyperopt.tpe][INFO] - TPE using 398/398 trials with best loss 0.254745
[2024-01-01 12:09:50,970][hyperopt.tpe][INFO] - build_posterior_wrapper took 0.001796 seconds
[2024-01-01 12:09:50,970][hyperopt.tpe][INFO] - TPE using 399/399 trials with best loss 0.254745
[2024-01-01 12:09:51,058][hyperopt.tpe][INFO] - build_posterior_wrapper took 0.001787 seconds
[2024-01-01 12:09:51,059][hyperopt.tpe][INFO] - TPE using 400/400 trials with best loss 0.254745
[2024-01-01 12:09:51,121][hyperopt.tpe][INFO] - build_posterior_wrapper took 0.001769 seconds
[2024-01-01 12:09:51,121][hyperopt.tpe][INFO] - TPE using 401/401 trials with best loss 0.254745
[2024-01-01 12:09:51,186][hyperopt.tpe][INFO] - build_posterior_wrapper took 0.001765 seconds
[2024-01-01 12:09:51,186][hyperopt.tpe][INFO] - TPE using 402/402 trials with best loss 0.254745
[2024-01-01 12:09:51,251][hyperopt.tpe][INFO] - build_posterior_wrapper took 0.001776 seconds
[2024-01-01 12:09:51,252][hyperopt.tpe][INFO] - TPE using 403/403 trials with best loss 0.254745
[2024-01-01 12:09:51,316][hyperopt.tpe][INFO] - build_posterior_wrapper took 0.001770 seconds
[2024-01-01 12:09:51,317][hyperopt.tpe][INFO] - TPE using 404/404 trials with best loss 0.254745
[2024-01-01 12:09:51,381][hyperopt.tpe][INFO] - build_posterior_wrapper took 0.001785 seconds
[2024-01-01 12:09:51,381][hyperopt.tpe][INFO] - TPE using 405/405 trials with best loss 0.254745
[2024-01-01 12:09:51,446][hyperopt.tpe][INFO] - build_posterior_wrapper took 0.001772 seconds
[2024-01-01 12:09:51,446][hyperopt.tpe][INFO] - TPE using 406/406 trials with best loss 0.254745
[2024-01-01 12:09:51,511][hyperopt.tpe][INFO] - build_posterior_wrapper took 0.001760 seconds
[2024-01-01 12:09:51,511][hyperopt.tpe][INFO] - TPE using 407/407 trials with best loss 0.254745
[2024-01-01 12:09:51,576][hyperopt.tpe][INFO] - build_posterior_wrapper took 0.001755 seconds
[2024-01-01 12:09:51,577][hyperopt.tpe][INFO] - TPE using 408/408 trials with best loss 0.254745
[2024-01-01 12:09:51,641][hyperopt.tpe][INFO] - build_posterior_wrapper took 0.001775 seconds
[2024-01-01 12:09:51,641][hyperopt.tpe][INFO] - TPE using 409/409 trials with best loss 0.254745
[2024-01-01 12:09:51,706][hyperopt.tpe][INFO] - build_posterior_wrapper took 0.001753 seconds
[2024-01-01 12:09:51,706][hyperopt.tpe][INFO] - TPE using 410/410 trials with best loss 0.254745
[2024-01-01 12:09:51,771][hyperopt.tpe][INFO] - build_posterior_wrapper took 0.001784 seconds
[2024-01-01 12:09:51,771][hyperopt.tpe][INFO] - TPE using 411/411 trials with best loss 0.254745
[2024-01-01 12:09:51,836][hyperopt.tpe][INFO] - build_posterior_wrapper took 0.001772 seconds
[2024-01-01 12:09:51,836][hyperopt.tpe][INFO] - TPE using 412/412 trials with best loss 0.254745
[2024-01-01 12:09:51,894][hyperopt.tpe][INFO] - build_posterior_wrapper took 0.001790 seconds
[2024-01-01 12:09:51,894][hyperopt.tpe][INFO] - TPE using 413/413 trials with best loss 0.254745
[2024-01-01 12:09:51,952][hyperopt.tpe][INFO] - build_posterior_wrapper took 0.001757 seconds
[2024-01-01 12:09:51,952][hyperopt.tpe][INFO] - TPE using 414/414 trials with best loss 0.254745
[2024-01-01 12:09:52,010][hyperopt.tpe][INFO] - build_posterior_wrapper took 0.001784 seconds
[2024-01-01 12:09:52,010][hyperopt.tpe][INFO] - TPE using 415/415 trials with best loss 0.254745
[2024-01-01 12:09:52,067][hyperopt.tpe][INFO] - build_posterior_wrapper took 0.001757 seconds
[2024-01-01 12:09:52,068][hyperopt.tpe][INFO] - TPE using 416/416 trials with best loss 0.254745
[2024-01-01 12:09:52,125][hyperopt.tpe][INFO] - build_posterior_wrapper took 0.001783 seconds
[2024-01-01 12:09:52,126][hyperopt.tpe][INFO] - TPE using 417/417 trials with best loss 0.254745
[2024-01-01 12:09:52,180][hyperopt.tpe][INFO] - build_posterior_wrapper took 0.001780 seconds
[2024-01-01 12:09:52,180][hyperopt.tpe][INFO] - TPE using 418/418 trials with best loss 0.254745
[2024-01-01 12:09:52,238][hyperopt.tpe][INFO] - build_posterior_wrapper took 0.001786 seconds
[2024-01-01 12:09:52,238][hyperopt.tpe][INFO] - TPE using 419/419 trials with best loss 0.254745
[2024-01-01 12:09:52,291][hyperopt.tpe][INFO] - build_posterior_wrapper took 0.001779 seconds
[2024-01-01 12:09:52,291][hyperopt.tpe][INFO] - TPE using 420/420 trials with best loss 0.254745
[2024-01-01 12:09:52,356][hyperopt.tpe][INFO] - build_posterior_wrapper took 0.001779 seconds
[2024-01-01 12:09:52,356][hyperopt.tpe][INFO] - TPE using 421/421 trials with best loss 0.254745
[2024-01-01 12:09:52,412][hyperopt.tpe][INFO] - build_posterior_wrapper took 0.001779 seconds
[2024-01-01 12:09:52,413][hyperopt.tpe][INFO] - TPE using 422/422 trials with best loss 0.254745
[2024-01-01 12:09:52,471][hyperopt.tpe][INFO] - build_posterior_wrapper took 0.001843 seconds
[2024-01-01 12:09:52,471][hyperopt.tpe][INFO] - TPE using 423/423 trials with best loss 0.254745
[2024-01-01 12:09:52,528][hyperopt.tpe][INFO] - build_posterior_wrapper took 0.001804 seconds
[2024-01-01 12:09:52,529][hyperopt.tpe][INFO] - TPE using 424/424 trials with best loss 0.254745
[2024-01-01 12:09:52,594][hyperopt.tpe][INFO] - build_posterior_wrapper took 0.001778 seconds
[2024-01-01 12:09:52,594][hyperopt.tpe][INFO] - TPE using 425/425 trials with best loss 0.254745
[2024-01-01 12:09:52,736][hyperopt.tpe][INFO] - build_posterior_wrapper took 0.001784 seconds
[2024-01-01 12:09:52,736][hyperopt.tpe][INFO] - TPE using 426/426 trials with best loss 0.254745
[2024-01-01 12:09:52,801][hyperopt.tpe][INFO] - build_posterior_wrapper took 0.001778 seconds
[2024-01-01 12:09:52,801][hyperopt.tpe][INFO] - TPE using 427/427 trials with best loss 0.254745
[2024-01-01 12:09:52,880][hyperopt.tpe][INFO] - build_posterior_wrapper took 0.001746 seconds
[2024-01-01 12:09:52,880][hyperopt.tpe][INFO] - TPE using 428/428 trials with best loss 0.254745
[2024-01-01 12:09:52,975][hyperopt.tpe][INFO] - build_posterior_wrapper took 0.001785 seconds
[2024-01-01 12:09:52,975][hyperopt.tpe][INFO] - TPE using 429/429 trials with best loss 0.254745
[2024-01-01 12:09:53,040][hyperopt.tpe][INFO] - build_posterior_wrapper took 0.001765 seconds
[2024-01-01 12:09:53,040][hyperopt.tpe][INFO] - TPE using 430/430 trials with best loss 0.254745
[2024-01-01 12:09:53,168][hyperopt.tpe][INFO] - build_posterior_wrapper took 0.001772 seconds
[2024-01-01 12:09:53,168][hyperopt.tpe][INFO] - TPE using 431/431 trials with best loss 0.254745
[2024-01-01 12:09:53,312][hyperopt.tpe][INFO] - build_posterior_wrapper took 0.001787 seconds
[2024-01-01 12:09:53,312][hyperopt.tpe][INFO] - TPE using 432/432 trials with best loss 0.254745
[2024-01-01 12:09:53,360][hyperopt.tpe][INFO] - build_posterior_wrapper took 0.001787 seconds
[2024-01-01 12:09:53,360][hyperopt.tpe][INFO] - TPE using 433/433 trials with best loss 0.254745
[2024-01-01 12:09:53,425][hyperopt.tpe][INFO] - build_posterior_wrapper took 0.001773 seconds
[2024-01-01 12:09:53,425][hyperopt.tpe][INFO] - TPE using 434/434 trials with best loss 0.254745
[2024-01-01 12:09:53,490][hyperopt.tpe][INFO] - build_posterior_wrapper took 0.001795 seconds
[2024-01-01 12:09:53,490][hyperopt.tpe][INFO] - TPE using 435/435 trials with best loss 0.254745
[2024-01-01 12:09:53,547][hyperopt.tpe][INFO] - build_posterior_wrapper took 0.001762 seconds
[2024-01-01 12:09:53,547][hyperopt.tpe][INFO] - TPE using 436/436 trials with best loss 0.254745
[2024-01-01 12:09:53,697][hyperopt.tpe][INFO] - build_posterior_wrapper took 0.001770 seconds
[2024-01-01 12:09:53,698][hyperopt.tpe][INFO] - TPE using 437/437 trials with best loss 0.254745
[2024-01-01 12:09:53,755][hyperopt.tpe][INFO] - build_posterior_wrapper took 0.001788 seconds
[2024-01-01 12:09:53,756][hyperopt.tpe][INFO] - TPE using 438/438 trials with best loss 0.254745
[2024-01-01 12:09:53,812][hyperopt.tpe][INFO] - build_posterior_wrapper took 0.001791 seconds
[2024-01-01 12:09:53,813][hyperopt.tpe][INFO] - TPE using 439/439 trials with best loss 0.254745
[2024-01-01 12:09:53,895][hyperopt.tpe][INFO] - build_posterior_wrapper took 0.001781 seconds
[2024-01-01 12:09:53,895][hyperopt.tpe][INFO] - TPE using 440/440 trials with best loss 0.254745
[2024-01-01 12:09:54,035][hyperopt.tpe][INFO] - build_posterior_wrapper took 0.001954 seconds
[2024-01-01 12:09:54,035][hyperopt.tpe][INFO] - TPE using 441/441 trials with best loss 0.254745
[2024-01-01 12:09:54,188][hyperopt.tpe][INFO] - build_posterior_wrapper took 0.001774 seconds
[2024-01-01 12:09:54,188][hyperopt.tpe][INFO] - TPE using 442/442 trials with best loss 0.254745
[2024-01-01 12:09:54,248][hyperopt.tpe][INFO] - build_posterior_wrapper took 0.001781 seconds
[2024-01-01 12:09:54,248][hyperopt.tpe][INFO] - TPE using 443/443 trials with best loss 0.254745
[2024-01-01 12:09:54,296][hyperopt.tpe][INFO] - build_posterior_wrapper took 0.001804 seconds
[2024-01-01 12:09:54,296][hyperopt.tpe][INFO] - TPE using 444/444 trials with best loss 0.254745
[2024-01-01 12:09:54,352][hyperopt.tpe][INFO] - build_posterior_wrapper took 0.001793 seconds
[2024-01-01 12:09:54,352][hyperopt.tpe][INFO] - TPE using 445/445 trials with best loss 0.254745
[2024-01-01 12:09:54,410][hyperopt.tpe][INFO] - build_posterior_wrapper took 0.001773 seconds
[2024-01-01 12:09:54,410][hyperopt.tpe][INFO] - TPE using 446/446 trials with best loss 0.254745
[2024-01-01 12:09:54,467][hyperopt.tpe][INFO] - build_posterior_wrapper took 0.001968 seconds
[2024-01-01 12:09:54,468][hyperopt.tpe][INFO] - TPE using 447/447 trials with best loss 0.254745
[2024-01-01 12:09:54,632][hyperopt.tpe][INFO] - build_posterior_wrapper took 0.001767 seconds
[2024-01-01 12:09:54,632][hyperopt.tpe][INFO] - TPE using 448/448 trials with best loss 0.254745
[2024-01-01 12:09:54,685][hyperopt.tpe][INFO] - build_posterior_wrapper took 0.001804 seconds
[2024-01-01 12:09:54,685][hyperopt.tpe][INFO] - TPE using 449/449 trials with best loss 0.254745
[2024-01-01 12:09:54,750][hyperopt.tpe][INFO] - build_posterior_wrapper took 0.001766 seconds
[2024-01-01 12:09:54,750][hyperopt.tpe][INFO] - TPE using 450/450 trials with best loss 0.254745
[2024-01-01 12:09:54,861][hyperopt.tpe][INFO] - build_posterior_wrapper took 0.001779 seconds
[2024-01-01 12:09:54,861][hyperopt.tpe][INFO] - TPE using 451/451 trials with best loss 0.254745
[2024-01-01 12:09:54,979][hyperopt.tpe][INFO] - build_posterior_wrapper took 0.001765 seconds
[2024-01-01 12:09:54,979][hyperopt.tpe][INFO] - TPE using 452/452 trials with best loss 0.254745
[2024-01-01 12:09:55,032][hyperopt.tpe][INFO] - build_posterior_wrapper took 0.001782 seconds
[2024-01-01 12:09:55,033][hyperopt.tpe][INFO] - TPE using 453/453 trials with best loss 0.254745
[2024-01-01 12:09:55,168][hyperopt.tpe][INFO] - build_posterior_wrapper took 0.001795 seconds
[2024-01-01 12:09:55,169][hyperopt.tpe][INFO] - TPE using 454/454 trials with best loss 0.254745
[2024-01-01 12:09:55,216][hyperopt.tpe][INFO] - build_posterior_wrapper took 0.001834 seconds
[2024-01-01 12:09:55,217][hyperopt.tpe][INFO] - TPE using 455/455 trials with best loss 0.254745
[2024-01-01 12:09:55,277][hyperopt.tpe][INFO] - build_posterior_wrapper took 0.001783 seconds
[2024-01-01 12:09:55,278][hyperopt.tpe][INFO] - TPE using 456/456 trials with best loss 0.254745
[2024-01-01 12:09:55,336][hyperopt.tpe][INFO] - build_posterior_wrapper took 0.001770 seconds
[2024-01-01 12:09:55,336][hyperopt.tpe][INFO] - TPE using 457/457 trials with best loss 0.254745
[2024-01-01 12:09:55,410][hyperopt.tpe][INFO] - build_posterior_wrapper took 0.001758 seconds
[2024-01-01 12:09:55,411][hyperopt.tpe][INFO] - TPE using 458/458 trials with best loss 0.254745
[2024-01-01 12:09:55,472][hyperopt.tpe][INFO] - build_posterior_wrapper took 0.001799 seconds
[2024-01-01 12:09:55,472][hyperopt.tpe][INFO] - TPE using 459/459 trials with best loss 0.254745
[2024-01-01 12:09:55,629][hyperopt.tpe][INFO] - build_posterior_wrapper took 0.001770 seconds
[2024-01-01 12:09:55,630][hyperopt.tpe][INFO] - TPE using 460/460 trials with best loss 0.254745
[2024-01-01 12:09:55,694][hyperopt.tpe][INFO] - build_posterior_wrapper took 0.001784 seconds
[2024-01-01 12:09:55,695][hyperopt.tpe][INFO] - TPE using 461/461 trials with best loss 0.254745
[2024-01-01 12:09:55,782][hyperopt.tpe][INFO] - build_posterior_wrapper took 0.001767 seconds
[2024-01-01 12:09:55,782][hyperopt.tpe][INFO] - TPE using 462/462 trials with best loss 0.254745
[2024-01-01 12:09:55,900][hyperopt.tpe][INFO] - build_posterior_wrapper took 0.001758 seconds
[2024-01-01 12:09:55,900][hyperopt.tpe][INFO] - TPE using 463/463 trials with best loss 0.254745
[2024-01-01 12:09:55,964][hyperopt.tpe][INFO] - build_posterior_wrapper took 0.001747 seconds
[2024-01-01 12:09:55,964][hyperopt.tpe][INFO] - TPE using 464/464 trials with best loss 0.254745
[2024-01-01 12:09:56,073][hyperopt.tpe][INFO] - build_posterior_wrapper took 0.001795 seconds
[2024-01-01 12:09:56,074][hyperopt.tpe][INFO] - TPE using 465/465 trials with best loss 0.254745
[2024-01-01 12:09:56,131][hyperopt.tpe][INFO] - build_posterior_wrapper took 0.001757 seconds
[2024-01-01 12:09:56,131][hyperopt.tpe][INFO] - TPE using 466/466 trials with best loss 0.254745
[2024-01-01 12:09:56,185][hyperopt.tpe][INFO] - build_posterior_wrapper took 0.001776 seconds
[2024-01-01 12:09:56,185][hyperopt.tpe][INFO] - TPE using 467/467 trials with best loss 0.254745
[2024-01-01 12:09:56,250][hyperopt.tpe][INFO] - build_posterior_wrapper took 0.001750 seconds
[2024-01-01 12:09:56,250][hyperopt.tpe][INFO] - TPE using 468/468 trials with best loss 0.254745
[2024-01-01 12:09:56,316][hyperopt.tpe][INFO] - build_posterior_wrapper took 0.001768 seconds
[2024-01-01 12:09:56,317][hyperopt.tpe][INFO] - TPE using 469/469 trials with best loss 0.254745
[2024-01-01 12:09:56,458][hyperopt.tpe][INFO] - build_posterior_wrapper took 0.001773 seconds
[2024-01-01 12:09:56,459][hyperopt.tpe][INFO] - TPE using 470/470 trials with best loss 0.254745
[2024-01-01 12:09:56,521][hyperopt.tpe][INFO] - build_posterior_wrapper took 0.001777 seconds
[2024-01-01 12:09:56,521][hyperopt.tpe][INFO] - TPE using 471/471 trials with best loss 0.254745
[2024-01-01 12:09:56,592][hyperopt.tpe][INFO] - build_posterior_wrapper took 0.001761 seconds
[2024-01-01 12:09:56,592][hyperopt.tpe][INFO] - TPE using 472/472 trials with best loss 0.254745
[2024-01-01 12:09:56,665][hyperopt.tpe][INFO] - build_posterior_wrapper took 0.001764 seconds
[2024-01-01 12:09:56,666][hyperopt.tpe][INFO] - TPE using 473/473 trials with best loss 0.254745
[2024-01-01 12:09:56,780][hyperopt.tpe][INFO] - build_posterior_wrapper took 0.001755 seconds
[2024-01-01 12:09:56,780][hyperopt.tpe][INFO] - TPE using 474/474 trials with best loss 0.254745
[2024-01-01 12:09:56,864][hyperopt.tpe][INFO] - build_posterior_wrapper took 0.001773 seconds
[2024-01-01 12:09:56,864][hyperopt.tpe][INFO] - TPE using 475/475 trials with best loss 0.254745
[2024-01-01 12:09:56,922][hyperopt.tpe][INFO] - build_posterior_wrapper took 0.001761 seconds
[2024-01-01 12:09:56,923][hyperopt.tpe][INFO] - TPE using 476/476 trials with best loss 0.254745
[2024-01-01 12:09:57,065][hyperopt.tpe][INFO] - build_posterior_wrapper took 0.001785 seconds
[2024-01-01 12:09:57,065][hyperopt.tpe][INFO] - TPE using 477/477 trials with best loss 0.254745
[2024-01-01 12:09:57,113][hyperopt.tpe][INFO] - build_posterior_wrapper took 0.001774 seconds
[2024-01-01 12:09:57,113][hyperopt.tpe][INFO] - TPE using 478/478 trials with best loss 0.254745
[2024-01-01 12:09:57,171][hyperopt.tpe][INFO] - build_posterior_wrapper took 0.001765 seconds
[2024-01-01 12:09:57,171][hyperopt.tpe][INFO] - TPE using 479/479 trials with best loss 0.254745
[2024-01-01 12:09:57,228][hyperopt.tpe][INFO] - build_posterior_wrapper took 0.001771 seconds
[2024-01-01 12:09:57,228][hyperopt.tpe][INFO] - TPE using 480/480 trials with best loss 0.254745
[2024-01-01 12:09:57,281][hyperopt.tpe][INFO] - build_posterior_wrapper took 0.001777 seconds
[2024-01-01 12:09:57,282][hyperopt.tpe][INFO] - TPE using 481/481 trials with best loss 0.254745
[2024-01-01 12:09:57,422][hyperopt.tpe][INFO] - build_posterior_wrapper took 0.001789 seconds
[2024-01-01 12:09:57,423][hyperopt.tpe][INFO] - TPE using 482/482 trials with best loss 0.254745
[2024-01-01 12:09:57,496][hyperopt.tpe][INFO] - build_posterior_wrapper took 0.001792 seconds
[2024-01-01 12:09:57,496][hyperopt.tpe][INFO] - TPE using 483/483 trials with best loss 0.254745
[2024-01-01 12:09:57,597][hyperopt.tpe][INFO] - build_posterior_wrapper took 0.001772 seconds
[2024-01-01 12:09:57,597][hyperopt.tpe][INFO] - TPE using 484/484 trials with best loss 0.254745
[2024-01-01 12:09:57,706][hyperopt.tpe][INFO] - build_posterior_wrapper took 0.001788 seconds
[2024-01-01 12:09:57,706][hyperopt.tpe][INFO] - TPE using 485/485 trials with best loss 0.254745
[2024-01-01 12:09:57,764][hyperopt.tpe][INFO] - build_posterior_wrapper took 0.001773 seconds
[2024-01-01 12:09:57,764][hyperopt.tpe][INFO] - TPE using 486/486 trials with best loss 0.254745
[2024-01-01 12:09:57,924][hyperopt.tpe][INFO] - build_posterior_wrapper took 0.001790 seconds
[2024-01-01 12:09:57,925][hyperopt.tpe][INFO] - TPE using 487/487 trials with best loss 0.254745
[2024-01-01 12:09:57,990][hyperopt.tpe][INFO] - build_posterior_wrapper took 0.001769 seconds
[2024-01-01 12:09:57,990][hyperopt.tpe][INFO] - TPE using 488/488 trials with best loss 0.254745
[2024-01-01 12:09:58,038][hyperopt.tpe][INFO] - build_posterior_wrapper took 0.001793 seconds
[2024-01-01 12:09:58,039][hyperopt.tpe][INFO] - TPE using 489/489 trials with best loss 0.254745
[2024-01-01 12:09:58,098][hyperopt.tpe][INFO] - build_posterior_wrapper took 0.001774 seconds
[2024-01-01 12:09:58,098][hyperopt.tpe][INFO] - TPE using 490/490 trials with best loss 0.254745
[2024-01-01 12:09:58,164][hyperopt.tpe][INFO] - build_posterior_wrapper took 0.001756 seconds
[2024-01-01 12:09:58,164][hyperopt.tpe][INFO] - TPE using 491/491 trials with best loss 0.254745
[2024-01-01 12:09:58,227][hyperopt.tpe][INFO] - build_posterior_wrapper took 0.001762 seconds
[2024-01-01 12:09:58,228][hyperopt.tpe][INFO] - TPE using 492/492 trials with best loss 0.254745
[2024-01-01 12:09:58,403][hyperopt.tpe][INFO] - build_posterior_wrapper took 0.001794 seconds
[2024-01-01 12:09:58,403][hyperopt.tpe][INFO] - TPE using 493/493 trials with best loss 0.254745
[2024-01-01 12:09:58,454][hyperopt.tpe][INFO] - build_posterior_wrapper took 0.001788 seconds
[2024-01-01 12:09:58,455][hyperopt.tpe][INFO] - TPE using 494/494 trials with best loss 0.254745
[2024-01-01 12:09:58,549][hyperopt.tpe][INFO] - build_posterior_wrapper took 0.001789 seconds
[2024-01-01 12:09:58,549][hyperopt.tpe][INFO] - TPE using 495/495 trials with best loss 0.254745
[2024-01-01 12:09:58,605][hyperopt.tpe][INFO] - build_posterior_wrapper took 0.001785 seconds
[2024-01-01 12:09:58,605][hyperopt.tpe][INFO] - TPE using 496/496 trials with best loss 0.254745
[2024-01-01 12:09:58,734][hyperopt.tpe][INFO] - build_posterior_wrapper took 0.001775 seconds
[2024-01-01 12:09:58,735][hyperopt.tpe][INFO] - TPE using 497/497 trials with best loss 0.254745
[2024-01-01 12:09:58,906][hyperopt.tpe][INFO] - build_posterior_wrapper took 0.001760 seconds
[2024-01-01 12:09:58,907][hyperopt.tpe][INFO] - TPE using 498/498 trials with best loss 0.254745
[2024-01-01 12:09:58,960][hyperopt.tpe][INFO] - build_posterior_wrapper took 0.001799 seconds
[2024-01-01 12:09:58,961][hyperopt.tpe][INFO] - TPE using 499/499 trials with best loss 0.254745
[2024-01-01 12:09:59,008][root][INFO] - Hyperopt complete
[2024-01-01 12:09:59,008][root][INFO] - Best params: {'gamma': 0, 'learning_rate': 0.505, 'max_depth': 12, 'min_child_weight': 2, 'n_estimators': 50, 'subsample': 0.4}
[2024-01-01 12:09:59,012][root][INFO] - Parameters written to /projects/p31961/ENIGMA/results/experiments/endpoint_experiments/xgb_regression_da_and_d2_only_hyperopt_tune_no_reg/best_params.yaml
[2024-01-01 12:09:59,012][root][INFO] - Writing results to /projects/p31961/ENIGMA/results/experiments/endpoint_experiments/xgb_regression_da_and_d2_only_hyperopt_tune_no_reg/hyper_opt_results.parquet
[2024-01-01 12:09:59,016][root][INFO] - Experiment complete
