[2023-12-01 14:31:27,260][root][INFO] - Experiment name: xgb_regression_da_only_hyperopt_tune
[2023-12-01 14:31:31,484][root][INFO] - Running hyperopt
[2023-12-01 14:31:31,514][hyperopt.tpe][INFO] - build_posterior_wrapper took 0.002591 seconds
[2023-12-01 14:31:31,515][hyperopt.tpe][INFO] - TPE using 0 trials
[2023-12-01 14:31:31,947][hyperopt.tpe][INFO] - build_posterior_wrapper took 0.003106 seconds
[2023-12-01 14:31:31,948][hyperopt.tpe][INFO] - TPE using 1/1 trials with best loss 0.271090
[2023-12-01 14:31:32,002][hyperopt.tpe][INFO] - build_posterior_wrapper took 0.002512 seconds
[2023-12-01 14:31:32,002][hyperopt.tpe][INFO] - TPE using 2/2 trials with best loss 0.271090
[2023-12-01 14:31:32,169][hyperopt.tpe][INFO] - build_posterior_wrapper took 0.002483 seconds
[2023-12-01 14:31:32,169][hyperopt.tpe][INFO] - TPE using 3/3 trials with best loss 0.259078
[2023-12-01 14:31:32,212][hyperopt.tpe][INFO] - build_posterior_wrapper took 0.002477 seconds
[2023-12-01 14:31:32,212][hyperopt.tpe][INFO] - TPE using 4/4 trials with best loss 0.259078
[2023-12-01 14:31:32,275][hyperopt.tpe][INFO] - build_posterior_wrapper took 0.002488 seconds
[2023-12-01 14:31:32,275][hyperopt.tpe][INFO] - TPE using 5/5 trials with best loss 0.259078
[2023-12-01 14:31:32,378][hyperopt.tpe][INFO] - build_posterior_wrapper took 0.002529 seconds
[2023-12-01 14:31:32,378][hyperopt.tpe][INFO] - TPE using 6/6 trials with best loss 0.259078
[2023-12-01 14:31:32,521][hyperopt.tpe][INFO] - build_posterior_wrapper took 0.002512 seconds
[2023-12-01 14:31:32,521][hyperopt.tpe][INFO] - TPE using 7/7 trials with best loss 0.259078
[2023-12-01 14:31:32,608][hyperopt.tpe][INFO] - build_posterior_wrapper took 0.002475 seconds
[2023-12-01 14:31:32,608][hyperopt.tpe][INFO] - TPE using 8/8 trials with best loss 0.259078
[2023-12-01 14:31:32,670][hyperopt.tpe][INFO] - build_posterior_wrapper took 0.002443 seconds
[2023-12-01 14:31:32,670][hyperopt.tpe][INFO] - TPE using 9/9 trials with best loss 0.259078
[2023-12-01 14:31:32,857][hyperopt.tpe][INFO] - build_posterior_wrapper took 0.002439 seconds
[2023-12-01 14:31:32,857][hyperopt.tpe][INFO] - TPE using 10/10 trials with best loss 0.259078
[2023-12-01 14:31:32,947][hyperopt.tpe][INFO] - build_posterior_wrapper took 0.002483 seconds
[2023-12-01 14:31:32,948][hyperopt.tpe][INFO] - TPE using 11/11 trials with best loss 0.259078
[2023-12-01 14:31:33,109][hyperopt.tpe][INFO] - build_posterior_wrapper took 0.002695 seconds
[2023-12-01 14:31:33,110][hyperopt.tpe][INFO] - TPE using 12/12 trials with best loss 0.259078
[2023-12-01 14:31:33,234][hyperopt.tpe][INFO] - build_posterior_wrapper took 0.002502 seconds
[2023-12-01 14:31:33,234][hyperopt.tpe][INFO] - TPE using 13/13 trials with best loss 0.259078
[2023-12-01 14:31:33,283][hyperopt.tpe][INFO] - build_posterior_wrapper took 0.002471 seconds
[2023-12-01 14:31:33,283][hyperopt.tpe][INFO] - TPE using 14/14 trials with best loss 0.259078
[2023-12-01 14:31:33,365][hyperopt.tpe][INFO] - build_posterior_wrapper took 0.002440 seconds
[2023-12-01 14:31:33,365][hyperopt.tpe][INFO] - TPE using 15/15 trials with best loss 0.259078
[2023-12-01 14:31:33,436][hyperopt.tpe][INFO] - build_posterior_wrapper took 0.002424 seconds
[2023-12-01 14:31:33,436][hyperopt.tpe][INFO] - TPE using 16/16 trials with best loss 0.259078
[2023-12-01 14:31:33,537][hyperopt.tpe][INFO] - build_posterior_wrapper took 0.002466 seconds
[2023-12-01 14:31:33,537][hyperopt.tpe][INFO] - TPE using 17/17 trials with best loss 0.259078
[2023-12-01 14:31:33,639][hyperopt.tpe][INFO] - build_posterior_wrapper took 0.002400 seconds
[2023-12-01 14:31:33,639][hyperopt.tpe][INFO] - TPE using 18/18 trials with best loss 0.259078
[2023-12-01 14:31:33,686][hyperopt.tpe][INFO] - build_posterior_wrapper took 0.002417 seconds
[2023-12-01 14:31:33,686][hyperopt.tpe][INFO] - TPE using 19/19 trials with best loss 0.259078
[2023-12-01 14:31:33,813][hyperopt.tpe][INFO] - build_posterior_wrapper took 0.002424 seconds
[2023-12-01 14:31:33,815][hyperopt.tpe][INFO] - TPE using 20/20 trials with best loss 0.259078
[2023-12-01 14:31:33,991][hyperopt.tpe][INFO] - build_posterior_wrapper took 0.002416 seconds
[2023-12-01 14:31:33,991][hyperopt.tpe][INFO] - TPE using 21/21 trials with best loss 0.259078
[2023-12-01 14:31:34,195][hyperopt.tpe][INFO] - build_posterior_wrapper took 0.002419 seconds
[2023-12-01 14:31:34,195][hyperopt.tpe][INFO] - TPE using 22/22 trials with best loss 0.253809
[2023-12-01 14:31:34,400][hyperopt.tpe][INFO] - build_posterior_wrapper took 0.002497 seconds
[2023-12-01 14:31:34,400][hyperopt.tpe][INFO] - TPE using 23/23 trials with best loss 0.253809
[2023-12-01 14:31:34,605][hyperopt.tpe][INFO] - build_posterior_wrapper took 0.002395 seconds
[2023-12-01 14:31:34,605][hyperopt.tpe][INFO] - TPE using 24/24 trials with best loss 0.253809
[2023-12-01 14:31:34,773][hyperopt.tpe][INFO] - build_posterior_wrapper took 0.002467 seconds
[2023-12-01 14:31:34,773][hyperopt.tpe][INFO] - TPE using 25/25 trials with best loss 0.253809
[2023-12-01 14:31:34,975][hyperopt.tpe][INFO] - build_posterior_wrapper took 0.002639 seconds
[2023-12-01 14:31:34,975][hyperopt.tpe][INFO] - TPE using 26/26 trials with best loss 0.253809
[2023-12-01 14:31:35,138][hyperopt.tpe][INFO] - build_posterior_wrapper took 0.002412 seconds
[2023-12-01 14:31:35,138][hyperopt.tpe][INFO] - TPE using 27/27 trials with best loss 0.253809
[2023-12-01 14:31:35,282][hyperopt.tpe][INFO] - build_posterior_wrapper took 0.002492 seconds
[2023-12-01 14:31:35,282][hyperopt.tpe][INFO] - TPE using 28/28 trials with best loss 0.253809
[2023-12-01 14:31:35,450][hyperopt.tpe][INFO] - build_posterior_wrapper took 0.002421 seconds
[2023-12-01 14:31:35,450][hyperopt.tpe][INFO] - TPE using 29/29 trials with best loss 0.253809
[2023-12-01 14:31:35,619][hyperopt.tpe][INFO] - build_posterior_wrapper took 0.002423 seconds
[2023-12-01 14:31:35,619][hyperopt.tpe][INFO] - TPE using 30/30 trials with best loss 0.253809
[2023-12-01 14:31:35,803][hyperopt.tpe][INFO] - build_posterior_wrapper took 0.002485 seconds
[2023-12-01 14:31:35,803][hyperopt.tpe][INFO] - TPE using 31/31 trials with best loss 0.253809
[2023-12-01 14:31:36,010][hyperopt.tpe][INFO] - build_posterior_wrapper took 0.002382 seconds
[2023-12-01 14:31:36,010][hyperopt.tpe][INFO] - TPE using 32/32 trials with best loss 0.251768
[2023-12-01 14:31:36,073][hyperopt.tpe][INFO] - build_posterior_wrapper took 0.002543 seconds
[2023-12-01 14:31:36,073][hyperopt.tpe][INFO] - TPE using 33/33 trials with best loss 0.251768
[2023-12-01 14:31:36,198][hyperopt.tpe][INFO] - build_posterior_wrapper took 0.002429 seconds
[2023-12-01 14:31:36,199][hyperopt.tpe][INFO] - TPE using 34/34 trials with best loss 0.251768
[2023-12-01 14:31:36,369][hyperopt.tpe][INFO] - build_posterior_wrapper took 0.002424 seconds
[2023-12-01 14:31:36,369][hyperopt.tpe][INFO] - TPE using 35/35 trials with best loss 0.251768
[2023-12-01 14:31:36,445][hyperopt.tpe][INFO] - build_posterior_wrapper took 0.002429 seconds
[2023-12-01 14:31:36,445][hyperopt.tpe][INFO] - TPE using 36/36 trials with best loss 0.251768
[2023-12-01 14:31:36,578][hyperopt.tpe][INFO] - build_posterior_wrapper took 0.002432 seconds
[2023-12-01 14:31:36,578][hyperopt.tpe][INFO] - TPE using 37/37 trials with best loss 0.251768
[2023-12-01 14:31:36,638][hyperopt.tpe][INFO] - build_posterior_wrapper took 0.002448 seconds
[2023-12-01 14:31:36,638][hyperopt.tpe][INFO] - TPE using 38/38 trials with best loss 0.251768
[2023-12-01 14:31:36,727][hyperopt.tpe][INFO] - build_posterior_wrapper took 0.002422 seconds
[2023-12-01 14:31:36,727][hyperopt.tpe][INFO] - TPE using 39/39 trials with best loss 0.251768
[2023-12-01 14:31:36,887][hyperopt.tpe][INFO] - build_posterior_wrapper took 0.002406 seconds
[2023-12-01 14:31:36,887][hyperopt.tpe][INFO] - TPE using 40/40 trials with best loss 0.251768
[2023-12-01 14:31:36,989][hyperopt.tpe][INFO] - build_posterior_wrapper took 0.002454 seconds
[2023-12-01 14:31:36,989][hyperopt.tpe][INFO] - TPE using 41/41 trials with best loss 0.251768
[2023-12-01 14:31:37,124][hyperopt.tpe][INFO] - build_posterior_wrapper took 0.002428 seconds
[2023-12-01 14:31:37,124][hyperopt.tpe][INFO] - TPE using 42/42 trials with best loss 0.251768
[2023-12-01 14:31:37,214][hyperopt.tpe][INFO] - build_posterior_wrapper took 0.002440 seconds
[2023-12-01 14:31:37,214][hyperopt.tpe][INFO] - TPE using 43/43 trials with best loss 0.251768
[2023-12-01 14:31:37,339][hyperopt.tpe][INFO] - build_posterior_wrapper took 0.002484 seconds
[2023-12-01 14:31:37,339][hyperopt.tpe][INFO] - TPE using 44/44 trials with best loss 0.251768
[2023-12-01 14:31:37,401][hyperopt.tpe][INFO] - build_posterior_wrapper took 0.002422 seconds
[2023-12-01 14:31:37,401][hyperopt.tpe][INFO] - TPE using 45/45 trials with best loss 0.251768
[2023-12-01 14:31:37,588][hyperopt.tpe][INFO] - build_posterior_wrapper took 0.002480 seconds
[2023-12-01 14:31:37,589][hyperopt.tpe][INFO] - TPE using 46/46 trials with best loss 0.251768
[2023-12-01 14:31:37,693][hyperopt.tpe][INFO] - build_posterior_wrapper took 0.002436 seconds
[2023-12-01 14:31:37,693][hyperopt.tpe][INFO] - TPE using 47/47 trials with best loss 0.251768
[2023-12-01 14:31:37,758][hyperopt.tpe][INFO] - build_posterior_wrapper took 0.002438 seconds
[2023-12-01 14:31:37,758][hyperopt.tpe][INFO] - TPE using 48/48 trials with best loss 0.251768
[2023-12-01 14:31:37,876][hyperopt.tpe][INFO] - build_posterior_wrapper took 0.002434 seconds
[2023-12-01 14:31:37,876][hyperopt.tpe][INFO] - TPE using 49/49 trials with best loss 0.251768
[2023-12-01 14:31:38,019][hyperopt.tpe][INFO] - build_posterior_wrapper took 0.002444 seconds
[2023-12-01 14:31:38,020][hyperopt.tpe][INFO] - TPE using 50/50 trials with best loss 0.251768
[2023-12-01 14:31:38,077][hyperopt.tpe][INFO] - build_posterior_wrapper took 0.002435 seconds
[2023-12-01 14:31:38,077][hyperopt.tpe][INFO] - TPE using 51/51 trials with best loss 0.251768
[2023-12-01 14:31:38,228][hyperopt.tpe][INFO] - build_posterior_wrapper took 0.002429 seconds
[2023-12-01 14:31:38,228][hyperopt.tpe][INFO] - TPE using 52/52 trials with best loss 0.251768
[2023-12-01 14:31:38,314][hyperopt.tpe][INFO] - build_posterior_wrapper took 0.002432 seconds
[2023-12-01 14:31:38,314][hyperopt.tpe][INFO] - TPE using 53/53 trials with best loss 0.251768
[2023-12-01 14:31:38,395][hyperopt.tpe][INFO] - build_posterior_wrapper took 0.002422 seconds
[2023-12-01 14:31:38,395][hyperopt.tpe][INFO] - TPE using 54/54 trials with best loss 0.251768
[2023-12-01 14:31:38,567][hyperopt.tpe][INFO] - build_posterior_wrapper took 0.002445 seconds
[2023-12-01 14:31:38,567][hyperopt.tpe][INFO] - TPE using 55/55 trials with best loss 0.251768
[2023-12-01 14:31:38,708][hyperopt.tpe][INFO] - build_posterior_wrapper took 0.002477 seconds
[2023-12-01 14:31:38,708][hyperopt.tpe][INFO] - TPE using 56/56 trials with best loss 0.251768
[2023-12-01 14:31:38,839][hyperopt.tpe][INFO] - build_posterior_wrapper took 0.002460 seconds
[2023-12-01 14:31:38,839][hyperopt.tpe][INFO] - TPE using 57/57 trials with best loss 0.229252
[2023-12-01 14:31:38,974][hyperopt.tpe][INFO] - build_posterior_wrapper took 0.002443 seconds
[2023-12-01 14:31:38,974][hyperopt.tpe][INFO] - TPE using 58/58 trials with best loss 0.229252
[2023-12-01 14:31:39,104][hyperopt.tpe][INFO] - build_posterior_wrapper took 0.002466 seconds
[2023-12-01 14:31:39,104][hyperopt.tpe][INFO] - TPE using 59/59 trials with best loss 0.229252
[2023-12-01 14:31:39,226][hyperopt.tpe][INFO] - build_posterior_wrapper took 0.002449 seconds
[2023-12-01 14:31:39,226][hyperopt.tpe][INFO] - TPE using 60/60 trials with best loss 0.229252
[2023-12-01 14:31:39,366][hyperopt.tpe][INFO] - build_posterior_wrapper took 0.002550 seconds
[2023-12-01 14:31:39,367][hyperopt.tpe][INFO] - TPE using 61/61 trials with best loss 0.229252
[2023-12-01 14:31:39,498][hyperopt.tpe][INFO] - build_posterior_wrapper took 0.002489 seconds
[2023-12-01 14:31:39,498][hyperopt.tpe][INFO] - TPE using 62/62 trials with best loss 0.229252
[2023-12-01 14:31:39,616][hyperopt.tpe][INFO] - build_posterior_wrapper took 0.002438 seconds
[2023-12-01 14:31:39,617][hyperopt.tpe][INFO] - TPE using 63/63 trials with best loss 0.229252
[2023-12-01 14:31:39,736][hyperopt.tpe][INFO] - build_posterior_wrapper took 0.002436 seconds
[2023-12-01 14:31:39,736][hyperopt.tpe][INFO] - TPE using 64/64 trials with best loss 0.229252
[2023-12-01 14:31:39,796][hyperopt.tpe][INFO] - build_posterior_wrapper took 0.002441 seconds
[2023-12-01 14:31:39,796][hyperopt.tpe][INFO] - TPE using 65/65 trials with best loss 0.229252
[2023-12-01 14:31:39,855][hyperopt.tpe][INFO] - build_posterior_wrapper took 0.002503 seconds
[2023-12-01 14:31:39,856][hyperopt.tpe][INFO] - TPE using 66/66 trials with best loss 0.229252
[2023-12-01 14:31:39,915][hyperopt.tpe][INFO] - build_posterior_wrapper took 0.002425 seconds
[2023-12-01 14:31:39,915][hyperopt.tpe][INFO] - TPE using 67/67 trials with best loss 0.229252
[2023-12-01 14:31:39,973][hyperopt.tpe][INFO] - build_posterior_wrapper took 0.002473 seconds
[2023-12-01 14:31:39,973][hyperopt.tpe][INFO] - TPE using 68/68 trials with best loss 0.229252
[2023-12-01 14:31:40,031][hyperopt.tpe][INFO] - build_posterior_wrapper took 0.002443 seconds
[2023-12-01 14:31:40,031][hyperopt.tpe][INFO] - TPE using 69/69 trials with best loss 0.229252
[2023-12-01 14:31:40,089][hyperopt.tpe][INFO] - build_posterior_wrapper took 0.002476 seconds
[2023-12-01 14:31:40,089][hyperopt.tpe][INFO] - TPE using 70/70 trials with best loss 0.229252
[2023-12-01 14:31:40,143][hyperopt.tpe][INFO] - build_posterior_wrapper took 0.002446 seconds
[2023-12-01 14:31:40,143][hyperopt.tpe][INFO] - TPE using 71/71 trials with best loss 0.229252
[2023-12-01 14:31:40,201][hyperopt.tpe][INFO] - build_posterior_wrapper took 0.002448 seconds
[2023-12-01 14:31:40,201][hyperopt.tpe][INFO] - TPE using 72/72 trials with best loss 0.229252
[2023-12-01 14:31:40,254][hyperopt.tpe][INFO] - build_posterior_wrapper took 0.002443 seconds
[2023-12-01 14:31:40,254][hyperopt.tpe][INFO] - TPE using 73/73 trials with best loss 0.229252
[2023-12-01 14:31:40,307][hyperopt.tpe][INFO] - build_posterior_wrapper took 0.002449 seconds
[2023-12-01 14:31:40,307][hyperopt.tpe][INFO] - TPE using 74/74 trials with best loss 0.229252
[2023-12-01 14:31:40,367][hyperopt.tpe][INFO] - build_posterior_wrapper took 0.002456 seconds
[2023-12-01 14:31:40,367][hyperopt.tpe][INFO] - TPE using 75/75 trials with best loss 0.229252
[2023-12-01 14:31:40,425][hyperopt.tpe][INFO] - build_posterior_wrapper took 0.002456 seconds
[2023-12-01 14:31:40,425][hyperopt.tpe][INFO] - TPE using 76/76 trials with best loss 0.229252
[2023-12-01 14:31:40,476][hyperopt.tpe][INFO] - build_posterior_wrapper took 0.002436 seconds
[2023-12-01 14:31:40,476][hyperopt.tpe][INFO] - TPE using 77/77 trials with best loss 0.229252
[2023-12-01 14:31:40,522][hyperopt.tpe][INFO] - build_posterior_wrapper took 0.002422 seconds
[2023-12-01 14:31:40,522][hyperopt.tpe][INFO] - TPE using 78/78 trials with best loss 0.229252
[2023-12-01 14:31:40,620][hyperopt.tpe][INFO] - build_posterior_wrapper took 0.002592 seconds
[2023-12-01 14:31:40,620][hyperopt.tpe][INFO] - TPE using 79/79 trials with best loss 0.229252
[2023-12-01 14:31:40,721][hyperopt.tpe][INFO] - build_posterior_wrapper took 0.002453 seconds
[2023-12-01 14:31:40,721][hyperopt.tpe][INFO] - TPE using 80/80 trials with best loss 0.229252
[2023-12-01 14:31:40,769][hyperopt.tpe][INFO] - build_posterior_wrapper took 0.002438 seconds
[2023-12-01 14:31:40,769][hyperopt.tpe][INFO] - TPE using 81/81 trials with best loss 0.229252
[2023-12-01 14:31:40,923][hyperopt.tpe][INFO] - build_posterior_wrapper took 0.002449 seconds
[2023-12-01 14:31:40,924][hyperopt.tpe][INFO] - TPE using 82/82 trials with best loss 0.229252
[2023-12-01 14:31:40,979][hyperopt.tpe][INFO] - build_posterior_wrapper took 0.002437 seconds
[2023-12-01 14:31:40,979][hyperopt.tpe][INFO] - TPE using 83/83 trials with best loss 0.229252
[2023-12-01 14:31:41,044][hyperopt.tpe][INFO] - build_posterior_wrapper took 0.002414 seconds
[2023-12-01 14:31:41,044][hyperopt.tpe][INFO] - TPE using 84/84 trials with best loss 0.229252
[2023-12-01 14:31:41,156][hyperopt.tpe][INFO] - build_posterior_wrapper took 0.002433 seconds
[2023-12-01 14:31:41,156][hyperopt.tpe][INFO] - TPE using 85/85 trials with best loss 0.229252
[2023-12-01 14:31:41,207][hyperopt.tpe][INFO] - build_posterior_wrapper took 0.002577 seconds
[2023-12-01 14:31:41,207][hyperopt.tpe][INFO] - TPE using 86/86 trials with best loss 0.229252
[2023-12-01 14:31:41,325][hyperopt.tpe][INFO] - build_posterior_wrapper took 0.002465 seconds
[2023-12-01 14:31:41,325][hyperopt.tpe][INFO] - TPE using 87/87 trials with best loss 0.229252
[2023-12-01 14:31:41,382][hyperopt.tpe][INFO] - build_posterior_wrapper took 0.002411 seconds
[2023-12-01 14:31:41,382][hyperopt.tpe][INFO] - TPE using 88/88 trials with best loss 0.229252
[2023-12-01 14:31:41,505][hyperopt.tpe][INFO] - build_posterior_wrapper took 0.002448 seconds
[2023-12-01 14:31:41,505][hyperopt.tpe][INFO] - TPE using 89/89 trials with best loss 0.229252
[2023-12-01 14:31:41,572][hyperopt.tpe][INFO] - build_posterior_wrapper took 0.002588 seconds
[2023-12-01 14:31:41,572][hyperopt.tpe][INFO] - TPE using 90/90 trials with best loss 0.229252
[2023-12-01 14:31:41,681][hyperopt.tpe][INFO] - build_posterior_wrapper took 0.002482 seconds
[2023-12-01 14:31:41,681][hyperopt.tpe][INFO] - TPE using 91/91 trials with best loss 0.229252
[2023-12-01 14:31:41,776][hyperopt.tpe][INFO] - build_posterior_wrapper took 0.050839 seconds
[2023-12-01 14:31:41,776][hyperopt.tpe][INFO] - TPE using 92/92 trials with best loss 0.229252
[2023-12-01 14:31:41,897][hyperopt.tpe][INFO] - build_posterior_wrapper took 0.002583 seconds
[2023-12-01 14:31:41,897][hyperopt.tpe][INFO] - TPE using 93/93 trials with best loss 0.229252
[2023-12-01 14:31:41,952][hyperopt.tpe][INFO] - build_posterior_wrapper took 0.002461 seconds
[2023-12-01 14:31:41,952][hyperopt.tpe][INFO] - TPE using 94/94 trials with best loss 0.229252
[2023-12-01 14:31:42,087][hyperopt.tpe][INFO] - build_posterior_wrapper took 0.002508 seconds
[2023-12-01 14:31:42,088][hyperopt.tpe][INFO] - TPE using 95/95 trials with best loss 0.229252
[2023-12-01 14:31:42,133][hyperopt.tpe][INFO] - build_posterior_wrapper took 0.002470 seconds
[2023-12-01 14:31:42,133][hyperopt.tpe][INFO] - TPE using 96/96 trials with best loss 0.229252
[2023-12-01 14:31:42,243][hyperopt.tpe][INFO] - build_posterior_wrapper took 0.002527 seconds
[2023-12-01 14:31:42,243][hyperopt.tpe][INFO] - TPE using 97/97 trials with best loss 0.229252
[2023-12-01 14:31:42,319][hyperopt.tpe][INFO] - build_posterior_wrapper took 0.002450 seconds
[2023-12-01 14:31:42,320][hyperopt.tpe][INFO] - TPE using 98/98 trials with best loss 0.229252
[2023-12-01 14:31:42,438][hyperopt.tpe][INFO] - build_posterior_wrapper took 0.002470 seconds
[2023-12-01 14:31:42,439][hyperopt.tpe][INFO] - TPE using 99/99 trials with best loss 0.229252
[2023-12-01 14:31:42,491][hyperopt.tpe][INFO] - build_posterior_wrapper took 0.002445 seconds
[2023-12-01 14:31:42,492][hyperopt.tpe][INFO] - TPE using 100/100 trials with best loss 0.229252
[2023-12-01 14:31:42,626][hyperopt.tpe][INFO] - build_posterior_wrapper took 0.002487 seconds
[2023-12-01 14:31:42,626][hyperopt.tpe][INFO] - TPE using 101/101 trials with best loss 0.229252
[2023-12-01 14:31:42,681][hyperopt.tpe][INFO] - build_posterior_wrapper took 0.002501 seconds
[2023-12-01 14:31:42,681][hyperopt.tpe][INFO] - TPE using 102/102 trials with best loss 0.229252
[2023-12-01 14:31:42,727][hyperopt.tpe][INFO] - build_posterior_wrapper took 0.002476 seconds
[2023-12-01 14:31:42,727][hyperopt.tpe][INFO] - TPE using 103/103 trials with best loss 0.229252
[2023-12-01 14:31:42,804][hyperopt.tpe][INFO] - build_posterior_wrapper took 0.002449 seconds
[2023-12-01 14:31:42,804][hyperopt.tpe][INFO] - TPE using 104/104 trials with best loss 0.229252
[2023-12-01 14:31:42,901][hyperopt.tpe][INFO] - build_posterior_wrapper took 0.002502 seconds
[2023-12-01 14:31:42,901][hyperopt.tpe][INFO] - TPE using 105/105 trials with best loss 0.229252
[2023-12-01 14:31:43,026][hyperopt.tpe][INFO] - build_posterior_wrapper took 0.002507 seconds
[2023-12-01 14:31:43,026][hyperopt.tpe][INFO] - TPE using 106/106 trials with best loss 0.229252
[2023-12-01 14:31:43,083][hyperopt.tpe][INFO] - build_posterior_wrapper took 0.002478 seconds
[2023-12-01 14:31:43,083][hyperopt.tpe][INFO] - TPE using 107/107 trials with best loss 0.229252
[2023-12-01 14:31:43,141][hyperopt.tpe][INFO] - build_posterior_wrapper took 0.002537 seconds
[2023-12-01 14:31:43,141][hyperopt.tpe][INFO] - TPE using 108/108 trials with best loss 0.229252
[2023-12-01 14:31:43,274][hyperopt.tpe][INFO] - build_posterior_wrapper took 0.002493 seconds
[2023-12-01 14:31:43,274][hyperopt.tpe][INFO] - TPE using 109/109 trials with best loss 0.229252
[2023-12-01 14:31:43,328][hyperopt.tpe][INFO] - build_posterior_wrapper took 0.002444 seconds
[2023-12-01 14:31:43,328][hyperopt.tpe][INFO] - TPE using 110/110 trials with best loss 0.229252
[2023-12-01 14:31:43,394][hyperopt.tpe][INFO] - build_posterior_wrapper took 0.002472 seconds
[2023-12-01 14:31:43,394][hyperopt.tpe][INFO] - TPE using 111/111 trials with best loss 0.229252
[2023-12-01 14:31:43,504][hyperopt.tpe][INFO] - build_posterior_wrapper took 0.002454 seconds
[2023-12-01 14:31:43,504][hyperopt.tpe][INFO] - TPE using 112/112 trials with best loss 0.229252
[2023-12-01 14:31:43,632][hyperopt.tpe][INFO] - build_posterior_wrapper took 0.002650 seconds
[2023-12-01 14:31:43,632][hyperopt.tpe][INFO] - TPE using 113/113 trials with best loss 0.229252
[2023-12-01 14:31:43,682][hyperopt.tpe][INFO] - build_posterior_wrapper took 0.002454 seconds
[2023-12-01 14:31:43,682][hyperopt.tpe][INFO] - TPE using 114/114 trials with best loss 0.229252
[2023-12-01 14:31:43,733][hyperopt.tpe][INFO] - build_posterior_wrapper took 0.002476 seconds
[2023-12-01 14:31:43,734][hyperopt.tpe][INFO] - TPE using 115/115 trials with best loss 0.229252
[2023-12-01 14:31:43,864][hyperopt.tpe][INFO] - build_posterior_wrapper took 0.002473 seconds
[2023-12-01 14:31:43,864][hyperopt.tpe][INFO] - TPE using 116/116 trials with best loss 0.229252
[2023-12-01 14:31:43,916][hyperopt.tpe][INFO] - build_posterior_wrapper took 0.002450 seconds
[2023-12-01 14:31:43,917][hyperopt.tpe][INFO] - TPE using 117/117 trials with best loss 0.229252
[2023-12-01 14:31:43,982][hyperopt.tpe][INFO] - build_posterior_wrapper took 0.002457 seconds
[2023-12-01 14:31:43,983][hyperopt.tpe][INFO] - TPE using 118/118 trials with best loss 0.229252
[2023-12-01 14:31:44,177][hyperopt.tpe][INFO] - build_posterior_wrapper took 0.002576 seconds
[2023-12-01 14:31:44,178][hyperopt.tpe][INFO] - TPE using 119/119 trials with best loss 0.229252
[2023-12-01 14:31:44,281][hyperopt.tpe][INFO] - build_posterior_wrapper took 0.002459 seconds
[2023-12-01 14:31:44,281][hyperopt.tpe][INFO] - TPE using 120/120 trials with best loss 0.229252
[2023-12-01 14:31:44,425][hyperopt.tpe][INFO] - build_posterior_wrapper took 0.002485 seconds
[2023-12-01 14:31:44,425][hyperopt.tpe][INFO] - TPE using 121/121 trials with best loss 0.229252
[2023-12-01 14:31:44,474][hyperopt.tpe][INFO] - build_posterior_wrapper took 0.002467 seconds
[2023-12-01 14:31:44,475][hyperopt.tpe][INFO] - TPE using 122/122 trials with best loss 0.229252
[2023-12-01 14:31:44,533][hyperopt.tpe][INFO] - build_posterior_wrapper took 0.002487 seconds
[2023-12-01 14:31:44,534][hyperopt.tpe][INFO] - TPE using 123/123 trials with best loss 0.229252
[2023-12-01 14:31:44,674][hyperopt.tpe][INFO] - build_posterior_wrapper took 0.002544 seconds
[2023-12-01 14:31:44,674][hyperopt.tpe][INFO] - TPE using 124/124 trials with best loss 0.229252
[2023-12-01 14:31:44,830][hyperopt.tpe][INFO] - build_posterior_wrapper took 0.002490 seconds
[2023-12-01 14:31:44,830][hyperopt.tpe][INFO] - TPE using 125/125 trials with best loss 0.229252
[2023-12-01 14:31:44,876][hyperopt.tpe][INFO] - build_posterior_wrapper took 0.002512 seconds
[2023-12-01 14:31:44,877][hyperopt.tpe][INFO] - TPE using 126/126 trials with best loss 0.229252
[2023-12-01 14:31:44,964][hyperopt.tpe][INFO] - build_posterior_wrapper took 0.002507 seconds
[2023-12-01 14:31:44,964][hyperopt.tpe][INFO] - TPE using 127/127 trials with best loss 0.229252
[2023-12-01 14:31:45,060][hyperopt.tpe][INFO] - build_posterior_wrapper took 0.002486 seconds
[2023-12-01 14:31:45,060][hyperopt.tpe][INFO] - TPE using 128/128 trials with best loss 0.229252
[2023-12-01 14:31:45,192][hyperopt.tpe][INFO] - build_posterior_wrapper took 0.002503 seconds
[2023-12-01 14:31:45,192][hyperopt.tpe][INFO] - TPE using 129/129 trials with best loss 0.229252
[2023-12-01 14:31:45,251][hyperopt.tpe][INFO] - build_posterior_wrapper took 0.002521 seconds
[2023-12-01 14:31:45,251][hyperopt.tpe][INFO] - TPE using 130/130 trials with best loss 0.229252
[2023-12-01 14:31:45,303][hyperopt.tpe][INFO] - build_posterior_wrapper took 0.002559 seconds
[2023-12-01 14:31:45,303][hyperopt.tpe][INFO] - TPE using 131/131 trials with best loss 0.229252
[2023-12-01 14:31:45,437][hyperopt.tpe][INFO] - build_posterior_wrapper took 0.002503 seconds
[2023-12-01 14:31:45,438][hyperopt.tpe][INFO] - TPE using 132/132 trials with best loss 0.229252
[2023-12-01 14:31:45,602][hyperopt.tpe][INFO] - build_posterior_wrapper took 0.002468 seconds
[2023-12-01 14:31:45,602][hyperopt.tpe][INFO] - TPE using 133/133 trials with best loss 0.229252
[2023-12-01 14:31:45,654][hyperopt.tpe][INFO] - build_posterior_wrapper took 0.002515 seconds
[2023-12-01 14:31:45,655][hyperopt.tpe][INFO] - TPE using 134/134 trials with best loss 0.229252
[2023-12-01 14:31:45,721][hyperopt.tpe][INFO] - build_posterior_wrapper took 0.002477 seconds
[2023-12-01 14:31:45,721][hyperopt.tpe][INFO] - TPE using 135/135 trials with best loss 0.229252
[2023-12-01 14:31:45,778][hyperopt.tpe][INFO] - build_posterior_wrapper took 0.002467 seconds
[2023-12-01 14:31:45,778][hyperopt.tpe][INFO] - TPE using 136/136 trials with best loss 0.229252
[2023-12-01 14:31:45,893][hyperopt.tpe][INFO] - build_posterior_wrapper took 0.002509 seconds
[2023-12-01 14:31:45,893][hyperopt.tpe][INFO] - TPE using 137/137 trials with best loss 0.229252
[2023-12-01 14:31:46,004][hyperopt.tpe][INFO] - build_posterior_wrapper took 0.002491 seconds
[2023-12-01 14:31:46,004][hyperopt.tpe][INFO] - TPE using 138/138 trials with best loss 0.229252
[2023-12-01 14:31:46,061][hyperopt.tpe][INFO] - build_posterior_wrapper took 0.002502 seconds
[2023-12-01 14:31:46,061][hyperopt.tpe][INFO] - TPE using 139/139 trials with best loss 0.229252
[2023-12-01 14:31:46,180][hyperopt.tpe][INFO] - build_posterior_wrapper took 0.002513 seconds
[2023-12-01 14:31:46,180][hyperopt.tpe][INFO] - TPE using 140/140 trials with best loss 0.229252
[2023-12-01 14:31:46,335][hyperopt.tpe][INFO] - build_posterior_wrapper took 0.004194 seconds
[2023-12-01 14:31:46,336][hyperopt.tpe][INFO] - TPE using 141/141 trials with best loss 0.229252
[2023-12-01 14:31:46,391][hyperopt.tpe][INFO] - build_posterior_wrapper took 0.002482 seconds
[2023-12-01 14:31:46,392][hyperopt.tpe][INFO] - TPE using 142/142 trials with best loss 0.229252
[2023-12-01 14:31:46,438][hyperopt.tpe][INFO] - build_posterior_wrapper took 0.002506 seconds
[2023-12-01 14:31:46,438][hyperopt.tpe][INFO] - TPE using 143/143 trials with best loss 0.229252
[2023-12-01 14:31:46,526][hyperopt.tpe][INFO] - build_posterior_wrapper took 0.002453 seconds
[2023-12-01 14:31:46,527][hyperopt.tpe][INFO] - TPE using 144/144 trials with best loss 0.229252
[2023-12-01 14:31:46,655][hyperopt.tpe][INFO] - build_posterior_wrapper took 0.002540 seconds
[2023-12-01 14:31:46,656][hyperopt.tpe][INFO] - TPE using 145/145 trials with best loss 0.229252
[2023-12-01 14:31:46,714][hyperopt.tpe][INFO] - build_posterior_wrapper took 0.002525 seconds
[2023-12-01 14:31:46,714][hyperopt.tpe][INFO] - TPE using 146/146 trials with best loss 0.229252
[2023-12-01 14:31:46,773][hyperopt.tpe][INFO] - build_posterior_wrapper took 0.002513 seconds
[2023-12-01 14:31:46,773][hyperopt.tpe][INFO] - TPE using 147/147 trials with best loss 0.229252
[2023-12-01 14:31:46,834][hyperopt.tpe][INFO] - build_posterior_wrapper took 0.002500 seconds
[2023-12-01 14:31:46,834][hyperopt.tpe][INFO] - TPE using 148/148 trials with best loss 0.229252
[2023-12-01 14:31:46,893][hyperopt.tpe][INFO] - build_posterior_wrapper took 0.002495 seconds
[2023-12-01 14:31:46,894][hyperopt.tpe][INFO] - TPE using 149/149 trials with best loss 0.229252
[2023-12-01 14:31:46,952][hyperopt.tpe][INFO] - build_posterior_wrapper took 0.002512 seconds
[2023-12-01 14:31:46,952][hyperopt.tpe][INFO] - TPE using 150/150 trials with best loss 0.229252
[2023-12-01 14:31:47,012][hyperopt.tpe][INFO] - build_posterior_wrapper took 0.002505 seconds
[2023-12-01 14:31:47,012][hyperopt.tpe][INFO] - TPE using 151/151 trials with best loss 0.229252
[2023-12-01 14:31:47,072][hyperopt.tpe][INFO] - build_posterior_wrapper took 0.002496 seconds
[2023-12-01 14:31:47,072][hyperopt.tpe][INFO] - TPE using 152/152 trials with best loss 0.229252
[2023-12-01 14:31:47,131][hyperopt.tpe][INFO] - build_posterior_wrapper took 0.002500 seconds
[2023-12-01 14:31:47,131][hyperopt.tpe][INFO] - TPE using 153/153 trials with best loss 0.229252
[2023-12-01 14:31:47,185][hyperopt.tpe][INFO] - build_posterior_wrapper took 0.002507 seconds
[2023-12-01 14:31:47,185][hyperopt.tpe][INFO] - TPE using 154/154 trials with best loss 0.229252
[2023-12-01 14:31:47,245][hyperopt.tpe][INFO] - build_posterior_wrapper took 0.002505 seconds
[2023-12-01 14:31:47,245][hyperopt.tpe][INFO] - TPE using 155/155 trials with best loss 0.229252
[2023-12-01 14:31:47,306][hyperopt.tpe][INFO] - build_posterior_wrapper took 0.002478 seconds
[2023-12-01 14:31:47,306][hyperopt.tpe][INFO] - TPE using 156/156 trials with best loss 0.229252
[2023-12-01 14:31:47,417][hyperopt.tpe][INFO] - build_posterior_wrapper took 0.002486 seconds
[2023-12-01 14:31:47,417][hyperopt.tpe][INFO] - TPE using 157/157 trials with best loss 0.229252
[2023-12-01 14:31:47,468][hyperopt.tpe][INFO] - build_posterior_wrapper took 0.002443 seconds
[2023-12-01 14:31:47,468][hyperopt.tpe][INFO] - TPE using 158/158 trials with best loss 0.229252
[2023-12-01 14:31:47,590][hyperopt.tpe][INFO] - build_posterior_wrapper took 0.002501 seconds
[2023-12-01 14:31:47,590][hyperopt.tpe][INFO] - TPE using 159/159 trials with best loss 0.229252
[2023-12-01 14:31:47,712][hyperopt.tpe][INFO] - build_posterior_wrapper took 0.002480 seconds
[2023-12-01 14:31:47,713][hyperopt.tpe][INFO] - TPE using 160/160 trials with best loss 0.229252
[2023-12-01 14:31:47,834][hyperopt.tpe][INFO] - build_posterior_wrapper took 0.002498 seconds
[2023-12-01 14:31:47,835][hyperopt.tpe][INFO] - TPE using 161/161 trials with best loss 0.229252
[2023-12-01 14:31:47,954][hyperopt.tpe][INFO] - build_posterior_wrapper took 0.002468 seconds
[2023-12-01 14:31:47,955][hyperopt.tpe][INFO] - TPE using 162/162 trials with best loss 0.226312
[2023-12-01 14:31:48,074][hyperopt.tpe][INFO] - build_posterior_wrapper took 0.002493 seconds
[2023-12-01 14:31:48,074][hyperopt.tpe][INFO] - TPE using 163/163 trials with best loss 0.226312
[2023-12-01 14:31:48,194][hyperopt.tpe][INFO] - build_posterior_wrapper took 0.002464 seconds
[2023-12-01 14:31:48,194][hyperopt.tpe][INFO] - TPE using 164/164 trials with best loss 0.226312
[2023-12-01 14:31:48,313][hyperopt.tpe][INFO] - build_posterior_wrapper took 0.002486 seconds
[2023-12-01 14:31:48,314][hyperopt.tpe][INFO] - TPE using 165/165 trials with best loss 0.226312
[2023-12-01 14:31:48,433][hyperopt.tpe][INFO] - build_posterior_wrapper took 0.002479 seconds
[2023-12-01 14:31:48,433][hyperopt.tpe][INFO] - TPE using 166/166 trials with best loss 0.226312
[2023-12-01 14:31:48,553][hyperopt.tpe][INFO] - build_posterior_wrapper took 0.002589 seconds
[2023-12-01 14:31:48,553][hyperopt.tpe][INFO] - TPE using 167/167 trials with best loss 0.226312
[2023-12-01 14:31:48,673][hyperopt.tpe][INFO] - build_posterior_wrapper took 0.002473 seconds
[2023-12-01 14:31:48,674][hyperopt.tpe][INFO] - TPE using 168/168 trials with best loss 0.226312
[2023-12-01 14:31:48,793][hyperopt.tpe][INFO] - build_posterior_wrapper took 0.002435 seconds
[2023-12-01 14:31:48,794][hyperopt.tpe][INFO] - TPE using 169/169 trials with best loss 0.226312
[2023-12-01 14:31:48,913][hyperopt.tpe][INFO] - build_posterior_wrapper took 0.002478 seconds
[2023-12-01 14:31:48,914][hyperopt.tpe][INFO] - TPE using 170/170 trials with best loss 0.226312
[2023-12-01 14:31:49,033][hyperopt.tpe][INFO] - build_posterior_wrapper took 0.002488 seconds
[2023-12-01 14:31:49,034][hyperopt.tpe][INFO] - TPE using 171/171 trials with best loss 0.226312
[2023-12-01 14:31:49,154][hyperopt.tpe][INFO] - build_posterior_wrapper took 0.002488 seconds
[2023-12-01 14:31:49,154][hyperopt.tpe][INFO] - TPE using 172/172 trials with best loss 0.226312
[2023-12-01 14:31:49,274][hyperopt.tpe][INFO] - build_posterior_wrapper took 0.002442 seconds
[2023-12-01 14:31:49,274][hyperopt.tpe][INFO] - TPE using 173/173 trials with best loss 0.226312
[2023-12-01 14:31:49,394][hyperopt.tpe][INFO] - build_posterior_wrapper took 0.002449 seconds
[2023-12-01 14:31:49,394][hyperopt.tpe][INFO] - TPE using 174/174 trials with best loss 0.226312
[2023-12-01 14:31:49,514][hyperopt.tpe][INFO] - build_posterior_wrapper took 0.002472 seconds
[2023-12-01 14:31:49,514][hyperopt.tpe][INFO] - TPE using 175/175 trials with best loss 0.226312
[2023-12-01 14:31:49,634][hyperopt.tpe][INFO] - build_posterior_wrapper took 0.002485 seconds
[2023-12-01 14:31:49,635][hyperopt.tpe][INFO] - TPE using 176/176 trials with best loss 0.226312
[2023-12-01 14:31:49,755][hyperopt.tpe][INFO] - build_posterior_wrapper took 0.002471 seconds
[2023-12-01 14:31:49,755][hyperopt.tpe][INFO] - TPE using 177/177 trials with best loss 0.226312
[2023-12-01 14:31:49,874][hyperopt.tpe][INFO] - build_posterior_wrapper took 0.002480 seconds
[2023-12-01 14:31:49,875][hyperopt.tpe][INFO] - TPE using 178/178 trials with best loss 0.226312
[2023-12-01 14:31:49,995][hyperopt.tpe][INFO] - build_posterior_wrapper took 0.002493 seconds
[2023-12-01 14:31:49,995][hyperopt.tpe][INFO] - TPE using 179/179 trials with best loss 0.226312
[2023-12-01 14:31:50,115][hyperopt.tpe][INFO] - build_posterior_wrapper took 0.002506 seconds
[2023-12-01 14:31:50,115][hyperopt.tpe][INFO] - TPE using 180/180 trials with best loss 0.226312
[2023-12-01 14:31:50,236][hyperopt.tpe][INFO] - build_posterior_wrapper took 0.002597 seconds
[2023-12-01 14:31:50,236][hyperopt.tpe][INFO] - TPE using 181/181 trials with best loss 0.226312
[2023-12-01 14:31:50,356][hyperopt.tpe][INFO] - build_posterior_wrapper took 0.002563 seconds
[2023-12-01 14:31:50,356][hyperopt.tpe][INFO] - TPE using 182/182 trials with best loss 0.226312
[2023-12-01 14:31:50,476][hyperopt.tpe][INFO] - build_posterior_wrapper took 0.002473 seconds
[2023-12-01 14:31:50,476][hyperopt.tpe][INFO] - TPE using 183/183 trials with best loss 0.226312
[2023-12-01 14:31:50,596][hyperopt.tpe][INFO] - build_posterior_wrapper took 0.002474 seconds
[2023-12-01 14:31:50,597][hyperopt.tpe][INFO] - TPE using 184/184 trials with best loss 0.226312
[2023-12-01 14:31:50,716][hyperopt.tpe][INFO] - build_posterior_wrapper took 0.002497 seconds
[2023-12-01 14:31:50,717][hyperopt.tpe][INFO] - TPE using 185/185 trials with best loss 0.226312
[2023-12-01 14:31:50,836][hyperopt.tpe][INFO] - build_posterior_wrapper took 0.002477 seconds
[2023-12-01 14:31:50,836][hyperopt.tpe][INFO] - TPE using 186/186 trials with best loss 0.226312
[2023-12-01 14:31:50,957][hyperopt.tpe][INFO] - build_posterior_wrapper took 0.002498 seconds
[2023-12-01 14:31:50,957][hyperopt.tpe][INFO] - TPE using 187/187 trials with best loss 0.226312
[2023-12-01 14:31:51,077][hyperopt.tpe][INFO] - build_posterior_wrapper took 0.002513 seconds
[2023-12-01 14:31:51,077][hyperopt.tpe][INFO] - TPE using 188/188 trials with best loss 0.226312
[2023-12-01 14:31:51,193][hyperopt.tpe][INFO] - build_posterior_wrapper took 0.002465 seconds
[2023-12-01 14:31:51,193][hyperopt.tpe][INFO] - TPE using 189/189 trials with best loss 0.226312
[2023-12-01 14:31:51,304][hyperopt.tpe][INFO] - build_posterior_wrapper took 0.002476 seconds
[2023-12-01 14:31:51,304][hyperopt.tpe][INFO] - TPE using 190/190 trials with best loss 0.226312
[2023-12-01 14:31:51,436][hyperopt.tpe][INFO] - build_posterior_wrapper took 0.002490 seconds
[2023-12-01 14:31:51,436][hyperopt.tpe][INFO] - TPE using 191/191 trials with best loss 0.226312
[2023-12-01 14:31:51,557][hyperopt.tpe][INFO] - build_posterior_wrapper took 0.002461 seconds
[2023-12-01 14:31:51,557][hyperopt.tpe][INFO] - TPE using 192/192 trials with best loss 0.226312
[2023-12-01 14:31:51,634][hyperopt.tpe][INFO] - build_posterior_wrapper took 0.002495 seconds
[2023-12-01 14:31:51,634][hyperopt.tpe][INFO] - TPE using 193/193 trials with best loss 0.226312
[2023-12-01 14:31:51,730][hyperopt.tpe][INFO] - build_posterior_wrapper took 0.002485 seconds
[2023-12-01 14:31:51,731][hyperopt.tpe][INFO] - TPE using 194/194 trials with best loss 0.226312
[2023-12-01 14:31:51,845][hyperopt.tpe][INFO] - build_posterior_wrapper took 0.002477 seconds
[2023-12-01 14:31:51,845][hyperopt.tpe][INFO] - TPE using 195/195 trials with best loss 0.226312
[2023-12-01 14:31:51,958][hyperopt.tpe][INFO] - build_posterior_wrapper took 0.002486 seconds
[2023-12-01 14:31:51,958][hyperopt.tpe][INFO] - TPE using 196/196 trials with best loss 0.226312
[2023-12-01 14:31:52,102][hyperopt.tpe][INFO] - build_posterior_wrapper took 0.002492 seconds
[2023-12-01 14:31:52,103][hyperopt.tpe][INFO] - TPE using 197/197 trials with best loss 0.208668
[2023-12-01 14:31:52,246][hyperopt.tpe][INFO] - build_posterior_wrapper took 0.002496 seconds
[2023-12-01 14:31:52,246][hyperopt.tpe][INFO] - TPE using 198/198 trials with best loss 0.208668
[2023-12-01 14:31:52,393][hyperopt.tpe][INFO] - build_posterior_wrapper took 0.002468 seconds
[2023-12-01 14:31:52,394][hyperopt.tpe][INFO] - TPE using 199/199 trials with best loss 0.208668
[2023-12-01 14:31:52,521][hyperopt.tpe][INFO] - build_posterior_wrapper took 0.002474 seconds
[2023-12-01 14:31:52,522][hyperopt.tpe][INFO] - TPE using 200/200 trials with best loss 0.208668
[2023-12-01 14:31:52,652][hyperopt.tpe][INFO] - build_posterior_wrapper took 0.002490 seconds
[2023-12-01 14:31:52,653][hyperopt.tpe][INFO] - TPE using 201/201 trials with best loss 0.208668
[2023-12-01 14:31:52,785][hyperopt.tpe][INFO] - build_posterior_wrapper took 0.002461 seconds
[2023-12-01 14:31:52,786][hyperopt.tpe][INFO] - TPE using 202/202 trials with best loss 0.208668
[2023-12-01 14:31:52,930][hyperopt.tpe][INFO] - build_posterior_wrapper took 0.002508 seconds
[2023-12-01 14:31:52,930][hyperopt.tpe][INFO] - TPE using 203/203 trials with best loss 0.208668
[2023-12-01 14:31:53,080][hyperopt.tpe][INFO] - build_posterior_wrapper took 0.002534 seconds
[2023-12-01 14:31:53,081][hyperopt.tpe][INFO] - TPE using 204/204 trials with best loss 0.208668
[2023-12-01 14:31:53,262][hyperopt.tpe][INFO] - build_posterior_wrapper took 0.002470 seconds
[2023-12-01 14:31:53,262][hyperopt.tpe][INFO] - TPE using 205/205 trials with best loss 0.208668
[2023-12-01 14:31:53,390][hyperopt.tpe][INFO] - build_posterior_wrapper took 0.002468 seconds
[2023-12-01 14:31:53,390][hyperopt.tpe][INFO] - TPE using 206/206 trials with best loss 0.208668
[2023-12-01 14:31:53,525][hyperopt.tpe][INFO] - build_posterior_wrapper took 0.002450 seconds
[2023-12-01 14:31:53,525][hyperopt.tpe][INFO] - TPE using 207/207 trials with best loss 0.208668
[2023-12-01 14:31:53,669][hyperopt.tpe][INFO] - build_posterior_wrapper took 0.002492 seconds
[2023-12-01 14:31:53,669][hyperopt.tpe][INFO] - TPE using 208/208 trials with best loss 0.208668
[2023-12-01 14:31:53,813][hyperopt.tpe][INFO] - build_posterior_wrapper took 0.002548 seconds
[2023-12-01 14:31:53,814][hyperopt.tpe][INFO] - TPE using 209/209 trials with best loss 0.208668
[2023-12-01 14:31:53,948][hyperopt.tpe][INFO] - build_posterior_wrapper took 0.002456 seconds
[2023-12-01 14:31:53,948][hyperopt.tpe][INFO] - TPE using 210/210 trials with best loss 0.208668
[2023-12-01 14:31:54,092][hyperopt.tpe][INFO] - build_posterior_wrapper took 0.002531 seconds
[2023-12-01 14:31:54,092][hyperopt.tpe][INFO] - TPE using 211/211 trials with best loss 0.208668
[2023-12-01 14:31:54,278][hyperopt.tpe][INFO] - build_posterior_wrapper took 0.002464 seconds
[2023-12-01 14:31:54,278][hyperopt.tpe][INFO] - TPE using 212/212 trials with best loss 0.208668
[2023-12-01 14:31:54,407][hyperopt.tpe][INFO] - build_posterior_wrapper took 0.002445 seconds
[2023-12-01 14:31:54,408][hyperopt.tpe][INFO] - TPE using 213/213 trials with best loss 0.208668
[2023-12-01 14:31:54,540][hyperopt.tpe][INFO] - build_posterior_wrapper took 0.002452 seconds
[2023-12-01 14:31:54,541][hyperopt.tpe][INFO] - TPE using 214/214 trials with best loss 0.208668
[2023-12-01 14:31:54,684][hyperopt.tpe][INFO] - build_posterior_wrapper took 0.002492 seconds
[2023-12-01 14:31:54,685][hyperopt.tpe][INFO] - TPE using 215/215 trials with best loss 0.208668
[2023-12-01 14:31:54,836][hyperopt.tpe][INFO] - build_posterior_wrapper took 0.002588 seconds
[2023-12-01 14:31:54,837][hyperopt.tpe][INFO] - TPE using 216/216 trials with best loss 0.208668
[2023-12-01 14:31:54,974][hyperopt.tpe][INFO] - build_posterior_wrapper took 0.002451 seconds
[2023-12-01 14:31:54,975][hyperopt.tpe][INFO] - TPE using 217/217 trials with best loss 0.208668
[2023-12-01 14:31:55,185][hyperopt.tpe][INFO] - build_posterior_wrapper took 0.002482 seconds
[2023-12-01 14:31:55,186][hyperopt.tpe][INFO] - TPE using 218/218 trials with best loss 0.208668
[2023-12-01 14:31:55,333][hyperopt.tpe][INFO] - build_posterior_wrapper took 0.002489 seconds
[2023-12-01 14:31:55,333][hyperopt.tpe][INFO] - TPE using 219/219 trials with best loss 0.208668
[2023-12-01 14:31:55,460][hyperopt.tpe][INFO] - build_posterior_wrapper took 0.002471 seconds
[2023-12-01 14:31:55,460][hyperopt.tpe][INFO] - TPE using 220/220 trials with best loss 0.208668
[2023-12-01 14:31:55,596][hyperopt.tpe][INFO] - build_posterior_wrapper took 0.002533 seconds
[2023-12-01 14:31:55,596][hyperopt.tpe][INFO] - TPE using 221/221 trials with best loss 0.208668
[2023-12-01 14:31:55,730][hyperopt.tpe][INFO] - build_posterior_wrapper took 0.002448 seconds
[2023-12-01 14:31:55,730][hyperopt.tpe][INFO] - TPE using 222/222 trials with best loss 0.208668
[2023-12-01 14:31:55,875][hyperopt.tpe][INFO] - build_posterior_wrapper took 0.002455 seconds
[2023-12-01 14:31:55,875][hyperopt.tpe][INFO] - TPE using 223/223 trials with best loss 0.208668
[2023-12-01 14:31:56,014][hyperopt.tpe][INFO] - build_posterior_wrapper took 0.002462 seconds
[2023-12-01 14:31:56,014][hyperopt.tpe][INFO] - TPE using 224/224 trials with best loss 0.208668
[2023-12-01 14:31:56,145][hyperopt.tpe][INFO] - build_posterior_wrapper took 0.002483 seconds
[2023-12-01 14:31:56,145][hyperopt.tpe][INFO] - TPE using 225/225 trials with best loss 0.208668
[2023-12-01 14:31:56,311][hyperopt.tpe][INFO] - build_posterior_wrapper took 0.002662 seconds
[2023-12-01 14:31:56,311][hyperopt.tpe][INFO] - TPE using 226/226 trials with best loss 0.208668
[2023-12-01 14:31:56,439][hyperopt.tpe][INFO] - build_posterior_wrapper took 0.002481 seconds
[2023-12-01 14:31:56,439][hyperopt.tpe][INFO] - TPE using 227/227 trials with best loss 0.208668
[2023-12-01 14:31:56,591][hyperopt.tpe][INFO] - build_posterior_wrapper took 0.002496 seconds
[2023-12-01 14:31:56,591][hyperopt.tpe][INFO] - TPE using 228/228 trials with best loss 0.208668
[2023-12-01 14:31:56,735][hyperopt.tpe][INFO] - build_posterior_wrapper took 0.002463 seconds
[2023-12-01 14:31:56,735][hyperopt.tpe][INFO] - TPE using 229/229 trials with best loss 0.208668
[2023-12-01 14:31:56,873][hyperopt.tpe][INFO] - build_posterior_wrapper took 0.002468 seconds
[2023-12-01 14:31:56,874][hyperopt.tpe][INFO] - TPE using 230/230 trials with best loss 0.208668
[2023-12-01 14:31:57,009][hyperopt.tpe][INFO] - build_posterior_wrapper took 0.002471 seconds
[2023-12-01 14:31:57,009][hyperopt.tpe][INFO] - TPE using 231/231 trials with best loss 0.208668
[2023-12-01 14:31:57,157][hyperopt.tpe][INFO] - build_posterior_wrapper took 0.002547 seconds
[2023-12-01 14:31:57,157][hyperopt.tpe][INFO] - TPE using 232/232 trials with best loss 0.208668
[2023-12-01 14:31:57,372][hyperopt.tpe][INFO] - build_posterior_wrapper took 0.002662 seconds
[2023-12-01 14:31:57,372][hyperopt.tpe][INFO] - TPE using 233/233 trials with best loss 0.208668
[2023-12-01 14:31:57,500][hyperopt.tpe][INFO] - build_posterior_wrapper took 0.002442 seconds
[2023-12-01 14:31:57,500][hyperopt.tpe][INFO] - TPE using 234/234 trials with best loss 0.208668
[2023-12-01 14:31:57,576][hyperopt.tpe][INFO] - build_posterior_wrapper took 0.002453 seconds
[2023-12-01 14:31:57,576][hyperopt.tpe][INFO] - TPE using 235/235 trials with best loss 0.208668
[2023-12-01 14:31:57,715][hyperopt.tpe][INFO] - build_posterior_wrapper took 0.002438 seconds
[2023-12-01 14:31:57,716][hyperopt.tpe][INFO] - TPE using 236/236 trials with best loss 0.208668
[2023-12-01 14:31:57,805][hyperopt.tpe][INFO] - build_posterior_wrapper took 0.002515 seconds
[2023-12-01 14:31:57,805][hyperopt.tpe][INFO] - TPE using 237/237 trials with best loss 0.208668
[2023-12-01 14:31:57,953][hyperopt.tpe][INFO] - build_posterior_wrapper took 0.002444 seconds
[2023-12-01 14:31:57,953][hyperopt.tpe][INFO] - TPE using 238/238 trials with best loss 0.208668
[2023-12-01 14:31:58,087][hyperopt.tpe][INFO] - build_posterior_wrapper took 0.002435 seconds
[2023-12-01 14:31:58,087][hyperopt.tpe][INFO] - TPE using 239/239 trials with best loss 0.208668
[2023-12-01 14:31:58,246][hyperopt.tpe][INFO] - build_posterior_wrapper took 0.002489 seconds
[2023-12-01 14:31:58,246][hyperopt.tpe][INFO] - TPE using 240/240 trials with best loss 0.208668
[2023-12-01 14:31:58,374][hyperopt.tpe][INFO] - build_posterior_wrapper took 0.002694 seconds
[2023-12-01 14:31:58,374][hyperopt.tpe][INFO] - TPE using 241/241 trials with best loss 0.208668
[2023-12-01 14:31:58,449][hyperopt.tpe][INFO] - build_posterior_wrapper took 0.002444 seconds
[2023-12-01 14:31:58,449][hyperopt.tpe][INFO] - TPE using 242/242 trials with best loss 0.208668
[2023-12-01 14:31:58,542][hyperopt.tpe][INFO] - build_posterior_wrapper took 0.002457 seconds
[2023-12-01 14:31:58,542][hyperopt.tpe][INFO] - TPE using 243/243 trials with best loss 0.208668
[2023-12-01 14:31:58,678][hyperopt.tpe][INFO] - build_posterior_wrapper took 0.002470 seconds
[2023-12-01 14:31:58,679][hyperopt.tpe][INFO] - TPE using 244/244 trials with best loss 0.208668
[2023-12-01 14:31:58,826][hyperopt.tpe][INFO] - build_posterior_wrapper took 0.002482 seconds
[2023-12-01 14:31:58,827][hyperopt.tpe][INFO] - TPE using 245/245 trials with best loss 0.208668
[2023-12-01 14:31:58,960][hyperopt.tpe][INFO] - build_posterior_wrapper took 0.002463 seconds
[2023-12-01 14:31:58,960][hyperopt.tpe][INFO] - TPE using 246/246 trials with best loss 0.208668
[2023-12-01 14:31:59,176][hyperopt.tpe][INFO] - build_posterior_wrapper took 0.002480 seconds
[2023-12-01 14:31:59,177][hyperopt.tpe][INFO] - TPE using 247/247 trials with best loss 0.208668
[2023-12-01 14:31:59,326][hyperopt.tpe][INFO] - build_posterior_wrapper took 0.002507 seconds
[2023-12-01 14:31:59,326][hyperopt.tpe][INFO] - TPE using 248/248 trials with best loss 0.208668
[2023-12-01 14:31:59,393][hyperopt.tpe][INFO] - build_posterior_wrapper took 0.002439 seconds
[2023-12-01 14:31:59,394][hyperopt.tpe][INFO] - TPE using 249/249 trials with best loss 0.208668
[2023-12-01 14:31:59,484][hyperopt.tpe][INFO] - build_posterior_wrapper took 0.002443 seconds
[2023-12-01 14:31:59,485][hyperopt.tpe][INFO] - TPE using 250/250 trials with best loss 0.208668
[2023-12-01 14:31:59,631][hyperopt.tpe][INFO] - build_posterior_wrapper took 0.002462 seconds
[2023-12-01 14:31:59,632][hyperopt.tpe][INFO] - TPE using 251/251 trials with best loss 0.208668
[2023-12-01 14:31:59,779][hyperopt.tpe][INFO] - build_posterior_wrapper took 0.002480 seconds
[2023-12-01 14:31:59,780][hyperopt.tpe][INFO] - TPE using 252/252 trials with best loss 0.208668
[2023-12-01 14:31:59,938][hyperopt.tpe][INFO] - build_posterior_wrapper took 0.002519 seconds
[2023-12-01 14:31:59,938][hyperopt.tpe][INFO] - TPE using 253/253 trials with best loss 0.208668
[2023-12-01 14:32:00,078][hyperopt.tpe][INFO] - build_posterior_wrapper took 0.002497 seconds
[2023-12-01 14:32:00,078][hyperopt.tpe][INFO] - TPE using 254/254 trials with best loss 0.208668
[2023-12-01 14:32:00,190][hyperopt.tpe][INFO] - build_posterior_wrapper took 0.002523 seconds
[2023-12-01 14:32:00,190][hyperopt.tpe][INFO] - TPE using 255/255 trials with best loss 0.208668
[2023-12-01 14:32:00,326][hyperopt.tpe][INFO] - build_posterior_wrapper took 0.002487 seconds
[2023-12-01 14:32:00,326][hyperopt.tpe][INFO] - TPE using 256/256 trials with best loss 0.208668
[2023-12-01 14:32:00,413][hyperopt.tpe][INFO] - build_posterior_wrapper took 0.002449 seconds
[2023-12-01 14:32:00,413][hyperopt.tpe][INFO] - TPE using 257/257 trials with best loss 0.208668
[2023-12-01 14:32:00,561][hyperopt.tpe][INFO] - build_posterior_wrapper took 0.002501 seconds
[2023-12-01 14:32:00,561][hyperopt.tpe][INFO] - TPE using 258/258 trials with best loss 0.208668
[2023-12-01 14:32:00,709][hyperopt.tpe][INFO] - build_posterior_wrapper took 0.002491 seconds
[2023-12-01 14:32:00,710][hyperopt.tpe][INFO] - TPE using 259/259 trials with best loss 0.208668
[2023-12-01 14:32:00,857][hyperopt.tpe][INFO] - build_posterior_wrapper took 0.002481 seconds
[2023-12-01 14:32:00,858][hyperopt.tpe][INFO] - TPE using 260/260 trials with best loss 0.208668
[2023-12-01 14:32:01,008][hyperopt.tpe][INFO] - build_posterior_wrapper took 0.002499 seconds
[2023-12-01 14:32:01,008][hyperopt.tpe][INFO] - TPE using 261/261 trials with best loss 0.206384
[2023-12-01 14:32:01,157][hyperopt.tpe][INFO] - build_posterior_wrapper took 0.002501 seconds
[2023-12-01 14:32:01,157][hyperopt.tpe][INFO] - TPE using 262/262 trials with best loss 0.206384
[2023-12-01 14:32:01,306][hyperopt.tpe][INFO] - build_posterior_wrapper took 0.002469 seconds
[2023-12-01 14:32:01,307][hyperopt.tpe][INFO] - TPE using 263/263 trials with best loss 0.206384
[2023-12-01 14:32:01,458][hyperopt.tpe][INFO] - build_posterior_wrapper took 0.002491 seconds
[2023-12-01 14:32:01,479][hyperopt.tpe][INFO] - TPE using 264/264 trials with best loss 0.206384
[2023-12-01 14:32:01,628][hyperopt.tpe][INFO] - build_posterior_wrapper took 0.002479 seconds
[2023-12-01 14:32:01,629][hyperopt.tpe][INFO] - TPE using 265/265 trials with best loss 0.206384
[2023-12-01 14:32:01,778][hyperopt.tpe][INFO] - build_posterior_wrapper took 0.002525 seconds
[2023-12-01 14:32:01,778][hyperopt.tpe][INFO] - TPE using 266/266 trials with best loss 0.206384
[2023-12-01 14:32:01,929][hyperopt.tpe][INFO] - build_posterior_wrapper took 0.002531 seconds
[2023-12-01 14:32:01,929][hyperopt.tpe][INFO] - TPE using 267/267 trials with best loss 0.206384
[2023-12-01 14:32:02,080][hyperopt.tpe][INFO] - build_posterior_wrapper took 0.002501 seconds
[2023-12-01 14:32:02,080][hyperopt.tpe][INFO] - TPE using 268/268 trials with best loss 0.206384
[2023-12-01 14:32:02,229][hyperopt.tpe][INFO] - build_posterior_wrapper took 0.002466 seconds
[2023-12-01 14:32:02,230][hyperopt.tpe][INFO] - TPE using 269/269 trials with best loss 0.206384
[2023-12-01 14:32:02,364][hyperopt.tpe][INFO] - build_posterior_wrapper took 0.002455 seconds
[2023-12-01 14:32:02,364][hyperopt.tpe][INFO] - TPE using 270/270 trials with best loss 0.206384
[2023-12-01 14:32:02,514][hyperopt.tpe][INFO] - build_posterior_wrapper took 0.002491 seconds
[2023-12-01 14:32:02,515][hyperopt.tpe][INFO] - TPE using 271/271 trials with best loss 0.206384
[2023-12-01 14:32:02,655][hyperopt.tpe][INFO] - build_posterior_wrapper took 0.002465 seconds
[2023-12-01 14:32:02,656][hyperopt.tpe][INFO] - TPE using 272/272 trials with best loss 0.206384
[2023-12-01 14:32:02,799][hyperopt.tpe][INFO] - build_posterior_wrapper took 0.002448 seconds
[2023-12-01 14:32:02,799][hyperopt.tpe][INFO] - TPE using 273/273 trials with best loss 0.206384
[2023-12-01 14:32:02,947][hyperopt.tpe][INFO] - build_posterior_wrapper took 0.002451 seconds
[2023-12-01 14:32:02,948][hyperopt.tpe][INFO] - TPE using 274/274 trials with best loss 0.206384
[2023-12-01 14:32:03,081][hyperopt.tpe][INFO] - build_posterior_wrapper took 0.002541 seconds
[2023-12-01 14:32:03,081][hyperopt.tpe][INFO] - TPE using 275/275 trials with best loss 0.206384
[2023-12-01 14:32:03,237][hyperopt.tpe][INFO] - build_posterior_wrapper took 0.050808 seconds
[2023-12-01 14:32:03,237][hyperopt.tpe][INFO] - TPE using 276/276 trials with best loss 0.206384
[2023-12-01 14:32:03,313][hyperopt.tpe][INFO] - build_posterior_wrapper took 0.002507 seconds
[2023-12-01 14:32:03,313][hyperopt.tpe][INFO] - TPE using 277/277 trials with best loss 0.206384
[2023-12-01 14:32:03,452][hyperopt.tpe][INFO] - build_posterior_wrapper took 0.002466 seconds
[2023-12-01 14:32:03,452][hyperopt.tpe][INFO] - TPE using 278/278 trials with best loss 0.206384
[2023-12-01 14:32:03,611][hyperopt.tpe][INFO] - build_posterior_wrapper took 0.002496 seconds
[2023-12-01 14:32:03,611][hyperopt.tpe][INFO] - TPE using 279/279 trials with best loss 0.206384
[2023-12-01 14:32:03,760][hyperopt.tpe][INFO] - build_posterior_wrapper took 0.002554 seconds
[2023-12-01 14:32:03,760][hyperopt.tpe][INFO] - TPE using 280/280 trials with best loss 0.206384
[2023-12-01 14:32:03,888][hyperopt.tpe][INFO] - build_posterior_wrapper took 0.002486 seconds
[2023-12-01 14:32:03,888][hyperopt.tpe][INFO] - TPE using 281/281 trials with best loss 0.206384
[2023-12-01 14:32:04,039][hyperopt.tpe][INFO] - build_posterior_wrapper took 0.002456 seconds
[2023-12-01 14:32:04,040][hyperopt.tpe][INFO] - TPE using 282/282 trials with best loss 0.206384
[2023-12-01 14:32:04,115][hyperopt.tpe][INFO] - build_posterior_wrapper took 0.002473 seconds
[2023-12-01 14:32:04,115][hyperopt.tpe][INFO] - TPE using 283/283 trials with best loss 0.206384
[2023-12-01 14:32:04,256][hyperopt.tpe][INFO] - build_posterior_wrapper took 0.002456 seconds
[2023-12-01 14:32:04,256][hyperopt.tpe][INFO] - TPE using 284/284 trials with best loss 0.206384
[2023-12-01 14:32:04,346][hyperopt.tpe][INFO] - build_posterior_wrapper took 0.002466 seconds
[2023-12-01 14:32:04,346][hyperopt.tpe][INFO] - TPE using 285/285 trials with best loss 0.206384
[2023-12-01 14:32:04,495][hyperopt.tpe][INFO] - build_posterior_wrapper took 0.002538 seconds
[2023-12-01 14:32:04,495][hyperopt.tpe][INFO] - TPE using 286/286 trials with best loss 0.206384
[2023-12-01 14:32:04,630][hyperopt.tpe][INFO] - build_posterior_wrapper took 0.002460 seconds
[2023-12-01 14:32:04,630][hyperopt.tpe][INFO] - TPE using 287/287 trials with best loss 0.206384
[2023-12-01 14:32:04,764][hyperopt.tpe][INFO] - build_posterior_wrapper took 0.002462 seconds
[2023-12-01 14:32:04,764][hyperopt.tpe][INFO] - TPE using 288/288 trials with best loss 0.206384
[2023-12-01 14:32:04,919][hyperopt.tpe][INFO] - build_posterior_wrapper took 0.002491 seconds
[2023-12-01 14:32:04,920][hyperopt.tpe][INFO] - TPE using 289/289 trials with best loss 0.206384
[2023-12-01 14:32:05,047][hyperopt.tpe][INFO] - build_posterior_wrapper took 0.002459 seconds
[2023-12-01 14:32:05,047][hyperopt.tpe][INFO] - TPE using 290/290 trials with best loss 0.206384
[2023-12-01 14:32:05,119][hyperopt.tpe][INFO] - build_posterior_wrapper took 0.002486 seconds
[2023-12-01 14:32:05,119][hyperopt.tpe][INFO] - TPE using 291/291 trials with best loss 0.206384
[2023-12-01 14:32:05,241][hyperopt.tpe][INFO] - build_posterior_wrapper took 0.002505 seconds
[2023-12-01 14:32:05,241][hyperopt.tpe][INFO] - TPE using 292/292 trials with best loss 0.206384
[2023-12-01 14:32:05,377][hyperopt.tpe][INFO] - build_posterior_wrapper took 0.002483 seconds
[2023-12-01 14:32:05,378][hyperopt.tpe][INFO] - TPE using 293/293 trials with best loss 0.206384
[2023-12-01 14:32:05,529][hyperopt.tpe][INFO] - build_posterior_wrapper took 0.002457 seconds
[2023-12-01 14:32:05,530][hyperopt.tpe][INFO] - TPE using 294/294 trials with best loss 0.206384
[2023-12-01 14:32:05,679][hyperopt.tpe][INFO] - build_posterior_wrapper took 0.002496 seconds
[2023-12-01 14:32:05,680][hyperopt.tpe][INFO] - TPE using 295/295 trials with best loss 0.206384
[2023-12-01 14:32:05,815][hyperopt.tpe][INFO] - build_posterior_wrapper took 0.002466 seconds
[2023-12-01 14:32:05,815][hyperopt.tpe][INFO] - TPE using 296/296 trials with best loss 0.206384
[2023-12-01 14:32:05,942][hyperopt.tpe][INFO] - build_posterior_wrapper took 0.002470 seconds
[2023-12-01 14:32:05,943][hyperopt.tpe][INFO] - TPE using 297/297 trials with best loss 0.206384
[2023-12-01 14:32:06,099][hyperopt.tpe][INFO] - build_posterior_wrapper took 0.002447 seconds
[2023-12-01 14:32:06,099][hyperopt.tpe][INFO] - TPE using 298/298 trials with best loss 0.206384
[2023-12-01 14:32:06,174][hyperopt.tpe][INFO] - build_posterior_wrapper took 0.002487 seconds
[2023-12-01 14:32:06,174][hyperopt.tpe][INFO] - TPE using 299/299 trials with best loss 0.206384
[2023-12-01 14:32:06,320][hyperopt.tpe][INFO] - build_posterior_wrapper took 0.002464 seconds
[2023-12-01 14:32:06,321][hyperopt.tpe][INFO] - TPE using 300/300 trials with best loss 0.206384
[2023-12-01 14:32:06,411][hyperopt.tpe][INFO] - build_posterior_wrapper took 0.002572 seconds
[2023-12-01 14:32:06,411][hyperopt.tpe][INFO] - TPE using 301/301 trials with best loss 0.206384
[2023-12-01 14:32:06,569][hyperopt.tpe][INFO] - build_posterior_wrapper took 0.002528 seconds
[2023-12-01 14:32:06,569][hyperopt.tpe][INFO] - TPE using 302/302 trials with best loss 0.206384
[2023-12-01 14:32:06,718][hyperopt.tpe][INFO] - build_posterior_wrapper took 0.002530 seconds
[2023-12-01 14:32:06,718][hyperopt.tpe][INFO] - TPE using 303/303 trials with best loss 0.206384
[2023-12-01 14:32:06,857][hyperopt.tpe][INFO] - build_posterior_wrapper took 0.002440 seconds
[2023-12-01 14:32:06,858][hyperopt.tpe][INFO] - TPE using 304/304 trials with best loss 0.206384
[2023-12-01 14:32:07,007][hyperopt.tpe][INFO] - build_posterior_wrapper took 0.002492 seconds
[2023-12-01 14:32:07,008][hyperopt.tpe][INFO] - TPE using 305/305 trials with best loss 0.206384
[2023-12-01 14:32:07,185][hyperopt.tpe][INFO] - build_posterior_wrapper took 0.002490 seconds
[2023-12-01 14:32:07,185][hyperopt.tpe][INFO] - TPE using 306/306 trials with best loss 0.206384
[2023-12-01 14:32:07,285][hyperopt.tpe][INFO] - build_posterior_wrapper took 0.002485 seconds
[2023-12-01 14:32:07,285][hyperopt.tpe][INFO] - TPE using 307/307 trials with best loss 0.206384
[2023-12-01 14:32:07,353][hyperopt.tpe][INFO] - build_posterior_wrapper took 0.002496 seconds
[2023-12-01 14:32:07,353][hyperopt.tpe][INFO] - TPE using 308/308 trials with best loss 0.206384
[2023-12-01 14:32:07,502][hyperopt.tpe][INFO] - build_posterior_wrapper took 0.002447 seconds
[2023-12-01 14:32:07,502][hyperopt.tpe][INFO] - TPE using 309/309 trials with best loss 0.206384
[2023-12-01 14:32:07,652][hyperopt.tpe][INFO] - build_posterior_wrapper took 0.002500 seconds
[2023-12-01 14:32:07,652][hyperopt.tpe][INFO] - TPE using 310/310 trials with best loss 0.206384
[2023-12-01 14:32:07,793][hyperopt.tpe][INFO] - build_posterior_wrapper took 0.002513 seconds
[2023-12-01 14:32:07,793][hyperopt.tpe][INFO] - TPE using 311/311 trials with best loss 0.206384
[2023-12-01 14:32:07,925][hyperopt.tpe][INFO] - build_posterior_wrapper took 0.002438 seconds
[2023-12-01 14:32:07,925][hyperopt.tpe][INFO] - TPE using 312/312 trials with best loss 0.206384
[2023-12-01 14:32:08,076][hyperopt.tpe][INFO] - build_posterior_wrapper took 0.002453 seconds
[2023-12-01 14:32:08,076][hyperopt.tpe][INFO] - TPE using 313/313 trials with best loss 0.206384
[2023-12-01 14:32:08,210][hyperopt.tpe][INFO] - build_posterior_wrapper took 0.002455 seconds
[2023-12-01 14:32:08,210][hyperopt.tpe][INFO] - TPE using 314/314 trials with best loss 0.206384
[2023-12-01 14:32:08,305][hyperopt.tpe][INFO] - build_posterior_wrapper took 0.002490 seconds
[2023-12-01 14:32:08,306][hyperopt.tpe][INFO] - TPE using 315/315 trials with best loss 0.206384
[2023-12-01 14:32:08,454][hyperopt.tpe][INFO] - build_posterior_wrapper took 0.002631 seconds
[2023-12-01 14:32:08,454][hyperopt.tpe][INFO] - TPE using 316/316 trials with best loss 0.206384
[2023-12-01 14:32:08,542][hyperopt.tpe][INFO] - build_posterior_wrapper took 0.002433 seconds
[2023-12-01 14:32:08,543][hyperopt.tpe][INFO] - TPE using 317/317 trials with best loss 0.206384
[2023-12-01 14:32:08,691][hyperopt.tpe][INFO] - build_posterior_wrapper took 0.002481 seconds
[2023-12-01 14:32:08,691][hyperopt.tpe][INFO] - TPE using 318/318 trials with best loss 0.202670
[2023-12-01 14:32:08,843][hyperopt.tpe][INFO] - build_posterior_wrapper took 0.002455 seconds
[2023-12-01 14:32:08,844][hyperopt.tpe][INFO] - TPE using 319/319 trials with best loss 0.202670
[2023-12-01 14:32:08,992][hyperopt.tpe][INFO] - build_posterior_wrapper took 0.002480 seconds
[2023-12-01 14:32:08,992][hyperopt.tpe][INFO] - TPE using 320/320 trials with best loss 0.202670
[2023-12-01 14:32:09,140][hyperopt.tpe][INFO] - build_posterior_wrapper took 0.002538 seconds
[2023-12-01 14:32:09,140][hyperopt.tpe][INFO] - TPE using 321/321 trials with best loss 0.202670
[2023-12-01 14:32:09,275][hyperopt.tpe][INFO] - build_posterior_wrapper took 0.002449 seconds
[2023-12-01 14:32:09,275][hyperopt.tpe][INFO] - TPE using 322/322 trials with best loss 0.202670
[2023-12-01 14:32:09,351][hyperopt.tpe][INFO] - build_posterior_wrapper took 0.002454 seconds
[2023-12-01 14:32:09,351][hyperopt.tpe][INFO] - TPE using 323/323 trials with best loss 0.202670
[2023-12-01 14:32:09,545][hyperopt.tpe][INFO] - build_posterior_wrapper took 0.002456 seconds
[2023-12-01 14:32:09,545][hyperopt.tpe][INFO] - TPE using 324/324 trials with best loss 0.202670
[2023-12-01 14:32:09,698][hyperopt.tpe][INFO] - build_posterior_wrapper took 0.002465 seconds
[2023-12-01 14:32:09,698][hyperopt.tpe][INFO] - TPE using 325/325 trials with best loss 0.202670
[2023-12-01 14:32:09,786][hyperopt.tpe][INFO] - build_posterior_wrapper took 0.002463 seconds
[2023-12-01 14:32:09,786][hyperopt.tpe][INFO] - TPE using 326/326 trials with best loss 0.202670
[2023-12-01 14:32:09,933][hyperopt.tpe][INFO] - build_posterior_wrapper took 0.002538 seconds
[2023-12-01 14:32:09,933][hyperopt.tpe][INFO] - TPE using 327/327 trials with best loss 0.202670
[2023-12-01 14:32:10,082][hyperopt.tpe][INFO] - build_posterior_wrapper took 0.002512 seconds
[2023-12-01 14:32:10,082][hyperopt.tpe][INFO] - TPE using 328/328 trials with best loss 0.202670
[2023-12-01 14:32:10,242][hyperopt.tpe][INFO] - build_posterior_wrapper took 0.002510 seconds
[2023-12-01 14:32:10,242][hyperopt.tpe][INFO] - TPE using 329/329 trials with best loss 0.202670
[2023-12-01 14:32:10,390][hyperopt.tpe][INFO] - build_posterior_wrapper took 0.002510 seconds
[2023-12-01 14:32:10,391][hyperopt.tpe][INFO] - TPE using 330/330 trials with best loss 0.202670
[2023-12-01 14:32:10,463][hyperopt.tpe][INFO] - build_posterior_wrapper took 0.002637 seconds
[2023-12-01 14:32:10,463][hyperopt.tpe][INFO] - TPE using 331/331 trials with best loss 0.202670
[2023-12-01 14:32:10,599][hyperopt.tpe][INFO] - build_posterior_wrapper took 0.002470 seconds
[2023-12-01 14:32:10,600][hyperopt.tpe][INFO] - TPE using 332/332 trials with best loss 0.202670
[2023-12-01 14:32:10,741][hyperopt.tpe][INFO] - build_posterior_wrapper took 0.002500 seconds
[2023-12-01 14:32:10,742][hyperopt.tpe][INFO] - TPE using 333/333 trials with best loss 0.202670
[2023-12-01 14:32:10,892][hyperopt.tpe][INFO] - build_posterior_wrapper took 0.002506 seconds
[2023-12-01 14:32:10,892][hyperopt.tpe][INFO] - TPE using 334/334 trials with best loss 0.202670
[2023-12-01 14:32:11,040][hyperopt.tpe][INFO] - build_posterior_wrapper took 0.002497 seconds
[2023-12-01 14:32:11,040][hyperopt.tpe][INFO] - TPE using 335/335 trials with best loss 0.202670
[2023-12-01 14:32:11,169][hyperopt.tpe][INFO] - build_posterior_wrapper took 0.002542 seconds
[2023-12-01 14:32:11,170][hyperopt.tpe][INFO] - TPE using 336/336 trials with best loss 0.202670
[2023-12-01 14:32:11,346][hyperopt.tpe][INFO] - build_posterior_wrapper took 0.002484 seconds
[2023-12-01 14:32:11,346][hyperopt.tpe][INFO] - TPE using 337/337 trials with best loss 0.202670
[2023-12-01 14:32:11,488][hyperopt.tpe][INFO] - build_posterior_wrapper took 0.002486 seconds
[2023-12-01 14:32:11,488][hyperopt.tpe][INFO] - TPE using 338/338 trials with best loss 0.202670
[2023-12-01 14:32:11,620][hyperopt.tpe][INFO] - build_posterior_wrapper took 0.002454 seconds
[2023-12-01 14:32:11,621][hyperopt.tpe][INFO] - TPE using 339/339 trials with best loss 0.202670
[2023-12-01 14:32:11,696][hyperopt.tpe][INFO] - build_posterior_wrapper took 0.002462 seconds
[2023-12-01 14:32:11,697][hyperopt.tpe][INFO] - TPE using 340/340 trials with best loss 0.202670
[2023-12-01 14:32:11,788][hyperopt.tpe][INFO] - build_posterior_wrapper took 0.002494 seconds
[2023-12-01 14:32:11,788][hyperopt.tpe][INFO] - TPE using 341/341 trials with best loss 0.202670
[2023-12-01 14:32:11,946][hyperopt.tpe][INFO] - build_posterior_wrapper took 0.002504 seconds
[2023-12-01 14:32:11,946][hyperopt.tpe][INFO] - TPE using 342/342 trials with best loss 0.202670
[2023-12-01 14:32:12,163][hyperopt.tpe][INFO] - build_posterior_wrapper took 0.002500 seconds
[2023-12-01 14:32:12,164][hyperopt.tpe][INFO] - TPE using 343/343 trials with best loss 0.202670
[2023-12-01 14:32:12,293][hyperopt.tpe][INFO] - build_posterior_wrapper took 0.002469 seconds
[2023-12-01 14:32:12,293][hyperopt.tpe][INFO] - TPE using 344/344 trials with best loss 0.202670
[2023-12-01 14:32:12,441][hyperopt.tpe][INFO] - build_posterior_wrapper took 0.002481 seconds
[2023-12-01 14:32:12,441][hyperopt.tpe][INFO] - TPE using 345/345 trials with best loss 0.202670
[2023-12-01 14:32:12,594][hyperopt.tpe][INFO] - build_posterior_wrapper took 0.002482 seconds
[2023-12-01 14:32:12,594][hyperopt.tpe][INFO] - TPE using 346/346 trials with best loss 0.202670
[2023-12-01 14:32:12,742][hyperopt.tpe][INFO] - build_posterior_wrapper took 0.002498 seconds
[2023-12-01 14:32:12,743][hyperopt.tpe][INFO] - TPE using 347/347 trials with best loss 0.202670
[2023-12-01 14:32:12,819][hyperopt.tpe][INFO] - build_posterior_wrapper took 0.002464 seconds
[2023-12-01 14:32:12,820][hyperopt.tpe][INFO] - TPE using 348/348 trials with best loss 0.202670
[2023-12-01 14:32:12,969][hyperopt.tpe][INFO] - build_posterior_wrapper took 0.002491 seconds
[2023-12-01 14:32:12,970][hyperopt.tpe][INFO] - TPE using 349/349 trials with best loss 0.202670
[2023-12-01 14:32:13,065][hyperopt.tpe][INFO] - build_posterior_wrapper took 0.002619 seconds
[2023-12-01 14:32:13,066][hyperopt.tpe][INFO] - TPE using 350/350 trials with best loss 0.202670
[2023-12-01 14:32:13,198][hyperopt.tpe][INFO] - build_posterior_wrapper took 0.002465 seconds
[2023-12-01 14:32:13,198][hyperopt.tpe][INFO] - TPE using 351/351 trials with best loss 0.202670
[2023-12-01 14:32:13,389][hyperopt.tpe][INFO] - build_posterior_wrapper took 0.002521 seconds
[2023-12-01 14:32:13,390][hyperopt.tpe][INFO] - TPE using 352/352 trials with best loss 0.202670
[2023-12-01 14:32:13,539][hyperopt.tpe][INFO] - build_posterior_wrapper took 0.002492 seconds
[2023-12-01 14:32:13,539][hyperopt.tpe][INFO] - TPE using 353/353 trials with best loss 0.202670
[2023-12-01 14:32:13,667][hyperopt.tpe][INFO] - build_posterior_wrapper took 0.002470 seconds
[2023-12-01 14:32:13,667][hyperopt.tpe][INFO] - TPE using 354/354 trials with best loss 0.202670
[2023-12-01 14:32:13,814][hyperopt.tpe][INFO] - build_posterior_wrapper took 0.002476 seconds
[2023-12-01 14:32:13,815][hyperopt.tpe][INFO] - TPE using 355/355 trials with best loss 0.202670
[2023-12-01 14:32:13,890][hyperopt.tpe][INFO] - build_posterior_wrapper took 0.002509 seconds
[2023-12-01 14:32:13,891][hyperopt.tpe][INFO] - TPE using 356/356 trials with best loss 0.202670
[2023-12-01 14:32:14,029][hyperopt.tpe][INFO] - build_posterior_wrapper took 0.002481 seconds
[2023-12-01 14:32:14,029][hyperopt.tpe][INFO] - TPE using 357/357 trials with best loss 0.202670
[2023-12-01 14:32:14,163][hyperopt.tpe][INFO] - build_posterior_wrapper took 0.002497 seconds
[2023-12-01 14:32:14,163][hyperopt.tpe][INFO] - TPE using 358/358 trials with best loss 0.202670
[2023-12-01 14:32:14,300][hyperopt.tpe][INFO] - build_posterior_wrapper took 0.002465 seconds
[2023-12-01 14:32:14,300][hyperopt.tpe][INFO] - TPE using 359/359 trials with best loss 0.202670
[2023-12-01 14:32:14,449][hyperopt.tpe][INFO] - build_posterior_wrapper took 0.002468 seconds
[2023-12-01 14:32:14,450][hyperopt.tpe][INFO] - TPE using 360/360 trials with best loss 0.202670
[2023-12-01 14:32:14,600][hyperopt.tpe][INFO] - build_posterior_wrapper took 0.002533 seconds
[2023-12-01 14:32:14,600][hyperopt.tpe][INFO] - TPE using 361/361 trials with best loss 0.202670
[2023-12-01 14:32:14,832][hyperopt.tpe][INFO] - build_posterior_wrapper took 0.002555 seconds
[2023-12-01 14:32:14,832][hyperopt.tpe][INFO] - TPE using 362/362 trials with best loss 0.202670
[2023-12-01 14:32:14,972][hyperopt.tpe][INFO] - build_posterior_wrapper took 0.002463 seconds
[2023-12-01 14:32:14,972][hyperopt.tpe][INFO] - TPE using 363/363 trials with best loss 0.202670
[2023-12-01 14:32:15,049][hyperopt.tpe][INFO] - build_posterior_wrapper took 0.002453 seconds
[2023-12-01 14:32:15,049][hyperopt.tpe][INFO] - TPE using 364/364 trials with best loss 0.202670
[2023-12-01 14:32:15,178][hyperopt.tpe][INFO] - build_posterior_wrapper took 0.002470 seconds
[2023-12-01 14:32:15,178][hyperopt.tpe][INFO] - TPE using 365/365 trials with best loss 0.202670
[2023-12-01 14:32:15,231][hyperopt.tpe][INFO] - build_posterior_wrapper took 0.002472 seconds
[2023-12-01 14:32:15,231][hyperopt.tpe][INFO] - TPE using 366/366 trials with best loss 0.202670
[2023-12-01 14:32:15,350][hyperopt.tpe][INFO] - build_posterior_wrapper took 0.002583 seconds
[2023-12-01 14:32:15,350][hyperopt.tpe][INFO] - TPE using 367/367 trials with best loss 0.202670
[2023-12-01 14:32:15,484][hyperopt.tpe][INFO] - build_posterior_wrapper took 0.002460 seconds
[2023-12-01 14:32:15,485][hyperopt.tpe][INFO] - TPE using 368/368 trials with best loss 0.202670
[2023-12-01 14:32:15,643][hyperopt.tpe][INFO] - build_posterior_wrapper took 0.002489 seconds
[2023-12-01 14:32:15,644][hyperopt.tpe][INFO] - TPE using 369/369 trials with best loss 0.202670
[2023-12-01 14:32:15,782][hyperopt.tpe][INFO] - build_posterior_wrapper took 0.002460 seconds
[2023-12-01 14:32:15,782][hyperopt.tpe][INFO] - TPE using 370/370 trials with best loss 0.202670
[2023-12-01 14:32:15,933][hyperopt.tpe][INFO] - build_posterior_wrapper took 0.002497 seconds
[2023-12-01 14:32:15,934][hyperopt.tpe][INFO] - TPE using 371/371 trials with best loss 0.202670
[2023-12-01 14:32:16,110][hyperopt.tpe][INFO] - build_posterior_wrapper took 0.002536 seconds
[2023-12-01 14:32:16,110][hyperopt.tpe][INFO] - TPE using 372/372 trials with best loss 0.202670
[2023-12-01 14:32:16,187][hyperopt.tpe][INFO] - build_posterior_wrapper took 0.002515 seconds
[2023-12-01 14:32:16,188][hyperopt.tpe][INFO] - TPE using 373/373 trials with best loss 0.202670
[2023-12-01 14:32:16,236][hyperopt.tpe][INFO] - build_posterior_wrapper took 0.002466 seconds
[2023-12-01 14:32:16,236][hyperopt.tpe][INFO] - TPE using 374/374 trials with best loss 0.202670
[2023-12-01 14:32:16,385][hyperopt.tpe][INFO] - build_posterior_wrapper took 0.002457 seconds
[2023-12-01 14:32:16,385][hyperopt.tpe][INFO] - TPE using 375/375 trials with best loss 0.202670
[2023-12-01 14:32:16,486][hyperopt.tpe][INFO] - build_posterior_wrapper took 0.002489 seconds
[2023-12-01 14:32:16,487][hyperopt.tpe][INFO] - TPE using 376/376 trials with best loss 0.202670
[2023-12-01 14:32:16,662][hyperopt.tpe][INFO] - build_posterior_wrapper took 0.002471 seconds
[2023-12-01 14:32:16,662][hyperopt.tpe][INFO] - TPE using 377/377 trials with best loss 0.202670
[2023-12-01 14:32:16,810][hyperopt.tpe][INFO] - build_posterior_wrapper took 0.002533 seconds
[2023-12-01 14:32:16,810][hyperopt.tpe][INFO] - TPE using 378/378 trials with best loss 0.202670
[2023-12-01 14:32:16,943][hyperopt.tpe][INFO] - build_posterior_wrapper took 0.002441 seconds
[2023-12-01 14:32:16,943][hyperopt.tpe][INFO] - TPE using 379/379 trials with best loss 0.202670
[2023-12-01 14:32:17,092][hyperopt.tpe][INFO] - build_posterior_wrapper took 0.002738 seconds
[2023-12-01 14:32:17,092][hyperopt.tpe][INFO] - TPE using 380/380 trials with best loss 0.202670
[2023-12-01 14:32:17,226][hyperopt.tpe][INFO] - build_posterior_wrapper took 0.002485 seconds
[2023-12-01 14:32:17,227][hyperopt.tpe][INFO] - TPE using 381/381 trials with best loss 0.202670
[2023-12-01 14:32:17,340][hyperopt.tpe][INFO] - build_posterior_wrapper took 0.002482 seconds
[2023-12-01 14:32:17,340][hyperopt.tpe][INFO] - TPE using 382/382 trials with best loss 0.202670
[2023-12-01 14:32:17,390][hyperopt.tpe][INFO] - build_posterior_wrapper took 0.002494 seconds
[2023-12-01 14:32:17,391][hyperopt.tpe][INFO] - TPE using 383/383 trials with best loss 0.202670
[2023-12-01 14:32:17,520][hyperopt.tpe][INFO] - build_posterior_wrapper took 0.002468 seconds
[2023-12-01 14:32:17,520][hyperopt.tpe][INFO] - TPE using 384/384 trials with best loss 0.202670
[2023-12-01 14:32:17,622][hyperopt.tpe][INFO] - build_posterior_wrapper took 0.002447 seconds
[2023-12-01 14:32:17,623][hyperopt.tpe][INFO] - TPE using 385/385 trials with best loss 0.202670
[2023-12-01 14:32:17,772][hyperopt.tpe][INFO] - build_posterior_wrapper took 0.002524 seconds
[2023-12-01 14:32:17,773][hyperopt.tpe][INFO] - TPE using 386/386 trials with best loss 0.202670
[2023-12-01 14:32:17,921][hyperopt.tpe][INFO] - build_posterior_wrapper took 0.002508 seconds
[2023-12-01 14:32:17,921][hyperopt.tpe][INFO] - TPE using 387/387 trials with best loss 0.202670
[2023-12-01 14:32:18,084][hyperopt.tpe][INFO] - build_posterior_wrapper took 0.002514 seconds
[2023-12-01 14:32:18,085][hyperopt.tpe][INFO] - TPE using 388/388 trials with best loss 0.202670
[2023-12-01 14:32:18,234][hyperopt.tpe][INFO] - build_posterior_wrapper took 0.002639 seconds
[2023-12-01 14:32:18,235][hyperopt.tpe][INFO] - TPE using 389/389 trials with best loss 0.202670
[2023-12-01 14:32:18,383][hyperopt.tpe][INFO] - build_posterior_wrapper took 0.002483 seconds
[2023-12-01 14:32:18,384][hyperopt.tpe][INFO] - TPE using 390/390 trials with best loss 0.202670
[2023-12-01 14:32:18,434][hyperopt.tpe][INFO] - build_posterior_wrapper took 0.002474 seconds
[2023-12-01 14:32:18,435][hyperopt.tpe][INFO] - TPE using 391/391 trials with best loss 0.202670
[2023-12-01 14:32:18,568][hyperopt.tpe][INFO] - build_posterior_wrapper took 0.002476 seconds
[2023-12-01 14:32:18,568][hyperopt.tpe][INFO] - TPE using 392/392 trials with best loss 0.202670
[2023-12-01 14:32:18,669][hyperopt.tpe][INFO] - build_posterior_wrapper took 0.002559 seconds
[2023-12-01 14:32:18,670][hyperopt.tpe][INFO] - TPE using 393/393 trials with best loss 0.202670
[2023-12-01 14:32:18,758][hyperopt.tpe][INFO] - build_posterior_wrapper took 0.002471 seconds
[2023-12-01 14:32:18,758][hyperopt.tpe][INFO] - TPE using 394/394 trials with best loss 0.202670
[2023-12-01 14:32:18,916][hyperopt.tpe][INFO] - build_posterior_wrapper took 0.002527 seconds
[2023-12-01 14:32:18,916][hyperopt.tpe][INFO] - TPE using 395/395 trials with best loss 0.202670
[2023-12-01 14:32:19,091][hyperopt.tpe][INFO] - build_posterior_wrapper took 0.002695 seconds
[2023-12-01 14:32:19,092][hyperopt.tpe][INFO] - TPE using 396/396 trials with best loss 0.202670
[2023-12-01 14:32:19,231][hyperopt.tpe][INFO] - build_posterior_wrapper took 0.002469 seconds
[2023-12-01 14:32:19,231][hyperopt.tpe][INFO] - TPE using 397/397 trials with best loss 0.202670
[2023-12-01 14:32:19,430][hyperopt.tpe][INFO] - build_posterior_wrapper took 0.002530 seconds
[2023-12-01 14:32:19,430][hyperopt.tpe][INFO] - TPE using 398/398 trials with best loss 0.202670
[2023-12-01 14:32:19,583][hyperopt.tpe][INFO] - build_posterior_wrapper took 0.002454 seconds
[2023-12-01 14:32:19,583][hyperopt.tpe][INFO] - TPE using 399/399 trials with best loss 0.202670
[2023-12-01 14:32:19,734][hyperopt.tpe][INFO] - build_posterior_wrapper took 0.002480 seconds
[2023-12-01 14:32:19,734][hyperopt.tpe][INFO] - TPE using 400/400 trials with best loss 0.202670
[2023-12-01 14:32:19,806][hyperopt.tpe][INFO] - build_posterior_wrapper took 0.002477 seconds
[2023-12-01 14:32:19,806][hyperopt.tpe][INFO] - TPE using 401/401 trials with best loss 0.202670
[2023-12-01 14:32:19,956][hyperopt.tpe][INFO] - build_posterior_wrapper took 0.002585 seconds
[2023-12-01 14:32:19,956][hyperopt.tpe][INFO] - TPE using 402/402 trials with best loss 0.202670
[2023-12-01 14:32:20,105][hyperopt.tpe][INFO] - build_posterior_wrapper took 0.002490 seconds
[2023-12-01 14:32:20,106][hyperopt.tpe][INFO] - TPE using 403/403 trials with best loss 0.202670
[2023-12-01 14:32:20,255][hyperopt.tpe][INFO] - build_posterior_wrapper took 0.002506 seconds
[2023-12-01 14:32:20,255][hyperopt.tpe][INFO] - TPE using 404/404 trials with best loss 0.202670
[2023-12-01 14:32:20,405][hyperopt.tpe][INFO] - build_posterior_wrapper took 0.002500 seconds
[2023-12-01 14:32:20,405][hyperopt.tpe][INFO] - TPE using 405/405 trials with best loss 0.202670
[2023-12-01 14:32:20,554][hyperopt.tpe][INFO] - build_posterior_wrapper took 0.002605 seconds
[2023-12-01 14:32:20,555][hyperopt.tpe][INFO] - TPE using 406/406 trials with best loss 0.202670
[2023-12-01 14:32:20,704][hyperopt.tpe][INFO] - build_posterior_wrapper took 0.002489 seconds
[2023-12-01 14:32:20,705][hyperopt.tpe][INFO] - TPE using 407/407 trials with best loss 0.202670
[2023-12-01 14:32:20,854][hyperopt.tpe][INFO] - build_posterior_wrapper took 0.002505 seconds
[2023-12-01 14:32:20,855][hyperopt.tpe][INFO] - TPE using 408/408 trials with best loss 0.202670
[2023-12-01 14:32:21,004][hyperopt.tpe][INFO] - build_posterior_wrapper took 0.002504 seconds
[2023-12-01 14:32:21,004][hyperopt.tpe][INFO] - TPE using 409/409 trials with best loss 0.202670
[2023-12-01 14:32:21,155][hyperopt.tpe][INFO] - build_posterior_wrapper took 0.002575 seconds
[2023-12-01 14:32:21,156][hyperopt.tpe][INFO] - TPE using 410/410 trials with best loss 0.202670
[2023-12-01 14:32:21,306][hyperopt.tpe][INFO] - build_posterior_wrapper took 0.002540 seconds
[2023-12-01 14:32:21,307][hyperopt.tpe][INFO] - TPE using 411/411 trials with best loss 0.202670
[2023-12-01 14:32:21,456][hyperopt.tpe][INFO] - build_posterior_wrapper took 0.002491 seconds
[2023-12-01 14:32:21,456][hyperopt.tpe][INFO] - TPE using 412/412 trials with best loss 0.202670
[2023-12-01 14:32:21,606][hyperopt.tpe][INFO] - build_posterior_wrapper took 0.002489 seconds
[2023-12-01 14:32:21,606][hyperopt.tpe][INFO] - TPE using 413/413 trials with best loss 0.202670
[2023-12-01 14:32:21,756][hyperopt.tpe][INFO] - build_posterior_wrapper took 0.002608 seconds
[2023-12-01 14:32:21,757][hyperopt.tpe][INFO] - TPE using 414/414 trials with best loss 0.202670
[2023-12-01 14:32:21,912][hyperopt.tpe][INFO] - build_posterior_wrapper took 0.002461 seconds
[2023-12-01 14:32:21,912][hyperopt.tpe][INFO] - TPE using 415/415 trials with best loss 0.202670
[2023-12-01 14:32:22,062][hyperopt.tpe][INFO] - build_posterior_wrapper took 0.002503 seconds
[2023-12-01 14:32:22,063][hyperopt.tpe][INFO] - TPE using 416/416 trials with best loss 0.202670
[2023-12-01 14:32:22,212][hyperopt.tpe][INFO] - build_posterior_wrapper took 0.002485 seconds
[2023-12-01 14:32:22,212][hyperopt.tpe][INFO] - TPE using 417/417 trials with best loss 0.202670
[2023-12-01 14:32:22,348][hyperopt.tpe][INFO] - build_posterior_wrapper took 0.002475 seconds
[2023-12-01 14:32:22,348][hyperopt.tpe][INFO] - TPE using 418/418 trials with best loss 0.202670
[2023-12-01 14:32:22,546][hyperopt.tpe][INFO] - build_posterior_wrapper took 0.051289 seconds
[2023-12-01 14:32:22,547][hyperopt.tpe][INFO] - TPE using 419/419 trials with best loss 0.202670
[2023-12-01 14:32:22,692][hyperopt.tpe][INFO] - build_posterior_wrapper took 0.002539 seconds
[2023-12-01 14:32:22,692][hyperopt.tpe][INFO] - TPE using 420/420 trials with best loss 0.202670
[2023-12-01 14:32:22,833][hyperopt.tpe][INFO] - build_posterior_wrapper took 0.002502 seconds
[2023-12-01 14:32:22,834][hyperopt.tpe][INFO] - TPE using 421/421 trials with best loss 0.202670
[2023-12-01 14:32:22,982][hyperopt.tpe][INFO] - build_posterior_wrapper took 0.002489 seconds
[2023-12-01 14:32:22,983][hyperopt.tpe][INFO] - TPE using 422/422 trials with best loss 0.202670
[2023-12-01 14:32:23,032][hyperopt.tpe][INFO] - build_posterior_wrapper took 0.002474 seconds
[2023-12-01 14:32:23,032][hyperopt.tpe][INFO] - TPE using 423/423 trials with best loss 0.202670
[2023-12-01 14:32:23,184][hyperopt.tpe][INFO] - build_posterior_wrapper took 0.002538 seconds
[2023-12-01 14:32:23,184][hyperopt.tpe][INFO] - TPE using 424/424 trials with best loss 0.202670
[2023-12-01 14:32:23,298][hyperopt.tpe][INFO] - build_posterior_wrapper took 0.002499 seconds
[2023-12-01 14:32:23,298][hyperopt.tpe][INFO] - TPE using 425/425 trials with best loss 0.202670
[2023-12-01 14:32:23,457][hyperopt.tpe][INFO] - build_posterior_wrapper took 0.002541 seconds
[2023-12-01 14:32:23,457][hyperopt.tpe][INFO] - TPE using 426/426 trials with best loss 0.202670
[2023-12-01 14:32:23,586][hyperopt.tpe][INFO] - build_posterior_wrapper took 0.002468 seconds
[2023-12-01 14:32:23,586][hyperopt.tpe][INFO] - TPE using 427/427 trials with best loss 0.202670
[2023-12-01 14:32:23,761][hyperopt.tpe][INFO] - build_posterior_wrapper took 0.002635 seconds
[2023-12-01 14:32:23,761][hyperopt.tpe][INFO] - TPE using 428/428 trials with best loss 0.202670
[2023-12-01 14:32:23,911][hyperopt.tpe][INFO] - build_posterior_wrapper took 0.002510 seconds
[2023-12-01 14:32:23,911][hyperopt.tpe][INFO] - TPE using 429/429 trials with best loss 0.202670
[2023-12-01 14:32:24,079][hyperopt.tpe][INFO] - build_posterior_wrapper took 0.002478 seconds
[2023-12-01 14:32:24,079][hyperopt.tpe][INFO] - TPE using 430/430 trials with best loss 0.202670
[2023-12-01 14:32:24,228][hyperopt.tpe][INFO] - build_posterior_wrapper took 0.002503 seconds
[2023-12-01 14:32:24,228][hyperopt.tpe][INFO] - TPE using 431/431 trials with best loss 0.202670
[2023-12-01 14:32:24,305][hyperopt.tpe][INFO] - build_posterior_wrapper took 0.002491 seconds
[2023-12-01 14:32:24,305][hyperopt.tpe][INFO] - TPE using 432/432 trials with best loss 0.202670
[2023-12-01 14:32:24,441][hyperopt.tpe][INFO] - build_posterior_wrapper took 0.002547 seconds
[2023-12-01 14:32:24,441][hyperopt.tpe][INFO] - TPE using 433/433 trials with best loss 0.202670
[2023-12-01 14:32:24,494][hyperopt.tpe][INFO] - build_posterior_wrapper took 0.002506 seconds
[2023-12-01 14:32:24,495][hyperopt.tpe][INFO] - TPE using 434/434 trials with best loss 0.202670
[2023-12-01 14:32:24,609][hyperopt.tpe][INFO] - build_posterior_wrapper took 0.002549 seconds
[2023-12-01 14:32:24,609][hyperopt.tpe][INFO] - TPE using 435/435 trials with best loss 0.202670
[2023-12-01 14:32:24,751][hyperopt.tpe][INFO] - build_posterior_wrapper took 0.002487 seconds
[2023-12-01 14:32:24,751][hyperopt.tpe][INFO] - TPE using 436/436 trials with best loss 0.202670
[2023-12-01 14:32:24,880][hyperopt.tpe][INFO] - build_posterior_wrapper took 0.002459 seconds
[2023-12-01 14:32:24,880][hyperopt.tpe][INFO] - TPE using 437/437 trials with best loss 0.202670
[2023-12-01 14:32:25,030][hyperopt.tpe][INFO] - build_posterior_wrapper took 0.002630 seconds
[2023-12-01 14:32:25,031][hyperopt.tpe][INFO] - TPE using 438/438 trials with best loss 0.202670
[2023-12-01 14:32:25,177][hyperopt.tpe][INFO] - build_posterior_wrapper took 0.002471 seconds
[2023-12-01 14:32:25,178][hyperopt.tpe][INFO] - TPE using 439/439 trials with best loss 0.202670
[2023-12-01 14:32:25,327][hyperopt.tpe][INFO] - build_posterior_wrapper took 0.002506 seconds
[2023-12-01 14:32:25,328][hyperopt.tpe][INFO] - TPE using 440/440 trials with best loss 0.202670
[2023-12-01 14:32:25,385][hyperopt.tpe][INFO] - build_posterior_wrapper took 0.002476 seconds
[2023-12-01 14:32:25,385][hyperopt.tpe][INFO] - TPE using 441/441 trials with best loss 0.202670
[2023-12-01 14:32:25,557][hyperopt.tpe][INFO] - build_posterior_wrapper took 0.002540 seconds
[2023-12-01 14:32:25,558][hyperopt.tpe][INFO] - TPE using 442/442 trials with best loss 0.202670
[2023-12-01 14:32:25,634][hyperopt.tpe][INFO] - build_posterior_wrapper took 0.002584 seconds
[2023-12-01 14:32:25,635][hyperopt.tpe][INFO] - TPE using 443/443 trials with best loss 0.202670
[2023-12-01 14:32:25,728][hyperopt.tpe][INFO] - build_posterior_wrapper took 0.002481 seconds
[2023-12-01 14:32:25,729][hyperopt.tpe][INFO] - TPE using 444/444 trials with best loss 0.202670
[2023-12-01 14:32:25,878][hyperopt.tpe][INFO] - build_posterior_wrapper took 0.002513 seconds
[2023-12-01 14:32:25,878][hyperopt.tpe][INFO] - TPE using 445/445 trials with best loss 0.202670
[2023-12-01 14:32:26,089][hyperopt.tpe][INFO] - build_posterior_wrapper took 0.002529 seconds
[2023-12-01 14:32:26,089][hyperopt.tpe][INFO] - TPE using 446/446 trials with best loss 0.202670
[2023-12-01 14:32:26,240][hyperopt.tpe][INFO] - build_posterior_wrapper took 0.002500 seconds
[2023-12-01 14:32:26,240][hyperopt.tpe][INFO] - TPE using 447/447 trials with best loss 0.202670
[2023-12-01 14:32:26,369][hyperopt.tpe][INFO] - build_posterior_wrapper took 0.002466 seconds
[2023-12-01 14:32:26,370][hyperopt.tpe][INFO] - TPE using 448/448 trials with best loss 0.202670
[2023-12-01 14:32:26,505][hyperopt.tpe][INFO] - build_posterior_wrapper took 0.002467 seconds
[2023-12-01 14:32:26,506][hyperopt.tpe][INFO] - TPE using 449/449 trials with best loss 0.202670
[2023-12-01 14:32:26,674][hyperopt.tpe][INFO] - build_posterior_wrapper took 0.002481 seconds
[2023-12-01 14:32:26,674][hyperopt.tpe][INFO] - TPE using 450/450 trials with best loss 0.202670
[2023-12-01 14:32:26,823][hyperopt.tpe][INFO] - build_posterior_wrapper took 0.002498 seconds
[2023-12-01 14:32:26,823][hyperopt.tpe][INFO] - TPE using 451/451 trials with best loss 0.202670
[2023-12-01 14:32:26,902][hyperopt.tpe][INFO] - build_posterior_wrapper took 0.002439 seconds
[2023-12-01 14:32:26,903][hyperopt.tpe][INFO] - TPE using 452/452 trials with best loss 0.202670
[2023-12-01 14:32:26,954][hyperopt.tpe][INFO] - build_posterior_wrapper took 0.002552 seconds
[2023-12-01 14:32:26,954][hyperopt.tpe][INFO] - TPE using 453/453 trials with best loss 0.202670
[2023-12-01 14:32:27,089][hyperopt.tpe][INFO] - build_posterior_wrapper took 0.002519 seconds
[2023-12-01 14:32:27,089][hyperopt.tpe][INFO] - TPE using 454/454 trials with best loss 0.202670
[2023-12-01 14:32:27,190][hyperopt.tpe][INFO] - build_posterior_wrapper took 0.002453 seconds
[2023-12-01 14:32:27,190][hyperopt.tpe][INFO] - TPE using 455/455 trials with best loss 0.202670
[2023-12-01 14:32:27,344][hyperopt.tpe][INFO] - build_posterior_wrapper took 0.002496 seconds
[2023-12-01 14:32:27,344][hyperopt.tpe][INFO] - TPE using 456/456 trials with best loss 0.202670
[2023-12-01 14:32:27,532][hyperopt.tpe][INFO] - build_posterior_wrapper took 0.002520 seconds
[2023-12-01 14:32:27,533][hyperopt.tpe][INFO] - TPE using 457/457 trials with best loss 0.202670
[2023-12-01 14:32:27,672][hyperopt.tpe][INFO] - build_posterior_wrapper took 0.002517 seconds
[2023-12-01 14:32:27,672][hyperopt.tpe][INFO] - TPE using 458/458 trials with best loss 0.202670
[2023-12-01 14:32:27,800][hyperopt.tpe][INFO] - build_posterior_wrapper took 0.002465 seconds
[2023-12-01 14:32:27,801][hyperopt.tpe][INFO] - TPE using 459/459 trials with best loss 0.202670
[2023-12-01 14:32:27,952][hyperopt.tpe][INFO] - build_posterior_wrapper took 0.002479 seconds
[2023-12-01 14:32:27,952][hyperopt.tpe][INFO] - TPE using 460/460 trials with best loss 0.202670
[2023-12-01 14:32:28,106][hyperopt.tpe][INFO] - build_posterior_wrapper took 0.002473 seconds
[2023-12-01 14:32:28,106][hyperopt.tpe][INFO] - TPE using 461/461 trials with best loss 0.202670
[2023-12-01 14:32:28,184][hyperopt.tpe][INFO] - build_posterior_wrapper took 0.002473 seconds
[2023-12-01 14:32:28,184][hyperopt.tpe][INFO] - TPE using 462/462 trials with best loss 0.202670
[2023-12-01 14:32:28,346][hyperopt.tpe][INFO] - build_posterior_wrapper took 0.002500 seconds
[2023-12-01 14:32:28,347][hyperopt.tpe][INFO] - TPE using 463/463 trials with best loss 0.202670
[2023-12-01 14:32:28,398][hyperopt.tpe][INFO] - build_posterior_wrapper took 0.002468 seconds
[2023-12-01 14:32:28,398][hyperopt.tpe][INFO] - TPE using 464/464 trials with best loss 0.202670
[2023-12-01 14:32:28,534][hyperopt.tpe][INFO] - build_posterior_wrapper took 0.002468 seconds
[2023-12-01 14:32:28,535][hyperopt.tpe][INFO] - TPE using 465/465 trials with best loss 0.202670
[2023-12-01 14:32:28,633][hyperopt.tpe][INFO] - build_posterior_wrapper took 0.002481 seconds
[2023-12-01 14:32:28,633][hyperopt.tpe][INFO] - TPE using 466/466 trials with best loss 0.202670
[2023-12-01 14:32:28,783][hyperopt.tpe][INFO] - build_posterior_wrapper took 0.002491 seconds
[2023-12-01 14:32:28,784][hyperopt.tpe][INFO] - TPE using 467/467 trials with best loss 0.202670
[2023-12-01 14:32:28,897][hyperopt.tpe][INFO] - build_posterior_wrapper took 0.002464 seconds
[2023-12-01 14:32:28,897][hyperopt.tpe][INFO] - TPE using 468/468 trials with best loss 0.202670
[2023-12-01 14:32:29,050][hyperopt.tpe][INFO] - build_posterior_wrapper took 0.002546 seconds
[2023-12-01 14:32:29,051][hyperopt.tpe][INFO] - TPE using 469/469 trials with best loss 0.202670
[2023-12-01 14:32:29,179][hyperopt.tpe][INFO] - build_posterior_wrapper took 0.002490 seconds
[2023-12-01 14:32:29,180][hyperopt.tpe][INFO] - TPE using 470/470 trials with best loss 0.202670
[2023-12-01 14:32:29,340][hyperopt.tpe][INFO] - build_posterior_wrapper took 0.002549 seconds
[2023-12-01 14:32:29,340][hyperopt.tpe][INFO] - TPE using 471/471 trials with best loss 0.202670
[2023-12-01 14:32:29,496][hyperopt.tpe][INFO] - build_posterior_wrapper took 0.002460 seconds
[2023-12-01 14:32:29,496][hyperopt.tpe][INFO] - TPE using 472/472 trials with best loss 0.202670
[2023-12-01 14:32:29,646][hyperopt.tpe][INFO] - build_posterior_wrapper took 0.002489 seconds
[2023-12-01 14:32:29,647][hyperopt.tpe][INFO] - TPE using 473/473 trials with best loss 0.202670
[2023-12-01 14:32:29,730][hyperopt.tpe][INFO] - build_posterior_wrapper took 0.002516 seconds
[2023-12-01 14:32:29,731][hyperopt.tpe][INFO] - TPE using 474/474 trials with best loss 0.202670
[2023-12-01 14:32:29,784][hyperopt.tpe][INFO] - build_posterior_wrapper took 0.002489 seconds
[2023-12-01 14:32:29,784][hyperopt.tpe][INFO] - TPE using 475/475 trials with best loss 0.202670
[2023-12-01 14:32:29,932][hyperopt.tpe][INFO] - build_posterior_wrapper took 0.002523 seconds
[2023-12-01 14:32:29,933][hyperopt.tpe][INFO] - TPE using 476/476 trials with best loss 0.202670
[2023-12-01 14:32:30,034][hyperopt.tpe][INFO] - build_posterior_wrapper took 0.002470 seconds
[2023-12-01 14:32:30,035][hyperopt.tpe][INFO] - TPE using 477/477 trials with best loss 0.202670
[2023-12-01 14:32:30,188][hyperopt.tpe][INFO] - build_posterior_wrapper took 0.002504 seconds
[2023-12-01 14:32:30,188][hyperopt.tpe][INFO] - TPE using 478/478 trials with best loss 0.202670
[2023-12-01 14:32:30,360][hyperopt.tpe][INFO] - build_posterior_wrapper took 0.002519 seconds
[2023-12-01 14:32:30,360][hyperopt.tpe][INFO] - TPE using 479/479 trials with best loss 0.202670
[2023-12-01 14:32:30,480][hyperopt.tpe][INFO] - build_posterior_wrapper took 0.002484 seconds
[2023-12-01 14:32:30,480][hyperopt.tpe][INFO] - TPE using 480/480 trials with best loss 0.202670
[2023-12-01 14:32:30,624][hyperopt.tpe][INFO] - build_posterior_wrapper took 0.002473 seconds
[2023-12-01 14:32:30,625][hyperopt.tpe][INFO] - TPE using 481/481 trials with best loss 0.202670
[2023-12-01 14:32:30,754][hyperopt.tpe][INFO] - build_posterior_wrapper took 0.002453 seconds
[2023-12-01 14:32:30,754][hyperopt.tpe][INFO] - TPE using 482/482 trials with best loss 0.202670
[2023-12-01 14:32:30,898][hyperopt.tpe][INFO] - build_posterior_wrapper took 0.002472 seconds
[2023-12-01 14:32:30,898][hyperopt.tpe][INFO] - TPE using 483/483 trials with best loss 0.202670
[2023-12-01 14:32:31,033][hyperopt.tpe][INFO] - build_posterior_wrapper took 0.002475 seconds
[2023-12-01 14:32:31,033][hyperopt.tpe][INFO] - TPE using 484/484 trials with best loss 0.202670
[2023-12-01 14:32:31,128][hyperopt.tpe][INFO] - build_posterior_wrapper took 0.002564 seconds
[2023-12-01 14:32:31,128][hyperopt.tpe][INFO] - TPE using 485/485 trials with best loss 0.202670
[2023-12-01 14:32:31,185][hyperopt.tpe][INFO] - build_posterior_wrapper took 0.002515 seconds
[2023-12-01 14:32:31,185][hyperopt.tpe][INFO] - TPE using 486/486 trials with best loss 0.202670
[2023-12-01 14:32:31,339][hyperopt.tpe][INFO] - build_posterior_wrapper took 0.002486 seconds
[2023-12-01 14:32:31,339][hyperopt.tpe][INFO] - TPE using 487/487 trials with best loss 0.202670
[2023-12-01 14:32:31,434][hyperopt.tpe][INFO] - build_posterior_wrapper took 0.002460 seconds
[2023-12-01 14:32:31,435][hyperopt.tpe][INFO] - TPE using 488/488 trials with best loss 0.202670
[2023-12-01 14:32:31,585][hyperopt.tpe][INFO] - build_posterior_wrapper took 0.002486 seconds
[2023-12-01 14:32:31,585][hyperopt.tpe][INFO] - TPE using 489/489 trials with best loss 0.202670
[2023-12-01 14:32:31,731][hyperopt.tpe][INFO] - build_posterior_wrapper took 0.002489 seconds
[2023-12-01 14:32:31,732][hyperopt.tpe][INFO] - TPE using 490/490 trials with best loss 0.202670
[2023-12-01 14:32:31,884][hyperopt.tpe][INFO] - build_posterior_wrapper took 0.002522 seconds
[2023-12-01 14:32:31,885][hyperopt.tpe][INFO] - TPE using 491/491 trials with best loss 0.202670
[2023-12-01 14:32:32,013][hyperopt.tpe][INFO] - build_posterior_wrapper took 0.002472 seconds
[2023-12-01 14:32:32,014][hyperopt.tpe][INFO] - TPE using 492/492 trials with best loss 0.202670
[2023-12-01 14:32:32,152][hyperopt.tpe][INFO] - build_posterior_wrapper took 0.002466 seconds
[2023-12-01 14:32:32,153][hyperopt.tpe][INFO] - TPE using 493/493 trials with best loss 0.202670
[2023-12-01 14:32:32,328][hyperopt.tpe][INFO] - build_posterior_wrapper took 0.002507 seconds
[2023-12-01 14:32:32,329][hyperopt.tpe][INFO] - TPE using 494/494 trials with best loss 0.202670
[2023-12-01 14:32:32,474][hyperopt.tpe][INFO] - build_posterior_wrapper took 0.002569 seconds
[2023-12-01 14:32:32,474][hyperopt.tpe][INFO] - TPE using 495/495 trials with best loss 0.202670
[2023-12-01 14:32:32,562][hyperopt.tpe][INFO] - build_posterior_wrapper took 0.002468 seconds
[2023-12-01 14:32:32,563][hyperopt.tpe][INFO] - TPE using 496/496 trials with best loss 0.202670
[2023-12-01 14:32:32,617][hyperopt.tpe][INFO] - build_posterior_wrapper took 0.002460 seconds
[2023-12-01 14:32:32,617][hyperopt.tpe][INFO] - TPE using 497/497 trials with best loss 0.202670
[2023-12-01 14:32:32,751][hyperopt.tpe][INFO] - build_posterior_wrapper took 0.002497 seconds
[2023-12-01 14:32:32,751][hyperopt.tpe][INFO] - TPE using 498/498 trials with best loss 0.202670
[2023-12-01 14:32:32,853][hyperopt.tpe][INFO] - build_posterior_wrapper took 0.002471 seconds
[2023-12-01 14:32:32,854][hyperopt.tpe][INFO] - TPE using 499/499 trials with best loss 0.202670
[2023-12-01 14:32:33,011][root][INFO] - Hyperopt complete
[2023-12-01 14:32:33,011][root][INFO] - Best params: {'gamma': 0, 'learning_rate': 0.505, 'max_depth': 9, 'min_child_weight': 2, 'n_estimators': 250, 'reg_lambda': 3.4000000000000004, 'subsample': 0.2}
[2023-12-01 14:32:33,015][root][INFO] - Parameters written to /projects/p31961/ENIGMA/results/experiments/xgb_regression_da_only_hyperopt_tune/best_params.yaml
[2023-12-01 14:32:33,015][root][INFO] - Writing results to /projects/p31961/ENIGMA/results/experiments/xgb_regression_da_only_hyperopt_tune/hyper_opt_results.parquet
[2023-12-01 14:32:33,019][root][INFO] - Experiment complete
