[2023-08-16 07:57:16,611] INFO - Created new directories: /projects/p31961/ENIGMA/results/experiments/dopamine_full_sequence_stacked_lstm_02, /projects/p31961/ENIGMA/results/experiments/dopamine_full_sequence_stacked_lstm_02/models, /projects/p31961/ENIGMA/results/experiments/dopamine_full_sequence_stacked_lstm_02/tensorboard
[2023-08-16 07:57:18,211] INFO - Data loaded from /projects/p31961/gaby_data/aggregated_data/data_pipeline_full_dataset/datasets/full_dataset.parquet.gzip
[2023-08-16 07:57:20,088] INFO - Data processed
[2023-08-16 07:57:20,088] INFO - Running experiment dopamine_full_sequence_stacked_lstm_02
[2023-08-16 07:57:22,660] DEBUG - Layer LSTM_1 will use cuDNN kernels when running on GPU.
[2023-08-16 07:57:22,663] DEBUG - Layer LSTM_2 will use cuDNN kernels when running on GPU.
[2023-08-16 07:57:22,665] INFO - Model compiled
[2023-08-17 04:23:19,808] INFO - Model fit
[2023-08-17 04:24:16,418] INFO - Model evaluated
[2023-08-17 04:24:19,161] INFO - Unsupported signature for serialization: ((TensorSpec(shape=(1, 216), dtype=tf.float32, name='gradient'), <tensorflow.python.framework.func_graph.UnknownArgument object at 0x2b9ed7eb2050>, 47961226919344), {}).
[2023-08-17 04:24:19,161] INFO - Unsupported signature for serialization: ((TensorSpec(shape=(54, 216), dtype=tf.float32, name='gradient'), <tensorflow.python.framework.func_graph.UnknownArgument object at 0x2b9fd4bf2a10>, 47961226943200), {}).
[2023-08-17 04:24:19,161] INFO - Unsupported signature for serialization: ((TensorSpec(shape=(216,), dtype=tf.float32, name='gradient'), <tensorflow.python.framework.func_graph.UnknownArgument object at 0x2b9fd4c5ebd0>, 47961226985808), {}).
[2023-08-17 04:24:19,161] INFO - Unsupported signature for serialization: ((TensorSpec(shape=(54, 216), dtype=tf.float32, name='gradient'), <tensorflow.python.framework.func_graph.UnknownArgument object at 0x2b9fd4c36b10>, 47961227502640), {}).
[2023-08-17 04:24:19,161] INFO - Unsupported signature for serialization: ((TensorSpec(shape=(54, 216), dtype=tf.float32, name='gradient'), <tensorflow.python.framework.func_graph.UnknownArgument object at 0x2b9fd4c73910>, 47964414728928), {}).
[2023-08-17 04:24:19,161] INFO - Unsupported signature for serialization: ((TensorSpec(shape=(216,), dtype=tf.float32, name='gradient'), <tensorflow.python.framework.func_graph.UnknownArgument object at 0x2b9fd4c88ad0>, 47961227502352), {}).
[2023-08-17 04:24:19,161] INFO - Unsupported signature for serialization: ((TensorSpec(shape=(54, 1), dtype=tf.float32, name='gradient'), <tensorflow.python.framework.func_graph.UnknownArgument object at 0x2b9fd4c8d350>, 47964414832112), {}).
[2023-08-17 04:24:19,161] INFO - Unsupported signature for serialization: ((TensorSpec(shape=(1,), dtype=tf.float32, name='gradient'), <tensorflow.python.framework.func_graph.UnknownArgument object at 0x2b9fd4c9dc10>, 47964414832688), {}).
[2023-08-17 04:24:20,540] INFO - Unsupported signature for serialization: ((TensorSpec(shape=(1, 216), dtype=tf.float32, name='gradient'), <tensorflow.python.framework.func_graph.UnknownArgument object at 0x2b9ed7eb2050>, 47961226919344), {}).
[2023-08-17 04:24:20,540] INFO - Unsupported signature for serialization: ((TensorSpec(shape=(54, 216), dtype=tf.float32, name='gradient'), <tensorflow.python.framework.func_graph.UnknownArgument object at 0x2b9fd4bf2a10>, 47961226943200), {}).
[2023-08-17 04:24:20,540] INFO - Unsupported signature for serialization: ((TensorSpec(shape=(216,), dtype=tf.float32, name='gradient'), <tensorflow.python.framework.func_graph.UnknownArgument object at 0x2b9fd4c5ebd0>, 47961226985808), {}).
[2023-08-17 04:24:20,540] INFO - Unsupported signature for serialization: ((TensorSpec(shape=(54, 216), dtype=tf.float32, name='gradient'), <tensorflow.python.framework.func_graph.UnknownArgument object at 0x2b9fd4c36b10>, 47961227502640), {}).
[2023-08-17 04:24:20,540] INFO - Unsupported signature for serialization: ((TensorSpec(shape=(54, 216), dtype=tf.float32, name='gradient'), <tensorflow.python.framework.func_graph.UnknownArgument object at 0x2b9fd4c73910>, 47964414728928), {}).
[2023-08-17 04:24:20,542] INFO - Unsupported signature for serialization: ((TensorSpec(shape=(216,), dtype=tf.float32, name='gradient'), <tensorflow.python.framework.func_graph.UnknownArgument object at 0x2b9fd4c88ad0>, 47961227502352), {}).
[2023-08-17 04:24:20,542] INFO - Unsupported signature for serialization: ((TensorSpec(shape=(54, 1), dtype=tf.float32, name='gradient'), <tensorflow.python.framework.func_graph.UnknownArgument object at 0x2b9fd4c8d350>, 47964414832112), {}).
[2023-08-17 04:24:20,542] INFO - Unsupported signature for serialization: ((TensorSpec(shape=(1,), dtype=tf.float32, name='gradient'), <tensorflow.python.framework.func_graph.UnknownArgument object at 0x2b9fd4c9dc10>, 47964414832688), {}).
[2023-08-17 04:24:20,559] WARNING - Found untraced functions such as _update_step_xla, lstm_cell_layer_call_fn, lstm_cell_layer_call_and_return_conditional_losses, lstm_cell_1_layer_call_fn, lstm_cell_1_layer_call_and_return_conditional_losses while saving (showing 5 of 5). These functions will not be directly callable after loading.
[2023-08-17 04:24:39,189] INFO - Assets written to: /projects/p31961/ENIGMA/results/experiments/dopamine_full_sequence_stacked_lstm_02/models/dopamine_full_sequence_stacked_lstm_02/assets
[2023-08-17 04:24:39,439] INFO - Model saved
[2023-08-17 04:24:39,439] INFO - Experiment dopamine_full_sequence_stacked_lstm_02 complete
[2023-08-17 04:24:39,446] INFO - experiment terminated early
