[2023-12-01 14:50:26,564][root][INFO] - Experiment name: xgb_regression_da_and_d2_hyperopt_tune_with_day
[2023-12-01 14:50:30,983][root][INFO] - Running hyperopt
[2023-12-01 14:50:30,994][hyperopt.tpe][INFO] - build_posterior_wrapper took 0.002640 seconds
[2023-12-01 14:50:30,994][hyperopt.tpe][INFO] - TPE using 0 trials
[2023-12-01 14:50:31,453][hyperopt.tpe][INFO] - build_posterior_wrapper took 0.003105 seconds
[2023-12-01 14:50:31,454][hyperopt.tpe][INFO] - TPE using 1/1 trials with best loss 0.266193
[2023-12-01 14:50:31,633][hyperopt.tpe][INFO] - build_posterior_wrapper took 0.002549 seconds
[2023-12-01 14:50:31,634][hyperopt.tpe][INFO] - TPE using 2/2 trials with best loss 0.266193
[2023-12-01 14:50:31,789][hyperopt.tpe][INFO] - build_posterior_wrapper took 0.002521 seconds
[2023-12-01 14:50:31,789][hyperopt.tpe][INFO] - TPE using 3/3 trials with best loss 0.266193
[2023-12-01 14:50:31,894][hyperopt.tpe][INFO] - build_posterior_wrapper took 0.002501 seconds
[2023-12-01 14:50:31,894][hyperopt.tpe][INFO] - TPE using 4/4 trials with best loss 0.266193
[2023-12-01 14:50:31,967][hyperopt.tpe][INFO] - build_posterior_wrapper took 0.002570 seconds
[2023-12-01 14:50:31,967][hyperopt.tpe][INFO] - TPE using 5/5 trials with best loss 0.266193
[2023-12-01 14:50:32,123][hyperopt.tpe][INFO] - build_posterior_wrapper took 0.002517 seconds
[2023-12-01 14:50:32,123][hyperopt.tpe][INFO] - TPE using 6/6 trials with best loss 0.266193
[2023-12-01 14:50:32,233][hyperopt.tpe][INFO] - build_posterior_wrapper took 0.002500 seconds
[2023-12-01 14:50:32,233][hyperopt.tpe][INFO] - TPE using 7/7 trials with best loss 0.213892
[2023-12-01 14:50:32,358][hyperopt.tpe][INFO] - build_posterior_wrapper took 0.002503 seconds
[2023-12-01 14:50:32,358][hyperopt.tpe][INFO] - TPE using 8/8 trials with best loss 0.213892
[2023-12-01 14:50:32,443][hyperopt.tpe][INFO] - build_posterior_wrapper took 0.002488 seconds
[2023-12-01 14:50:32,443][hyperopt.tpe][INFO] - TPE using 9/9 trials with best loss 0.213892
[2023-12-01 14:50:32,604][hyperopt.tpe][INFO] - build_posterior_wrapper took 0.002456 seconds
[2023-12-01 14:50:32,604][hyperopt.tpe][INFO] - TPE using 10/10 trials with best loss 0.213892
[2023-12-01 14:50:32,693][hyperopt.tpe][INFO] - build_posterior_wrapper took 0.002487 seconds
[2023-12-01 14:50:32,693][hyperopt.tpe][INFO] - TPE using 11/11 trials with best loss 0.213892
[2023-12-01 14:50:32,791][hyperopt.tpe][INFO] - build_posterior_wrapper took 0.002465 seconds
[2023-12-01 14:50:32,792][hyperopt.tpe][INFO] - TPE using 12/12 trials with best loss 0.213892
[2023-12-01 14:50:32,937][hyperopt.tpe][INFO] - build_posterior_wrapper took 0.002499 seconds
[2023-12-01 14:50:32,937][hyperopt.tpe][INFO] - TPE using 13/13 trials with best loss 0.213892
[2023-12-01 14:50:33,145][hyperopt.tpe][INFO] - build_posterior_wrapper took 0.002524 seconds
[2023-12-01 14:50:33,145][hyperopt.tpe][INFO] - TPE using 14/14 trials with best loss 0.213892
[2023-12-01 14:50:33,213][hyperopt.tpe][INFO] - build_posterior_wrapper took 0.002450 seconds
[2023-12-01 14:50:33,213][hyperopt.tpe][INFO] - TPE using 15/15 trials with best loss 0.213892
[2023-12-01 14:50:33,379][hyperopt.tpe][INFO] - build_posterior_wrapper took 0.002568 seconds
[2023-12-01 14:50:33,380][hyperopt.tpe][INFO] - TPE using 16/16 trials with best loss 0.213892
[2023-12-01 14:50:33,534][hyperopt.tpe][INFO] - build_posterior_wrapper took 0.002427 seconds
[2023-12-01 14:50:33,534][hyperopt.tpe][INFO] - TPE using 17/17 trials with best loss 0.213892
[2023-12-01 14:50:33,622][hyperopt.tpe][INFO] - build_posterior_wrapper took 0.002646 seconds
[2023-12-01 14:50:33,622][hyperopt.tpe][INFO] - TPE using 18/18 trials with best loss 0.213892
[2023-12-01 14:50:33,749][hyperopt.tpe][INFO] - build_posterior_wrapper took 0.002496 seconds
[2023-12-01 14:50:33,749][hyperopt.tpe][INFO] - TPE using 19/19 trials with best loss 0.213892
[2023-12-01 14:50:33,837][hyperopt.tpe][INFO] - build_posterior_wrapper took 0.002444 seconds
[2023-12-01 14:50:33,870][hyperopt.tpe][INFO] - TPE using 20/20 trials with best loss 0.213892
[2023-12-01 14:50:33,931][hyperopt.tpe][INFO] - build_posterior_wrapper took 0.002521 seconds
[2023-12-01 14:50:33,931][hyperopt.tpe][INFO] - TPE using 21/21 trials with best loss 0.213892
[2023-12-01 14:50:34,047][hyperopt.tpe][INFO] - build_posterior_wrapper took 0.002493 seconds
[2023-12-01 14:50:34,047][hyperopt.tpe][INFO] - TPE using 22/22 trials with best loss 0.213892
[2023-12-01 14:50:34,101][hyperopt.tpe][INFO] - build_posterior_wrapper took 0.002451 seconds
[2023-12-01 14:50:34,101][hyperopt.tpe][INFO] - TPE using 23/23 trials with best loss 0.213892
[2023-12-01 14:50:34,197][hyperopt.tpe][INFO] - build_posterior_wrapper took 0.002485 seconds
[2023-12-01 14:50:34,197][hyperopt.tpe][INFO] - TPE using 24/24 trials with best loss 0.213892
[2023-12-01 14:50:34,280][hyperopt.tpe][INFO] - build_posterior_wrapper took 0.002488 seconds
[2023-12-01 14:50:34,280][hyperopt.tpe][INFO] - TPE using 25/25 trials with best loss 0.213892
[2023-12-01 14:50:34,363][hyperopt.tpe][INFO] - build_posterior_wrapper took 0.002461 seconds
[2023-12-01 14:50:34,364][hyperopt.tpe][INFO] - TPE using 26/26 trials with best loss 0.213892
[2023-12-01 14:50:34,447][hyperopt.tpe][INFO] - build_posterior_wrapper took 0.002477 seconds
[2023-12-01 14:50:34,448][hyperopt.tpe][INFO] - TPE using 27/27 trials with best loss 0.213892
[2023-12-01 14:50:34,540][hyperopt.tpe][INFO] - build_posterior_wrapper took 0.002482 seconds
[2023-12-01 14:50:34,540][hyperopt.tpe][INFO] - TPE using 28/28 trials with best loss 0.213892
[2023-12-01 14:50:34,703][hyperopt.tpe][INFO] - build_posterior_wrapper took 0.002484 seconds
[2023-12-01 14:50:34,703][hyperopt.tpe][INFO] - TPE using 29/29 trials with best loss 0.213892
[2023-12-01 14:50:34,813][hyperopt.tpe][INFO] - build_posterior_wrapper took 0.002468 seconds
[2023-12-01 14:50:34,814][hyperopt.tpe][INFO] - TPE using 30/30 trials with best loss 0.213892
[2023-12-01 14:50:34,893][hyperopt.tpe][INFO] - build_posterior_wrapper took 0.002532 seconds
[2023-12-01 14:50:34,893][hyperopt.tpe][INFO] - TPE using 31/31 trials with best loss 0.213892
[2023-12-01 14:50:35,005][hyperopt.tpe][INFO] - build_posterior_wrapper took 0.002488 seconds
[2023-12-01 14:50:35,006][hyperopt.tpe][INFO] - TPE using 32/32 trials with best loss 0.207704
[2023-12-01 14:50:35,092][hyperopt.tpe][INFO] - build_posterior_wrapper took 0.002516 seconds
[2023-12-01 14:50:35,093][hyperopt.tpe][INFO] - TPE using 33/33 trials with best loss 0.207704
[2023-12-01 14:50:35,201][hyperopt.tpe][INFO] - build_posterior_wrapper took 0.002513 seconds
[2023-12-01 14:50:35,201][hyperopt.tpe][INFO] - TPE using 34/34 trials with best loss 0.207704
[2023-12-01 14:50:35,322][hyperopt.tpe][INFO] - build_posterior_wrapper took 0.002494 seconds
[2023-12-01 14:50:35,322][hyperopt.tpe][INFO] - TPE using 35/35 trials with best loss 0.207704
[2023-12-01 14:50:35,409][hyperopt.tpe][INFO] - build_posterior_wrapper took 0.002504 seconds
[2023-12-01 14:50:35,409][hyperopt.tpe][INFO] - TPE using 36/36 trials with best loss 0.207704
[2023-12-01 14:50:35,465][hyperopt.tpe][INFO] - build_posterior_wrapper took 0.002504 seconds
[2023-12-01 14:50:35,466][hyperopt.tpe][INFO] - TPE using 37/37 trials with best loss 0.207704
[2023-12-01 14:50:35,606][hyperopt.tpe][INFO] - build_posterior_wrapper took 0.002452 seconds
[2023-12-01 14:50:35,606][hyperopt.tpe][INFO] - TPE using 38/38 trials with best loss 0.207704
[2023-12-01 14:50:35,731][hyperopt.tpe][INFO] - build_posterior_wrapper took 0.002515 seconds
[2023-12-01 14:50:35,731][hyperopt.tpe][INFO] - TPE using 39/39 trials with best loss 0.207704
[2023-12-01 14:50:35,818][hyperopt.tpe][INFO] - build_posterior_wrapper took 0.002509 seconds
[2023-12-01 14:50:35,818][hyperopt.tpe][INFO] - TPE using 40/40 trials with best loss 0.207704
[2023-12-01 14:50:35,934][hyperopt.tpe][INFO] - build_posterior_wrapper took 0.002503 seconds
[2023-12-01 14:50:35,934][hyperopt.tpe][INFO] - TPE using 41/41 trials with best loss 0.207704
[2023-12-01 14:50:35,982][hyperopt.tpe][INFO] - build_posterior_wrapper took 0.002457 seconds
[2023-12-01 14:50:35,982][hyperopt.tpe][INFO] - TPE using 42/42 trials with best loss 0.207704
[2023-12-01 14:50:36,161][hyperopt.tpe][INFO] - build_posterior_wrapper took 0.002470 seconds
[2023-12-01 14:50:36,161][hyperopt.tpe][INFO] - TPE using 43/43 trials with best loss 0.207704
[2023-12-01 14:50:36,280][hyperopt.tpe][INFO] - build_posterior_wrapper took 0.002512 seconds
[2023-12-01 14:50:36,280][hyperopt.tpe][INFO] - TPE using 44/44 trials with best loss 0.207704
[2023-12-01 14:50:36,383][hyperopt.tpe][INFO] - build_posterior_wrapper took 0.002476 seconds
[2023-12-01 14:50:36,383][hyperopt.tpe][INFO] - TPE using 45/45 trials with best loss 0.207704
[2023-12-01 14:50:36,498][hyperopt.tpe][INFO] - build_posterior_wrapper took 0.002491 seconds
[2023-12-01 14:50:36,499][hyperopt.tpe][INFO] - TPE using 46/46 trials with best loss 0.207704
[2023-12-01 14:50:36,657][hyperopt.tpe][INFO] - build_posterior_wrapper took 0.002527 seconds
[2023-12-01 14:50:36,657][hyperopt.tpe][INFO] - TPE using 47/47 trials with best loss 0.207704
[2023-12-01 14:50:36,765][hyperopt.tpe][INFO] - build_posterior_wrapper took 0.002486 seconds
[2023-12-01 14:50:36,765][hyperopt.tpe][INFO] - TPE using 48/48 trials with best loss 0.207704
[2023-12-01 14:50:36,904][hyperopt.tpe][INFO] - build_posterior_wrapper took 0.002584 seconds
[2023-12-01 14:50:36,904][hyperopt.tpe][INFO] - TPE using 49/49 trials with best loss 0.207704
[2023-12-01 14:50:36,958][hyperopt.tpe][INFO] - build_posterior_wrapper took 0.002450 seconds
[2023-12-01 14:50:36,958][hyperopt.tpe][INFO] - TPE using 50/50 trials with best loss 0.207704
[2023-12-01 14:50:37,086][hyperopt.tpe][INFO] - build_posterior_wrapper took 0.002498 seconds
[2023-12-01 14:50:37,086][hyperopt.tpe][INFO] - TPE using 51/51 trials with best loss 0.207704
[2023-12-01 14:50:37,200][hyperopt.tpe][INFO] - build_posterior_wrapper took 0.002469 seconds
[2023-12-01 14:50:37,200][hyperopt.tpe][INFO] - TPE using 52/52 trials with best loss 0.207704
[2023-12-01 14:50:37,319][hyperopt.tpe][INFO] - build_posterior_wrapper took 0.002485 seconds
[2023-12-01 14:50:37,319][hyperopt.tpe][INFO] - TPE using 53/53 trials with best loss 0.207704
[2023-12-01 14:50:37,487][hyperopt.tpe][INFO] - build_posterior_wrapper took 0.002524 seconds
[2023-12-01 14:50:37,488][hyperopt.tpe][INFO] - TPE using 54/54 trials with best loss 0.207704
[2023-12-01 14:50:37,534][hyperopt.tpe][INFO] - build_posterior_wrapper took 0.002465 seconds
[2023-12-01 14:50:37,534][hyperopt.tpe][INFO] - TPE using 55/55 trials with best loss 0.207704
[2023-12-01 14:50:37,642][hyperopt.tpe][INFO] - build_posterior_wrapper took 0.002514 seconds
[2023-12-01 14:50:37,642][hyperopt.tpe][INFO] - TPE using 56/56 trials with best loss 0.207704
[2023-12-01 14:50:37,789][hyperopt.tpe][INFO] - build_posterior_wrapper took 0.002515 seconds
[2023-12-01 14:50:37,789][hyperopt.tpe][INFO] - TPE using 57/57 trials with best loss 0.207704
[2023-12-01 14:50:37,894][hyperopt.tpe][INFO] - build_posterior_wrapper took 0.002509 seconds
[2023-12-01 14:50:37,894][hyperopt.tpe][INFO] - TPE using 58/58 trials with best loss 0.207704
[2023-12-01 14:50:37,996][hyperopt.tpe][INFO] - build_posterior_wrapper took 0.002490 seconds
[2023-12-01 14:50:37,996][hyperopt.tpe][INFO] - TPE using 59/59 trials with best loss 0.207704
[2023-12-01 14:50:38,053][hyperopt.tpe][INFO] - build_posterior_wrapper took 0.002522 seconds
[2023-12-01 14:50:38,054][hyperopt.tpe][INFO] - TPE using 60/60 trials with best loss 0.207704
[2023-12-01 14:50:38,251][hyperopt.tpe][INFO] - build_posterior_wrapper took 0.002702 seconds
[2023-12-01 14:50:38,251][hyperopt.tpe][INFO] - TPE using 61/61 trials with best loss 0.207704
[2023-12-01 14:50:38,389][hyperopt.tpe][INFO] - build_posterior_wrapper took 0.002516 seconds
[2023-12-01 14:50:38,389][hyperopt.tpe][INFO] - TPE using 62/62 trials with best loss 0.207704
[2023-12-01 14:50:38,455][hyperopt.tpe][INFO] - build_posterior_wrapper took 0.002468 seconds
[2023-12-01 14:50:38,456][hyperopt.tpe][INFO] - TPE using 63/63 trials with best loss 0.207704
[2023-12-01 14:50:38,576][hyperopt.tpe][INFO] - build_posterior_wrapper took 0.002466 seconds
[2023-12-01 14:50:38,576][hyperopt.tpe][INFO] - TPE using 64/64 trials with best loss 0.207704
[2023-12-01 14:50:38,687][hyperopt.tpe][INFO] - build_posterior_wrapper took 0.002489 seconds
[2023-12-01 14:50:38,687][hyperopt.tpe][INFO] - TPE using 65/65 trials with best loss 0.207704
[2023-12-01 14:50:38,784][hyperopt.tpe][INFO] - build_posterior_wrapper took 0.002518 seconds
[2023-12-01 14:50:38,784][hyperopt.tpe][INFO] - TPE using 66/66 trials with best loss 0.207704
[2023-12-01 14:50:38,880][hyperopt.tpe][INFO] - build_posterior_wrapper took 0.002464 seconds
[2023-12-01 14:50:38,880][hyperopt.tpe][INFO] - TPE using 67/67 trials with best loss 0.207704
[2023-12-01 14:50:38,976][hyperopt.tpe][INFO] - build_posterior_wrapper took 0.002457 seconds
[2023-12-01 14:50:38,976][hyperopt.tpe][INFO] - TPE using 68/68 trials with best loss 0.207704
[2023-12-01 14:50:39,069][hyperopt.tpe][INFO] - build_posterior_wrapper took 0.002472 seconds
[2023-12-01 14:50:39,069][hyperopt.tpe][INFO] - TPE using 69/69 trials with best loss 0.207704
[2023-12-01 14:50:39,162][hyperopt.tpe][INFO] - build_posterior_wrapper took 0.002468 seconds
[2023-12-01 14:50:39,162][hyperopt.tpe][INFO] - TPE using 70/70 trials with best loss 0.207704
[2023-12-01 14:50:39,261][hyperopt.tpe][INFO] - build_posterior_wrapper took 0.002620 seconds
[2023-12-01 14:50:39,261][hyperopt.tpe][INFO] - TPE using 71/71 trials with best loss 0.207704
[2023-12-01 14:50:39,359][hyperopt.tpe][INFO] - build_posterior_wrapper took 0.002496 seconds
[2023-12-01 14:50:39,359][hyperopt.tpe][INFO] - TPE using 72/72 trials with best loss 0.207704
[2023-12-01 14:50:39,437][hyperopt.tpe][INFO] - build_posterior_wrapper took 0.002474 seconds
[2023-12-01 14:50:39,437][hyperopt.tpe][INFO] - TPE using 73/73 trials with best loss 0.207704
[2023-12-01 14:50:39,572][hyperopt.tpe][INFO] - build_posterior_wrapper took 0.002517 seconds
[2023-12-01 14:50:39,572][hyperopt.tpe][INFO] - TPE using 74/74 trials with best loss 0.207704
[2023-12-01 14:50:39,672][hyperopt.tpe][INFO] - build_posterior_wrapper took 0.002498 seconds
[2023-12-01 14:50:39,672][hyperopt.tpe][INFO] - TPE using 75/75 trials with best loss 0.207704
[2023-12-01 14:50:39,724][hyperopt.tpe][INFO] - build_posterior_wrapper took 0.002477 seconds
[2023-12-01 14:50:39,724][hyperopt.tpe][INFO] - TPE using 76/76 trials with best loss 0.207704
[2023-12-01 14:50:39,898][hyperopt.tpe][INFO] - build_posterior_wrapper took 0.002495 seconds
[2023-12-01 14:50:39,898][hyperopt.tpe][INFO] - TPE using 77/77 trials with best loss 0.201274
[2023-12-01 14:50:40,026][hyperopt.tpe][INFO] - build_posterior_wrapper took 0.002454 seconds
[2023-12-01 14:50:40,026][hyperopt.tpe][INFO] - TPE using 78/78 trials with best loss 0.201274
[2023-12-01 14:50:40,190][hyperopt.tpe][INFO] - build_posterior_wrapper took 0.002468 seconds
[2023-12-01 14:50:40,190][hyperopt.tpe][INFO] - TPE using 79/79 trials with best loss 0.201274
[2023-12-01 14:50:40,398][hyperopt.tpe][INFO] - build_posterior_wrapper took 0.002525 seconds
[2023-12-01 14:50:40,398][hyperopt.tpe][INFO] - TPE using 80/80 trials with best loss 0.201274
[2023-12-01 14:50:40,572][hyperopt.tpe][INFO] - build_posterior_wrapper took 0.002510 seconds
[2023-12-01 14:50:40,572][hyperopt.tpe][INFO] - TPE using 81/81 trials with best loss 0.201274
[2023-12-01 14:50:40,737][hyperopt.tpe][INFO] - build_posterior_wrapper took 0.002502 seconds
[2023-12-01 14:50:40,738][hyperopt.tpe][INFO] - TPE using 82/82 trials with best loss 0.201274
[2023-12-01 14:50:40,923][hyperopt.tpe][INFO] - build_posterior_wrapper took 0.002459 seconds
[2023-12-01 14:50:40,923][hyperopt.tpe][INFO] - TPE using 83/83 trials with best loss 0.201274
[2023-12-01 14:50:41,092][hyperopt.tpe][INFO] - build_posterior_wrapper took 0.002487 seconds
[2023-12-01 14:50:41,092][hyperopt.tpe][INFO] - TPE using 84/84 trials with best loss 0.201274
[2023-12-01 14:50:41,222][hyperopt.tpe][INFO] - build_posterior_wrapper took 0.002472 seconds
[2023-12-01 14:50:41,222][hyperopt.tpe][INFO] - TPE using 85/85 trials with best loss 0.201274
[2023-12-01 14:50:41,330][hyperopt.tpe][INFO] - build_posterior_wrapper took 0.002473 seconds
[2023-12-01 14:50:41,330][hyperopt.tpe][INFO] - TPE using 86/86 trials with best loss 0.201274
[2023-12-01 14:50:41,437][hyperopt.tpe][INFO] - build_posterior_wrapper took 0.002480 seconds
[2023-12-01 14:50:41,437][hyperopt.tpe][INFO] - TPE using 87/87 trials with best loss 0.201274
[2023-12-01 14:50:41,616][hyperopt.tpe][INFO] - build_posterior_wrapper took 0.002450 seconds
[2023-12-01 14:50:41,616][hyperopt.tpe][INFO] - TPE using 88/88 trials with best loss 0.201274
[2023-12-01 14:50:41,741][hyperopt.tpe][INFO] - build_posterior_wrapper took 0.002508 seconds
[2023-12-01 14:50:41,742][hyperopt.tpe][INFO] - TPE using 89/89 trials with best loss 0.201274
[2023-12-01 14:50:41,791][hyperopt.tpe][INFO] - build_posterior_wrapper took 0.002447 seconds
[2023-12-01 14:50:41,791][hyperopt.tpe][INFO] - TPE using 90/90 trials with best loss 0.201274
[2023-12-01 14:50:41,926][hyperopt.tpe][INFO] - build_posterior_wrapper took 0.002584 seconds
[2023-12-01 14:50:41,927][hyperopt.tpe][INFO] - TPE using 91/91 trials with best loss 0.201274
[2023-12-01 14:50:42,074][hyperopt.tpe][INFO] - build_posterior_wrapper took 0.002460 seconds
[2023-12-01 14:50:42,074][hyperopt.tpe][INFO] - TPE using 92/92 trials with best loss 0.201274
[2023-12-01 14:50:42,203][hyperopt.tpe][INFO] - build_posterior_wrapper took 0.002445 seconds
[2023-12-01 14:50:42,203][hyperopt.tpe][INFO] - TPE using 93/93 trials with best loss 0.201274
[2023-12-01 14:50:42,312][hyperopt.tpe][INFO] - build_posterior_wrapper took 0.002466 seconds
[2023-12-01 14:50:42,313][hyperopt.tpe][INFO] - TPE using 94/94 trials with best loss 0.201274
[2023-12-01 14:50:42,429][hyperopt.tpe][INFO] - build_posterior_wrapper took 0.002490 seconds
[2023-12-01 14:50:42,430][hyperopt.tpe][INFO] - TPE using 95/95 trials with best loss 0.201274
[2023-12-01 14:50:42,661][hyperopt.tpe][INFO] - build_posterior_wrapper took 0.051613 seconds
[2023-12-01 14:50:42,662][hyperopt.tpe][INFO] - TPE using 96/96 trials with best loss 0.189539
[2023-12-01 14:50:42,843][hyperopt.tpe][INFO] - build_posterior_wrapper took 0.002493 seconds
[2023-12-01 14:50:42,843][hyperopt.tpe][INFO] - TPE using 97/97 trials with best loss 0.189539
[2023-12-01 14:50:42,999][hyperopt.tpe][INFO] - build_posterior_wrapper took 0.002548 seconds
[2023-12-01 14:50:43,000][hyperopt.tpe][INFO] - TPE using 98/98 trials with best loss 0.189539
[2023-12-01 14:50:43,138][hyperopt.tpe][INFO] - build_posterior_wrapper took 0.002476 seconds
[2023-12-01 14:50:43,138][hyperopt.tpe][INFO] - TPE using 99/99 trials with best loss 0.189539
[2023-12-01 14:50:43,327][hyperopt.tpe][INFO] - build_posterior_wrapper took 0.002643 seconds
[2023-12-01 14:50:43,327][hyperopt.tpe][INFO] - TPE using 100/100 trials with best loss 0.189539
[2023-12-01 14:50:43,534][hyperopt.tpe][INFO] - build_posterior_wrapper took 0.002614 seconds
[2023-12-01 14:50:43,534][hyperopt.tpe][INFO] - TPE using 101/101 trials with best loss 0.189539
[2023-12-01 14:50:43,663][hyperopt.tpe][INFO] - build_posterior_wrapper took 0.002461 seconds
[2023-12-01 14:50:43,663][hyperopt.tpe][INFO] - TPE using 102/102 trials with best loss 0.189539
[2023-12-01 14:50:43,887][hyperopt.tpe][INFO] - build_posterior_wrapper took 0.002462 seconds
[2023-12-01 14:50:43,887][hyperopt.tpe][INFO] - TPE using 103/103 trials with best loss 0.189539
[2023-12-01 14:50:43,942][hyperopt.tpe][INFO] - build_posterior_wrapper took 0.002519 seconds
[2023-12-01 14:50:43,943][hyperopt.tpe][INFO] - TPE using 104/104 trials with best loss 0.189539
[2023-12-01 14:50:44,119][hyperopt.tpe][INFO] - build_posterior_wrapper took 0.002463 seconds
[2023-12-01 14:50:44,120][hyperopt.tpe][INFO] - TPE using 105/105 trials with best loss 0.189539
[2023-12-01 14:50:44,276][hyperopt.tpe][INFO] - build_posterior_wrapper took 0.002470 seconds
[2023-12-01 14:50:44,276][hyperopt.tpe][INFO] - TPE using 106/106 trials with best loss 0.189539
[2023-12-01 14:50:44,449][hyperopt.tpe][INFO] - build_posterior_wrapper took 0.002465 seconds
[2023-12-01 14:50:44,449][hyperopt.tpe][INFO] - TPE using 107/107 trials with best loss 0.189539
[2023-12-01 14:50:44,624][hyperopt.tpe][INFO] - build_posterior_wrapper took 0.002490 seconds
[2023-12-01 14:50:44,624][hyperopt.tpe][INFO] - TPE using 108/108 trials with best loss 0.189539
[2023-12-01 14:50:44,787][hyperopt.tpe][INFO] - build_posterior_wrapper took 0.002460 seconds
[2023-12-01 14:50:44,787][hyperopt.tpe][INFO] - TPE using 109/109 trials with best loss 0.189539
[2023-12-01 14:50:44,994][hyperopt.tpe][INFO] - build_posterior_wrapper took 0.002473 seconds
[2023-12-01 14:50:44,994][hyperopt.tpe][INFO] - TPE using 110/110 trials with best loss 0.189539
[2023-12-01 14:50:45,122][hyperopt.tpe][INFO] - build_posterior_wrapper took 0.002464 seconds
[2023-12-01 14:50:45,123][hyperopt.tpe][INFO] - TPE using 111/111 trials with best loss 0.189539
[2023-12-01 14:50:45,337][hyperopt.tpe][INFO] - build_posterior_wrapper took 0.002489 seconds
[2023-12-01 14:50:45,338][hyperopt.tpe][INFO] - TPE using 112/112 trials with best loss 0.189539
[2023-12-01 14:50:45,516][hyperopt.tpe][INFO] - build_posterior_wrapper took 0.002496 seconds
[2023-12-01 14:50:45,516][hyperopt.tpe][INFO] - TPE using 113/113 trials with best loss 0.189539
[2023-12-01 14:50:45,689][hyperopt.tpe][INFO] - build_posterior_wrapper took 0.002499 seconds
[2023-12-01 14:50:45,689][hyperopt.tpe][INFO] - TPE using 114/114 trials with best loss 0.189539
[2023-12-01 14:50:45,898][hyperopt.tpe][INFO] - build_posterior_wrapper took 0.002483 seconds
[2023-12-01 14:50:45,898][hyperopt.tpe][INFO] - TPE using 115/115 trials with best loss 0.189539
[2023-12-01 14:50:46,079][hyperopt.tpe][INFO] - build_posterior_wrapper took 0.002480 seconds
[2023-12-01 14:50:46,080][hyperopt.tpe][INFO] - TPE using 116/116 trials with best loss 0.189539
[2023-12-01 14:50:46,132][hyperopt.tpe][INFO] - build_posterior_wrapper took 0.002500 seconds
[2023-12-01 14:50:46,133][hyperopt.tpe][INFO] - TPE using 117/117 trials with best loss 0.189539
[2023-12-01 14:50:46,292][hyperopt.tpe][INFO] - build_posterior_wrapper took 0.002503 seconds
[2023-12-01 14:50:46,292][hyperopt.tpe][INFO] - TPE using 118/118 trials with best loss 0.189539
[2023-12-01 14:50:46,400][hyperopt.tpe][INFO] - build_posterior_wrapper took 0.002458 seconds
[2023-12-01 14:50:46,400][hyperopt.tpe][INFO] - TPE using 119/119 trials with best loss 0.189539
[2023-12-01 14:50:46,574][hyperopt.tpe][INFO] - build_posterior_wrapper took 0.002480 seconds
[2023-12-01 14:50:46,574][hyperopt.tpe][INFO] - TPE using 120/120 trials with best loss 0.189539
[2023-12-01 14:50:46,776][hyperopt.tpe][INFO] - build_posterior_wrapper took 0.002643 seconds
[2023-12-01 14:50:46,776][hyperopt.tpe][INFO] - TPE using 121/121 trials with best loss 0.189539
[2023-12-01 14:50:46,844][hyperopt.tpe][INFO] - build_posterior_wrapper took 0.002483 seconds
[2023-12-01 14:50:46,844][hyperopt.tpe][INFO] - TPE using 122/122 trials with best loss 0.189539
[2023-12-01 14:50:47,052][hyperopt.tpe][INFO] - build_posterior_wrapper took 0.002493 seconds
[2023-12-01 14:50:47,052][hyperopt.tpe][INFO] - TPE using 123/123 trials with best loss 0.189539
[2023-12-01 14:50:47,171][hyperopt.tpe][INFO] - build_posterior_wrapper took 0.002474 seconds
[2023-12-01 14:50:47,171][hyperopt.tpe][INFO] - TPE using 124/124 trials with best loss 0.189539
[2023-12-01 14:50:47,414][hyperopt.tpe][INFO] - build_posterior_wrapper took 0.002494 seconds
[2023-12-01 14:50:47,414][hyperopt.tpe][INFO] - TPE using 125/125 trials with best loss 0.189539
[2023-12-01 14:50:47,570][hyperopt.tpe][INFO] - build_posterior_wrapper took 0.002542 seconds
[2023-12-01 14:50:47,570][hyperopt.tpe][INFO] - TPE using 126/126 trials with best loss 0.189539
[2023-12-01 14:50:47,699][hyperopt.tpe][INFO] - build_posterior_wrapper took 0.002458 seconds
[2023-12-01 14:50:47,699][hyperopt.tpe][INFO] - TPE using 127/127 trials with best loss 0.189539
[2023-12-01 14:50:47,753][hyperopt.tpe][INFO] - build_posterior_wrapper took 0.002487 seconds
[2023-12-01 14:50:47,753][hyperopt.tpe][INFO] - TPE using 128/128 trials with best loss 0.189539
[2023-12-01 14:50:47,928][hyperopt.tpe][INFO] - build_posterior_wrapper took 0.002513 seconds
[2023-12-01 14:50:47,928][hyperopt.tpe][INFO] - TPE using 129/129 trials with best loss 0.189539
[2023-12-01 14:50:48,073][hyperopt.tpe][INFO] - build_posterior_wrapper took 0.002500 seconds
[2023-12-01 14:50:48,074][hyperopt.tpe][INFO] - TPE using 130/130 trials with best loss 0.189539
[2023-12-01 14:50:48,253][hyperopt.tpe][INFO] - build_posterior_wrapper took 0.002505 seconds
[2023-12-01 14:50:48,254][hyperopt.tpe][INFO] - TPE using 131/131 trials with best loss 0.189539
[2023-12-01 14:50:48,415][hyperopt.tpe][INFO] - build_posterior_wrapper took 0.002515 seconds
[2023-12-01 14:50:48,415][hyperopt.tpe][INFO] - TPE using 132/132 trials with best loss 0.189539
[2023-12-01 14:50:48,607][hyperopt.tpe][INFO] - build_posterior_wrapper took 0.002515 seconds
[2023-12-01 14:50:48,607][hyperopt.tpe][INFO] - TPE using 133/133 trials with best loss 0.189539
[2023-12-01 14:50:48,662][hyperopt.tpe][INFO] - build_posterior_wrapper took 0.002490 seconds
[2023-12-01 14:50:48,662][hyperopt.tpe][INFO] - TPE using 134/134 trials with best loss 0.189539
[2023-12-01 14:50:48,760][hyperopt.tpe][INFO] - build_posterior_wrapper took 0.002510 seconds
[2023-12-01 14:50:48,760][hyperopt.tpe][INFO] - TPE using 135/135 trials with best loss 0.189539
[2023-12-01 14:50:48,869][hyperopt.tpe][INFO] - build_posterior_wrapper took 0.002565 seconds
[2023-12-01 14:50:48,869][hyperopt.tpe][INFO] - TPE using 136/136 trials with best loss 0.189539
[2023-12-01 14:50:49,030][hyperopt.tpe][INFO] - build_posterior_wrapper took 0.002520 seconds
[2023-12-01 14:50:49,030][hyperopt.tpe][INFO] - TPE using 137/137 trials with best loss 0.189539
[2023-12-01 14:50:49,197][hyperopt.tpe][INFO] - build_posterior_wrapper took 0.002501 seconds
[2023-12-01 14:50:49,197][hyperopt.tpe][INFO] - TPE using 138/138 trials with best loss 0.189539
[2023-12-01 14:50:49,360][hyperopt.tpe][INFO] - build_posterior_wrapper took 0.002495 seconds
[2023-12-01 14:50:49,360][hyperopt.tpe][INFO] - TPE using 139/139 trials with best loss 0.189539
[2023-12-01 14:50:49,457][hyperopt.tpe][INFO] - build_posterior_wrapper took 0.002504 seconds
[2023-12-01 14:50:49,458][hyperopt.tpe][INFO] - TPE using 140/140 trials with best loss 0.189539
[2023-12-01 14:50:49,515][hyperopt.tpe][INFO] - build_posterior_wrapper took 0.002606 seconds
[2023-12-01 14:50:49,515][hyperopt.tpe][INFO] - TPE using 141/141 trials with best loss 0.189539
[2023-12-01 14:50:49,719][hyperopt.tpe][INFO] - build_posterior_wrapper took 0.002504 seconds
[2023-12-01 14:50:49,719][hyperopt.tpe][INFO] - TPE using 142/142 trials with best loss 0.189539
[2023-12-01 14:50:49,901][hyperopt.tpe][INFO] - build_posterior_wrapper took 0.002467 seconds
[2023-12-01 14:50:49,901][hyperopt.tpe][INFO] - TPE using 143/143 trials with best loss 0.189539
[2023-12-01 14:50:50,010][hyperopt.tpe][INFO] - build_posterior_wrapper took 0.002492 seconds
[2023-12-01 14:50:50,010][hyperopt.tpe][INFO] - TPE using 144/144 trials with best loss 0.189539
[2023-12-01 14:50:50,186][hyperopt.tpe][INFO] - build_posterior_wrapper took 0.002498 seconds
[2023-12-01 14:50:50,186][hyperopt.tpe][INFO] - TPE using 145/145 trials with best loss 0.189539
[2023-12-01 14:50:50,361][hyperopt.tpe][INFO] - build_posterior_wrapper took 0.002618 seconds
[2023-12-01 14:50:50,361][hyperopt.tpe][INFO] - TPE using 146/146 trials with best loss 0.189539
[2023-12-01 14:50:50,536][hyperopt.tpe][INFO] - build_posterior_wrapper took 0.002482 seconds
[2023-12-01 14:50:50,536][hyperopt.tpe][INFO] - TPE using 147/147 trials with best loss 0.189539
[2023-12-01 14:50:50,710][hyperopt.tpe][INFO] - build_posterior_wrapper took 0.002496 seconds
[2023-12-01 14:50:50,711][hyperopt.tpe][INFO] - TPE using 148/148 trials with best loss 0.189539
[2023-12-01 14:50:50,886][hyperopt.tpe][INFO] - build_posterior_wrapper took 0.002501 seconds
[2023-12-01 14:50:50,886][hyperopt.tpe][INFO] - TPE using 149/149 trials with best loss 0.189539
[2023-12-01 14:50:51,061][hyperopt.tpe][INFO] - build_posterior_wrapper took 0.002595 seconds
[2023-12-01 14:50:51,061][hyperopt.tpe][INFO] - TPE using 150/150 trials with best loss 0.189539
[2023-12-01 14:50:51,236][hyperopt.tpe][INFO] - build_posterior_wrapper took 0.002505 seconds
[2023-12-01 14:50:51,236][hyperopt.tpe][INFO] - TPE using 151/151 trials with best loss 0.189539
[2023-12-01 14:50:51,412][hyperopt.tpe][INFO] - build_posterior_wrapper took 0.002546 seconds
[2023-12-01 14:50:51,412][hyperopt.tpe][INFO] - TPE using 152/152 trials with best loss 0.189539
[2023-12-01 14:50:51,590][hyperopt.tpe][INFO] - build_posterior_wrapper took 0.002698 seconds
[2023-12-01 14:50:51,591][hyperopt.tpe][INFO] - TPE using 153/153 trials with best loss 0.189539
[2023-12-01 14:50:51,767][hyperopt.tpe][INFO] - build_posterior_wrapper took 0.002587 seconds
[2023-12-01 14:50:51,767][hyperopt.tpe][INFO] - TPE using 154/154 trials with best loss 0.189539
[2023-12-01 14:50:51,942][hyperopt.tpe][INFO] - build_posterior_wrapper took 0.002495 seconds
[2023-12-01 14:50:51,942][hyperopt.tpe][INFO] - TPE using 155/155 trials with best loss 0.189539
[2023-12-01 14:50:52,123][hyperopt.tpe][INFO] - build_posterior_wrapper took 0.002505 seconds
[2023-12-01 14:50:52,123][hyperopt.tpe][INFO] - TPE using 156/156 trials with best loss 0.189539
[2023-12-01 14:50:52,280][hyperopt.tpe][INFO] - build_posterior_wrapper took 0.002441 seconds
[2023-12-01 14:50:52,280][hyperopt.tpe][INFO] - TPE using 157/157 trials with best loss 0.189539
[2023-12-01 14:50:52,380][hyperopt.tpe][INFO] - build_posterior_wrapper took 0.002488 seconds
[2023-12-01 14:50:52,380][hyperopt.tpe][INFO] - TPE using 158/158 trials with best loss 0.189539
[2023-12-01 14:50:52,521][hyperopt.tpe][INFO] - build_posterior_wrapper took 0.002457 seconds
[2023-12-01 14:50:52,522][hyperopt.tpe][INFO] - TPE using 159/159 trials with best loss 0.189539
[2023-12-01 14:50:52,582][hyperopt.tpe][INFO] - build_posterior_wrapper took 0.002479 seconds
[2023-12-01 14:50:52,582][hyperopt.tpe][INFO] - TPE using 160/160 trials with best loss 0.189539
[2023-12-01 14:50:52,770][hyperopt.tpe][INFO] - build_posterior_wrapper took 0.002470 seconds
[2023-12-01 14:50:52,770][hyperopt.tpe][INFO] - TPE using 161/161 trials with best loss 0.189539
[2023-12-01 14:50:52,959][hyperopt.tpe][INFO] - build_posterior_wrapper took 0.002472 seconds
[2023-12-01 14:50:52,960][hyperopt.tpe][INFO] - TPE using 162/162 trials with best loss 0.189539
[2023-12-01 14:50:53,166][hyperopt.tpe][INFO] - build_posterior_wrapper took 0.002472 seconds
[2023-12-01 14:50:53,166][hyperopt.tpe][INFO] - TPE using 163/163 trials with best loss 0.189539
[2023-12-01 14:50:53,295][hyperopt.tpe][INFO] - build_posterior_wrapper took 0.002489 seconds
[2023-12-01 14:50:53,295][hyperopt.tpe][INFO] - TPE using 164/164 trials with best loss 0.189539
[2023-12-01 14:50:53,475][hyperopt.tpe][INFO] - build_posterior_wrapper took 0.002459 seconds
[2023-12-01 14:50:53,475][hyperopt.tpe][INFO] - TPE using 165/165 trials with best loss 0.189539
[2023-12-01 14:50:53,558][hyperopt.tpe][INFO] - build_posterior_wrapper took 0.002480 seconds
[2023-12-01 14:50:53,558][hyperopt.tpe][INFO] - TPE using 166/166 trials with best loss 0.189539
[2023-12-01 14:50:53,732][hyperopt.tpe][INFO] - build_posterior_wrapper took 0.002475 seconds
[2023-12-01 14:50:53,732][hyperopt.tpe][INFO] - TPE using 167/167 trials with best loss 0.189539
[2023-12-01 14:50:53,794][hyperopt.tpe][INFO] - build_posterior_wrapper took 0.002482 seconds
[2023-12-01 14:50:53,795][hyperopt.tpe][INFO] - TPE using 168/168 trials with best loss 0.189539
[2023-12-01 14:50:53,950][hyperopt.tpe][INFO] - build_posterior_wrapper took 0.002462 seconds
[2023-12-01 14:50:53,950][hyperopt.tpe][INFO] - TPE using 169/169 trials with best loss 0.189539
[2023-12-01 14:50:54,094][hyperopt.tpe][INFO] - build_posterior_wrapper took 0.002455 seconds
[2023-12-01 14:50:54,094][hyperopt.tpe][INFO] - TPE using 170/170 trials with best loss 0.189539
[2023-12-01 14:50:54,254][hyperopt.tpe][INFO] - build_posterior_wrapper took 0.002503 seconds
[2023-12-01 14:50:54,254][hyperopt.tpe][INFO] - TPE using 171/171 trials with best loss 0.189539
[2023-12-01 14:50:54,463][hyperopt.tpe][INFO] - build_posterior_wrapper took 0.002492 seconds
[2023-12-01 14:50:54,463][hyperopt.tpe][INFO] - TPE using 172/172 trials with best loss 0.189539
[2023-12-01 14:50:54,592][hyperopt.tpe][INFO] - build_posterior_wrapper took 0.002455 seconds
[2023-12-01 14:50:54,593][hyperopt.tpe][INFO] - TPE using 173/173 trials with best loss 0.189539
[2023-12-01 14:50:54,678][hyperopt.tpe][INFO] - build_posterior_wrapper took 0.002534 seconds
[2023-12-01 14:50:54,678][hyperopt.tpe][INFO] - TPE using 174/174 trials with best loss 0.189539
[2023-12-01 14:50:54,853][hyperopt.tpe][INFO] - build_posterior_wrapper took 0.002491 seconds
[2023-12-01 14:50:54,854][hyperopt.tpe][INFO] - TPE using 175/175 trials with best loss 0.189539
[2023-12-01 14:50:54,912][hyperopt.tpe][INFO] - build_posterior_wrapper took 0.002476 seconds
[2023-12-01 14:50:54,912][hyperopt.tpe][INFO] - TPE using 176/176 trials with best loss 0.189539
[2023-12-01 14:50:55,086][hyperopt.tpe][INFO] - build_posterior_wrapper took 0.002478 seconds
[2023-12-01 14:50:55,086][hyperopt.tpe][INFO] - TPE using 177/177 trials with best loss 0.189539
[2023-12-01 14:50:55,239][hyperopt.tpe][INFO] - build_posterior_wrapper took 0.002478 seconds
[2023-12-01 14:50:55,239][hyperopt.tpe][INFO] - TPE using 178/178 trials with best loss 0.189539
[2023-12-01 14:50:55,382][hyperopt.tpe][INFO] - build_posterior_wrapper took 0.002522 seconds
[2023-12-01 14:50:55,382][hyperopt.tpe][INFO] - TPE using 179/179 trials with best loss 0.189539
[2023-12-01 14:50:55,607][hyperopt.tpe][INFO] - build_posterior_wrapper took 0.002487 seconds
[2023-12-01 14:50:55,608][hyperopt.tpe][INFO] - TPE using 180/180 trials with best loss 0.189539
[2023-12-01 14:50:55,695][hyperopt.tpe][INFO] - build_posterior_wrapper took 0.002467 seconds
[2023-12-01 14:50:55,696][hyperopt.tpe][INFO] - TPE using 181/181 trials with best loss 0.189539
[2023-12-01 14:50:55,796][hyperopt.tpe][INFO] - build_posterior_wrapper took 0.002494 seconds
[2023-12-01 14:50:55,796][hyperopt.tpe][INFO] - TPE using 182/182 trials with best loss 0.189539
[2023-12-01 14:50:55,953][hyperopt.tpe][INFO] - build_posterior_wrapper took 0.002458 seconds
[2023-12-01 14:50:55,953][hyperopt.tpe][INFO] - TPE using 183/183 trials with best loss 0.189539
[2023-12-01 14:50:56,014][hyperopt.tpe][INFO] - build_posterior_wrapper took 0.002547 seconds
[2023-12-01 14:50:56,014][hyperopt.tpe][INFO] - TPE using 184/184 trials with best loss 0.189539
[2023-12-01 14:50:56,197][hyperopt.tpe][INFO] - build_posterior_wrapper took 0.002496 seconds
[2023-12-01 14:50:56,197][hyperopt.tpe][INFO] - TPE using 185/185 trials with best loss 0.189539
[2023-12-01 14:50:56,360][hyperopt.tpe][INFO] - build_posterior_wrapper took 0.002467 seconds
[2023-12-01 14:50:56,361][hyperopt.tpe][INFO] - TPE using 186/186 trials with best loss 0.189539
[2023-12-01 14:50:56,506][hyperopt.tpe][INFO] - build_posterior_wrapper took 0.002482 seconds
[2023-12-01 14:50:56,506][hyperopt.tpe][INFO] - TPE using 187/187 trials with best loss 0.189539
[2023-12-01 14:50:56,747][hyperopt.tpe][INFO] - build_posterior_wrapper took 0.002486 seconds
[2023-12-01 14:50:56,748][hyperopt.tpe][INFO] - TPE using 188/188 trials with best loss 0.189539
[2023-12-01 14:50:56,923][hyperopt.tpe][INFO] - build_posterior_wrapper took 0.002473 seconds
[2023-12-01 14:50:56,923][hyperopt.tpe][INFO] - TPE using 189/189 trials with best loss 0.189539
[2023-12-01 14:50:57,038][hyperopt.tpe][INFO] - build_posterior_wrapper took 0.002499 seconds
[2023-12-01 14:50:57,038][hyperopt.tpe][INFO] - TPE using 190/190 trials with best loss 0.189539
[2023-12-01 14:50:57,105][hyperopt.tpe][INFO] - build_posterior_wrapper took 0.002476 seconds
[2023-12-01 14:50:57,105][hyperopt.tpe][INFO] - TPE using 191/191 trials with best loss 0.189539
[2023-12-01 14:50:57,273][hyperopt.tpe][INFO] - build_posterior_wrapper took 0.002465 seconds
[2023-12-01 14:50:57,273][hyperopt.tpe][INFO] - TPE using 192/192 trials with best loss 0.189539
[2023-12-01 14:50:57,450][hyperopt.tpe][INFO] - build_posterior_wrapper took 0.002491 seconds
[2023-12-01 14:50:57,451][hyperopt.tpe][INFO] - TPE using 193/193 trials with best loss 0.189539
[2023-12-01 14:50:57,515][hyperopt.tpe][INFO] - build_posterior_wrapper took 0.002550 seconds
[2023-12-01 14:50:57,515][hyperopt.tpe][INFO] - TPE using 194/194 trials with best loss 0.189539
[2023-12-01 14:50:57,702][hyperopt.tpe][INFO] - build_posterior_wrapper took 0.002474 seconds
[2023-12-01 14:50:57,702][hyperopt.tpe][INFO] - TPE using 195/195 trials with best loss 0.189539
[2023-12-01 14:50:57,817][hyperopt.tpe][INFO] - build_posterior_wrapper took 0.002499 seconds
[2023-12-01 14:50:57,817][hyperopt.tpe][INFO] - TPE using 196/196 trials with best loss 0.189539
[2023-12-01 14:50:57,986][hyperopt.tpe][INFO] - build_posterior_wrapper took 0.002490 seconds
[2023-12-01 14:50:57,986][hyperopt.tpe][INFO] - TPE using 197/197 trials with best loss 0.189539
[2023-12-01 14:50:58,095][hyperopt.tpe][INFO] - build_posterior_wrapper took 0.002511 seconds
[2023-12-01 14:50:58,095][hyperopt.tpe][INFO] - TPE using 198/198 trials with best loss 0.189539
[2023-12-01 14:50:58,255][hyperopt.tpe][INFO] - build_posterior_wrapper took 0.002538 seconds
[2023-12-01 14:50:58,255][hyperopt.tpe][INFO] - TPE using 199/199 trials with best loss 0.189539
[2023-12-01 14:50:58,430][hyperopt.tpe][INFO] - build_posterior_wrapper took 0.002488 seconds
[2023-12-01 14:50:58,430][hyperopt.tpe][INFO] - TPE using 200/200 trials with best loss 0.189539
[2023-12-01 14:50:58,497][hyperopt.tpe][INFO] - build_posterior_wrapper took 0.002483 seconds
[2023-12-01 14:50:58,498][hyperopt.tpe][INFO] - TPE using 201/201 trials with best loss 0.189539
[2023-12-01 14:50:58,680][hyperopt.tpe][INFO] - build_posterior_wrapper took 0.002495 seconds
[2023-12-01 14:50:58,681][hyperopt.tpe][INFO] - TPE using 202/202 trials with best loss 0.189539
[2023-12-01 14:50:58,754][hyperopt.tpe][INFO] - build_posterior_wrapper took 0.002507 seconds
[2023-12-01 14:50:58,754][hyperopt.tpe][INFO] - TPE using 203/203 trials with best loss 0.189539
[2023-12-01 14:50:58,935][hyperopt.tpe][INFO] - build_posterior_wrapper took 0.002555 seconds
[2023-12-01 14:50:58,935][hyperopt.tpe][INFO] - TPE using 204/204 trials with best loss 0.189539
[2023-12-01 14:50:59,055][hyperopt.tpe][INFO] - build_posterior_wrapper took 0.002471 seconds
[2023-12-01 14:50:59,055][hyperopt.tpe][INFO] - TPE using 205/205 trials with best loss 0.189539
[2023-12-01 14:50:59,219][hyperopt.tpe][INFO] - build_posterior_wrapper took 0.002510 seconds
[2023-12-01 14:50:59,220][hyperopt.tpe][INFO] - TPE using 206/206 trials with best loss 0.189539
[2023-12-01 14:50:59,424][hyperopt.tpe][INFO] - build_posterior_wrapper took 0.002635 seconds
[2023-12-01 14:50:59,425][hyperopt.tpe][INFO] - TPE using 207/207 trials with best loss 0.189539
[2023-12-01 14:50:59,552][hyperopt.tpe][INFO] - build_posterior_wrapper took 0.002468 seconds
[2023-12-01 14:50:59,552][hyperopt.tpe][INFO] - TPE using 208/208 trials with best loss 0.189539
[2023-12-01 14:50:59,681][hyperopt.tpe][INFO] - build_posterior_wrapper took 0.002518 seconds
[2023-12-01 14:50:59,681][hyperopt.tpe][INFO] - TPE using 209/209 trials with best loss 0.189539
[2023-12-01 14:50:59,782][hyperopt.tpe][INFO] - build_posterior_wrapper took 0.002506 seconds
[2023-12-01 14:50:59,782][hyperopt.tpe][INFO] - TPE using 210/210 trials with best loss 0.189539
[2023-12-01 14:50:59,943][hyperopt.tpe][INFO] - build_posterior_wrapper took 0.002476 seconds
[2023-12-01 14:50:59,943][hyperopt.tpe][INFO] - TPE using 211/211 trials with best loss 0.189539
[2023-12-01 14:51:00,006][hyperopt.tpe][INFO] - build_posterior_wrapper took 0.002455 seconds
[2023-12-01 14:51:00,007][hyperopt.tpe][INFO] - TPE using 212/212 trials with best loss 0.189539
[2023-12-01 14:51:00,173][hyperopt.tpe][INFO] - build_posterior_wrapper took 0.002448 seconds
[2023-12-01 14:51:00,173][hyperopt.tpe][INFO] - TPE using 213/213 trials with best loss 0.189539
[2023-12-01 14:51:00,308][hyperopt.tpe][INFO] - build_posterior_wrapper took 0.002472 seconds
[2023-12-01 14:51:00,308][hyperopt.tpe][INFO] - TPE using 214/214 trials with best loss 0.189539
[2023-12-01 14:51:00,483][hyperopt.tpe][INFO] - build_posterior_wrapper took 0.002490 seconds
[2023-12-01 14:51:00,484][hyperopt.tpe][INFO] - TPE using 215/215 trials with best loss 0.189539
[2023-12-01 14:51:00,672][hyperopt.tpe][INFO] - build_posterior_wrapper took 0.002485 seconds
[2023-12-01 14:51:00,672][hyperopt.tpe][INFO] - TPE using 216/216 trials with best loss 0.189539
[2023-12-01 14:51:00,784][hyperopt.tpe][INFO] - build_posterior_wrapper took 0.002468 seconds
[2023-12-01 14:51:00,784][hyperopt.tpe][INFO] - TPE using 217/217 trials with best loss 0.189539
[2023-12-01 14:51:00,913][hyperopt.tpe][INFO] - build_posterior_wrapper took 0.002491 seconds
[2023-12-01 14:51:00,914][hyperopt.tpe][INFO] - TPE using 218/218 trials with best loss 0.189539
[2023-12-01 14:51:01,125][hyperopt.tpe][INFO] - build_posterior_wrapper took 0.002494 seconds
[2023-12-01 14:51:01,125][hyperopt.tpe][INFO] - TPE using 219/219 trials with best loss 0.189539
[2023-12-01 14:51:01,229][hyperopt.tpe][INFO] - build_posterior_wrapper took 0.002522 seconds
[2023-12-01 14:51:01,229][hyperopt.tpe][INFO] - TPE using 220/220 trials with best loss 0.189539
[2023-12-01 14:51:01,291][hyperopt.tpe][INFO] - build_posterior_wrapper took 0.002510 seconds
[2023-12-01 14:51:01,291][hyperopt.tpe][INFO] - TPE using 221/221 trials with best loss 0.189539
[2023-12-01 14:51:01,448][hyperopt.tpe][INFO] - build_posterior_wrapper took 0.002460 seconds
[2023-12-01 14:51:01,448][hyperopt.tpe][INFO] - TPE using 222/222 trials with best loss 0.189539
[2023-12-01 14:51:01,564][hyperopt.tpe][INFO] - build_posterior_wrapper took 0.002476 seconds
[2023-12-01 14:51:01,565][hyperopt.tpe][INFO] - TPE using 223/223 trials with best loss 0.189539
[2023-12-01 14:51:01,747][hyperopt.tpe][INFO] - build_posterior_wrapper took 0.002595 seconds
[2023-12-01 14:51:01,747][hyperopt.tpe][INFO] - TPE using 224/224 trials with best loss 0.189539
[2023-12-01 14:51:01,910][hyperopt.tpe][INFO] - build_posterior_wrapper took 0.002461 seconds
[2023-12-01 14:51:01,911][hyperopt.tpe][INFO] - TPE using 225/225 trials with best loss 0.189539
[2023-12-01 14:51:02,046][hyperopt.tpe][INFO] - build_posterior_wrapper took 0.002515 seconds
[2023-12-01 14:51:02,046][hyperopt.tpe][INFO] - TPE using 226/226 trials with best loss 0.189539
[2023-12-01 14:51:02,175][hyperopt.tpe][INFO] - build_posterior_wrapper took 0.002474 seconds
[2023-12-01 14:51:02,176][hyperopt.tpe][INFO] - TPE using 227/227 trials with best loss 0.189539
[2023-12-01 14:51:02,282][hyperopt.tpe][INFO] - build_posterior_wrapper took 0.002506 seconds
[2023-12-01 14:51:02,282][hyperopt.tpe][INFO] - TPE using 228/228 trials with best loss 0.189539
[2023-12-01 14:51:02,453][hyperopt.tpe][INFO] - build_posterior_wrapper took 0.002541 seconds
[2023-12-01 14:51:02,453][hyperopt.tpe][INFO] - TPE using 229/229 trials with best loss 0.189539
[2023-12-01 14:51:02,524][hyperopt.tpe][INFO] - build_posterior_wrapper took 0.002456 seconds
[2023-12-01 14:51:02,524][hyperopt.tpe][INFO] - TPE using 230/230 trials with best loss 0.189539
[2023-12-01 14:51:02,741][hyperopt.tpe][INFO] - build_posterior_wrapper took 0.002517 seconds
[2023-12-01 14:51:02,741][hyperopt.tpe][INFO] - TPE using 231/231 trials with best loss 0.189539
[2023-12-01 14:51:02,862][hyperopt.tpe][INFO] - build_posterior_wrapper took 0.002479 seconds
[2023-12-01 14:51:02,862][hyperopt.tpe][INFO] - TPE using 232/232 trials with best loss 0.189539
[2023-12-01 14:51:03,046][hyperopt.tpe][INFO] - build_posterior_wrapper took 0.002533 seconds
[2023-12-01 14:51:03,046][hyperopt.tpe][INFO] - TPE using 233/233 trials with best loss 0.189539
[2023-12-01 14:51:03,242][hyperopt.tpe][INFO] - build_posterior_wrapper took 0.002472 seconds
[2023-12-01 14:51:03,242][hyperopt.tpe][INFO] - TPE using 234/234 trials with best loss 0.189539
[2023-12-01 14:51:03,347][hyperopt.tpe][INFO] - build_posterior_wrapper took 0.002463 seconds
[2023-12-01 14:51:03,347][hyperopt.tpe][INFO] - TPE using 235/235 trials with best loss 0.189539
[2023-12-01 14:51:03,477][hyperopt.tpe][INFO] - build_posterior_wrapper took 0.002481 seconds
[2023-12-01 14:51:03,477][hyperopt.tpe][INFO] - TPE using 236/236 trials with best loss 0.189539
[2023-12-01 14:51:03,557][hyperopt.tpe][INFO] - build_posterior_wrapper took 0.002471 seconds
[2023-12-01 14:51:03,558][hyperopt.tpe][INFO] - TPE using 237/237 trials with best loss 0.189539
[2023-12-01 14:51:03,720][hyperopt.tpe][INFO] - build_posterior_wrapper took 0.002461 seconds
[2023-12-01 14:51:03,720][hyperopt.tpe][INFO] - TPE using 238/238 trials with best loss 0.189539
[2023-12-01 14:51:03,797][hyperopt.tpe][INFO] - build_posterior_wrapper took 0.002608 seconds
[2023-12-01 14:51:03,797][hyperopt.tpe][INFO] - TPE using 239/239 trials with best loss 0.189539
[2023-12-01 14:51:04,018][hyperopt.tpe][INFO] - build_posterior_wrapper took 0.049795 seconds
[2023-12-01 14:51:04,018][hyperopt.tpe][INFO] - TPE using 240/240 trials with best loss 0.189539
[2023-12-01 14:51:04,176][hyperopt.tpe][INFO] - build_posterior_wrapper took 0.002534 seconds
[2023-12-01 14:51:04,177][hyperopt.tpe][INFO] - TPE using 241/241 trials with best loss 0.189539
[2023-12-01 14:51:04,321][hyperopt.tpe][INFO] - build_posterior_wrapper took 0.002496 seconds
[2023-12-01 14:51:04,321][hyperopt.tpe][INFO] - TPE using 242/242 trials with best loss 0.189539
[2023-12-01 14:51:04,548][hyperopt.tpe][INFO] - build_posterior_wrapper took 0.002520 seconds
[2023-12-01 14:51:04,549][hyperopt.tpe][INFO] - TPE using 243/243 trials with best loss 0.189539
[2023-12-01 14:51:04,686][hyperopt.tpe][INFO] - build_posterior_wrapper took 0.002609 seconds
[2023-12-01 14:51:04,686][hyperopt.tpe][INFO] - TPE using 244/244 trials with best loss 0.189539
[2023-12-01 14:51:04,816][hyperopt.tpe][INFO] - build_posterior_wrapper took 0.002503 seconds
[2023-12-01 14:51:04,817][hyperopt.tpe][INFO] - TPE using 245/245 trials with best loss 0.189539
[2023-12-01 14:51:04,899][hyperopt.tpe][INFO] - build_posterior_wrapper took 0.002491 seconds
[2023-12-01 14:51:04,899][hyperopt.tpe][INFO] - TPE using 246/246 trials with best loss 0.189539
[2023-12-01 14:51:05,094][hyperopt.tpe][INFO] - build_posterior_wrapper took 0.002484 seconds
[2023-12-01 14:51:05,094][hyperopt.tpe][INFO] - TPE using 247/247 trials with best loss 0.189539
[2023-12-01 14:51:05,154][hyperopt.tpe][INFO] - build_posterior_wrapper took 0.002485 seconds
[2023-12-01 14:51:05,154][hyperopt.tpe][INFO] - TPE using 248/248 trials with best loss 0.189539
[2023-12-01 14:51:05,358][hyperopt.tpe][INFO] - build_posterior_wrapper took 0.002581 seconds
[2023-12-01 14:51:05,359][hyperopt.tpe][INFO] - TPE using 249/249 trials with best loss 0.189539
[2023-12-01 14:51:05,499][hyperopt.tpe][INFO] - build_posterior_wrapper took 0.002486 seconds
[2023-12-01 14:51:05,499][hyperopt.tpe][INFO] - TPE using 250/250 trials with best loss 0.189539
[2023-12-01 14:51:05,636][hyperopt.tpe][INFO] - build_posterior_wrapper took 0.002486 seconds
[2023-12-01 14:51:05,637][hyperopt.tpe][INFO] - TPE using 251/251 trials with best loss 0.189539
[2023-12-01 14:51:05,835][hyperopt.tpe][INFO] - build_posterior_wrapper took 0.002476 seconds
[2023-12-01 14:51:05,835][hyperopt.tpe][INFO] - TPE using 252/252 trials with best loss 0.189539
[2023-12-01 14:51:05,967][hyperopt.tpe][INFO] - build_posterior_wrapper took 0.002651 seconds
[2023-12-01 14:51:05,967][hyperopt.tpe][INFO] - TPE using 253/253 trials with best loss 0.189539
[2023-12-01 14:51:06,056][hyperopt.tpe][INFO] - build_posterior_wrapper took 0.002502 seconds
[2023-12-01 14:51:06,057][hyperopt.tpe][INFO] - TPE using 254/254 trials with best loss 0.189539
[2023-12-01 14:51:06,204][hyperopt.tpe][INFO] - build_posterior_wrapper took 0.002537 seconds
[2023-12-01 14:51:06,205][hyperopt.tpe][INFO] - TPE using 255/255 trials with best loss 0.189539
[2023-12-01 14:51:06,338][hyperopt.tpe][INFO] - build_posterior_wrapper took 0.002581 seconds
[2023-12-01 14:51:06,338][hyperopt.tpe][INFO] - TPE using 256/256 trials with best loss 0.189539
[2023-12-01 14:51:06,461][hyperopt.tpe][INFO] - build_posterior_wrapper took 0.002508 seconds
[2023-12-01 14:51:06,461][hyperopt.tpe][INFO] - TPE using 257/257 trials with best loss 0.189539
[2023-12-01 14:51:06,589][hyperopt.tpe][INFO] - build_posterior_wrapper took 0.002533 seconds
[2023-12-01 14:51:06,589][hyperopt.tpe][INFO] - TPE using 258/258 trials with best loss 0.189539
[2023-12-01 14:51:06,718][hyperopt.tpe][INFO] - build_posterior_wrapper took 0.002580 seconds
[2023-12-01 14:51:06,718][hyperopt.tpe][INFO] - TPE using 259/259 trials with best loss 0.189539
[2023-12-01 14:51:06,846][hyperopt.tpe][INFO] - build_posterior_wrapper took 0.002518 seconds
[2023-12-01 14:51:06,846][hyperopt.tpe][INFO] - TPE using 260/260 trials with best loss 0.189539
[2023-12-01 14:51:06,975][hyperopt.tpe][INFO] - build_posterior_wrapper took 0.002512 seconds
[2023-12-01 14:51:06,975][hyperopt.tpe][INFO] - TPE using 261/261 trials with best loss 0.189539
[2023-12-01 14:51:07,103][hyperopt.tpe][INFO] - build_posterior_wrapper took 0.002516 seconds
[2023-12-01 14:51:07,103][hyperopt.tpe][INFO] - TPE using 262/262 trials with best loss 0.189539
[2023-12-01 14:51:07,232][hyperopt.tpe][INFO] - build_posterior_wrapper took 0.002575 seconds
[2023-12-01 14:51:07,232][hyperopt.tpe][INFO] - TPE using 263/263 trials with best loss 0.189539
[2023-12-01 14:51:07,365][hyperopt.tpe][INFO] - build_posterior_wrapper took 0.002532 seconds
[2023-12-01 14:51:07,365][hyperopt.tpe][INFO] - TPE using 264/264 trials with best loss 0.189539
[2023-12-01 14:51:07,498][hyperopt.tpe][INFO] - build_posterior_wrapper took 0.002503 seconds
[2023-12-01 14:51:07,498][hyperopt.tpe][INFO] - TPE using 265/265 trials with best loss 0.189539
[2023-12-01 14:51:07,631][hyperopt.tpe][INFO] - build_posterior_wrapper took 0.002521 seconds
[2023-12-01 14:51:07,631][hyperopt.tpe][INFO] - TPE using 266/266 trials with best loss 0.189539
[2023-12-01 14:51:07,763][hyperopt.tpe][INFO] - build_posterior_wrapper took 0.002567 seconds
[2023-12-01 14:51:07,763][hyperopt.tpe][INFO] - TPE using 267/267 trials with best loss 0.189539
[2023-12-01 14:51:07,895][hyperopt.tpe][INFO] - build_posterior_wrapper took 0.002504 seconds
[2023-12-01 14:51:07,896][hyperopt.tpe][INFO] - TPE using 268/268 trials with best loss 0.189539
[2023-12-01 14:51:08,028][hyperopt.tpe][INFO] - build_posterior_wrapper took 0.002504 seconds
[2023-12-01 14:51:08,028][hyperopt.tpe][INFO] - TPE using 269/269 trials with best loss 0.189539
[2023-12-01 14:51:08,161][hyperopt.tpe][INFO] - build_posterior_wrapper took 0.002517 seconds
[2023-12-01 14:51:08,161][hyperopt.tpe][INFO] - TPE using 270/270 trials with best loss 0.189539
[2023-12-01 14:51:08,275][hyperopt.tpe][INFO] - build_posterior_wrapper took 0.002551 seconds
[2023-12-01 14:51:08,275][hyperopt.tpe][INFO] - TPE using 271/271 trials with best loss 0.189539
[2023-12-01 14:51:08,408][hyperopt.tpe][INFO] - build_posterior_wrapper took 0.002505 seconds
[2023-12-01 14:51:08,408][hyperopt.tpe][INFO] - TPE using 272/272 trials with best loss 0.189539
[2023-12-01 14:51:08,537][hyperopt.tpe][INFO] - build_posterior_wrapper took 0.002481 seconds
[2023-12-01 14:51:08,538][hyperopt.tpe][INFO] - TPE using 273/273 trials with best loss 0.189539
[2023-12-01 14:51:08,670][hyperopt.tpe][INFO] - build_posterior_wrapper took 0.002509 seconds
[2023-12-01 14:51:08,670][hyperopt.tpe][INFO] - TPE using 274/274 trials with best loss 0.189539
[2023-12-01 14:51:08,778][hyperopt.tpe][INFO] - build_posterior_wrapper took 0.002486 seconds
[2023-12-01 14:51:08,778][hyperopt.tpe][INFO] - TPE using 275/275 trials with best loss 0.189539
[2023-12-01 14:51:08,883][hyperopt.tpe][INFO] - build_posterior_wrapper took 0.002554 seconds
[2023-12-01 14:51:08,884][hyperopt.tpe][INFO] - TPE using 276/276 trials with best loss 0.189539
[2023-12-01 14:51:08,979][hyperopt.tpe][INFO] - build_posterior_wrapper took 0.002467 seconds
[2023-12-01 14:51:08,980][hyperopt.tpe][INFO] - TPE using 277/277 trials with best loss 0.189539
[2023-12-01 14:51:09,109][hyperopt.tpe][INFO] - build_posterior_wrapper took 0.002494 seconds
[2023-12-01 14:51:09,110][hyperopt.tpe][INFO] - TPE using 278/278 trials with best loss 0.189539
[2023-12-01 14:51:09,236][hyperopt.tpe][INFO] - build_posterior_wrapper took 0.002457 seconds
[2023-12-01 14:51:09,237][hyperopt.tpe][INFO] - TPE using 279/279 trials with best loss 0.189539
[2023-12-01 14:51:09,352][hyperopt.tpe][INFO] - build_posterior_wrapper took 0.002501 seconds
[2023-12-01 14:51:09,353][hyperopt.tpe][INFO] - TPE using 280/280 trials with best loss 0.189539
[2023-12-01 14:51:09,442][hyperopt.tpe][INFO] - build_posterior_wrapper took 0.002479 seconds
[2023-12-01 14:51:09,442][hyperopt.tpe][INFO] - TPE using 281/281 trials with best loss 0.189539
[2023-12-01 14:51:09,581][hyperopt.tpe][INFO] - build_posterior_wrapper took 0.002515 seconds
[2023-12-01 14:51:09,581][hyperopt.tpe][INFO] - TPE using 282/282 trials with best loss 0.189539
[2023-12-01 14:51:09,693][hyperopt.tpe][INFO] - build_posterior_wrapper took 0.002470 seconds
[2023-12-01 14:51:09,694][hyperopt.tpe][INFO] - TPE using 283/283 trials with best loss 0.189539
[2023-12-01 14:51:09,812][hyperopt.tpe][INFO] - build_posterior_wrapper took 0.002483 seconds
[2023-12-01 14:51:09,812][hyperopt.tpe][INFO] - TPE using 284/284 trials with best loss 0.189539
[2023-12-01 14:51:09,949][hyperopt.tpe][INFO] - build_posterior_wrapper took 0.002531 seconds
[2023-12-01 14:51:09,949][hyperopt.tpe][INFO] - TPE using 285/285 trials with best loss 0.189539
[2023-12-01 14:51:10,078][hyperopt.tpe][INFO] - build_posterior_wrapper took 0.002492 seconds
[2023-12-01 14:51:10,079][hyperopt.tpe][INFO] - TPE using 286/286 trials with best loss 0.189539
[2023-12-01 14:51:10,189][hyperopt.tpe][INFO] - build_posterior_wrapper took 0.002496 seconds
[2023-12-01 14:51:10,189][hyperopt.tpe][INFO] - TPE using 287/287 trials with best loss 0.189539
[2023-12-01 14:51:10,307][hyperopt.tpe][INFO] - build_posterior_wrapper took 0.002517 seconds
[2023-12-01 14:51:10,307][hyperopt.tpe][INFO] - TPE using 288/288 trials with best loss 0.189539
[2023-12-01 14:51:10,427][hyperopt.tpe][INFO] - build_posterior_wrapper took 0.002505 seconds
[2023-12-01 14:51:10,428][hyperopt.tpe][INFO] - TPE using 289/289 trials with best loss 0.189539
[2023-12-01 14:51:10,535][hyperopt.tpe][INFO] - build_posterior_wrapper took 0.002479 seconds
[2023-12-01 14:51:10,535][hyperopt.tpe][INFO] - TPE using 290/290 trials with best loss 0.189539
[2023-12-01 14:51:10,646][hyperopt.tpe][INFO] - build_posterior_wrapper took 0.002500 seconds
[2023-12-01 14:51:10,646][hyperopt.tpe][INFO] - TPE using 291/291 trials with best loss 0.189539
[2023-12-01 14:51:10,735][hyperopt.tpe][INFO] - build_posterior_wrapper took 0.002554 seconds
[2023-12-01 14:51:10,735][hyperopt.tpe][INFO] - TPE using 292/292 trials with best loss 0.189539
[2023-12-01 14:51:10,853][hyperopt.tpe][INFO] - build_posterior_wrapper took 0.002478 seconds
[2023-12-01 14:51:10,853][hyperopt.tpe][INFO] - TPE using 293/293 trials with best loss 0.189539
[2023-12-01 14:51:10,975][hyperopt.tpe][INFO] - build_posterior_wrapper took 0.002512 seconds
[2023-12-01 14:51:10,975][hyperopt.tpe][INFO] - TPE using 294/294 trials with best loss 0.189539
[2023-12-01 14:51:11,124][hyperopt.tpe][INFO] - build_posterior_wrapper took 0.002515 seconds
[2023-12-01 14:51:11,125][hyperopt.tpe][INFO] - TPE using 295/295 trials with best loss 0.189539
[2023-12-01 14:51:11,233][hyperopt.tpe][INFO] - build_posterior_wrapper took 0.002529 seconds
[2023-12-01 14:51:11,233][hyperopt.tpe][INFO] - TPE using 296/296 trials with best loss 0.189539
[2023-12-01 14:51:11,356][hyperopt.tpe][INFO] - build_posterior_wrapper took 0.002500 seconds
[2023-12-01 14:51:11,356][hyperopt.tpe][INFO] - TPE using 297/297 trials with best loss 0.189539
[2023-12-01 14:51:11,472][hyperopt.tpe][INFO] - build_posterior_wrapper took 0.002501 seconds
[2023-12-01 14:51:11,473][hyperopt.tpe][INFO] - TPE using 298/298 trials with best loss 0.189539
[2023-12-01 14:51:11,605][hyperopt.tpe][INFO] - build_posterior_wrapper took 0.002560 seconds
[2023-12-01 14:51:11,605][hyperopt.tpe][INFO] - TPE using 299/299 trials with best loss 0.189539
[2023-12-01 14:51:11,694][hyperopt.tpe][INFO] - build_posterior_wrapper took 0.002494 seconds
[2023-12-01 14:51:11,694][hyperopt.tpe][INFO] - TPE using 300/300 trials with best loss 0.189539
[2023-12-01 14:51:11,829][hyperopt.tpe][INFO] - build_posterior_wrapper took 0.002530 seconds
[2023-12-01 14:51:11,829][hyperopt.tpe][INFO] - TPE using 301/301 trials with best loss 0.189539
[2023-12-01 14:51:11,935][hyperopt.tpe][INFO] - build_posterior_wrapper took 0.002501 seconds
[2023-12-01 14:51:11,935][hyperopt.tpe][INFO] - TPE using 302/302 trials with best loss 0.189539
[2023-12-01 14:51:12,071][hyperopt.tpe][INFO] - build_posterior_wrapper took 0.002496 seconds
[2023-12-01 14:51:12,072][hyperopt.tpe][INFO] - TPE using 303/303 trials with best loss 0.189539
[2023-12-01 14:51:12,200][hyperopt.tpe][INFO] - build_posterior_wrapper took 0.002485 seconds
[2023-12-01 14:51:12,201][hyperopt.tpe][INFO] - TPE using 304/304 trials with best loss 0.189539
[2023-12-01 14:51:12,335][hyperopt.tpe][INFO] - build_posterior_wrapper took 0.002485 seconds
[2023-12-01 14:51:12,335][hyperopt.tpe][INFO] - TPE using 305/305 trials with best loss 0.189539
[2023-12-01 14:51:12,432][hyperopt.tpe][INFO] - build_posterior_wrapper took 0.002505 seconds
[2023-12-01 14:51:12,432][hyperopt.tpe][INFO] - TPE using 306/306 trials with best loss 0.189539
[2023-12-01 14:51:12,546][hyperopt.tpe][INFO] - build_posterior_wrapper took 0.002481 seconds
[2023-12-01 14:51:12,547][hyperopt.tpe][INFO] - TPE using 307/307 trials with best loss 0.189539
[2023-12-01 14:51:12,677][hyperopt.tpe][INFO] - build_posterior_wrapper took 0.002491 seconds
[2023-12-01 14:51:12,677][hyperopt.tpe][INFO] - TPE using 308/308 trials with best loss 0.189539
[2023-12-01 14:51:12,810][hyperopt.tpe][INFO] - build_posterior_wrapper took 0.002519 seconds
[2023-12-01 14:51:12,810][hyperopt.tpe][INFO] - TPE using 309/309 trials with best loss 0.189539
[2023-12-01 14:51:12,944][hyperopt.tpe][INFO] - build_posterior_wrapper took 0.002500 seconds
[2023-12-01 14:51:12,944][hyperopt.tpe][INFO] - TPE using 310/310 trials with best loss 0.189539
[2023-12-01 14:51:13,013][hyperopt.tpe][INFO] - build_posterior_wrapper took 0.002483 seconds
[2023-12-01 14:51:13,013][hyperopt.tpe][INFO] - TPE using 311/311 trials with best loss 0.189539
[2023-12-01 14:51:13,147][hyperopt.tpe][INFO] - build_posterior_wrapper took 0.002517 seconds
[2023-12-01 14:51:13,148][hyperopt.tpe][INFO] - TPE using 312/312 trials with best loss 0.189539
[2023-12-01 14:51:13,209][hyperopt.tpe][INFO] - build_posterior_wrapper took 0.002469 seconds
[2023-12-01 14:51:13,209][hyperopt.tpe][INFO] - TPE using 313/313 trials with best loss 0.189539
[2023-12-01 14:51:13,332][hyperopt.tpe][INFO] - build_posterior_wrapper took 0.002477 seconds
[2023-12-01 14:51:13,332][hyperopt.tpe][INFO] - TPE using 314/314 trials with best loss 0.189539
[2023-12-01 14:51:13,501][hyperopt.tpe][INFO] - build_posterior_wrapper took 0.002485 seconds
[2023-12-01 14:51:13,501][hyperopt.tpe][INFO] - TPE using 315/315 trials with best loss 0.189539
[2023-12-01 14:51:13,621][hyperopt.tpe][INFO] - build_posterior_wrapper took 0.002639 seconds
[2023-12-01 14:51:13,621][hyperopt.tpe][INFO] - TPE using 316/316 trials with best loss 0.189539
[2023-12-01 14:51:13,715][hyperopt.tpe][INFO] - build_posterior_wrapper took 0.002452 seconds
[2023-12-01 14:51:13,715][hyperopt.tpe][INFO] - TPE using 317/317 trials with best loss 0.189539
[2023-12-01 14:51:13,825][hyperopt.tpe][INFO] - build_posterior_wrapper took 0.002484 seconds
[2023-12-01 14:51:13,825][hyperopt.tpe][INFO] - TPE using 318/318 trials with best loss 0.189539
[2023-12-01 14:51:13,926][hyperopt.tpe][INFO] - build_posterior_wrapper took 0.002483 seconds
[2023-12-01 14:51:13,926][hyperopt.tpe][INFO] - TPE using 319/319 trials with best loss 0.189539
[2023-12-01 14:51:14,034][hyperopt.tpe][INFO] - build_posterior_wrapper took 0.002484 seconds
[2023-12-01 14:51:14,034][hyperopt.tpe][INFO] - TPE using 320/320 trials with best loss 0.189539
[2023-12-01 14:51:14,082][hyperopt.tpe][INFO] - build_posterior_wrapper took 0.002510 seconds
[2023-12-01 14:51:14,082][hyperopt.tpe][INFO] - TPE using 321/321 trials with best loss 0.189539
[2023-12-01 14:51:14,199][hyperopt.tpe][INFO] - build_posterior_wrapper took 0.002501 seconds
[2023-12-01 14:51:14,200][hyperopt.tpe][INFO] - TPE using 322/322 trials with best loss 0.189539
[2023-12-01 14:51:14,356][hyperopt.tpe][INFO] - build_posterior_wrapper took 0.002487 seconds
[2023-12-01 14:51:14,357][hyperopt.tpe][INFO] - TPE using 323/323 trials with best loss 0.189539
[2023-12-01 14:51:14,532][hyperopt.tpe][INFO] - build_posterior_wrapper took 0.002554 seconds
[2023-12-01 14:51:14,532][hyperopt.tpe][INFO] - TPE using 324/324 trials with best loss 0.189539
[2023-12-01 14:51:14,645][hyperopt.tpe][INFO] - build_posterior_wrapper took 0.002472 seconds
[2023-12-01 14:51:14,645][hyperopt.tpe][INFO] - TPE using 325/325 trials with best loss 0.189539
[2023-12-01 14:51:14,776][hyperopt.tpe][INFO] - build_posterior_wrapper took 0.002599 seconds
[2023-12-01 14:51:14,777][hyperopt.tpe][INFO] - TPE using 326/326 trials with best loss 0.189539
[2023-12-01 14:51:14,851][hyperopt.tpe][INFO] - build_posterior_wrapper took 0.002457 seconds
[2023-12-01 14:51:14,851][hyperopt.tpe][INFO] - TPE using 327/327 trials with best loss 0.189539
[2023-12-01 14:51:14,917][hyperopt.tpe][INFO] - build_posterior_wrapper took 0.002463 seconds
[2023-12-01 14:51:14,918][hyperopt.tpe][INFO] - TPE using 328/328 trials with best loss 0.189539
[2023-12-01 14:51:15,053][hyperopt.tpe][INFO] - build_posterior_wrapper took 0.002501 seconds
[2023-12-01 14:51:15,054][hyperopt.tpe][INFO] - TPE using 329/329 trials with best loss 0.189539
[2023-12-01 14:51:15,160][hyperopt.tpe][INFO] - build_posterior_wrapper took 0.002484 seconds
[2023-12-01 14:51:15,160][hyperopt.tpe][INFO] - TPE using 330/330 trials with best loss 0.189539
[2023-12-01 14:51:15,270][hyperopt.tpe][INFO] - build_posterior_wrapper took 0.002493 seconds
[2023-12-01 14:51:15,271][hyperopt.tpe][INFO] - TPE using 331/331 trials with best loss 0.189539
[2023-12-01 14:51:15,378][hyperopt.tpe][INFO] - build_posterior_wrapper took 0.002490 seconds
[2023-12-01 14:51:15,379][hyperopt.tpe][INFO] - TPE using 332/332 trials with best loss 0.189539
[2023-12-01 14:51:15,489][hyperopt.tpe][INFO] - build_posterior_wrapper took 0.002471 seconds
[2023-12-01 14:51:15,489][hyperopt.tpe][INFO] - TPE using 333/333 trials with best loss 0.189539
[2023-12-01 14:51:15,604][hyperopt.tpe][INFO] - build_posterior_wrapper took 0.002493 seconds
[2023-12-01 14:51:15,605][hyperopt.tpe][INFO] - TPE using 334/334 trials with best loss 0.189539
[2023-12-01 14:51:15,698][hyperopt.tpe][INFO] - build_posterior_wrapper took 0.002464 seconds
[2023-12-01 14:51:15,699][hyperopt.tpe][INFO] - TPE using 335/335 trials with best loss 0.189539
[2023-12-01 14:51:15,768][hyperopt.tpe][INFO] - build_posterior_wrapper took 0.002535 seconds
[2023-12-01 14:51:15,768][hyperopt.tpe][INFO] - TPE using 336/336 trials with best loss 0.189539
[2023-12-01 14:51:15,868][hyperopt.tpe][INFO] - build_posterior_wrapper took 0.002470 seconds
[2023-12-01 14:51:15,868][hyperopt.tpe][INFO] - TPE using 337/337 trials with best loss 0.189539
[2023-12-01 14:51:16,002][hyperopt.tpe][INFO] - build_posterior_wrapper took 0.002551 seconds
[2023-12-01 14:51:16,002][hyperopt.tpe][INFO] - TPE using 338/338 trials with best loss 0.189539
[2023-12-01 14:51:16,163][hyperopt.tpe][INFO] - build_posterior_wrapper took 0.002498 seconds
[2023-12-01 14:51:16,164][hyperopt.tpe][INFO] - TPE using 339/339 trials with best loss 0.189539
[2023-12-01 14:51:16,283][hyperopt.tpe][INFO] - build_posterior_wrapper took 0.002474 seconds
[2023-12-01 14:51:16,283][hyperopt.tpe][INFO] - TPE using 340/340 trials with best loss 0.189539
[2023-12-01 14:51:16,372][hyperopt.tpe][INFO] - build_posterior_wrapper took 0.002475 seconds
[2023-12-01 14:51:16,373][hyperopt.tpe][INFO] - TPE using 341/341 trials with best loss 0.189539
[2023-12-01 14:51:16,497][hyperopt.tpe][INFO] - build_posterior_wrapper took 0.002489 seconds
[2023-12-01 14:51:16,497][hyperopt.tpe][INFO] - TPE using 342/342 trials with best loss 0.189539
[2023-12-01 14:51:16,630][hyperopt.tpe][INFO] - build_posterior_wrapper took 0.002497 seconds
[2023-12-01 14:51:16,630][hyperopt.tpe][INFO] - TPE using 343/343 trials with best loss 0.189539
[2023-12-01 14:51:16,721][hyperopt.tpe][INFO] - build_posterior_wrapper took 0.002490 seconds
[2023-12-01 14:51:16,721][hyperopt.tpe][INFO] - TPE using 344/344 trials with best loss 0.189539
[2023-12-01 14:51:16,775][hyperopt.tpe][INFO] - build_posterior_wrapper took 0.002466 seconds
[2023-12-01 14:51:16,776][hyperopt.tpe][INFO] - TPE using 345/345 trials with best loss 0.189539
[2023-12-01 14:51:16,883][hyperopt.tpe][INFO] - build_posterior_wrapper took 0.002489 seconds
[2023-12-01 14:51:16,884][hyperopt.tpe][INFO] - TPE using 346/346 trials with best loss 0.189539
[2023-12-01 14:51:17,003][hyperopt.tpe][INFO] - build_posterior_wrapper took 0.002522 seconds
[2023-12-01 14:51:17,003][hyperopt.tpe][INFO] - TPE using 347/347 trials with best loss 0.189539
[2023-12-01 14:51:17,166][hyperopt.tpe][INFO] - build_posterior_wrapper took 0.002504 seconds
[2023-12-01 14:51:17,167][hyperopt.tpe][INFO] - TPE using 348/348 trials with best loss 0.189539
[2023-12-01 14:51:17,294][hyperopt.tpe][INFO] - build_posterior_wrapper took 0.002473 seconds
[2023-12-01 14:51:17,295][hyperopt.tpe][INFO] - TPE using 349/349 trials with best loss 0.189539
[2023-12-01 14:51:17,466][hyperopt.tpe][INFO] - build_posterior_wrapper took 0.002493 seconds
[2023-12-01 14:51:17,466][hyperopt.tpe][INFO] - TPE using 350/350 trials with best loss 0.189539
[2023-12-01 14:51:17,534][hyperopt.tpe][INFO] - build_posterior_wrapper took 0.002484 seconds
[2023-12-01 14:51:17,535][hyperopt.tpe][INFO] - TPE using 351/351 trials with best loss 0.189539
[2023-12-01 14:51:17,676][hyperopt.tpe][INFO] - build_posterior_wrapper took 0.002523 seconds
[2023-12-01 14:51:17,676][hyperopt.tpe][INFO] - TPE using 352/352 trials with best loss 0.189539
[2023-12-01 14:51:17,735][hyperopt.tpe][INFO] - build_posterior_wrapper took 0.002506 seconds
[2023-12-01 14:51:17,735][hyperopt.tpe][INFO] - TPE using 353/353 trials with best loss 0.189539
[2023-12-01 14:51:17,856][hyperopt.tpe][INFO] - build_posterior_wrapper took 0.002496 seconds
[2023-12-01 14:51:17,856][hyperopt.tpe][INFO] - TPE using 354/354 trials with best loss 0.189539
[2023-12-01 14:51:17,997][hyperopt.tpe][INFO] - build_posterior_wrapper took 0.002475 seconds
[2023-12-01 14:51:17,997][hyperopt.tpe][INFO] - TPE using 355/355 trials with best loss 0.189539
[2023-12-01 14:51:18,133][hyperopt.tpe][INFO] - build_posterior_wrapper took 0.002632 seconds
[2023-12-01 14:51:18,134][hyperopt.tpe][INFO] - TPE using 356/356 trials with best loss 0.189539
[2023-12-01 14:51:18,268][hyperopt.tpe][INFO] - build_posterior_wrapper took 0.002498 seconds
[2023-12-01 14:51:18,269][hyperopt.tpe][INFO] - TPE using 357/357 trials with best loss 0.189539
[2023-12-01 14:51:18,379][hyperopt.tpe][INFO] - build_posterior_wrapper took 0.002472 seconds
[2023-12-01 14:51:18,379][hyperopt.tpe][INFO] - TPE using 358/358 trials with best loss 0.189539
[2023-12-01 14:51:18,459][hyperopt.tpe][INFO] - build_posterior_wrapper took 0.002475 seconds
[2023-12-01 14:51:18,460][hyperopt.tpe][INFO] - TPE using 359/359 trials with best loss 0.189539
[2023-12-01 14:51:18,569][hyperopt.tpe][INFO] - build_posterior_wrapper took 0.002476 seconds
[2023-12-01 14:51:18,569][hyperopt.tpe][INFO] - TPE using 360/360 trials with best loss 0.189539
[2023-12-01 14:51:18,624][hyperopt.tpe][INFO] - build_posterior_wrapper took 0.002486 seconds
[2023-12-01 14:51:18,624][hyperopt.tpe][INFO] - TPE using 361/361 trials with best loss 0.189539
[2023-12-01 14:51:18,713][hyperopt.tpe][INFO] - build_posterior_wrapper took 0.002474 seconds
[2023-12-01 14:51:18,714][hyperopt.tpe][INFO] - TPE using 362/362 trials with best loss 0.189539
[2023-12-01 14:51:18,870][hyperopt.tpe][INFO] - build_posterior_wrapper took 0.002506 seconds
[2023-12-01 14:51:18,870][hyperopt.tpe][INFO] - TPE using 363/363 trials with best loss 0.189539
[2023-12-01 14:51:18,992][hyperopt.tpe][INFO] - build_posterior_wrapper took 0.002483 seconds
[2023-12-01 14:51:18,992][hyperopt.tpe][INFO] - TPE using 364/364 trials with best loss 0.189539
[2023-12-01 14:51:19,138][hyperopt.tpe][INFO] - build_posterior_wrapper took 0.002499 seconds
[2023-12-01 14:51:19,139][hyperopt.tpe][INFO] - TPE using 365/365 trials with best loss 0.189539
[2023-12-01 14:51:19,274][hyperopt.tpe][INFO] - build_posterior_wrapper took 0.002544 seconds
[2023-12-01 14:51:19,274][hyperopt.tpe][INFO] - TPE using 366/366 trials with best loss 0.189539
[2023-12-01 14:51:19,376][hyperopt.tpe][INFO] - build_posterior_wrapper took 0.002485 seconds
[2023-12-01 14:51:19,377][hyperopt.tpe][INFO] - TPE using 367/367 trials with best loss 0.189539
[2023-12-01 14:51:19,492][hyperopt.tpe][INFO] - build_posterior_wrapper took 0.002527 seconds
[2023-12-01 14:51:19,492][hyperopt.tpe][INFO] - TPE using 368/368 trials with best loss 0.189539
[2023-12-01 14:51:19,548][hyperopt.tpe][INFO] - build_posterior_wrapper took 0.002463 seconds
[2023-12-01 14:51:19,548][hyperopt.tpe][INFO] - TPE using 369/369 trials with best loss 0.189539
[2023-12-01 14:51:19,675][hyperopt.tpe][INFO] - build_posterior_wrapper took 0.002479 seconds
[2023-12-01 14:51:19,676][hyperopt.tpe][INFO] - TPE using 370/370 trials with best loss 0.189539
[2023-12-01 14:51:19,786][hyperopt.tpe][INFO] - build_posterior_wrapper took 0.002490 seconds
[2023-12-01 14:51:19,786][hyperopt.tpe][INFO] - TPE using 371/371 trials with best loss 0.189539
[2023-12-01 14:51:19,921][hyperopt.tpe][INFO] - build_posterior_wrapper took 0.002586 seconds
[2023-12-01 14:51:19,921][hyperopt.tpe][INFO] - TPE using 372/372 trials with best loss 0.189539
[2023-12-01 14:51:20,027][hyperopt.tpe][INFO] - build_posterior_wrapper took 0.002470 seconds
[2023-12-01 14:51:20,028][hyperopt.tpe][INFO] - TPE using 373/373 trials with best loss 0.189539
[2023-12-01 14:51:20,198][hyperopt.tpe][INFO] - build_posterior_wrapper took 0.002507 seconds
[2023-12-01 14:51:20,198][hyperopt.tpe][INFO] - TPE using 374/374 trials with best loss 0.189539
[2023-12-01 14:51:20,280][hyperopt.tpe][INFO] - build_posterior_wrapper took 0.002476 seconds
[2023-12-01 14:51:20,280][hyperopt.tpe][INFO] - TPE using 375/375 trials with best loss 0.189539
[2023-12-01 14:51:20,390][hyperopt.tpe][INFO] - build_posterior_wrapper took 0.002500 seconds
[2023-12-01 14:51:20,391][hyperopt.tpe][INFO] - TPE using 376/376 trials with best loss 0.189539
[2023-12-01 14:51:20,445][hyperopt.tpe][INFO] - build_posterior_wrapper took 0.002555 seconds
[2023-12-01 14:51:20,445][hyperopt.tpe][INFO] - TPE using 377/377 trials with best loss 0.189539
[2023-12-01 14:51:20,572][hyperopt.tpe][INFO] - build_posterior_wrapper took 0.002504 seconds
[2023-12-01 14:51:20,572][hyperopt.tpe][INFO] - TPE using 378/378 trials with best loss 0.189539
[2023-12-01 14:51:20,756][hyperopt.tpe][INFO] - build_posterior_wrapper took 0.002502 seconds
[2023-12-01 14:51:20,757][hyperopt.tpe][INFO] - TPE using 379/379 trials with best loss 0.189539
[2023-12-01 14:51:20,885][hyperopt.tpe][INFO] - build_posterior_wrapper took 0.002522 seconds
[2023-12-01 14:51:20,885][hyperopt.tpe][INFO] - TPE using 380/380 trials with best loss 0.189539
[2023-12-01 14:51:20,975][hyperopt.tpe][INFO] - build_posterior_wrapper took 0.002482 seconds
[2023-12-01 14:51:20,975][hyperopt.tpe][INFO] - TPE using 381/381 trials with best loss 0.189539
[2023-12-01 14:51:21,096][hyperopt.tpe][INFO] - build_posterior_wrapper took 0.002542 seconds
[2023-12-01 14:51:21,097][hyperopt.tpe][INFO] - TPE using 382/382 trials with best loss 0.189539
[2023-12-01 14:51:21,192][hyperopt.tpe][INFO] - build_posterior_wrapper took 0.002460 seconds
[2023-12-01 14:51:21,192][hyperopt.tpe][INFO] - TPE using 383/383 trials with best loss 0.189539
[2023-12-01 14:51:21,315][hyperopt.tpe][INFO] - build_posterior_wrapper took 0.002490 seconds
[2023-12-01 14:51:21,316][hyperopt.tpe][INFO] - TPE using 384/384 trials with best loss 0.189539
[2023-12-01 14:51:21,380][hyperopt.tpe][INFO] - build_posterior_wrapper took 0.002491 seconds
[2023-12-01 14:51:21,380][hyperopt.tpe][INFO] - TPE using 385/385 trials with best loss 0.189539
[2023-12-01 14:51:21,514][hyperopt.tpe][INFO] - build_posterior_wrapper took 0.002528 seconds
[2023-12-01 14:51:21,515][hyperopt.tpe][INFO] - TPE using 386/386 trials with best loss 0.189539
[2023-12-01 14:51:21,631][hyperopt.tpe][INFO] - build_posterior_wrapper took 0.002540 seconds
[2023-12-01 14:51:21,631][hyperopt.tpe][INFO] - TPE using 387/387 trials with best loss 0.189539
[2023-12-01 14:51:21,740][hyperopt.tpe][INFO] - build_posterior_wrapper took 0.002494 seconds
[2023-12-01 14:51:21,741][hyperopt.tpe][INFO] - TPE using 388/388 trials with best loss 0.189539
[2023-12-01 14:51:21,872][hyperopt.tpe][INFO] - build_posterior_wrapper took 0.002488 seconds
[2023-12-01 14:51:21,873][hyperopt.tpe][INFO] - TPE using 389/389 trials with best loss 0.189539
[2023-12-01 14:51:21,983][hyperopt.tpe][INFO] - build_posterior_wrapper took 0.002480 seconds
[2023-12-01 14:51:21,983][hyperopt.tpe][INFO] - TPE using 390/390 trials with best loss 0.189539
[2023-12-01 14:51:22,052][hyperopt.tpe][INFO] - build_posterior_wrapper took 0.002480 seconds
[2023-12-01 14:51:22,053][hyperopt.tpe][INFO] - TPE using 391/391 trials with best loss 0.189539
[2023-12-01 14:51:22,190][hyperopt.tpe][INFO] - build_posterior_wrapper took 0.002599 seconds
[2023-12-01 14:51:22,190][hyperopt.tpe][INFO] - TPE using 392/392 trials with best loss 0.189539
[2023-12-01 14:51:22,248][hyperopt.tpe][INFO] - build_posterior_wrapper took 0.002502 seconds
[2023-12-01 14:51:22,248][hyperopt.tpe][INFO] - TPE using 393/393 trials with best loss 0.189539
[2023-12-01 14:51:22,387][hyperopt.tpe][INFO] - build_posterior_wrapper took 0.002494 seconds
[2023-12-01 14:51:22,387][hyperopt.tpe][INFO] - TPE using 394/394 trials with best loss 0.189539
[2023-12-01 14:51:22,526][hyperopt.tpe][INFO] - build_posterior_wrapper took 0.002503 seconds
[2023-12-01 14:51:22,526][hyperopt.tpe][INFO] - TPE using 395/395 trials with best loss 0.189539
[2023-12-01 14:51:22,677][hyperopt.tpe][INFO] - build_posterior_wrapper took 0.002521 seconds
[2023-12-01 14:51:22,677][hyperopt.tpe][INFO] - TPE using 396/396 trials with best loss 0.189539
[2023-12-01 14:51:22,775][hyperopt.tpe][INFO] - build_posterior_wrapper took 0.002545 seconds
[2023-12-01 14:51:22,776][hyperopt.tpe][INFO] - TPE using 397/397 trials with best loss 0.189539
[2023-12-01 14:51:22,898][hyperopt.tpe][INFO] - build_posterior_wrapper took 0.002486 seconds
[2023-12-01 14:51:22,898][hyperopt.tpe][INFO] - TPE using 398/398 trials with best loss 0.189539
[2023-12-01 14:51:22,997][hyperopt.tpe][INFO] - build_posterior_wrapper took 0.002487 seconds
[2023-12-01 14:51:22,998][hyperopt.tpe][INFO] - TPE using 399/399 trials with best loss 0.189539
[2023-12-01 14:51:23,132][hyperopt.tpe][INFO] - build_posterior_wrapper took 0.002510 seconds
[2023-12-01 14:51:23,132][hyperopt.tpe][INFO] - TPE using 400/400 trials with best loss 0.189539
[2023-12-01 14:51:23,181][hyperopt.tpe][INFO] - build_posterior_wrapper took 0.002498 seconds
[2023-12-01 14:51:23,181][hyperopt.tpe][INFO] - TPE using 401/401 trials with best loss 0.189539
[2023-12-01 14:51:23,362][hyperopt.tpe][INFO] - build_posterior_wrapper took 0.050615 seconds
[2023-12-01 14:51:23,362][hyperopt.tpe][INFO] - TPE using 402/402 trials with best loss 0.189539
[2023-12-01 14:51:23,496][hyperopt.tpe][INFO] - build_posterior_wrapper took 0.002503 seconds
[2023-12-01 14:51:23,496][hyperopt.tpe][INFO] - TPE using 403/403 trials with best loss 0.189539
[2023-12-01 14:51:23,629][hyperopt.tpe][INFO] - build_posterior_wrapper took 0.002548 seconds
[2023-12-01 14:51:23,630][hyperopt.tpe][INFO] - TPE using 404/404 trials with best loss 0.189539
[2023-12-01 14:51:23,763][hyperopt.tpe][INFO] - build_posterior_wrapper took 0.002530 seconds
[2023-12-01 14:51:23,763][hyperopt.tpe][INFO] - TPE using 405/405 trials with best loss 0.189539
[2023-12-01 14:51:23,896][hyperopt.tpe][INFO] - build_posterior_wrapper took 0.002552 seconds
[2023-12-01 14:51:23,896][hyperopt.tpe][INFO] - TPE using 406/406 trials with best loss 0.189539
[2023-12-01 14:51:24,030][hyperopt.tpe][INFO] - build_posterior_wrapper took 0.002573 seconds
[2023-12-01 14:51:24,030][hyperopt.tpe][INFO] - TPE using 407/407 trials with best loss 0.189539
[2023-12-01 14:51:24,163][hyperopt.tpe][INFO] - build_posterior_wrapper took 0.002519 seconds
[2023-12-01 14:51:24,164][hyperopt.tpe][INFO] - TPE using 408/408 trials with best loss 0.189539
[2023-12-01 14:51:24,301][hyperopt.tpe][INFO] - build_posterior_wrapper took 0.002521 seconds
[2023-12-01 14:51:24,301][hyperopt.tpe][INFO] - TPE using 409/409 trials with best loss 0.189539
[2023-12-01 14:51:24,435][hyperopt.tpe][INFO] - build_posterior_wrapper took 0.002662 seconds
[2023-12-01 14:51:24,435][hyperopt.tpe][INFO] - TPE using 410/410 trials with best loss 0.189539
[2023-12-01 14:51:24,569][hyperopt.tpe][INFO] - build_posterior_wrapper took 0.002552 seconds
[2023-12-01 14:51:24,570][hyperopt.tpe][INFO] - TPE using 411/411 trials with best loss 0.189539
[2023-12-01 14:51:24,698][hyperopt.tpe][INFO] - build_posterior_wrapper took 0.002534 seconds
[2023-12-01 14:51:24,698][hyperopt.tpe][INFO] - TPE using 412/412 trials with best loss 0.189539
[2023-12-01 14:51:24,832][hyperopt.tpe][INFO] - build_posterior_wrapper took 0.002584 seconds
[2023-12-01 14:51:24,832][hyperopt.tpe][INFO] - TPE using 413/413 trials with best loss 0.189539
[2023-12-01 14:51:24,960][hyperopt.tpe][INFO] - build_posterior_wrapper took 0.002568 seconds
[2023-12-01 14:51:24,961][hyperopt.tpe][INFO] - TPE using 414/414 trials with best loss 0.189539
[2023-12-01 14:51:25,092][hyperopt.tpe][INFO] - build_posterior_wrapper took 0.002578 seconds
[2023-12-01 14:51:25,093][hyperopt.tpe][INFO] - TPE using 415/415 trials with best loss 0.189539
[2023-12-01 14:51:25,224][hyperopt.tpe][INFO] - build_posterior_wrapper took 0.002560 seconds
[2023-12-01 14:51:25,224][hyperopt.tpe][INFO] - TPE using 416/416 trials with best loss 0.189539
[2023-12-01 14:51:25,358][hyperopt.tpe][INFO] - build_posterior_wrapper took 0.002647 seconds
[2023-12-01 14:51:25,358][hyperopt.tpe][INFO] - TPE using 417/417 trials with best loss 0.189539
[2023-12-01 14:51:25,467][hyperopt.tpe][INFO] - build_posterior_wrapper took 0.002559 seconds
[2023-12-01 14:51:25,468][hyperopt.tpe][INFO] - TPE using 418/418 trials with best loss 0.189539
[2023-12-01 14:51:25,601][hyperopt.tpe][INFO] - build_posterior_wrapper took 0.002557 seconds
[2023-12-01 14:51:25,602][hyperopt.tpe][INFO] - TPE using 419/419 trials with best loss 0.189539
[2023-12-01 14:51:25,712][hyperopt.tpe][INFO] - build_posterior_wrapper took 0.002558 seconds
[2023-12-01 14:51:25,713][hyperopt.tpe][INFO] - TPE using 420/420 trials with best loss 0.189539
[2023-12-01 14:51:25,849][hyperopt.tpe][INFO] - build_posterior_wrapper took 0.002633 seconds
[2023-12-01 14:51:25,850][hyperopt.tpe][INFO] - TPE using 421/421 trials with best loss 0.189539
[2023-12-01 14:51:25,979][hyperopt.tpe][INFO] - build_posterior_wrapper took 0.002531 seconds
[2023-12-01 14:51:25,979][hyperopt.tpe][INFO] - TPE using 422/422 trials with best loss 0.189539
[2023-12-01 14:51:26,099][hyperopt.tpe][INFO] - build_posterior_wrapper took 0.002679 seconds
[2023-12-01 14:51:26,100][hyperopt.tpe][INFO] - TPE using 423/423 trials with best loss 0.189539
[2023-12-01 14:51:26,235][hyperopt.tpe][INFO] - build_posterior_wrapper took 0.002668 seconds
[2023-12-01 14:51:26,236][hyperopt.tpe][INFO] - TPE using 424/424 trials with best loss 0.189539
[2023-12-01 14:51:26,402][hyperopt.tpe][INFO] - build_posterior_wrapper took 0.002653 seconds
[2023-12-01 14:51:26,403][hyperopt.tpe][INFO] - TPE using 425/425 trials with best loss 0.189539
[2023-12-01 14:51:26,540][hyperopt.tpe][INFO] - build_posterior_wrapper took 0.002652 seconds
[2023-12-01 14:51:26,540][hyperopt.tpe][INFO] - TPE using 426/426 trials with best loss 0.189539
[2023-12-01 14:51:26,663][hyperopt.tpe][INFO] - build_posterior_wrapper took 0.002638 seconds
[2023-12-01 14:51:26,663][hyperopt.tpe][INFO] - TPE using 427/427 trials with best loss 0.189539
[2023-12-01 14:51:26,748][hyperopt.tpe][INFO] - build_posterior_wrapper took 0.002544 seconds
[2023-12-01 14:51:26,749][hyperopt.tpe][INFO] - TPE using 428/428 trials with best loss 0.189539
[2023-12-01 14:51:26,857][hyperopt.tpe][INFO] - build_posterior_wrapper took 0.002580 seconds
[2023-12-01 14:51:26,857][hyperopt.tpe][INFO] - TPE using 429/429 trials with best loss 0.189539
[2023-12-01 14:51:27,002][hyperopt.tpe][INFO] - build_posterior_wrapper took 0.002696 seconds
[2023-12-01 14:51:27,002][hyperopt.tpe][INFO] - TPE using 430/430 trials with best loss 0.189539
[2023-12-01 14:51:27,070][hyperopt.tpe][INFO] - build_posterior_wrapper took 0.002643 seconds
[2023-12-01 14:51:27,071][hyperopt.tpe][INFO] - TPE using 431/431 trials with best loss 0.189539
[2023-12-01 14:51:27,205][hyperopt.tpe][INFO] - build_posterior_wrapper took 0.002714 seconds
[2023-12-01 14:51:27,206][hyperopt.tpe][INFO] - TPE using 432/432 trials with best loss 0.189539
[2023-12-01 14:51:27,342][hyperopt.tpe][INFO] - build_posterior_wrapper took 0.002637 seconds
[2023-12-01 14:51:27,342][hyperopt.tpe][INFO] - TPE using 433/433 trials with best loss 0.189539
[2023-12-01 14:51:27,433][hyperopt.tpe][INFO] - build_posterior_wrapper took 0.002660 seconds
[2023-12-01 14:51:27,434][hyperopt.tpe][INFO] - TPE using 434/434 trials with best loss 0.189539
[2023-12-01 14:51:27,570][hyperopt.tpe][INFO] - build_posterior_wrapper took 0.002702 seconds
[2023-12-01 14:51:27,570][hyperopt.tpe][INFO] - TPE using 435/435 trials with best loss 0.189539
[2023-12-01 14:51:27,685][hyperopt.tpe][INFO] - build_posterior_wrapper took 0.002676 seconds
[2023-12-01 14:51:27,686][hyperopt.tpe][INFO] - TPE using 436/436 trials with best loss 0.189539
[2023-12-01 14:51:27,791][hyperopt.tpe][INFO] - build_posterior_wrapper took 0.002723 seconds
[2023-12-01 14:51:27,791][hyperopt.tpe][INFO] - TPE using 437/437 trials with best loss 0.189539
[2023-12-01 14:51:27,912][hyperopt.tpe][INFO] - build_posterior_wrapper took 0.002647 seconds
[2023-12-01 14:51:27,913][hyperopt.tpe][INFO] - TPE using 438/438 trials with best loss 0.189539
[2023-12-01 14:51:27,981][hyperopt.tpe][INFO] - build_posterior_wrapper took 0.002619 seconds
[2023-12-01 14:51:27,982][hyperopt.tpe][INFO] - TPE using 439/439 trials with best loss 0.189539
[2023-12-01 14:51:28,087][hyperopt.tpe][INFO] - build_posterior_wrapper took 0.002636 seconds
[2023-12-01 14:51:28,087][hyperopt.tpe][INFO] - TPE using 440/440 trials with best loss 0.189539
[2023-12-01 14:51:28,222][hyperopt.tpe][INFO] - build_posterior_wrapper took 0.002650 seconds
[2023-12-01 14:51:28,223][hyperopt.tpe][INFO] - TPE using 441/441 trials with best loss 0.189539
[2023-12-01 14:51:28,356][hyperopt.tpe][INFO] - build_posterior_wrapper took 0.002655 seconds
[2023-12-01 14:51:28,357][hyperopt.tpe][INFO] - TPE using 442/442 trials with best loss 0.189539
[2023-12-01 14:51:28,512][hyperopt.tpe][INFO] - build_posterior_wrapper took 0.002650 seconds
[2023-12-01 14:51:28,512][hyperopt.tpe][INFO] - TPE using 443/443 trials with best loss 0.189539
[2023-12-01 14:51:28,627][hyperopt.tpe][INFO] - build_posterior_wrapper took 0.002645 seconds
[2023-12-01 14:51:28,628][hyperopt.tpe][INFO] - TPE using 444/444 trials with best loss 0.189539
[2023-12-01 14:51:28,720][hyperopt.tpe][INFO] - build_posterior_wrapper took 0.002647 seconds
[2023-12-01 14:51:28,720][hyperopt.tpe][INFO] - TPE using 445/445 trials with best loss 0.189539
[2023-12-01 14:51:28,831][hyperopt.tpe][INFO] - build_posterior_wrapper took 0.002773 seconds
[2023-12-01 14:51:28,831][hyperopt.tpe][INFO] - TPE using 446/446 trials with best loss 0.189539
[2023-12-01 14:51:28,941][hyperopt.tpe][INFO] - build_posterior_wrapper took 0.002619 seconds
[2023-12-01 14:51:28,942][hyperopt.tpe][INFO] - TPE using 447/447 trials with best loss 0.189539
[2023-12-01 14:51:29,006][hyperopt.tpe][INFO] - build_posterior_wrapper took 0.002619 seconds
[2023-12-01 14:51:29,007][hyperopt.tpe][INFO] - TPE using 448/448 trials with best loss 0.189539
[2023-12-01 14:51:29,141][hyperopt.tpe][INFO] - build_posterior_wrapper took 0.002627 seconds
[2023-12-01 14:51:29,142][hyperopt.tpe][INFO] - TPE using 449/449 trials with best loss 0.189539
[2023-12-01 14:51:29,251][hyperopt.tpe][INFO] - build_posterior_wrapper took 0.002515 seconds
[2023-12-01 14:51:29,251][hyperopt.tpe][INFO] - TPE using 450/450 trials with best loss 0.189539
[2023-12-01 14:51:29,382][hyperopt.tpe][INFO] - build_posterior_wrapper took 0.002655 seconds
[2023-12-01 14:51:29,383][hyperopt.tpe][INFO] - TPE using 451/451 trials with best loss 0.189539
[2023-12-01 14:51:29,519][hyperopt.tpe][INFO] - build_posterior_wrapper took 0.002548 seconds
[2023-12-01 14:51:29,519][hyperopt.tpe][INFO] - TPE using 452/452 trials with best loss 0.189539
[2023-12-01 14:51:29,650][hyperopt.tpe][INFO] - build_posterior_wrapper took 0.002513 seconds
[2023-12-01 14:51:29,650][hyperopt.tpe][INFO] - TPE using 453/453 trials with best loss 0.189539
[2023-12-01 14:51:29,815][hyperopt.tpe][INFO] - build_posterior_wrapper took 0.002612 seconds
[2023-12-01 14:51:29,816][hyperopt.tpe][INFO] - TPE using 454/454 trials with best loss 0.189539
[2023-12-01 14:51:29,993][hyperopt.tpe][INFO] - build_posterior_wrapper took 0.002520 seconds
[2023-12-01 14:51:29,994][hyperopt.tpe][INFO] - TPE using 455/455 trials with best loss 0.189539
[2023-12-01 14:51:30,084][hyperopt.tpe][INFO] - build_posterior_wrapper took 0.002652 seconds
[2023-12-01 14:51:30,085][hyperopt.tpe][INFO] - TPE using 456/456 trials with best loss 0.189539
[2023-12-01 14:51:30,193][hyperopt.tpe][INFO] - build_posterior_wrapper took 0.002786 seconds
[2023-12-01 14:51:30,194][hyperopt.tpe][INFO] - TPE using 457/457 trials with best loss 0.189539
[2023-12-01 14:51:30,308][hyperopt.tpe][INFO] - build_posterior_wrapper took 0.002546 seconds
[2023-12-01 14:51:30,309][hyperopt.tpe][INFO] - TPE using 458/458 trials with best loss 0.189539
[2023-12-01 14:51:30,376][hyperopt.tpe][INFO] - build_posterior_wrapper took 0.002542 seconds
[2023-12-01 14:51:30,376][hyperopt.tpe][INFO] - TPE using 459/459 trials with best loss 0.189539
[2023-12-01 14:51:30,510][hyperopt.tpe][INFO] - build_posterior_wrapper took 0.002539 seconds
[2023-12-01 14:51:30,510][hyperopt.tpe][INFO] - TPE using 460/460 trials with best loss 0.189539
[2023-12-01 14:51:30,693][hyperopt.tpe][INFO] - build_posterior_wrapper took 0.002546 seconds
[2023-12-01 14:51:30,694][hyperopt.tpe][INFO] - TPE using 461/461 trials with best loss 0.189539
[2023-12-01 14:51:30,811][hyperopt.tpe][INFO] - build_posterior_wrapper took 0.002491 seconds
[2023-12-01 14:51:30,811][hyperopt.tpe][INFO] - TPE using 462/462 trials with best loss 0.189539
[2023-12-01 14:51:30,944][hyperopt.tpe][INFO] - build_posterior_wrapper took 0.002508 seconds
[2023-12-01 14:51:30,945][hyperopt.tpe][INFO] - TPE using 463/463 trials with best loss 0.189539
[2023-12-01 14:51:31,104][hyperopt.tpe][INFO] - build_posterior_wrapper took 0.002523 seconds
[2023-12-01 14:51:31,104][hyperopt.tpe][INFO] - TPE using 464/464 trials with best loss 0.189539
[2023-12-01 14:51:31,216][hyperopt.tpe][INFO] - build_posterior_wrapper took 0.002519 seconds
[2023-12-01 14:51:31,216][hyperopt.tpe][INFO] - TPE using 465/465 trials with best loss 0.189539
[2023-12-01 14:51:31,347][hyperopt.tpe][INFO] - build_posterior_wrapper took 0.002491 seconds
[2023-12-01 14:51:31,348][hyperopt.tpe][INFO] - TPE using 466/466 trials with best loss 0.189539
[2023-12-01 14:51:31,444][hyperopt.tpe][INFO] - build_posterior_wrapper took 0.002465 seconds
[2023-12-01 14:51:31,444][hyperopt.tpe][INFO] - TPE using 467/467 trials with best loss 0.189539
[2023-12-01 14:51:31,560][hyperopt.tpe][INFO] - build_posterior_wrapper took 0.002484 seconds
[2023-12-01 14:51:31,560][hyperopt.tpe][INFO] - TPE using 468/468 trials with best loss 0.189539
[2023-12-01 14:51:31,630][hyperopt.tpe][INFO] - build_posterior_wrapper took 0.002506 seconds
[2023-12-01 14:51:31,631][hyperopt.tpe][INFO] - TPE using 469/469 trials with best loss 0.189539
[2023-12-01 14:51:31,765][hyperopt.tpe][INFO] - build_posterior_wrapper took 0.002609 seconds
[2023-12-01 14:51:31,765][hyperopt.tpe][INFO] - TPE using 470/470 trials with best loss 0.189539
[2023-12-01 14:51:31,942][hyperopt.tpe][INFO] - build_posterior_wrapper took 0.002526 seconds
[2023-12-01 14:51:31,942][hyperopt.tpe][INFO] - TPE using 471/471 trials with best loss 0.189539
[2023-12-01 14:51:32,056][hyperopt.tpe][INFO] - build_posterior_wrapper took 0.002475 seconds
[2023-12-01 14:51:32,057][hyperopt.tpe][INFO] - TPE using 472/472 trials with best loss 0.189539
[2023-12-01 14:51:32,179][hyperopt.tpe][INFO] - build_posterior_wrapper took 0.002480 seconds
[2023-12-01 14:51:32,179][hyperopt.tpe][INFO] - TPE using 473/473 trials with best loss 0.189539
[2023-12-01 14:51:32,313][hyperopt.tpe][INFO] - build_posterior_wrapper took 0.002509 seconds
[2023-12-01 14:51:32,313][hyperopt.tpe][INFO] - TPE using 474/474 trials with best loss 0.189539
[2023-12-01 14:51:32,440][hyperopt.tpe][INFO] - build_posterior_wrapper took 0.002569 seconds
[2023-12-01 14:51:32,441][hyperopt.tpe][INFO] - TPE using 475/475 trials with best loss 0.189539
[2023-12-01 14:51:32,620][hyperopt.tpe][INFO] - build_posterior_wrapper took 0.002546 seconds
[2023-12-01 14:51:32,620][hyperopt.tpe][INFO] - TPE using 476/476 trials with best loss 0.189539
[2023-12-01 14:51:32,727][hyperopt.tpe][INFO] - build_posterior_wrapper took 0.002470 seconds
[2023-12-01 14:51:32,728][hyperopt.tpe][INFO] - TPE using 477/477 trials with best loss 0.189539
[2023-12-01 14:51:32,798][hyperopt.tpe][INFO] - build_posterior_wrapper took 0.002483 seconds
[2023-12-01 14:51:32,798][hyperopt.tpe][INFO] - TPE using 478/478 trials with best loss 0.189539
[2023-12-01 14:51:32,907][hyperopt.tpe][INFO] - build_posterior_wrapper took 0.002475 seconds
[2023-12-01 14:51:32,908][hyperopt.tpe][INFO] - TPE using 479/479 trials with best loss 0.189539
[2023-12-01 14:51:33,042][hyperopt.tpe][INFO] - build_posterior_wrapper took 0.002581 seconds
[2023-12-01 14:51:33,042][hyperopt.tpe][INFO] - TPE using 480/480 trials with best loss 0.189539
[2023-12-01 14:51:33,101][hyperopt.tpe][INFO] - build_posterior_wrapper took 0.002481 seconds
[2023-12-01 14:51:33,102][hyperopt.tpe][INFO] - TPE using 481/481 trials with best loss 0.189539
[2023-12-01 14:51:33,275][hyperopt.tpe][INFO] - build_posterior_wrapper took 0.002511 seconds
[2023-12-01 14:51:33,276][hyperopt.tpe][INFO] - TPE using 482/482 trials with best loss 0.183090
[2023-12-01 14:51:33,473][hyperopt.tpe][INFO] - build_posterior_wrapper took 0.002495 seconds
[2023-12-01 14:51:33,473][hyperopt.tpe][INFO] - TPE using 483/483 trials with best loss 0.183090
[2023-12-01 14:51:33,647][hyperopt.tpe][INFO] - build_posterior_wrapper took 0.002514 seconds
[2023-12-01 14:51:33,647][hyperopt.tpe][INFO] - TPE using 484/484 trials with best loss 0.183090
[2023-12-01 14:51:33,807][hyperopt.tpe][INFO] - build_posterior_wrapper took 0.002476 seconds
[2023-12-01 14:51:33,807][hyperopt.tpe][INFO] - TPE using 485/485 trials with best loss 0.183090
[2023-12-01 14:51:33,981][hyperopt.tpe][INFO] - build_posterior_wrapper took 0.002527 seconds
[2023-12-01 14:51:33,982][hyperopt.tpe][INFO] - TPE using 486/486 trials with best loss 0.183090
[2023-12-01 14:51:34,178][hyperopt.tpe][INFO] - build_posterior_wrapper took 0.002460 seconds
[2023-12-01 14:51:34,178][hyperopt.tpe][INFO] - TPE using 487/487 trials with best loss 0.183090
[2023-12-01 14:51:34,413][hyperopt.tpe][INFO] - build_posterior_wrapper took 0.002474 seconds
[2023-12-01 14:51:34,413][hyperopt.tpe][INFO] - TPE using 488/488 trials with best loss 0.183090
[2023-12-01 14:51:34,611][hyperopt.tpe][INFO] - build_posterior_wrapper took 0.002465 seconds
[2023-12-01 14:51:34,611][hyperopt.tpe][INFO] - TPE using 489/489 trials with best loss 0.183090
[2023-12-01 14:51:34,743][hyperopt.tpe][INFO] - build_posterior_wrapper took 0.002540 seconds
[2023-12-01 14:51:34,743][hyperopt.tpe][INFO] - TPE using 490/490 trials with best loss 0.183090
[2023-12-01 14:51:34,940][hyperopt.tpe][INFO] - build_posterior_wrapper took 0.002540 seconds
[2023-12-01 14:51:34,941][hyperopt.tpe][INFO] - TPE using 491/491 trials with best loss 0.183090
[2023-12-01 14:51:35,106][hyperopt.tpe][INFO] - build_posterior_wrapper took 0.002504 seconds
[2023-12-01 14:51:35,106][hyperopt.tpe][INFO] - TPE using 492/492 trials with best loss 0.183090
[2023-12-01 14:51:35,270][hyperopt.tpe][INFO] - build_posterior_wrapper took 0.002496 seconds
[2023-12-01 14:51:35,271][hyperopt.tpe][INFO] - TPE using 493/493 trials with best loss 0.183090
[2023-12-01 14:51:35,435][hyperopt.tpe][INFO] - build_posterior_wrapper took 0.002515 seconds
[2023-12-01 14:51:35,436][hyperopt.tpe][INFO] - TPE using 494/494 trials with best loss 0.183090
[2023-12-01 14:51:35,610][hyperopt.tpe][INFO] - build_posterior_wrapper took 0.002483 seconds
[2023-12-01 14:51:35,611][hyperopt.tpe][INFO] - TPE using 495/495 trials with best loss 0.183090
[2023-12-01 14:51:35,775][hyperopt.tpe][INFO] - build_posterior_wrapper took 0.002516 seconds
[2023-12-01 14:51:35,776][hyperopt.tpe][INFO] - TPE using 496/496 trials with best loss 0.183090
[2023-12-01 14:51:35,931][hyperopt.tpe][INFO] - build_posterior_wrapper took 0.002489 seconds
[2023-12-01 14:51:35,932][hyperopt.tpe][INFO] - TPE using 497/497 trials with best loss 0.183090
[2023-12-01 14:51:36,106][hyperopt.tpe][INFO] - build_posterior_wrapper took 0.002496 seconds
[2023-12-01 14:51:36,107][hyperopt.tpe][INFO] - TPE using 498/498 trials with best loss 0.183090
[2023-12-01 14:51:36,296][hyperopt.tpe][INFO] - build_posterior_wrapper took 0.002478 seconds
[2023-12-01 14:51:36,297][hyperopt.tpe][INFO] - TPE using 499/499 trials with best loss 0.183090
[2023-12-01 14:51:36,460][root][INFO] - Hyperopt complete
[2023-12-01 14:51:36,460][root][INFO] - Best params: {'gamma': 0, 'learning_rate': 0.505, 'max_depth': 12, 'min_child_weight': 3, 'n_estimators': 250, 'reg_lambda': 0.8, 'subsample': 0.4}
[2023-12-01 14:51:36,465][root][INFO] - Parameters written to /projects/p31961/ENIGMA/results/experiments/xgb_regression_da_and_d2_hyperopt_tune_with_day/best_params.yaml
[2023-12-01 14:51:36,465][root][INFO] - Writing results to /projects/p31961/ENIGMA/results/experiments/xgb_regression_da_and_d2_hyperopt_tune_with_day/hyper_opt_results.parquet
[2023-12-01 14:51:36,469][root][INFO] - Experiment complete
