[2023-12-01 14:48:27,924][root][INFO] - Experiment name: xgb_regression_da_and_d2_hyperopt_tune
[2023-12-01 14:48:32,503][root][INFO] - Running hyperopt
[2023-12-01 14:48:32,513][hyperopt.tpe][INFO] - build_posterior_wrapper took 0.002598 seconds
[2023-12-01 14:48:32,513][hyperopt.tpe][INFO] - TPE using 0 trials
[2023-12-01 14:48:32,940][hyperopt.tpe][INFO] - build_posterior_wrapper took 0.003053 seconds
[2023-12-01 14:48:32,940][hyperopt.tpe][INFO] - TPE using 1/1 trials with best loss 0.275128
[2023-12-01 14:48:33,099][hyperopt.tpe][INFO] - build_posterior_wrapper took 0.002555 seconds
[2023-12-01 14:48:33,099][hyperopt.tpe][INFO] - TPE using 2/2 trials with best loss 0.247864
[2023-12-01 14:48:33,227][hyperopt.tpe][INFO] - build_posterior_wrapper took 0.002494 seconds
[2023-12-01 14:48:33,227][hyperopt.tpe][INFO] - TPE using 3/3 trials with best loss 0.247864
[2023-12-01 14:48:33,362][hyperopt.tpe][INFO] - build_posterior_wrapper took 0.002487 seconds
[2023-12-01 14:48:33,362][hyperopt.tpe][INFO] - TPE using 4/4 trials with best loss 0.247864
[2023-12-01 14:48:33,409][hyperopt.tpe][INFO] - build_posterior_wrapper took 0.002635 seconds
[2023-12-01 14:48:33,409][hyperopt.tpe][INFO] - TPE using 5/5 trials with best loss 0.247864
[2023-12-01 14:48:33,562][hyperopt.tpe][INFO] - build_posterior_wrapper took 0.002509 seconds
[2023-12-01 14:48:33,562][hyperopt.tpe][INFO] - TPE using 6/6 trials with best loss 0.247864
[2023-12-01 14:48:33,626][hyperopt.tpe][INFO] - build_posterior_wrapper took 0.002538 seconds
[2023-12-01 14:48:33,626][hyperopt.tpe][INFO] - TPE using 7/7 trials with best loss 0.247864
[2023-12-01 14:48:33,775][hyperopt.tpe][INFO] - build_posterior_wrapper took 0.002459 seconds
[2023-12-01 14:48:33,775][hyperopt.tpe][INFO] - TPE using 8/8 trials with best loss 0.247864
[2023-12-01 14:48:33,866][hyperopt.tpe][INFO] - build_posterior_wrapper took 0.002470 seconds
[2023-12-01 14:48:33,866][hyperopt.tpe][INFO] - TPE using 9/9 trials with best loss 0.247864
[2023-12-01 14:48:33,985][hyperopt.tpe][INFO] - build_posterior_wrapper took 0.002472 seconds
[2023-12-01 14:48:33,985][hyperopt.tpe][INFO] - TPE using 10/10 trials with best loss 0.247864
[2023-12-01 14:48:34,068][hyperopt.tpe][INFO] - build_posterior_wrapper took 0.002497 seconds
[2023-12-01 14:48:34,068][hyperopt.tpe][INFO] - TPE using 11/11 trials with best loss 0.247864
[2023-12-01 14:48:34,130][hyperopt.tpe][INFO] - build_posterior_wrapper took 0.002450 seconds
[2023-12-01 14:48:34,130][hyperopt.tpe][INFO] - TPE using 12/12 trials with best loss 0.247864
[2023-12-01 14:48:34,202][hyperopt.tpe][INFO] - build_posterior_wrapper took 0.002464 seconds
[2023-12-01 14:48:34,203][hyperopt.tpe][INFO] - TPE using 13/13 trials with best loss 0.247864
[2023-12-01 14:48:34,287][hyperopt.tpe][INFO] - build_posterior_wrapper took 0.002462 seconds
[2023-12-01 14:48:34,287][hyperopt.tpe][INFO] - TPE using 14/14 trials with best loss 0.247864
[2023-12-01 14:48:34,424][hyperopt.tpe][INFO] - build_posterior_wrapper took 0.002447 seconds
[2023-12-01 14:48:34,424][hyperopt.tpe][INFO] - TPE using 15/15 trials with best loss 0.247864
[2023-12-01 14:48:34,531][hyperopt.tpe][INFO] - build_posterior_wrapper took 0.002414 seconds
[2023-12-01 14:48:34,531][hyperopt.tpe][INFO] - TPE using 16/16 trials with best loss 0.247864
[2023-12-01 14:48:34,657][hyperopt.tpe][INFO] - build_posterior_wrapper took 0.002498 seconds
[2023-12-01 14:48:34,657][hyperopt.tpe][INFO] - TPE using 17/17 trials with best loss 0.247864
[2023-12-01 14:48:34,776][hyperopt.tpe][INFO] - build_posterior_wrapper took 0.002424 seconds
[2023-12-01 14:48:34,776][hyperopt.tpe][INFO] - TPE using 18/18 trials with best loss 0.247864
[2023-12-01 14:48:34,889][hyperopt.tpe][INFO] - build_posterior_wrapper took 0.002470 seconds
[2023-12-01 14:48:34,889][hyperopt.tpe][INFO] - TPE using 19/19 trials with best loss 0.247864
[2023-12-01 14:48:34,947][hyperopt.tpe][INFO] - build_posterior_wrapper took 0.002470 seconds
[2023-12-01 14:48:34,949][hyperopt.tpe][INFO] - TPE using 20/20 trials with best loss 0.247864
[2023-12-01 14:48:35,127][hyperopt.tpe][INFO] - build_posterior_wrapper took 0.002497 seconds
[2023-12-01 14:48:35,127][hyperopt.tpe][INFO] - TPE using 21/21 trials with best loss 0.247864
[2023-12-01 14:48:35,304][hyperopt.tpe][INFO] - build_posterior_wrapper took 0.002494 seconds
[2023-12-01 14:48:35,305][hyperopt.tpe][INFO] - TPE using 22/22 trials with best loss 0.247864
[2023-12-01 14:48:35,390][hyperopt.tpe][INFO] - build_posterior_wrapper took 0.002432 seconds
[2023-12-01 14:48:35,390][hyperopt.tpe][INFO] - TPE using 23/23 trials with best loss 0.247864
[2023-12-01 14:48:35,464][hyperopt.tpe][INFO] - build_posterior_wrapper took 0.002421 seconds
[2023-12-01 14:48:35,464][hyperopt.tpe][INFO] - TPE using 24/24 trials with best loss 0.247864
[2023-12-01 14:48:35,546][hyperopt.tpe][INFO] - build_posterior_wrapper took 0.002425 seconds
[2023-12-01 14:48:35,546][hyperopt.tpe][INFO] - TPE using 25/25 trials with best loss 0.247864
[2023-12-01 14:48:35,629][hyperopt.tpe][INFO] - build_posterior_wrapper took 0.002443 seconds
[2023-12-01 14:48:35,630][hyperopt.tpe][INFO] - TPE using 26/26 trials with best loss 0.247864
[2023-12-01 14:48:35,756][hyperopt.tpe][INFO] - build_posterior_wrapper took 0.002490 seconds
[2023-12-01 14:48:35,756][hyperopt.tpe][INFO] - TPE using 27/27 trials with best loss 0.247864
[2023-12-01 14:48:35,849][hyperopt.tpe][INFO] - build_posterior_wrapper took 0.002443 seconds
[2023-12-01 14:48:35,849][hyperopt.tpe][INFO] - TPE using 28/28 trials with best loss 0.247864
[2023-12-01 14:48:36,012][hyperopt.tpe][INFO] - build_posterior_wrapper took 0.002454 seconds
[2023-12-01 14:48:36,012][hyperopt.tpe][INFO] - TPE using 29/29 trials with best loss 0.247864
[2023-12-01 14:48:36,175][hyperopt.tpe][INFO] - build_posterior_wrapper took 0.002440 seconds
[2023-12-01 14:48:36,175][hyperopt.tpe][INFO] - TPE using 30/30 trials with best loss 0.210728
[2023-12-01 14:48:36,312][hyperopt.tpe][INFO] - build_posterior_wrapper took 0.002488 seconds
[2023-12-01 14:48:36,312][hyperopt.tpe][INFO] - TPE using 31/31 trials with best loss 0.210728
[2023-12-01 14:48:36,460][hyperopt.tpe][INFO] - build_posterior_wrapper took 0.002429 seconds
[2023-12-01 14:48:36,461][hyperopt.tpe][INFO] - TPE using 32/32 trials with best loss 0.210728
[2023-12-01 14:48:36,601][hyperopt.tpe][INFO] - build_posterior_wrapper took 0.002476 seconds
[2023-12-01 14:48:36,601][hyperopt.tpe][INFO] - TPE using 33/33 trials with best loss 0.210728
[2023-12-01 14:48:36,740][hyperopt.tpe][INFO] - build_posterior_wrapper took 0.002450 seconds
[2023-12-01 14:48:36,740][hyperopt.tpe][INFO] - TPE using 34/34 trials with best loss 0.210728
[2023-12-01 14:48:36,911][hyperopt.tpe][INFO] - build_posterior_wrapper took 0.002495 seconds
[2023-12-01 14:48:36,912][hyperopt.tpe][INFO] - TPE using 35/35 trials with best loss 0.210728
[2023-12-01 14:48:37,066][hyperopt.tpe][INFO] - build_posterior_wrapper took 0.002519 seconds
[2023-12-01 14:48:37,066][hyperopt.tpe][INFO] - TPE using 36/36 trials with best loss 0.210728
[2023-12-01 14:48:37,193][hyperopt.tpe][INFO] - build_posterior_wrapper took 0.002459 seconds
[2023-12-01 14:48:37,193][hyperopt.tpe][INFO] - TPE using 37/37 trials with best loss 0.210728
[2023-12-01 14:48:37,249][hyperopt.tpe][INFO] - build_posterior_wrapper took 0.002497 seconds
[2023-12-01 14:48:37,249][hyperopt.tpe][INFO] - TPE using 38/38 trials with best loss 0.210728
[2023-12-01 14:48:37,369][hyperopt.tpe][INFO] - build_posterior_wrapper took 0.002468 seconds
[2023-12-01 14:48:37,369][hyperopt.tpe][INFO] - TPE using 39/39 trials with best loss 0.210728
[2023-12-01 14:48:37,568][hyperopt.tpe][INFO] - build_posterior_wrapper took 0.002440 seconds
[2023-12-01 14:48:37,568][hyperopt.tpe][INFO] - TPE using 40/40 trials with best loss 0.210728
[2023-12-01 14:48:37,717][hyperopt.tpe][INFO] - build_posterior_wrapper took 0.002495 seconds
[2023-12-01 14:48:37,717][hyperopt.tpe][INFO] - TPE using 41/41 trials with best loss 0.210728
[2023-12-01 14:48:37,762][hyperopt.tpe][INFO] - build_posterior_wrapper took 0.002458 seconds
[2023-12-01 14:48:37,762][hyperopt.tpe][INFO] - TPE using 42/42 trials with best loss 0.210728
[2023-12-01 14:48:37,926][hyperopt.tpe][INFO] - build_posterior_wrapper took 0.002512 seconds
[2023-12-01 14:48:37,926][hyperopt.tpe][INFO] - TPE using 43/43 trials with best loss 0.210728
[2023-12-01 14:48:38,178][hyperopt.tpe][INFO] - build_posterior_wrapper took 0.002422 seconds
[2023-12-01 14:48:38,179][hyperopt.tpe][INFO] - TPE using 44/44 trials with best loss 0.210728
[2023-12-01 14:48:38,319][hyperopt.tpe][INFO] - build_posterior_wrapper took 0.002486 seconds
[2023-12-01 14:48:38,319][hyperopt.tpe][INFO] - TPE using 45/45 trials with best loss 0.210728
[2023-12-01 14:48:38,365][hyperopt.tpe][INFO] - build_posterior_wrapper took 0.002479 seconds
[2023-12-01 14:48:38,365][hyperopt.tpe][INFO] - TPE using 46/46 trials with best loss 0.210728
[2023-12-01 14:48:38,498][hyperopt.tpe][INFO] - build_posterior_wrapper took 0.002490 seconds
[2023-12-01 14:48:38,498][hyperopt.tpe][INFO] - TPE using 47/47 trials with best loss 0.210728
[2023-12-01 14:48:38,652][hyperopt.tpe][INFO] - build_posterior_wrapper took 0.002450 seconds
[2023-12-01 14:48:38,652][hyperopt.tpe][INFO] - TPE using 48/48 trials with best loss 0.210728
[2023-12-01 14:48:38,816][hyperopt.tpe][INFO] - build_posterior_wrapper took 0.002459 seconds
[2023-12-01 14:48:38,816][hyperopt.tpe][INFO] - TPE using 49/49 trials with best loss 0.210728
[2023-12-01 14:48:38,924][hyperopt.tpe][INFO] - build_posterior_wrapper took 0.002440 seconds
[2023-12-01 14:48:38,924][hyperopt.tpe][INFO] - TPE using 50/50 trials with best loss 0.210728
[2023-12-01 14:48:39,079][hyperopt.tpe][INFO] - build_posterior_wrapper took 0.002483 seconds
[2023-12-01 14:48:39,079][hyperopt.tpe][INFO] - TPE using 51/51 trials with best loss 0.210728
[2023-12-01 14:48:39,131][hyperopt.tpe][INFO] - build_posterior_wrapper took 0.002443 seconds
[2023-12-01 14:48:39,131][hyperopt.tpe][INFO] - TPE using 52/52 trials with best loss 0.210728
[2023-12-01 14:48:39,223][hyperopt.tpe][INFO] - build_posterior_wrapper took 0.002483 seconds
[2023-12-01 14:48:39,223][hyperopt.tpe][INFO] - TPE using 53/53 trials with best loss 0.210728
[2023-12-01 14:48:39,355][hyperopt.tpe][INFO] - build_posterior_wrapper took 0.002493 seconds
[2023-12-01 14:48:39,356][hyperopt.tpe][INFO] - TPE using 54/54 trials with best loss 0.210728
[2023-12-01 14:48:39,530][hyperopt.tpe][INFO] - build_posterior_wrapper took 0.002525 seconds
[2023-12-01 14:48:39,531][hyperopt.tpe][INFO] - TPE using 55/55 trials with best loss 0.210728
[2023-12-01 14:48:39,616][hyperopt.tpe][INFO] - build_posterior_wrapper took 0.002484 seconds
[2023-12-01 14:48:39,617][hyperopt.tpe][INFO] - TPE using 56/56 trials with best loss 0.210728
[2023-12-01 14:48:39,761][hyperopt.tpe][INFO] - build_posterior_wrapper took 0.002528 seconds
[2023-12-01 14:48:39,761][hyperopt.tpe][INFO] - TPE using 57/57 trials with best loss 0.210728
[2023-12-01 14:48:39,859][hyperopt.tpe][INFO] - build_posterior_wrapper took 0.002476 seconds
[2023-12-01 14:48:39,860][hyperopt.tpe][INFO] - TPE using 58/58 trials with best loss 0.210728
[2023-12-01 14:48:39,987][hyperopt.tpe][INFO] - build_posterior_wrapper took 0.002443 seconds
[2023-12-01 14:48:39,987][hyperopt.tpe][INFO] - TPE using 59/59 trials with best loss 0.210728
[2023-12-01 14:48:40,084][hyperopt.tpe][INFO] - build_posterior_wrapper took 0.002526 seconds
[2023-12-01 14:48:40,084][hyperopt.tpe][INFO] - TPE using 60/60 trials with best loss 0.210728
[2023-12-01 14:48:40,152][hyperopt.tpe][INFO] - build_posterior_wrapper took 0.002496 seconds
[2023-12-01 14:48:40,152][hyperopt.tpe][INFO] - TPE using 61/61 trials with best loss 0.210728
[2023-12-01 14:48:40,264][hyperopt.tpe][INFO] - build_posterior_wrapper took 0.002454 seconds
[2023-12-01 14:48:40,264][hyperopt.tpe][INFO] - TPE using 62/62 trials with best loss 0.210728
[2023-12-01 14:48:40,401][hyperopt.tpe][INFO] - build_posterior_wrapper took 0.002474 seconds
[2023-12-01 14:48:40,402][hyperopt.tpe][INFO] - TPE using 63/63 trials with best loss 0.210728
[2023-12-01 14:48:40,488][hyperopt.tpe][INFO] - build_posterior_wrapper took 0.002435 seconds
[2023-12-01 14:48:40,488][hyperopt.tpe][INFO] - TPE using 64/64 trials with best loss 0.210728
[2023-12-01 14:48:40,651][hyperopt.tpe][INFO] - build_posterior_wrapper took 0.002556 seconds
[2023-12-01 14:48:40,651][hyperopt.tpe][INFO] - TPE using 65/65 trials with best loss 0.210728
[2023-12-01 14:48:40,815][hyperopt.tpe][INFO] - build_posterior_wrapper took 0.002480 seconds
[2023-12-01 14:48:40,816][hyperopt.tpe][INFO] - TPE using 66/66 trials with best loss 0.210728
[2023-12-01 14:48:40,984][hyperopt.tpe][INFO] - build_posterior_wrapper took 0.002629 seconds
[2023-12-01 14:48:40,984][hyperopt.tpe][INFO] - TPE using 67/67 trials with best loss 0.210728
[2023-12-01 14:48:41,149][hyperopt.tpe][INFO] - build_posterior_wrapper took 0.002461 seconds
[2023-12-01 14:48:41,149][hyperopt.tpe][INFO] - TPE using 68/68 trials with best loss 0.210728
[2023-12-01 14:48:41,309][hyperopt.tpe][INFO] - build_posterior_wrapper took 0.002470 seconds
[2023-12-01 14:48:41,309][hyperopt.tpe][INFO] - TPE using 69/69 trials with best loss 0.197741
[2023-12-01 14:48:41,470][hyperopt.tpe][INFO] - build_posterior_wrapper took 0.002548 seconds
[2023-12-01 14:48:41,470][hyperopt.tpe][INFO] - TPE using 70/70 trials with best loss 0.197741
[2023-12-01 14:48:41,631][hyperopt.tpe][INFO] - build_posterior_wrapper took 0.002517 seconds
[2023-12-01 14:48:41,631][hyperopt.tpe][INFO] - TPE using 71/71 trials with best loss 0.197741
[2023-12-01 14:48:41,776][hyperopt.tpe][INFO] - build_posterior_wrapper took 0.002504 seconds
[2023-12-01 14:48:41,776][hyperopt.tpe][INFO] - TPE using 72/72 trials with best loss 0.197741
[2023-12-01 14:48:41,850][hyperopt.tpe][INFO] - build_posterior_wrapper took 0.002445 seconds
[2023-12-01 14:48:41,850][hyperopt.tpe][INFO] - TPE using 73/73 trials with best loss 0.197741
[2023-12-01 14:48:42,052][hyperopt.tpe][INFO] - build_posterior_wrapper took 0.002441 seconds
[2023-12-01 14:48:42,052][hyperopt.tpe][INFO] - TPE using 74/74 trials with best loss 0.197741
[2023-12-01 14:48:42,224][hyperopt.tpe][INFO] - build_posterior_wrapper took 0.002538 seconds
[2023-12-01 14:48:42,224][hyperopt.tpe][INFO] - TPE using 75/75 trials with best loss 0.197741
[2023-12-01 14:48:42,276][hyperopt.tpe][INFO] - build_posterior_wrapper took 0.002456 seconds
[2023-12-01 14:48:42,276][hyperopt.tpe][INFO] - TPE using 76/76 trials with best loss 0.197741
[2023-12-01 14:48:42,435][hyperopt.tpe][INFO] - build_posterior_wrapper took 0.002496 seconds
[2023-12-01 14:48:42,435][hyperopt.tpe][INFO] - TPE using 77/77 trials with best loss 0.197741
[2023-12-01 14:48:42,566][hyperopt.tpe][INFO] - build_posterior_wrapper took 0.002446 seconds
[2023-12-01 14:48:42,566][hyperopt.tpe][INFO] - TPE using 78/78 trials with best loss 0.197741
[2023-12-01 14:48:42,693][hyperopt.tpe][INFO] - build_posterior_wrapper took 0.002433 seconds
[2023-12-01 14:48:42,693][hyperopt.tpe][INFO] - TPE using 79/79 trials with best loss 0.197741
[2023-12-01 14:48:42,764][hyperopt.tpe][INFO] - build_posterior_wrapper took 0.002424 seconds
[2023-12-01 14:48:42,768][hyperopt.tpe][INFO] - TPE using 80/80 trials with best loss 0.197741
[2023-12-01 14:48:42,898][hyperopt.tpe][INFO] - build_posterior_wrapper took 0.002576 seconds
[2023-12-01 14:48:42,898][hyperopt.tpe][INFO] - TPE using 81/81 trials with best loss 0.197741
[2023-12-01 14:48:43,075][hyperopt.tpe][INFO] - build_posterior_wrapper took 0.002440 seconds
[2023-12-01 14:48:43,075][hyperopt.tpe][INFO] - TPE using 82/82 trials with best loss 0.197741
[2023-12-01 14:48:43,233][hyperopt.tpe][INFO] - build_posterior_wrapper took 0.002478 seconds
[2023-12-01 14:48:43,233][hyperopt.tpe][INFO] - TPE using 83/83 trials with best loss 0.197741
[2023-12-01 14:48:43,290][hyperopt.tpe][INFO] - build_posterior_wrapper took 0.002437 seconds
[2023-12-01 14:48:43,291][hyperopt.tpe][INFO] - TPE using 84/84 trials with best loss 0.197741
[2023-12-01 14:48:43,439][hyperopt.tpe][INFO] - build_posterior_wrapper took 0.002439 seconds
[2023-12-01 14:48:43,439][hyperopt.tpe][INFO] - TPE using 85/85 trials with best loss 0.197741
[2023-12-01 14:48:43,557][hyperopt.tpe][INFO] - build_posterior_wrapper took 0.002543 seconds
[2023-12-01 14:48:43,557][hyperopt.tpe][INFO] - TPE using 86/86 trials with best loss 0.197741
[2023-12-01 14:48:43,684][hyperopt.tpe][INFO] - build_posterior_wrapper took 0.002421 seconds
[2023-12-01 14:48:43,684][hyperopt.tpe][INFO] - TPE using 87/87 trials with best loss 0.197741
[2023-12-01 14:48:43,753][hyperopt.tpe][INFO] - build_posterior_wrapper took 0.002407 seconds
[2023-12-01 14:48:43,753][hyperopt.tpe][INFO] - TPE using 88/88 trials with best loss 0.197741
[2023-12-01 14:48:43,882][hyperopt.tpe][INFO] - build_posterior_wrapper took 0.002475 seconds
[2023-12-01 14:48:43,882][hyperopt.tpe][INFO] - TPE using 89/89 trials with best loss 0.197741
[2023-12-01 14:48:44,059][hyperopt.tpe][INFO] - build_posterior_wrapper took 0.002434 seconds
[2023-12-01 14:48:44,060][hyperopt.tpe][INFO] - TPE using 90/90 trials with best loss 0.197741
[2023-12-01 14:48:44,198][hyperopt.tpe][INFO] - build_posterior_wrapper took 0.002430 seconds
[2023-12-01 14:48:44,198][hyperopt.tpe][INFO] - TPE using 91/91 trials with best loss 0.197741
[2023-12-01 14:48:44,309][hyperopt.tpe][INFO] - build_posterior_wrapper took 0.051654 seconds
[2023-12-01 14:48:44,310][hyperopt.tpe][INFO] - TPE using 92/92 trials with best loss 0.197741
[2023-12-01 14:48:44,455][hyperopt.tpe][INFO] - build_posterior_wrapper took 0.002524 seconds
[2023-12-01 14:48:44,455][hyperopt.tpe][INFO] - TPE using 93/93 trials with best loss 0.197741
[2023-12-01 14:48:44,582][hyperopt.tpe][INFO] - build_posterior_wrapper took 0.002418 seconds
[2023-12-01 14:48:44,583][hyperopt.tpe][INFO] - TPE using 94/94 trials with best loss 0.197741
[2023-12-01 14:48:44,742][hyperopt.tpe][INFO] - build_posterior_wrapper took 0.002461 seconds
[2023-12-01 14:48:44,742][hyperopt.tpe][INFO] - TPE using 95/95 trials with best loss 0.197741
[2023-12-01 14:48:44,838][hyperopt.tpe][INFO] - build_posterior_wrapper took 0.002483 seconds
[2023-12-01 14:48:44,839][hyperopt.tpe][INFO] - TPE using 96/96 trials with best loss 0.197741
[2023-12-01 14:48:44,944][hyperopt.tpe][INFO] - build_posterior_wrapper took 0.002509 seconds
[2023-12-01 14:48:44,944][hyperopt.tpe][INFO] - TPE using 97/97 trials with best loss 0.197741
[2023-12-01 14:48:45,134][hyperopt.tpe][INFO] - build_posterior_wrapper took 0.002483 seconds
[2023-12-01 14:48:45,134][hyperopt.tpe][INFO] - TPE using 98/98 trials with best loss 0.197741
[2023-12-01 14:48:45,294][hyperopt.tpe][INFO] - build_posterior_wrapper took 0.002464 seconds
[2023-12-01 14:48:45,294][hyperopt.tpe][INFO] - TPE using 99/99 trials with best loss 0.197741
[2023-12-01 14:48:45,345][hyperopt.tpe][INFO] - build_posterior_wrapper took 0.002458 seconds
[2023-12-01 14:48:45,346][hyperopt.tpe][INFO] - TPE using 100/100 trials with best loss 0.197741
[2023-12-01 14:48:45,480][hyperopt.tpe][INFO] - build_posterior_wrapper took 0.002527 seconds
[2023-12-01 14:48:45,480][hyperopt.tpe][INFO] - TPE using 101/101 trials with best loss 0.197741
[2023-12-01 14:48:45,607][hyperopt.tpe][INFO] - build_posterior_wrapper took 0.002512 seconds
[2023-12-01 14:48:45,608][hyperopt.tpe][INFO] - TPE using 102/102 trials with best loss 0.197741
[2023-12-01 14:48:45,747][hyperopt.tpe][INFO] - build_posterior_wrapper took 0.002482 seconds
[2023-12-01 14:48:45,747][hyperopt.tpe][INFO] - TPE using 103/103 trials with best loss 0.197741
[2023-12-01 14:48:45,852][hyperopt.tpe][INFO] - build_posterior_wrapper took 0.002466 seconds
[2023-12-01 14:48:45,852][hyperopt.tpe][INFO] - TPE using 104/104 trials with best loss 0.197741
[2023-12-01 14:48:45,950][hyperopt.tpe][INFO] - build_posterior_wrapper took 0.002481 seconds
[2023-12-01 14:48:45,950][hyperopt.tpe][INFO] - TPE using 105/105 trials with best loss 0.197741
[2023-12-01 14:48:46,165][hyperopt.tpe][INFO] - build_posterior_wrapper took 0.002455 seconds
[2023-12-01 14:48:46,165][hyperopt.tpe][INFO] - TPE using 106/106 trials with best loss 0.197741
[2023-12-01 14:48:46,328][hyperopt.tpe][INFO] - build_posterior_wrapper took 0.002416 seconds
[2023-12-01 14:48:46,328][hyperopt.tpe][INFO] - TPE using 107/107 trials with best loss 0.197741
[2023-12-01 14:48:46,382][hyperopt.tpe][INFO] - build_posterior_wrapper took 0.002440 seconds
[2023-12-01 14:48:46,383][hyperopt.tpe][INFO] - TPE using 108/108 trials with best loss 0.197741
[2023-12-01 14:48:46,506][hyperopt.tpe][INFO] - build_posterior_wrapper took 0.002430 seconds
[2023-12-01 14:48:46,506][hyperopt.tpe][INFO] - TPE using 109/109 trials with best loss 0.197741
[2023-12-01 14:48:46,647][hyperopt.tpe][INFO] - build_posterior_wrapper took 0.002431 seconds
[2023-12-01 14:48:46,647][hyperopt.tpe][INFO] - TPE using 110/110 trials with best loss 0.197741
[2023-12-01 14:48:46,779][hyperopt.tpe][INFO] - build_posterior_wrapper took 0.002621 seconds
[2023-12-01 14:48:46,779][hyperopt.tpe][INFO] - TPE using 111/111 trials with best loss 0.197741
[2023-12-01 14:48:46,870][hyperopt.tpe][INFO] - build_posterior_wrapper took 0.002436 seconds
[2023-12-01 14:48:46,871][hyperopt.tpe][INFO] - TPE using 112/112 trials with best loss 0.197741
[2023-12-01 14:48:46,968][hyperopt.tpe][INFO] - build_posterior_wrapper took 0.002569 seconds
[2023-12-01 14:48:46,969][hyperopt.tpe][INFO] - TPE using 113/113 trials with best loss 0.197741
[2023-12-01 14:48:47,105][hyperopt.tpe][INFO] - build_posterior_wrapper took 0.002426 seconds
[2023-12-01 14:48:47,106][hyperopt.tpe][INFO] - TPE using 114/114 trials with best loss 0.197741
[2023-12-01 14:48:47,348][hyperopt.tpe][INFO] - build_posterior_wrapper took 0.002498 seconds
[2023-12-01 14:48:47,348][hyperopt.tpe][INFO] - TPE using 115/115 trials with best loss 0.197741
[2023-12-01 14:48:47,401][hyperopt.tpe][INFO] - build_posterior_wrapper took 0.002447 seconds
[2023-12-01 14:48:47,401][hyperopt.tpe][INFO] - TPE using 116/116 trials with best loss 0.197741
[2023-12-01 14:48:47,583][hyperopt.tpe][INFO] - build_posterior_wrapper took 0.002500 seconds
[2023-12-01 14:48:47,583][hyperopt.tpe][INFO] - TPE using 117/117 trials with best loss 0.197741
[2023-12-01 14:48:47,712][hyperopt.tpe][INFO] - build_posterior_wrapper took 0.002538 seconds
[2023-12-01 14:48:47,712][hyperopt.tpe][INFO] - TPE using 118/118 trials with best loss 0.197741
[2023-12-01 14:48:47,840][hyperopt.tpe][INFO] - build_posterior_wrapper took 0.002457 seconds
[2023-12-01 14:48:47,840][hyperopt.tpe][INFO] - TPE using 119/119 trials with best loss 0.197741
[2023-12-01 14:48:47,936][hyperopt.tpe][INFO] - build_posterior_wrapper took 0.002466 seconds
[2023-12-01 14:48:47,937][hyperopt.tpe][INFO] - TPE using 120/120 trials with best loss 0.197741
[2023-12-01 14:48:48,032][hyperopt.tpe][INFO] - build_posterior_wrapper took 0.002477 seconds
[2023-12-01 14:48:48,032][hyperopt.tpe][INFO] - TPE using 121/121 trials with best loss 0.197741
[2023-12-01 14:48:48,193][hyperopt.tpe][INFO] - build_posterior_wrapper took 0.002498 seconds
[2023-12-01 14:48:48,193][hyperopt.tpe][INFO] - TPE using 122/122 trials with best loss 0.197741
[2023-12-01 14:48:48,381][hyperopt.tpe][INFO] - build_posterior_wrapper took 0.002468 seconds
[2023-12-01 14:48:48,381][hyperopt.tpe][INFO] - TPE using 123/123 trials with best loss 0.197741
[2023-12-01 14:48:48,429][hyperopt.tpe][INFO] - build_posterior_wrapper took 0.002462 seconds
[2023-12-01 14:48:48,429][hyperopt.tpe][INFO] - TPE using 124/124 trials with best loss 0.197741
[2023-12-01 14:48:48,589][hyperopt.tpe][INFO] - build_posterior_wrapper took 0.002486 seconds
[2023-12-01 14:48:48,590][hyperopt.tpe][INFO] - TPE using 125/125 trials with best loss 0.197741
[2023-12-01 14:48:48,704][hyperopt.tpe][INFO] - build_posterior_wrapper took 0.002452 seconds
[2023-12-01 14:48:48,704][hyperopt.tpe][INFO] - TPE using 126/126 trials with best loss 0.197741
[2023-12-01 14:48:48,832][hyperopt.tpe][INFO] - build_posterior_wrapper took 0.002457 seconds
[2023-12-01 14:48:48,832][hyperopt.tpe][INFO] - TPE using 127/127 trials with best loss 0.197741
[2023-12-01 14:48:48,926][hyperopt.tpe][INFO] - build_posterior_wrapper took 0.002456 seconds
[2023-12-01 14:48:48,926][hyperopt.tpe][INFO] - TPE using 128/128 trials with best loss 0.197741
[2023-12-01 14:48:49,064][hyperopt.tpe][INFO] - build_posterior_wrapper took 0.002543 seconds
[2023-12-01 14:48:49,064][hyperopt.tpe][INFO] - TPE using 129/129 trials with best loss 0.197741
[2023-12-01 14:48:49,226][hyperopt.tpe][INFO] - build_posterior_wrapper took 0.002506 seconds
[2023-12-01 14:48:49,226][hyperopt.tpe][INFO] - TPE using 130/130 trials with best loss 0.197741
[2023-12-01 14:48:49,411][hyperopt.tpe][INFO] - build_posterior_wrapper took 0.002482 seconds
[2023-12-01 14:48:49,411][hyperopt.tpe][INFO] - TPE using 131/131 trials with best loss 0.197741
[2023-12-01 14:48:49,461][hyperopt.tpe][INFO] - build_posterior_wrapper took 0.002457 seconds
[2023-12-01 14:48:49,461][hyperopt.tpe][INFO] - TPE using 132/132 trials with best loss 0.197741
[2023-12-01 14:48:49,662][hyperopt.tpe][INFO] - build_posterior_wrapper took 0.002492 seconds
[2023-12-01 14:48:49,662][hyperopt.tpe][INFO] - TPE using 133/133 trials with best loss 0.197741
[2023-12-01 14:48:49,786][hyperopt.tpe][INFO] - build_posterior_wrapper took 0.002484 seconds
[2023-12-01 14:48:49,786][hyperopt.tpe][INFO] - TPE using 134/134 trials with best loss 0.197741
[2023-12-01 14:48:49,914][hyperopt.tpe][INFO] - build_posterior_wrapper took 0.002460 seconds
[2023-12-01 14:48:49,914][hyperopt.tpe][INFO] - TPE using 135/135 trials with best loss 0.197741
[2023-12-01 14:48:50,006][hyperopt.tpe][INFO] - build_posterior_wrapper took 0.002506 seconds
[2023-12-01 14:48:50,006][hyperopt.tpe][INFO] - TPE using 136/136 trials with best loss 0.197741
[2023-12-01 14:48:50,168][hyperopt.tpe][INFO] - build_posterior_wrapper took 0.002495 seconds
[2023-12-01 14:48:50,168][hyperopt.tpe][INFO] - TPE using 137/137 trials with best loss 0.197741
[2023-12-01 14:48:50,263][hyperopt.tpe][INFO] - build_posterior_wrapper took 0.002476 seconds
[2023-12-01 14:48:50,263][hyperopt.tpe][INFO] - TPE using 138/138 trials with best loss 0.197741
[2023-12-01 14:48:50,459][hyperopt.tpe][INFO] - build_posterior_wrapper took 0.002558 seconds
[2023-12-01 14:48:50,460][hyperopt.tpe][INFO] - TPE using 139/139 trials with best loss 0.197741
[2023-12-01 14:48:50,599][hyperopt.tpe][INFO] - build_posterior_wrapper took 0.002486 seconds
[2023-12-01 14:48:50,600][hyperopt.tpe][INFO] - TPE using 140/140 trials with best loss 0.197741
[2023-12-01 14:48:50,660][hyperopt.tpe][INFO] - build_posterior_wrapper took 0.002524 seconds
[2023-12-01 14:48:50,661][hyperopt.tpe][INFO] - TPE using 141/141 trials with best loss 0.197741
[2023-12-01 14:48:50,804][hyperopt.tpe][INFO] - build_posterior_wrapper took 0.002493 seconds
[2023-12-01 14:48:50,804][hyperopt.tpe][INFO] - TPE using 142/142 trials with best loss 0.197741
[2023-12-01 14:48:50,932][hyperopt.tpe][INFO] - build_posterior_wrapper took 0.002488 seconds
[2023-12-01 14:48:50,932][hyperopt.tpe][INFO] - TPE using 143/143 trials with best loss 0.197741
[2023-12-01 14:48:51,030][hyperopt.tpe][INFO] - build_posterior_wrapper took 0.002473 seconds
[2023-12-01 14:48:51,030][hyperopt.tpe][INFO] - TPE using 144/144 trials with best loss 0.197741
[2023-12-01 14:48:51,190][hyperopt.tpe][INFO] - build_posterior_wrapper took 0.002477 seconds
[2023-12-01 14:48:51,190][hyperopt.tpe][INFO] - TPE using 145/145 trials with best loss 0.197741
[2023-12-01 14:48:51,352][hyperopt.tpe][INFO] - build_posterior_wrapper took 0.002509 seconds
[2023-12-01 14:48:51,352][hyperopt.tpe][INFO] - TPE using 146/146 trials with best loss 0.197741
[2023-12-01 14:48:51,514][hyperopt.tpe][INFO] - build_posterior_wrapper took 0.002501 seconds
[2023-12-01 14:48:51,514][hyperopt.tpe][INFO] - TPE using 147/147 trials with best loss 0.197741
[2023-12-01 14:48:51,675][hyperopt.tpe][INFO] - build_posterior_wrapper took 0.002589 seconds
[2023-12-01 14:48:51,676][hyperopt.tpe][INFO] - TPE using 148/148 trials with best loss 0.197741
[2023-12-01 14:48:51,837][hyperopt.tpe][INFO] - build_posterior_wrapper took 0.002491 seconds
[2023-12-01 14:48:51,837][hyperopt.tpe][INFO] - TPE using 149/149 trials with best loss 0.197741
[2023-12-01 14:48:51,999][hyperopt.tpe][INFO] - build_posterior_wrapper took 0.002498 seconds
[2023-12-01 14:48:51,999][hyperopt.tpe][INFO] - TPE using 150/150 trials with best loss 0.197741
[2023-12-01 14:48:52,166][hyperopt.tpe][INFO] - build_posterior_wrapper took 0.002511 seconds
[2023-12-01 14:48:52,166][hyperopt.tpe][INFO] - TPE using 151/151 trials with best loss 0.197741
[2023-12-01 14:48:52,333][hyperopt.tpe][INFO] - build_posterior_wrapper took 0.002460 seconds
[2023-12-01 14:48:52,333][hyperopt.tpe][INFO] - TPE using 152/152 trials with best loss 0.197741
[2023-12-01 14:48:52,495][hyperopt.tpe][INFO] - build_posterior_wrapper took 0.002527 seconds
[2023-12-01 14:48:52,495][hyperopt.tpe][INFO] - TPE using 153/153 trials with best loss 0.197741
[2023-12-01 14:48:52,645][hyperopt.tpe][INFO] - build_posterior_wrapper took 0.002412 seconds
[2023-12-01 14:48:52,645][hyperopt.tpe][INFO] - TPE using 154/154 trials with best loss 0.197741
[2023-12-01 14:48:52,807][hyperopt.tpe][INFO] - build_posterior_wrapper took 0.002484 seconds
[2023-12-01 14:48:52,807][hyperopt.tpe][INFO] - TPE using 155/155 trials with best loss 0.197741
[2023-12-01 14:48:52,948][hyperopt.tpe][INFO] - build_posterior_wrapper took 0.002435 seconds
[2023-12-01 14:48:52,949][hyperopt.tpe][INFO] - TPE using 156/156 trials with best loss 0.197741
[2023-12-01 14:48:53,043][hyperopt.tpe][INFO] - build_posterior_wrapper took 0.002463 seconds
[2023-12-01 14:48:53,043][hyperopt.tpe][INFO] - TPE using 157/157 trials with best loss 0.197741
[2023-12-01 14:48:53,206][hyperopt.tpe][INFO] - build_posterior_wrapper took 0.002439 seconds
[2023-12-01 14:48:53,207][hyperopt.tpe][INFO] - TPE using 158/158 trials with best loss 0.197741
[2023-12-01 14:48:53,361][hyperopt.tpe][INFO] - build_posterior_wrapper took 0.002455 seconds
[2023-12-01 14:48:53,361][hyperopt.tpe][INFO] - TPE using 159/159 trials with best loss 0.197741
[2023-12-01 14:48:53,540][hyperopt.tpe][INFO] - build_posterior_wrapper took 0.002437 seconds
[2023-12-01 14:48:53,540][hyperopt.tpe][INFO] - TPE using 160/160 trials with best loss 0.197741
[2023-12-01 14:48:53,589][hyperopt.tpe][INFO] - build_posterior_wrapper took 0.002459 seconds
[2023-12-01 14:48:53,589][hyperopt.tpe][INFO] - TPE using 161/161 trials with best loss 0.197741
[2023-12-01 14:48:53,736][hyperopt.tpe][INFO] - build_posterior_wrapper took 0.002475 seconds
[2023-12-01 14:48:53,736][hyperopt.tpe][INFO] - TPE using 162/162 trials with best loss 0.197741
[2023-12-01 14:48:53,898][hyperopt.tpe][INFO] - build_posterior_wrapper took 0.002561 seconds
[2023-12-01 14:48:53,898][hyperopt.tpe][INFO] - TPE using 163/163 trials with best loss 0.197741
[2023-12-01 14:48:54,026][hyperopt.tpe][INFO] - build_posterior_wrapper took 0.002453 seconds
[2023-12-01 14:48:54,027][hyperopt.tpe][INFO] - TPE using 164/164 trials with best loss 0.197741
[2023-12-01 14:48:54,187][hyperopt.tpe][INFO] - build_posterior_wrapper took 0.002485 seconds
[2023-12-01 14:48:54,187][hyperopt.tpe][INFO] - TPE using 165/165 trials with best loss 0.197741
[2023-12-01 14:48:54,284][hyperopt.tpe][INFO] - build_posterior_wrapper took 0.002443 seconds
[2023-12-01 14:48:54,285][hyperopt.tpe][INFO] - TPE using 166/166 trials with best loss 0.197741
[2023-12-01 14:48:54,407][hyperopt.tpe][INFO] - build_posterior_wrapper took 0.002470 seconds
[2023-12-01 14:48:54,408][hyperopt.tpe][INFO] - TPE using 167/167 trials with best loss 0.197741
[2023-12-01 14:48:54,550][hyperopt.tpe][INFO] - build_posterior_wrapper took 0.002436 seconds
[2023-12-01 14:48:54,550][hyperopt.tpe][INFO] - TPE using 168/168 trials with best loss 0.197741
[2023-12-01 14:48:54,732][hyperopt.tpe][INFO] - build_posterior_wrapper took 0.002430 seconds
[2023-12-01 14:48:54,764][hyperopt.tpe][INFO] - TPE using 169/169 trials with best loss 0.197741
[2023-12-01 14:48:54,826][hyperopt.tpe][INFO] - build_posterior_wrapper took 0.002470 seconds
[2023-12-01 14:48:54,826][hyperopt.tpe][INFO] - TPE using 170/170 trials with best loss 0.197741
[2023-12-01 14:48:54,962][hyperopt.tpe][INFO] - build_posterior_wrapper took 0.002491 seconds
[2023-12-01 14:48:54,962][hyperopt.tpe][INFO] - TPE using 171/171 trials with best loss 0.197741
[2023-12-01 14:48:55,070][hyperopt.tpe][INFO] - build_posterior_wrapper took 0.002440 seconds
[2023-12-01 14:48:55,070][hyperopt.tpe][INFO] - TPE using 172/172 trials with best loss 0.197741
[2023-12-01 14:48:55,225][hyperopt.tpe][INFO] - build_posterior_wrapper took 0.002535 seconds
[2023-12-01 14:48:55,225][hyperopt.tpe][INFO] - TPE using 173/173 trials with best loss 0.197741
[2023-12-01 14:48:55,320][hyperopt.tpe][INFO] - build_posterior_wrapper took 0.002450 seconds
[2023-12-01 14:48:55,320][hyperopt.tpe][INFO] - TPE using 174/174 trials with best loss 0.197741
[2023-12-01 14:48:55,416][hyperopt.tpe][INFO] - build_posterior_wrapper took 0.002474 seconds
[2023-12-01 14:48:55,416][hyperopt.tpe][INFO] - TPE using 175/175 trials with best loss 0.197741
[2023-12-01 14:48:55,577][hyperopt.tpe][INFO] - build_posterior_wrapper took 0.002486 seconds
[2023-12-01 14:48:55,577][hyperopt.tpe][INFO] - TPE using 176/176 trials with best loss 0.197741
[2023-12-01 14:48:55,641][hyperopt.tpe][INFO] - build_posterior_wrapper took 0.002455 seconds
[2023-12-01 14:48:55,642][hyperopt.tpe][INFO] - TPE using 177/177 trials with best loss 0.197741
[2023-12-01 14:48:55,803][hyperopt.tpe][INFO] - build_posterior_wrapper took 0.002472 seconds
[2023-12-01 14:48:55,803][hyperopt.tpe][INFO] - TPE using 178/178 trials with best loss 0.196282
[2023-12-01 14:48:55,911][hyperopt.tpe][INFO] - build_posterior_wrapper took 0.002482 seconds
[2023-12-01 14:48:55,911][hyperopt.tpe][INFO] - TPE using 179/179 trials with best loss 0.196282
[2023-12-01 14:48:56,095][hyperopt.tpe][INFO] - build_posterior_wrapper took 0.002491 seconds
[2023-12-01 14:48:56,095][hyperopt.tpe][INFO] - TPE using 180/180 trials with best loss 0.196282
[2023-12-01 14:48:56,240][hyperopt.tpe][INFO] - build_posterior_wrapper took 0.002476 seconds
[2023-12-01 14:48:56,240][hyperopt.tpe][INFO] - TPE using 181/181 trials with best loss 0.196282
[2023-12-01 14:48:56,336][hyperopt.tpe][INFO] - build_posterior_wrapper took 0.002457 seconds
[2023-12-01 14:48:56,336][hyperopt.tpe][INFO] - TPE using 182/182 trials with best loss 0.196282
[2023-12-01 14:48:56,498][hyperopt.tpe][INFO] - build_posterior_wrapper took 0.002514 seconds
[2023-12-01 14:48:56,498][hyperopt.tpe][INFO] - TPE using 183/183 trials with best loss 0.196282
[2023-12-01 14:48:56,588][hyperopt.tpe][INFO] - build_posterior_wrapper took 0.002498 seconds
[2023-12-01 14:48:56,589][hyperopt.tpe][INFO] - TPE using 184/184 trials with best loss 0.196282
[2023-12-01 14:48:56,762][hyperopt.tpe][INFO] - build_posterior_wrapper took 0.002523 seconds
[2023-12-01 14:48:56,762][hyperopt.tpe][INFO] - TPE using 185/185 trials with best loss 0.196282
[2023-12-01 14:48:56,939][hyperopt.tpe][INFO] - build_posterior_wrapper took 0.002474 seconds
[2023-12-01 14:48:56,940][hyperopt.tpe][INFO] - TPE using 186/186 trials with best loss 0.196282
[2023-12-01 14:48:56,993][hyperopt.tpe][INFO] - build_posterior_wrapper took 0.002456 seconds
[2023-12-01 14:48:56,993][hyperopt.tpe][INFO] - TPE using 187/187 trials with best loss 0.196282
[2023-12-01 14:48:57,155][hyperopt.tpe][INFO] - build_posterior_wrapper took 0.002526 seconds
[2023-12-01 14:48:57,155][hyperopt.tpe][INFO] - TPE using 188/188 trials with best loss 0.196282
[2023-12-01 14:48:57,301][hyperopt.tpe][INFO] - build_posterior_wrapper took 0.002502 seconds
[2023-12-01 14:48:57,301][hyperopt.tpe][INFO] - TPE using 189/189 trials with best loss 0.196282
[2023-12-01 14:48:57,463][hyperopt.tpe][INFO] - build_posterior_wrapper took 0.002476 seconds
[2023-12-01 14:48:57,463][hyperopt.tpe][INFO] - TPE using 190/190 trials with best loss 0.196282
[2023-12-01 14:48:57,592][hyperopt.tpe][INFO] - build_posterior_wrapper took 0.002484 seconds
[2023-12-01 14:48:57,592][hyperopt.tpe][INFO] - TPE using 191/191 trials with best loss 0.196282
[2023-12-01 14:48:57,690][hyperopt.tpe][INFO] - build_posterior_wrapper took 0.002459 seconds
[2023-12-01 14:48:57,690][hyperopt.tpe][INFO] - TPE using 192/192 trials with best loss 0.196282
[2023-12-01 14:48:57,851][hyperopt.tpe][INFO] - build_posterior_wrapper took 0.002465 seconds
[2023-12-01 14:48:57,851][hyperopt.tpe][INFO] - TPE using 193/193 trials with best loss 0.196282
[2023-12-01 14:48:57,956][hyperopt.tpe][INFO] - build_posterior_wrapper took 0.002447 seconds
[2023-12-01 14:48:57,956][hyperopt.tpe][INFO] - TPE using 194/194 trials with best loss 0.196282
[2023-12-01 14:48:58,118][hyperopt.tpe][INFO] - build_posterior_wrapper took 0.002527 seconds
[2023-12-01 14:48:58,119][hyperopt.tpe][INFO] - TPE using 195/195 trials with best loss 0.196282
[2023-12-01 14:48:58,306][hyperopt.tpe][INFO] - build_posterior_wrapper took 0.002513 seconds
[2023-12-01 14:48:58,307][hyperopt.tpe][INFO] - TPE using 196/196 trials with best loss 0.196282
[2023-12-01 14:48:58,469][hyperopt.tpe][INFO] - build_posterior_wrapper took 0.002494 seconds
[2023-12-01 14:48:58,469][hyperopt.tpe][INFO] - TPE using 197/197 trials with best loss 0.196282
[2023-12-01 14:48:58,533][hyperopt.tpe][INFO] - build_posterior_wrapper took 0.002493 seconds
[2023-12-01 14:48:58,533][hyperopt.tpe][INFO] - TPE using 198/198 trials with best loss 0.196282
[2023-12-01 14:48:58,647][hyperopt.tpe][INFO] - build_posterior_wrapper took 0.002461 seconds
[2023-12-01 14:48:58,647][hyperopt.tpe][INFO] - TPE using 199/199 trials with best loss 0.196282
[2023-12-01 14:48:58,776][hyperopt.tpe][INFO] - build_posterior_wrapper took 0.002462 seconds
[2023-12-01 14:48:58,776][hyperopt.tpe][INFO] - TPE using 200/200 trials with best loss 0.196282
[2023-12-01 14:48:58,916][hyperopt.tpe][INFO] - build_posterior_wrapper took 0.002462 seconds
[2023-12-01 14:48:58,916][hyperopt.tpe][INFO] - TPE using 201/201 trials with best loss 0.196282
[2023-12-01 14:48:59,023][hyperopt.tpe][INFO] - build_posterior_wrapper took 0.002477 seconds
[2023-12-01 14:48:59,024][hyperopt.tpe][INFO] - TPE using 202/202 trials with best loss 0.196282
[2023-12-01 14:48:59,199][hyperopt.tpe][INFO] - build_posterior_wrapper took 0.002537 seconds
[2023-12-01 14:48:59,199][hyperopt.tpe][INFO] - TPE using 203/203 trials with best loss 0.196282
[2023-12-01 14:48:59,277][hyperopt.tpe][INFO] - build_posterior_wrapper took 0.002438 seconds
[2023-12-01 14:48:59,277][hyperopt.tpe][INFO] - TPE using 204/204 trials with best loss 0.196282
[2023-12-01 14:48:59,461][hyperopt.tpe][INFO] - build_posterior_wrapper took 0.002475 seconds
[2023-12-01 14:48:59,461][hyperopt.tpe][INFO] - TPE using 205/205 trials with best loss 0.196282
[2023-12-01 14:48:59,511][hyperopt.tpe][INFO] - build_posterior_wrapper took 0.002479 seconds
[2023-12-01 14:48:59,512][hyperopt.tpe][INFO] - TPE using 206/206 trials with best loss 0.196282
[2023-12-01 14:48:59,691][hyperopt.tpe][INFO] - build_posterior_wrapper took 0.002474 seconds
[2023-12-01 14:48:59,691][hyperopt.tpe][INFO] - TPE using 207/207 trials with best loss 0.196282
[2023-12-01 14:48:59,816][hyperopt.tpe][INFO] - build_posterior_wrapper took 0.002453 seconds
[2023-12-01 14:48:59,816][hyperopt.tpe][INFO] - TPE using 208/208 trials with best loss 0.196282
[2023-12-01 14:48:59,945][hyperopt.tpe][INFO] - build_posterior_wrapper took 0.002427 seconds
[2023-12-01 14:48:59,945][hyperopt.tpe][INFO] - TPE using 209/209 trials with best loss 0.196282
[2023-12-01 14:49:00,106][hyperopt.tpe][INFO] - build_posterior_wrapper took 0.002478 seconds
[2023-12-01 14:49:00,107][hyperopt.tpe][INFO] - TPE using 210/210 trials with best loss 0.196282
[2023-12-01 14:49:00,213][hyperopt.tpe][INFO] - build_posterior_wrapper took 0.002458 seconds
[2023-12-01 14:49:00,213][hyperopt.tpe][INFO] - TPE using 211/211 trials with best loss 0.196282
[2023-12-01 14:49:00,350][hyperopt.tpe][INFO] - build_posterior_wrapper took 0.002434 seconds
[2023-12-01 14:49:00,350][hyperopt.tpe][INFO] - TPE using 212/212 trials with best loss 0.196282
[2023-12-01 14:49:00,443][hyperopt.tpe][INFO] - build_posterior_wrapper took 0.002457 seconds
[2023-12-01 14:49:00,443][hyperopt.tpe][INFO] - TPE using 213/213 trials with best loss 0.196282
[2023-12-01 14:49:00,625][hyperopt.tpe][INFO] - build_posterior_wrapper took 0.002453 seconds
[2023-12-01 14:49:00,626][hyperopt.tpe][INFO] - TPE using 214/214 trials with best loss 0.196282
[2023-12-01 14:49:00,787][hyperopt.tpe][INFO] - build_posterior_wrapper took 0.002486 seconds
[2023-12-01 14:49:00,788][hyperopt.tpe][INFO] - TPE using 215/215 trials with best loss 0.195989
[2023-12-01 14:49:00,840][hyperopt.tpe][INFO] - build_posterior_wrapper took 0.002453 seconds
[2023-12-01 14:49:00,840][hyperopt.tpe][INFO] - TPE using 216/216 trials with best loss 0.195989
[2023-12-01 14:49:00,994][hyperopt.tpe][INFO] - build_posterior_wrapper took 0.002480 seconds
[2023-12-01 14:49:00,995][hyperopt.tpe][INFO] - TPE using 217/217 trials with best loss 0.195989
[2023-12-01 14:49:01,170][hyperopt.tpe][INFO] - build_posterior_wrapper took 0.002583 seconds
[2023-12-01 14:49:01,170][hyperopt.tpe][INFO] - TPE using 218/218 trials with best loss 0.195989
[2023-12-01 14:49:01,299][hyperopt.tpe][INFO] - build_posterior_wrapper took 0.002500 seconds
[2023-12-01 14:49:01,299][hyperopt.tpe][INFO] - TPE using 219/219 trials with best loss 0.195989
[2023-12-01 14:49:01,406][hyperopt.tpe][INFO] - build_posterior_wrapper took 0.002461 seconds
[2023-12-01 14:49:01,407][hyperopt.tpe][INFO] - TPE using 220/220 trials with best loss 0.195989
[2023-12-01 14:49:01,557][hyperopt.tpe][INFO] - build_posterior_wrapper took 0.002477 seconds
[2023-12-01 14:49:01,557][hyperopt.tpe][INFO] - TPE using 221/221 trials with best loss 0.195989
[2023-12-01 14:49:01,657][hyperopt.tpe][INFO] - build_posterior_wrapper took 0.002450 seconds
[2023-12-01 14:49:01,658][hyperopt.tpe][INFO] - TPE using 222/222 trials with best loss 0.195989
[2023-12-01 14:49:01,898][hyperopt.tpe][INFO] - build_posterior_wrapper took 0.002510 seconds
[2023-12-01 14:49:01,898][hyperopt.tpe][INFO] - TPE using 223/223 trials with best loss 0.195989
[2023-12-01 14:49:02,035][hyperopt.tpe][INFO] - build_posterior_wrapper took 0.002448 seconds
[2023-12-01 14:49:02,035][hyperopt.tpe][INFO] - TPE using 224/224 trials with best loss 0.195989
[2023-12-01 14:49:02,098][hyperopt.tpe][INFO] - build_posterior_wrapper took 0.002492 seconds
[2023-12-01 14:49:02,098][hyperopt.tpe][INFO] - TPE using 225/225 trials with best loss 0.195989
[2023-12-01 14:49:02,237][hyperopt.tpe][INFO] - build_posterior_wrapper took 0.002446 seconds
[2023-12-01 14:49:02,237][hyperopt.tpe][INFO] - TPE using 226/226 trials with best loss 0.195989
[2023-12-01 14:49:02,372][hyperopt.tpe][INFO] - build_posterior_wrapper took 0.002434 seconds
[2023-12-01 14:49:02,372][hyperopt.tpe][INFO] - TPE using 227/227 trials with best loss 0.190420
[2023-12-01 14:49:02,481][hyperopt.tpe][INFO] - build_posterior_wrapper took 0.002438 seconds
[2023-12-01 14:49:02,481][hyperopt.tpe][INFO] - TPE using 228/228 trials with best loss 0.190420
[2023-12-01 14:49:02,616][hyperopt.tpe][INFO] - build_posterior_wrapper took 0.002521 seconds
[2023-12-01 14:49:02,616][hyperopt.tpe][INFO] - TPE using 229/229 trials with best loss 0.190420
[2023-12-01 14:49:02,744][hyperopt.tpe][INFO] - build_posterior_wrapper took 0.002433 seconds
[2023-12-01 14:49:02,744][hyperopt.tpe][INFO] - TPE using 230/230 trials with best loss 0.190420
[2023-12-01 14:49:02,913][hyperopt.tpe][INFO] - build_posterior_wrapper took 0.002462 seconds
[2023-12-01 14:49:02,914][hyperopt.tpe][INFO] - TPE using 231/231 trials with best loss 0.190420
[2023-12-01 14:49:03,043][hyperopt.tpe][INFO] - build_posterior_wrapper took 0.002434 seconds
[2023-12-01 14:49:03,044][hyperopt.tpe][INFO] - TPE using 232/232 trials with best loss 0.190420
[2023-12-01 14:49:03,186][hyperopt.tpe][INFO] - build_posterior_wrapper took 0.002446 seconds
[2023-12-01 14:49:03,186][hyperopt.tpe][INFO] - TPE using 233/233 trials with best loss 0.190420
[2023-12-01 14:49:03,355][hyperopt.tpe][INFO] - build_posterior_wrapper took 0.002451 seconds
[2023-12-01 14:49:03,355][hyperopt.tpe][INFO] - TPE using 234/234 trials with best loss 0.190420
[2023-12-01 14:49:03,490][hyperopt.tpe][INFO] - build_posterior_wrapper took 0.002510 seconds
[2023-12-01 14:49:03,490][hyperopt.tpe][INFO] - TPE using 235/235 trials with best loss 0.190420
[2023-12-01 14:49:03,610][hyperopt.tpe][INFO] - build_posterior_wrapper took 0.002454 seconds
[2023-12-01 14:49:03,610][hyperopt.tpe][INFO] - TPE using 236/236 trials with best loss 0.190420
[2023-12-01 14:49:03,718][hyperopt.tpe][INFO] - build_posterior_wrapper took 0.002457 seconds
[2023-12-01 14:49:03,718][hyperopt.tpe][INFO] - TPE using 237/237 trials with best loss 0.190420
[2023-12-01 14:49:03,852][hyperopt.tpe][INFO] - build_posterior_wrapper took 0.002453 seconds
[2023-12-01 14:49:03,852][hyperopt.tpe][INFO] - TPE using 238/238 trials with best loss 0.190420
[2023-12-01 14:49:03,966][hyperopt.tpe][INFO] - build_posterior_wrapper took 0.002433 seconds
[2023-12-01 14:49:03,967][hyperopt.tpe][INFO] - TPE using 239/239 trials with best loss 0.190420
[2023-12-01 14:49:04,109][hyperopt.tpe][INFO] - build_posterior_wrapper took 0.002449 seconds
[2023-12-01 14:49:04,109][hyperopt.tpe][INFO] - TPE using 240/240 trials with best loss 0.190420
[2023-12-01 14:49:04,226][hyperopt.tpe][INFO] - build_posterior_wrapper took 0.002517 seconds
[2023-12-01 14:49:04,227][hyperopt.tpe][INFO] - TPE using 241/241 trials with best loss 0.190420
[2023-12-01 14:49:04,422][hyperopt.tpe][INFO] - build_posterior_wrapper took 0.002662 seconds
[2023-12-01 14:49:04,422][hyperopt.tpe][INFO] - TPE using 242/242 trials with best loss 0.190420
[2023-12-01 14:49:04,568][hyperopt.tpe][INFO] - build_posterior_wrapper took 0.002487 seconds
[2023-12-01 14:49:04,569][hyperopt.tpe][INFO] - TPE using 243/243 trials with best loss 0.190420
[2023-12-01 14:49:04,723][hyperopt.tpe][INFO] - build_posterior_wrapper took 0.002507 seconds
[2023-12-01 14:49:04,723][hyperopt.tpe][INFO] - TPE using 244/244 trials with best loss 0.190420
[2023-12-01 14:49:04,858][hyperopt.tpe][INFO] - build_posterior_wrapper took 0.002490 seconds
[2023-12-01 14:49:04,859][hyperopt.tpe][INFO] - TPE using 245/245 trials with best loss 0.190420
[2023-12-01 14:49:04,967][hyperopt.tpe][INFO] - build_posterior_wrapper took 0.002496 seconds
[2023-12-01 14:49:04,967][hyperopt.tpe][INFO] - TPE using 246/246 trials with best loss 0.190420
[2023-12-01 14:49:05,101][hyperopt.tpe][INFO] - build_posterior_wrapper took 0.002457 seconds
[2023-12-01 14:49:05,101][hyperopt.tpe][INFO] - TPE using 247/247 trials with best loss 0.190420
[2023-12-01 14:49:05,226][hyperopt.tpe][INFO] - build_posterior_wrapper took 0.002483 seconds
[2023-12-01 14:49:05,226][hyperopt.tpe][INFO] - TPE using 248/248 trials with best loss 0.190420
[2023-12-01 14:49:05,371][hyperopt.tpe][INFO] - build_posterior_wrapper took 0.002491 seconds
[2023-12-01 14:49:05,372][hyperopt.tpe][INFO] - TPE using 249/249 trials with best loss 0.190420
[2023-12-01 14:49:05,506][hyperopt.tpe][INFO] - build_posterior_wrapper took 0.002481 seconds
[2023-12-01 14:49:05,506][hyperopt.tpe][INFO] - TPE using 250/250 trials with best loss 0.190420
[2023-12-01 14:49:05,650][hyperopt.tpe][INFO] - build_posterior_wrapper took 0.002536 seconds
[2023-12-01 14:49:05,651][hyperopt.tpe][INFO] - TPE using 251/251 trials with best loss 0.190420
[2023-12-01 14:49:05,785][hyperopt.tpe][INFO] - build_posterior_wrapper took 0.002455 seconds
[2023-12-01 14:49:05,785][hyperopt.tpe][INFO] - TPE using 252/252 trials with best loss 0.190420
[2023-12-01 14:49:05,918][hyperopt.tpe][INFO] - build_posterior_wrapper took 0.002482 seconds
[2023-12-01 14:49:05,918][hyperopt.tpe][INFO] - TPE using 253/253 trials with best loss 0.190420
[2023-12-01 14:49:06,036][hyperopt.tpe][INFO] - build_posterior_wrapper took 0.002446 seconds
[2023-12-01 14:49:06,036][hyperopt.tpe][INFO] - TPE using 254/254 trials with best loss 0.190420
[2023-12-01 14:49:06,173][hyperopt.tpe][INFO] - build_posterior_wrapper took 0.002484 seconds
[2023-12-01 14:49:06,173][hyperopt.tpe][INFO] - TPE using 255/255 trials with best loss 0.190420
[2023-12-01 14:49:06,282][hyperopt.tpe][INFO] - build_posterior_wrapper took 0.002485 seconds
[2023-12-01 14:49:06,282][hyperopt.tpe][INFO] - TPE using 256/256 trials with best loss 0.190420
[2023-12-01 14:49:06,421][hyperopt.tpe][INFO] - build_posterior_wrapper took 0.002672 seconds
[2023-12-01 14:49:06,421][hyperopt.tpe][INFO] - TPE using 257/257 trials with best loss 0.190420
[2023-12-01 14:49:06,556][hyperopt.tpe][INFO] - build_posterior_wrapper took 0.002456 seconds
[2023-12-01 14:49:06,556][hyperopt.tpe][INFO] - TPE using 258/258 trials with best loss 0.190420
[2023-12-01 14:49:06,693][hyperopt.tpe][INFO] - build_posterior_wrapper took 0.002481 seconds
[2023-12-01 14:49:06,693][hyperopt.tpe][INFO] - TPE using 259/259 trials with best loss 0.190420
[2023-12-01 14:49:06,827][hyperopt.tpe][INFO] - build_posterior_wrapper took 0.002448 seconds
[2023-12-01 14:49:06,827][hyperopt.tpe][INFO] - TPE using 260/260 trials with best loss 0.190420
[2023-12-01 14:49:06,962][hyperopt.tpe][INFO] - build_posterior_wrapper took 0.002471 seconds
[2023-12-01 14:49:06,963][hyperopt.tpe][INFO] - TPE using 261/261 trials with best loss 0.190420
[2023-12-01 14:49:07,098][hyperopt.tpe][INFO] - build_posterior_wrapper took 0.002464 seconds
[2023-12-01 14:49:07,098][hyperopt.tpe][INFO] - TPE using 262/262 trials with best loss 0.190420
[2023-12-01 14:49:07,233][hyperopt.tpe][INFO] - build_posterior_wrapper took 0.002522 seconds
[2023-12-01 14:49:07,233][hyperopt.tpe][INFO] - TPE using 263/263 trials with best loss 0.190420
[2023-12-01 14:49:07,416][hyperopt.tpe][INFO] - build_posterior_wrapper took 0.049626 seconds
[2023-12-01 14:49:07,416][hyperopt.tpe][INFO] - TPE using 264/264 trials with best loss 0.190420
[2023-12-01 14:49:07,552][hyperopt.tpe][INFO] - build_posterior_wrapper took 0.002522 seconds
[2023-12-01 14:49:07,552][hyperopt.tpe][INFO] - TPE using 265/265 trials with best loss 0.190420
[2023-12-01 14:49:07,687][hyperopt.tpe][INFO] - build_posterior_wrapper took 0.002509 seconds
[2023-12-01 14:49:07,688][hyperopt.tpe][INFO] - TPE using 266/266 trials with best loss 0.190420
[2023-12-01 14:49:07,822][hyperopt.tpe][INFO] - build_posterior_wrapper took 0.002489 seconds
[2023-12-01 14:49:07,822][hyperopt.tpe][INFO] - TPE using 267/267 trials with best loss 0.190420
[2023-12-01 14:49:07,957][hyperopt.tpe][INFO] - build_posterior_wrapper took 0.002505 seconds
[2023-12-01 14:49:07,958][hyperopt.tpe][INFO] - TPE using 268/268 trials with best loss 0.190420
[2023-12-01 14:49:08,092][hyperopt.tpe][INFO] - build_posterior_wrapper took 0.002491 seconds
[2023-12-01 14:49:08,092][hyperopt.tpe][INFO] - TPE using 269/269 trials with best loss 0.190420
[2023-12-01 14:49:08,221][hyperopt.tpe][INFO] - build_posterior_wrapper took 0.002512 seconds
[2023-12-01 14:49:08,221][hyperopt.tpe][INFO] - TPE using 270/270 trials with best loss 0.190420
[2023-12-01 14:49:08,358][hyperopt.tpe][INFO] - build_posterior_wrapper took 0.002482 seconds
[2023-12-01 14:49:08,358][hyperopt.tpe][INFO] - TPE using 271/271 trials with best loss 0.190420
[2023-12-01 14:49:08,481][hyperopt.tpe][INFO] - build_posterior_wrapper took 0.002486 seconds
[2023-12-01 14:49:08,481][hyperopt.tpe][INFO] - TPE using 272/272 trials with best loss 0.190420
[2023-12-01 14:49:08,616][hyperopt.tpe][INFO] - build_posterior_wrapper took 0.002503 seconds
[2023-12-01 14:49:08,616][hyperopt.tpe][INFO] - TPE using 273/273 trials with best loss 0.190420
[2023-12-01 14:49:08,740][hyperopt.tpe][INFO] - build_posterior_wrapper took 0.002483 seconds
[2023-12-01 14:49:08,741][hyperopt.tpe][INFO] - TPE using 274/274 trials with best loss 0.190420
[2023-12-01 14:49:08,886][hyperopt.tpe][INFO] - build_posterior_wrapper took 0.002470 seconds
[2023-12-01 14:49:08,886][hyperopt.tpe][INFO] - TPE using 275/275 trials with best loss 0.190420
[2023-12-01 14:49:09,022][hyperopt.tpe][INFO] - build_posterior_wrapper took 0.002487 seconds
[2023-12-01 14:49:09,023][hyperopt.tpe][INFO] - TPE using 276/276 trials with best loss 0.190420
[2023-12-01 14:49:09,166][hyperopt.tpe][INFO] - build_posterior_wrapper took 0.002464 seconds
[2023-12-01 14:49:09,167][hyperopt.tpe][INFO] - TPE using 277/277 trials with best loss 0.190420
[2023-12-01 14:49:09,308][hyperopt.tpe][INFO] - build_posterior_wrapper took 0.002475 seconds
[2023-12-01 14:49:09,308][hyperopt.tpe][INFO] - TPE using 278/278 trials with best loss 0.190420
[2023-12-01 14:49:09,441][hyperopt.tpe][INFO] - build_posterior_wrapper took 0.002497 seconds
[2023-12-01 14:49:09,441][hyperopt.tpe][INFO] - TPE using 279/279 trials with best loss 0.190420
[2023-12-01 14:49:09,559][hyperopt.tpe][INFO] - build_posterior_wrapper took 0.002481 seconds
[2023-12-01 14:49:09,559][hyperopt.tpe][INFO] - TPE using 280/280 trials with best loss 0.190420
[2023-12-01 14:49:09,695][hyperopt.tpe][INFO] - build_posterior_wrapper took 0.002485 seconds
[2023-12-01 14:49:09,695][hyperopt.tpe][INFO] - TPE using 281/281 trials with best loss 0.190420
[2023-12-01 14:49:09,804][hyperopt.tpe][INFO] - build_posterior_wrapper took 0.002478 seconds
[2023-12-01 14:49:09,804][hyperopt.tpe][INFO] - TPE using 282/282 trials with best loss 0.190420
[2023-12-01 14:49:09,935][hyperopt.tpe][INFO] - build_posterior_wrapper took 0.002509 seconds
[2023-12-01 14:49:09,935][hyperopt.tpe][INFO] - TPE using 283/283 trials with best loss 0.190420
[2023-12-01 14:49:10,071][hyperopt.tpe][INFO] - build_posterior_wrapper took 0.002468 seconds
[2023-12-01 14:49:10,072][hyperopt.tpe][INFO] - TPE using 284/284 trials with best loss 0.190420
[2023-12-01 14:49:10,194][hyperopt.tpe][INFO] - build_posterior_wrapper took 0.002494 seconds
[2023-12-01 14:49:10,194][hyperopt.tpe][INFO] - TPE using 285/285 trials with best loss 0.190420
[2023-12-01 14:49:10,390][hyperopt.tpe][INFO] - build_posterior_wrapper took 0.002652 seconds
[2023-12-01 14:49:10,390][hyperopt.tpe][INFO] - TPE using 286/286 trials with best loss 0.190420
[2023-12-01 14:49:10,534][hyperopt.tpe][INFO] - build_posterior_wrapper took 0.002516 seconds
[2023-12-01 14:49:10,535][hyperopt.tpe][INFO] - TPE using 287/287 trials with best loss 0.190420
[2023-12-01 14:49:10,674][hyperopt.tpe][INFO] - build_posterior_wrapper took 0.002501 seconds
[2023-12-01 14:49:10,675][hyperopt.tpe][INFO] - TPE using 288/288 trials with best loss 0.190420
[2023-12-01 14:49:10,810][hyperopt.tpe][INFO] - build_posterior_wrapper took 0.002476 seconds
[2023-12-01 14:49:10,810][hyperopt.tpe][INFO] - TPE using 289/289 trials with best loss 0.190420
[2023-12-01 14:49:10,925][hyperopt.tpe][INFO] - build_posterior_wrapper took 0.002493 seconds
[2023-12-01 14:49:10,926][hyperopt.tpe][INFO] - TPE using 290/290 trials with best loss 0.190420
[2023-12-01 14:49:11,014][hyperopt.tpe][INFO] - build_posterior_wrapper took 0.002509 seconds
[2023-12-01 14:49:11,014][hyperopt.tpe][INFO] - TPE using 291/291 trials with best loss 0.190420
[2023-12-01 14:49:11,131][hyperopt.tpe][INFO] - build_posterior_wrapper took 0.002556 seconds
[2023-12-01 14:49:11,131][hyperopt.tpe][INFO] - TPE using 292/292 trials with best loss 0.190420
[2023-12-01 14:49:11,211][hyperopt.tpe][INFO] - build_posterior_wrapper took 0.002484 seconds
[2023-12-01 14:49:11,211][hyperopt.tpe][INFO] - TPE using 293/293 trials with best loss 0.190420
[2023-12-01 14:49:11,352][hyperopt.tpe][INFO] - build_posterior_wrapper took 0.002457 seconds
[2023-12-01 14:49:11,352][hyperopt.tpe][INFO] - TPE using 294/294 trials with best loss 0.190420
[2023-12-01 14:49:11,486][hyperopt.tpe][INFO] - build_posterior_wrapper took 0.002509 seconds
[2023-12-01 14:49:11,487][hyperopt.tpe][INFO] - TPE using 295/295 trials with best loss 0.190420
[2023-12-01 14:49:11,563][hyperopt.tpe][INFO] - build_posterior_wrapper took 0.002532 seconds
[2023-12-01 14:49:11,563][hyperopt.tpe][INFO] - TPE using 296/296 trials with best loss 0.190420
[2023-12-01 14:49:11,700][hyperopt.tpe][INFO] - build_posterior_wrapper took 0.002492 seconds
[2023-12-01 14:49:11,700][hyperopt.tpe][INFO] - TPE using 297/297 trials with best loss 0.190420
[2023-12-01 14:49:11,854][hyperopt.tpe][INFO] - build_posterior_wrapper took 0.002489 seconds
[2023-12-01 14:49:11,854][hyperopt.tpe][INFO] - TPE using 298/298 trials with best loss 0.190420
[2023-12-01 14:49:11,976][hyperopt.tpe][INFO] - build_posterior_wrapper took 0.002479 seconds
[2023-12-01 14:49:11,977][hyperopt.tpe][INFO] - TPE using 299/299 trials with best loss 0.190420
[2023-12-01 14:49:12,084][hyperopt.tpe][INFO] - build_posterior_wrapper took 0.002472 seconds
[2023-12-01 14:49:12,085][hyperopt.tpe][INFO] - TPE using 300/300 trials with best loss 0.190420
[2023-12-01 14:49:12,194][hyperopt.tpe][INFO] - build_posterior_wrapper took 0.002480 seconds
[2023-12-01 14:49:12,194][hyperopt.tpe][INFO] - TPE using 301/301 trials with best loss 0.190420
[2023-12-01 14:49:12,276][hyperopt.tpe][INFO] - build_posterior_wrapper took 0.002471 seconds
[2023-12-01 14:49:12,276][hyperopt.tpe][INFO] - TPE using 302/302 trials with best loss 0.190420
[2023-12-01 14:49:12,396][hyperopt.tpe][INFO] - build_posterior_wrapper took 0.002488 seconds
[2023-12-01 14:49:12,397][hyperopt.tpe][INFO] - TPE using 303/303 trials with best loss 0.190420
[2023-12-01 14:49:12,446][hyperopt.tpe][INFO] - build_posterior_wrapper took 0.002476 seconds
[2023-12-01 14:49:12,447][hyperopt.tpe][INFO] - TPE using 304/304 trials with best loss 0.190420
[2023-12-01 14:49:12,588][hyperopt.tpe][INFO] - build_posterior_wrapper took 0.002497 seconds
[2023-12-01 14:49:12,589][hyperopt.tpe][INFO] - TPE using 305/305 trials with best loss 0.190420
[2023-12-01 14:49:12,738][hyperopt.tpe][INFO] - build_posterior_wrapper took 0.002504 seconds
[2023-12-01 14:49:12,738][hyperopt.tpe][INFO] - TPE using 306/306 trials with best loss 0.190420
[2023-12-01 14:49:12,874][hyperopt.tpe][INFO] - build_posterior_wrapper took 0.002498 seconds
[2023-12-01 14:49:12,874][hyperopt.tpe][INFO] - TPE using 307/307 trials with best loss 0.190420
[2023-12-01 14:49:12,992][hyperopt.tpe][INFO] - build_posterior_wrapper took 0.002480 seconds
[2023-12-01 14:49:12,993][hyperopt.tpe][INFO] - TPE using 308/308 trials with best loss 0.190420
[2023-12-01 14:49:13,121][hyperopt.tpe][INFO] - build_posterior_wrapper took 0.002558 seconds
[2023-12-01 14:49:13,122][hyperopt.tpe][INFO] - TPE using 309/309 trials with best loss 0.190420
[2023-12-01 14:49:13,203][hyperopt.tpe][INFO] - build_posterior_wrapper took 0.002471 seconds
[2023-12-01 14:49:13,203][hyperopt.tpe][INFO] - TPE using 310/310 trials with best loss 0.190420
[2023-12-01 14:49:13,312][hyperopt.tpe][INFO] - build_posterior_wrapper took 0.002481 seconds
[2023-12-01 14:49:13,312][hyperopt.tpe][INFO] - TPE using 311/311 trials with best loss 0.190420
[2023-12-01 14:49:13,452][hyperopt.tpe][INFO] - build_posterior_wrapper took 0.002659 seconds
[2023-12-01 14:49:13,452][hyperopt.tpe][INFO] - TPE using 312/312 trials with best loss 0.190420
[2023-12-01 14:49:13,504][hyperopt.tpe][INFO] - build_posterior_wrapper took 0.002486 seconds
[2023-12-01 14:49:13,504][hyperopt.tpe][INFO] - TPE using 313/313 trials with best loss 0.190420
[2023-12-01 14:49:13,639][hyperopt.tpe][INFO] - build_posterior_wrapper took 0.002522 seconds
[2023-12-01 14:49:13,640][hyperopt.tpe][INFO] - TPE using 314/314 trials with best loss 0.190420
[2023-12-01 14:49:13,776][hyperopt.tpe][INFO] - build_posterior_wrapper took 0.002500 seconds
[2023-12-01 14:49:13,776][hyperopt.tpe][INFO] - TPE using 315/315 trials with best loss 0.190420
[2023-12-01 14:49:13,913][hyperopt.tpe][INFO] - build_posterior_wrapper took 0.002513 seconds
[2023-12-01 14:49:13,913][hyperopt.tpe][INFO] - TPE using 316/316 trials with best loss 0.190420
[2023-12-01 14:49:14,056][hyperopt.tpe][INFO] - build_posterior_wrapper took 0.002485 seconds
[2023-12-01 14:49:14,057][hyperopt.tpe][INFO] - TPE using 317/317 trials with best loss 0.190420
[2023-12-01 14:49:14,162][hyperopt.tpe][INFO] - build_posterior_wrapper took 0.002479 seconds
[2023-12-01 14:49:14,162][hyperopt.tpe][INFO] - TPE using 318/318 trials with best loss 0.190420
[2023-12-01 14:49:14,296][hyperopt.tpe][INFO] - build_posterior_wrapper took 0.002496 seconds
[2023-12-01 14:49:14,297][hyperopt.tpe][INFO] - TPE using 319/319 trials with best loss 0.190420
[2023-12-01 14:49:14,369][hyperopt.tpe][INFO] - build_posterior_wrapper took 0.002478 seconds
[2023-12-01 14:49:14,369][hyperopt.tpe][INFO] - TPE using 320/320 trials with best loss 0.190420
[2023-12-01 14:49:14,478][hyperopt.tpe][INFO] - build_posterior_wrapper took 0.002486 seconds
[2023-12-01 14:49:14,479][hyperopt.tpe][INFO] - TPE using 321/321 trials with best loss 0.190420
[2023-12-01 14:49:14,529][hyperopt.tpe][INFO] - build_posterior_wrapper took 0.002472 seconds
[2023-12-01 14:49:14,529][hyperopt.tpe][INFO] - TPE using 322/322 trials with best loss 0.190420
[2023-12-01 14:49:14,664][hyperopt.tpe][INFO] - build_posterior_wrapper took 0.002495 seconds
[2023-12-01 14:49:14,664][hyperopt.tpe][INFO] - TPE using 323/323 trials with best loss 0.190420
[2023-12-01 14:49:14,808][hyperopt.tpe][INFO] - build_posterior_wrapper took 0.002526 seconds
[2023-12-01 14:49:14,809][hyperopt.tpe][INFO] - TPE using 324/324 trials with best loss 0.190420
[2023-12-01 14:49:14,956][hyperopt.tpe][INFO] - build_posterior_wrapper took 0.002513 seconds
[2023-12-01 14:49:14,957][hyperopt.tpe][INFO] - TPE using 325/325 trials with best loss 0.190420
[2023-12-01 14:49:15,137][hyperopt.tpe][INFO] - build_posterior_wrapper took 0.002501 seconds
[2023-12-01 14:49:15,137][hyperopt.tpe][INFO] - TPE using 326/326 trials with best loss 0.190420
[2023-12-01 14:49:15,236][hyperopt.tpe][INFO] - build_posterior_wrapper took 0.002472 seconds
[2023-12-01 14:49:15,236][hyperopt.tpe][INFO] - TPE using 327/327 trials with best loss 0.190420
[2023-12-01 14:49:15,372][hyperopt.tpe][INFO] - build_posterior_wrapper took 0.002507 seconds
[2023-12-01 14:49:15,372][hyperopt.tpe][INFO] - TPE using 328/328 trials with best loss 0.190420
[2023-12-01 14:49:15,454][hyperopt.tpe][INFO] - build_posterior_wrapper took 0.002484 seconds
[2023-12-01 14:49:15,454][hyperopt.tpe][INFO] - TPE using 329/329 trials with best loss 0.190420
[2023-12-01 14:49:15,563][hyperopt.tpe][INFO] - build_posterior_wrapper took 0.002503 seconds
[2023-12-01 14:49:15,564][hyperopt.tpe][INFO] - TPE using 330/330 trials with best loss 0.190420
[2023-12-01 14:49:15,614][hyperopt.tpe][INFO] - build_posterior_wrapper took 0.002482 seconds
[2023-12-01 14:49:15,615][hyperopt.tpe][INFO] - TPE using 331/331 trials with best loss 0.190420
[2023-12-01 14:49:15,785][hyperopt.tpe][INFO] - build_posterior_wrapper took 0.002515 seconds
[2023-12-01 14:49:15,785][hyperopt.tpe][INFO] - TPE using 332/332 trials with best loss 0.190420
[2023-12-01 14:49:15,926][hyperopt.tpe][INFO] - build_posterior_wrapper took 0.002498 seconds
[2023-12-01 14:49:15,926][hyperopt.tpe][INFO] - TPE using 333/333 trials with best loss 0.190420
[2023-12-01 14:49:16,043][hyperopt.tpe][INFO] - build_posterior_wrapper took 0.002471 seconds
[2023-12-01 14:49:16,043][hyperopt.tpe][INFO] - TPE using 334/334 trials with best loss 0.190420
[2023-12-01 14:49:16,197][hyperopt.tpe][INFO] - build_posterior_wrapper took 0.002471 seconds
[2023-12-01 14:49:16,197][hyperopt.tpe][INFO] - TPE using 335/335 trials with best loss 0.190420
[2023-12-01 14:49:16,290][hyperopt.tpe][INFO] - build_posterior_wrapper took 0.002473 seconds
[2023-12-01 14:49:16,291][hyperopt.tpe][INFO] - TPE using 336/336 trials with best loss 0.190420
[2023-12-01 14:49:16,494][hyperopt.tpe][INFO] - build_posterior_wrapper took 0.002560 seconds
[2023-12-01 14:49:16,494][hyperopt.tpe][INFO] - TPE using 337/337 trials with best loss 0.190420
[2023-12-01 14:49:16,581][hyperopt.tpe][INFO] - build_posterior_wrapper took 0.002488 seconds
[2023-12-01 14:49:16,581][hyperopt.tpe][INFO] - TPE using 338/338 trials with best loss 0.190420
[2023-12-01 14:49:16,750][hyperopt.tpe][INFO] - build_posterior_wrapper took 0.002517 seconds
[2023-12-01 14:49:16,750][hyperopt.tpe][INFO] - TPE using 339/339 trials with best loss 0.190420
[2023-12-01 14:49:16,888][hyperopt.tpe][INFO] - build_posterior_wrapper took 0.002500 seconds
[2023-12-01 14:49:16,888][hyperopt.tpe][INFO] - TPE using 340/340 trials with best loss 0.190420
[2023-12-01 14:49:16,941][hyperopt.tpe][INFO] - build_posterior_wrapper took 0.002481 seconds
[2023-12-01 14:49:16,942][hyperopt.tpe][INFO] - TPE using 341/341 trials with best loss 0.190420
[2023-12-01 14:49:17,051][hyperopt.tpe][INFO] - build_posterior_wrapper took 0.002481 seconds
[2023-12-01 14:49:17,051][hyperopt.tpe][INFO] - TPE using 342/342 trials with best loss 0.190420
[2023-12-01 14:49:17,188][hyperopt.tpe][INFO] - build_posterior_wrapper took 0.002513 seconds
[2023-12-01 14:49:17,189][hyperopt.tpe][INFO] - TPE using 343/343 trials with best loss 0.190420
[2023-12-01 14:49:17,315][hyperopt.tpe][INFO] - build_posterior_wrapper took 0.002479 seconds
[2023-12-01 14:49:17,315][hyperopt.tpe][INFO] - TPE using 344/344 trials with best loss 0.190420
[2023-12-01 14:49:17,440][hyperopt.tpe][INFO] - build_posterior_wrapper took 0.002470 seconds
[2023-12-01 14:49:17,440][hyperopt.tpe][INFO] - TPE using 345/345 trials with best loss 0.190420
[2023-12-01 14:49:17,578][hyperopt.tpe][INFO] - build_posterior_wrapper took 0.002488 seconds
[2023-12-01 14:49:17,579][hyperopt.tpe][INFO] - TPE using 346/346 trials with best loss 0.190420
[2023-12-01 14:49:17,665][hyperopt.tpe][INFO] - build_posterior_wrapper took 0.002478 seconds
[2023-12-01 14:49:17,665][hyperopt.tpe][INFO] - TPE using 347/347 trials with best loss 0.190420
[2023-12-01 14:49:17,799][hyperopt.tpe][INFO] - build_posterior_wrapper took 0.002477 seconds
[2023-12-01 14:49:17,799][hyperopt.tpe][INFO] - TPE using 348/348 trials with best loss 0.190420
[2023-12-01 14:49:17,932][hyperopt.tpe][INFO] - build_posterior_wrapper took 0.002467 seconds
[2023-12-01 14:49:17,933][hyperopt.tpe][INFO] - TPE using 349/349 trials with best loss 0.190420
[2023-12-01 14:49:17,983][hyperopt.tpe][INFO] - build_posterior_wrapper took 0.002481 seconds
[2023-12-01 14:49:17,983][hyperopt.tpe][INFO] - TPE using 350/350 trials with best loss 0.190420
[2023-12-01 14:49:18,118][hyperopt.tpe][INFO] - build_posterior_wrapper took 0.002494 seconds
[2023-12-01 14:49:18,119][hyperopt.tpe][INFO] - TPE using 351/351 trials with best loss 0.190420
[2023-12-01 14:49:18,228][hyperopt.tpe][INFO] - build_posterior_wrapper took 0.002474 seconds
[2023-12-01 14:49:18,228][hyperopt.tpe][INFO] - TPE using 352/352 trials with best loss 0.190420
[2023-12-01 14:49:18,366][hyperopt.tpe][INFO] - build_posterior_wrapper took 0.002574 seconds
[2023-12-01 14:49:18,366][hyperopt.tpe][INFO] - TPE using 353/353 trials with best loss 0.190420
[2023-12-01 14:49:18,470][hyperopt.tpe][INFO] - build_posterior_wrapper took 0.002464 seconds
[2023-12-01 14:49:18,471][hyperopt.tpe][INFO] - TPE using 354/354 trials with best loss 0.190420
[2023-12-01 14:49:18,687][hyperopt.tpe][INFO] - build_posterior_wrapper took 0.002500 seconds
[2023-12-01 14:49:18,687][hyperopt.tpe][INFO] - TPE using 355/355 trials with best loss 0.190420
[2023-12-01 14:49:18,762][hyperopt.tpe][INFO] - build_posterior_wrapper took 0.002478 seconds
[2023-12-01 14:49:18,763][hyperopt.tpe][INFO] - TPE using 356/356 trials with best loss 0.190420
[2023-12-01 14:49:18,930][hyperopt.tpe][INFO] - build_posterior_wrapper took 0.002479 seconds
[2023-12-01 14:49:18,930][hyperopt.tpe][INFO] - TPE using 357/357 trials with best loss 0.190420
[2023-12-01 14:49:19,066][hyperopt.tpe][INFO] - build_posterior_wrapper took 0.002484 seconds
[2023-12-01 14:49:19,067][hyperopt.tpe][INFO] - TPE using 358/358 trials with best loss 0.190420
[2023-12-01 14:49:19,122][hyperopt.tpe][INFO] - build_posterior_wrapper took 0.002517 seconds
[2023-12-01 14:49:19,122][hyperopt.tpe][INFO] - TPE using 359/359 trials with best loss 0.190420
[2023-12-01 14:49:19,264][hyperopt.tpe][INFO] - build_posterior_wrapper took 0.002489 seconds
[2023-12-01 14:49:19,264][hyperopt.tpe][INFO] - TPE using 360/360 trials with best loss 0.190420
[2023-12-01 14:49:19,374][hyperopt.tpe][INFO] - build_posterior_wrapper took 0.002496 seconds
[2023-12-01 14:49:19,374][hyperopt.tpe][INFO] - TPE using 361/361 trials with best loss 0.190420
[2023-12-01 14:49:19,513][hyperopt.tpe][INFO] - build_posterior_wrapper took 0.002495 seconds
[2023-12-01 14:49:19,513][hyperopt.tpe][INFO] - TPE using 362/362 trials with best loss 0.190420
[2023-12-01 14:49:19,608][hyperopt.tpe][INFO] - build_posterior_wrapper took 0.002451 seconds
[2023-12-01 14:49:19,608][hyperopt.tpe][INFO] - TPE using 363/363 trials with best loss 0.190420
[2023-12-01 14:49:19,744][hyperopt.tpe][INFO] - build_posterior_wrapper took 0.002476 seconds
[2023-12-01 14:49:19,744][hyperopt.tpe][INFO] - TPE using 364/364 trials with best loss 0.190420
[2023-12-01 14:49:19,817][hyperopt.tpe][INFO] - build_posterior_wrapper took 0.002471 seconds
[2023-12-01 14:49:19,817][hyperopt.tpe][INFO] - TPE using 365/365 trials with best loss 0.190420
[2023-12-01 14:49:19,965][hyperopt.tpe][INFO] - build_posterior_wrapper took 0.002508 seconds
[2023-12-01 14:49:19,965][hyperopt.tpe][INFO] - TPE using 366/366 trials with best loss 0.190420
[2023-12-01 14:49:20,163][hyperopt.tpe][INFO] - build_posterior_wrapper took 0.002516 seconds
[2023-12-01 14:49:20,164][hyperopt.tpe][INFO] - TPE using 367/367 trials with best loss 0.190420
[2023-12-01 14:49:20,219][hyperopt.tpe][INFO] - build_posterior_wrapper took 0.002466 seconds
[2023-12-01 14:49:20,220][hyperopt.tpe][INFO] - TPE using 368/368 trials with best loss 0.190420
[2023-12-01 14:49:20,376][hyperopt.tpe][INFO] - build_posterior_wrapper took 0.002481 seconds
[2023-12-01 14:49:20,376][hyperopt.tpe][INFO] - TPE using 369/369 trials with best loss 0.190420
[2023-12-01 14:49:20,499][hyperopt.tpe][INFO] - build_posterior_wrapper took 0.002491 seconds
[2023-12-01 14:49:20,499][hyperopt.tpe][INFO] - TPE using 370/370 trials with best loss 0.190420
[2023-12-01 14:49:20,636][hyperopt.tpe][INFO] - build_posterior_wrapper took 0.002505 seconds
[2023-12-01 14:49:20,636][hyperopt.tpe][INFO] - TPE using 371/371 trials with best loss 0.190420
[2023-12-01 14:49:20,725][hyperopt.tpe][INFO] - build_posterior_wrapper took 0.002470 seconds
[2023-12-01 14:49:20,725][hyperopt.tpe][INFO] - TPE using 372/372 trials with best loss 0.190420
[2023-12-01 14:49:20,863][hyperopt.tpe][INFO] - build_posterior_wrapper took 0.002481 seconds
[2023-12-01 14:49:20,863][hyperopt.tpe][INFO] - TPE using 373/373 trials with best loss 0.190420
[2023-12-01 14:49:20,937][hyperopt.tpe][INFO] - build_posterior_wrapper took 0.002482 seconds
[2023-12-01 14:49:20,937][hyperopt.tpe][INFO] - TPE using 374/374 trials with best loss 0.190420
[2023-12-01 14:49:21,084][hyperopt.tpe][INFO] - build_posterior_wrapper took 0.002465 seconds
[2023-12-01 14:49:21,084][hyperopt.tpe][INFO] - TPE using 375/375 trials with best loss 0.190420
[2023-12-01 14:49:21,220][hyperopt.tpe][INFO] - build_posterior_wrapper took 0.002498 seconds
[2023-12-01 14:49:21,220][hyperopt.tpe][INFO] - TPE using 376/376 trials with best loss 0.190420
[2023-12-01 14:49:21,278][hyperopt.tpe][INFO] - build_posterior_wrapper took 0.002444 seconds
[2023-12-01 14:49:21,278][hyperopt.tpe][INFO] - TPE using 377/377 trials with best loss 0.190420
[2023-12-01 14:49:21,414][hyperopt.tpe][INFO] - build_posterior_wrapper took 0.002477 seconds
[2023-12-01 14:49:21,414][hyperopt.tpe][INFO] - TPE using 378/378 trials with best loss 0.190420
[2023-12-01 14:49:21,533][hyperopt.tpe][INFO] - build_posterior_wrapper took 0.002459 seconds
[2023-12-01 14:49:21,533][hyperopt.tpe][INFO] - TPE using 379/379 trials with best loss 0.190420
[2023-12-01 14:49:21,689][hyperopt.tpe][INFO] - build_posterior_wrapper took 0.002518 seconds
[2023-12-01 14:49:21,690][hyperopt.tpe][INFO] - TPE using 380/380 trials with best loss 0.190420
[2023-12-01 14:49:21,805][hyperopt.tpe][INFO] - build_posterior_wrapper took 0.002582 seconds
[2023-12-01 14:49:21,805][hyperopt.tpe][INFO] - TPE using 381/381 trials with best loss 0.190420
[2023-12-01 14:49:21,915][hyperopt.tpe][INFO] - build_posterior_wrapper took 0.002483 seconds
[2023-12-01 14:49:21,915][hyperopt.tpe][INFO] - TPE using 382/382 trials with best loss 0.190420
[2023-12-01 14:49:21,993][hyperopt.tpe][INFO] - build_posterior_wrapper took 0.002478 seconds
[2023-12-01 14:49:21,993][hyperopt.tpe][INFO] - TPE using 383/383 trials with best loss 0.190420
[2023-12-01 14:49:22,117][hyperopt.tpe][INFO] - build_posterior_wrapper took 0.002499 seconds
[2023-12-01 14:49:22,117][hyperopt.tpe][INFO] - TPE using 384/384 trials with best loss 0.190420
[2023-12-01 14:49:22,264][hyperopt.tpe][INFO] - build_posterior_wrapper took 0.002479 seconds
[2023-12-01 14:49:22,264][hyperopt.tpe][INFO] - TPE using 385/385 trials with best loss 0.190420
[2023-12-01 14:49:22,320][hyperopt.tpe][INFO] - build_posterior_wrapper took 0.002554 seconds
[2023-12-01 14:49:22,320][hyperopt.tpe][INFO] - TPE using 386/386 trials with best loss 0.190420
[2023-12-01 14:49:22,469][hyperopt.tpe][INFO] - build_posterior_wrapper took 0.002449 seconds
[2023-12-01 14:49:22,470][hyperopt.tpe][INFO] - TPE using 387/387 trials with best loss 0.190420
[2023-12-01 14:49:22,612][hyperopt.tpe][INFO] - build_posterior_wrapper took 0.002468 seconds
[2023-12-01 14:49:22,613][hyperopt.tpe][INFO] - TPE using 388/388 trials with best loss 0.190420
[2023-12-01 14:49:22,752][hyperopt.tpe][INFO] - build_posterior_wrapper took 0.002467 seconds
[2023-12-01 14:49:22,753][hyperopt.tpe][INFO] - TPE using 389/389 trials with best loss 0.190420
[2023-12-01 14:49:22,846][hyperopt.tpe][INFO] - build_posterior_wrapper took 0.002448 seconds
[2023-12-01 14:49:22,846][hyperopt.tpe][INFO] - TPE using 390/390 trials with best loss 0.190420
[2023-12-01 14:49:22,963][hyperopt.tpe][INFO] - build_posterior_wrapper took 0.002475 seconds
[2023-12-01 14:49:22,964][hyperopt.tpe][INFO] - TPE using 391/391 trials with best loss 0.190420
[2023-12-01 14:49:23,033][hyperopt.tpe][INFO] - build_posterior_wrapper took 0.002524 seconds
[2023-12-01 14:49:23,033][hyperopt.tpe][INFO] - TPE using 392/392 trials with best loss 0.190420
[2023-12-01 14:49:23,152][hyperopt.tpe][INFO] - build_posterior_wrapper took 0.002466 seconds
[2023-12-01 14:49:23,152][hyperopt.tpe][INFO] - TPE using 393/393 trials with best loss 0.190420
[2023-12-01 14:49:23,291][hyperopt.tpe][INFO] - build_posterior_wrapper took 0.002472 seconds
[2023-12-01 14:49:23,291][hyperopt.tpe][INFO] - TPE using 394/394 trials with best loss 0.190420
[2023-12-01 14:49:23,363][hyperopt.tpe][INFO] - build_posterior_wrapper took 0.002481 seconds
[2023-12-01 14:49:23,364][hyperopt.tpe][INFO] - TPE using 395/395 trials with best loss 0.190420
[2023-12-01 14:49:23,500][hyperopt.tpe][INFO] - build_posterior_wrapper took 0.002488 seconds
[2023-12-01 14:49:23,501][hyperopt.tpe][INFO] - TPE using 396/396 trials with best loss 0.190420
[2023-12-01 14:49:23,683][hyperopt.tpe][INFO] - build_posterior_wrapper took 0.002472 seconds
[2023-12-01 14:49:23,683][hyperopt.tpe][INFO] - TPE using 397/397 trials with best loss 0.190420
[2023-12-01 14:49:23,814][hyperopt.tpe][INFO] - build_posterior_wrapper took 0.002471 seconds
[2023-12-01 14:49:23,815][hyperopt.tpe][INFO] - TPE using 398/398 trials with best loss 0.190420
[2023-12-01 14:49:23,929][hyperopt.tpe][INFO] - build_posterior_wrapper took 0.002487 seconds
[2023-12-01 14:49:23,930][hyperopt.tpe][INFO] - TPE using 399/399 trials with best loss 0.190420
[2023-12-01 14:49:24,057][hyperopt.tpe][INFO] - build_posterior_wrapper took 0.002441 seconds
[2023-12-01 14:49:24,057][hyperopt.tpe][INFO] - TPE using 400/400 trials with best loss 0.190420
[2023-12-01 14:49:24,141][hyperopt.tpe][INFO] - build_posterior_wrapper took 0.002470 seconds
[2023-12-01 14:49:24,141][hyperopt.tpe][INFO] - TPE using 401/401 trials with best loss 0.190420
[2023-12-01 14:49:24,277][hyperopt.tpe][INFO] - build_posterior_wrapper took 0.002474 seconds
[2023-12-01 14:49:24,277][hyperopt.tpe][INFO] - TPE using 402/402 trials with best loss 0.190420
[2023-12-01 14:49:24,414][hyperopt.tpe][INFO] - build_posterior_wrapper took 0.002475 seconds
[2023-12-01 14:49:24,414][hyperopt.tpe][INFO] - TPE using 403/403 trials with best loss 0.190420
[2023-12-01 14:49:24,551][hyperopt.tpe][INFO] - build_posterior_wrapper took 0.002460 seconds
[2023-12-01 14:49:24,552][hyperopt.tpe][INFO] - TPE using 404/404 trials with best loss 0.190420
[2023-12-01 14:49:24,688][hyperopt.tpe][INFO] - build_posterior_wrapper took 0.002479 seconds
[2023-12-01 14:49:24,689][hyperopt.tpe][INFO] - TPE using 405/405 trials with best loss 0.190420
[2023-12-01 14:49:24,825][hyperopt.tpe][INFO] - build_posterior_wrapper took 0.002460 seconds
[2023-12-01 14:49:24,826][hyperopt.tpe][INFO] - TPE using 406/406 trials with best loss 0.190420
[2023-12-01 14:49:24,962][hyperopt.tpe][INFO] - build_posterior_wrapper took 0.002491 seconds
[2023-12-01 14:49:24,963][hyperopt.tpe][INFO] - TPE using 407/407 trials with best loss 0.190420
[2023-12-01 14:49:25,099][hyperopt.tpe][INFO] - build_posterior_wrapper took 0.002449 seconds
[2023-12-01 14:49:25,099][hyperopt.tpe][INFO] - TPE using 408/408 trials with best loss 0.190420
[2023-12-01 14:49:25,235][hyperopt.tpe][INFO] - build_posterior_wrapper took 0.002475 seconds
[2023-12-01 14:49:25,236][hyperopt.tpe][INFO] - TPE using 409/409 trials with best loss 0.190420
[2023-12-01 14:49:25,371][hyperopt.tpe][INFO] - build_posterior_wrapper took 0.002503 seconds
[2023-12-01 14:49:25,372][hyperopt.tpe][INFO] - TPE using 410/410 trials with best loss 0.190420
[2023-12-01 14:49:25,509][hyperopt.tpe][INFO] - build_posterior_wrapper took 0.002481 seconds
[2023-12-01 14:49:25,509][hyperopt.tpe][INFO] - TPE using 411/411 trials with best loss 0.190420
[2023-12-01 14:49:25,645][hyperopt.tpe][INFO] - build_posterior_wrapper took 0.002482 seconds
[2023-12-01 14:49:25,646][hyperopt.tpe][INFO] - TPE using 412/412 trials with best loss 0.190420
[2023-12-01 14:49:25,782][hyperopt.tpe][INFO] - build_posterior_wrapper took 0.002479 seconds
[2023-12-01 14:49:25,782][hyperopt.tpe][INFO] - TPE using 413/413 trials with best loss 0.190420
[2023-12-01 14:49:25,918][hyperopt.tpe][INFO] - build_posterior_wrapper took 0.002482 seconds
[2023-12-01 14:49:25,919][hyperopt.tpe][INFO] - TPE using 414/414 trials with best loss 0.190420
[2023-12-01 14:49:26,056][hyperopt.tpe][INFO] - build_posterior_wrapper took 0.002477 seconds
[2023-12-01 14:49:26,057][hyperopt.tpe][INFO] - TPE using 415/415 trials with best loss 0.190420
[2023-12-01 14:49:26,193][hyperopt.tpe][INFO] - build_posterior_wrapper took 0.002501 seconds
[2023-12-01 14:49:26,193][hyperopt.tpe][INFO] - TPE using 416/416 trials with best loss 0.190420
[2023-12-01 14:49:26,314][hyperopt.tpe][INFO] - build_posterior_wrapper took 0.002464 seconds
[2023-12-01 14:49:26,314][hyperopt.tpe][INFO] - TPE using 417/417 trials with best loss 0.190420
[2023-12-01 14:49:26,450][hyperopt.tpe][INFO] - build_posterior_wrapper took 0.002491 seconds
[2023-12-01 14:49:26,451][hyperopt.tpe][INFO] - TPE using 418/418 trials with best loss 0.190420
[2023-12-01 14:49:26,586][hyperopt.tpe][INFO] - build_posterior_wrapper took 0.002458 seconds
[2023-12-01 14:49:26,587][hyperopt.tpe][INFO] - TPE using 419/419 trials with best loss 0.190420
[2023-12-01 14:49:26,703][hyperopt.tpe][INFO] - build_posterior_wrapper took 0.002494 seconds
[2023-12-01 14:49:26,703][hyperopt.tpe][INFO] - TPE using 420/420 trials with best loss 0.190420
[2023-12-01 14:49:26,820][hyperopt.tpe][INFO] - build_posterior_wrapper took 0.002481 seconds
[2023-12-01 14:49:26,821][hyperopt.tpe][INFO] - TPE using 421/421 trials with best loss 0.190420
[2023-12-01 14:49:26,958][hyperopt.tpe][INFO] - build_posterior_wrapper took 0.002471 seconds
[2023-12-01 14:49:26,959][hyperopt.tpe][INFO] - TPE using 422/422 trials with best loss 0.190420
[2023-12-01 14:49:27,098][hyperopt.tpe][INFO] - build_posterior_wrapper took 0.002461 seconds
[2023-12-01 14:49:27,098][hyperopt.tpe][INFO] - TPE using 423/423 trials with best loss 0.190420
[2023-12-01 14:49:27,208][hyperopt.tpe][INFO] - build_posterior_wrapper took 0.002446 seconds
[2023-12-01 14:49:27,209][hyperopt.tpe][INFO] - TPE using 424/424 trials with best loss 0.190420
[2023-12-01 14:49:27,268][hyperopt.tpe][INFO] - build_posterior_wrapper took 0.002500 seconds
[2023-12-01 14:49:27,268][hyperopt.tpe][INFO] - TPE using 425/425 trials with best loss 0.190420
[2023-12-01 14:49:27,405][hyperopt.tpe][INFO] - build_posterior_wrapper took 0.002503 seconds
[2023-12-01 14:49:27,405][hyperopt.tpe][INFO] - TPE using 426/426 trials with best loss 0.190420
[2023-12-01 14:49:27,629][hyperopt.tpe][INFO] - build_posterior_wrapper took 0.002563 seconds
[2023-12-01 14:49:27,629][hyperopt.tpe][INFO] - TPE using 427/427 trials with best loss 0.190420
[2023-12-01 14:49:27,753][hyperopt.tpe][INFO] - build_posterior_wrapper took 0.002472 seconds
[2023-12-01 14:49:27,753][hyperopt.tpe][INFO] - TPE using 428/428 trials with best loss 0.190420
[2023-12-01 14:49:27,899][hyperopt.tpe][INFO] - build_posterior_wrapper took 0.002478 seconds
[2023-12-01 14:49:27,900][hyperopt.tpe][INFO] - TPE using 429/429 trials with best loss 0.190420
[2023-12-01 14:49:28,036][hyperopt.tpe][INFO] - build_posterior_wrapper took 0.002464 seconds
[2023-12-01 14:49:28,037][hyperopt.tpe][INFO] - TPE using 430/430 trials with best loss 0.190420
[2023-12-01 14:49:28,126][hyperopt.tpe][INFO] - build_posterior_wrapper took 0.002489 seconds
[2023-12-01 14:49:28,127][hyperopt.tpe][INFO] - TPE using 431/431 trials with best loss 0.190420
[2023-12-01 14:49:28,258][hyperopt.tpe][INFO] - build_posterior_wrapper took 0.002465 seconds
[2023-12-01 14:49:28,258][hyperopt.tpe][INFO] - TPE using 432/432 trials with best loss 0.190420
[2023-12-01 14:49:28,389][hyperopt.tpe][INFO] - build_posterior_wrapper took 0.002495 seconds
[2023-12-01 14:49:28,390][hyperopt.tpe][INFO] - TPE using 433/433 trials with best loss 0.190420
[2023-12-01 14:49:28,439][hyperopt.tpe][INFO] - build_posterior_wrapper took 0.002466 seconds
[2023-12-01 14:49:28,440][hyperopt.tpe][INFO] - TPE using 434/434 trials with best loss 0.190420
[2023-12-01 14:49:28,561][hyperopt.tpe][INFO] - build_posterior_wrapper took 0.002462 seconds
[2023-12-01 14:49:28,561][hyperopt.tpe][INFO] - TPE using 435/435 trials with best loss 0.190420
[2023-12-01 14:49:28,699][hyperopt.tpe][INFO] - build_posterior_wrapper took 0.002491 seconds
[2023-12-01 14:49:28,699][hyperopt.tpe][INFO] - TPE using 436/436 trials with best loss 0.190420
[2023-12-01 14:49:28,831][hyperopt.tpe][INFO] - build_posterior_wrapper took 0.002484 seconds
[2023-12-01 14:49:28,831][hyperopt.tpe][INFO] - TPE using 437/437 trials with best loss 0.190420
[2023-12-01 14:49:28,950][hyperopt.tpe][INFO] - build_posterior_wrapper took 0.002476 seconds
[2023-12-01 14:49:28,951][hyperopt.tpe][INFO] - TPE using 438/438 trials with best loss 0.190420
[2023-12-01 14:49:29,077][hyperopt.tpe][INFO] - build_posterior_wrapper took 0.002470 seconds
[2023-12-01 14:49:29,077][hyperopt.tpe][INFO] - TPE using 439/439 trials with best loss 0.190420
[2023-12-01 14:49:29,214][hyperopt.tpe][INFO] - build_posterior_wrapper took 0.002480 seconds
[2023-12-01 14:49:29,215][hyperopt.tpe][INFO] - TPE using 440/440 trials with best loss 0.190420
[2023-12-01 14:49:29,342][hyperopt.tpe][INFO] - build_posterior_wrapper took 0.002504 seconds
[2023-12-01 14:49:29,343][hyperopt.tpe][INFO] - TPE using 441/441 trials with best loss 0.190420
[2023-12-01 14:49:29,473][hyperopt.tpe][INFO] - build_posterior_wrapper took 0.002483 seconds
[2023-12-01 14:49:29,473][hyperopt.tpe][INFO] - TPE using 442/442 trials with best loss 0.190420
[2023-12-01 14:49:29,643][hyperopt.tpe][INFO] - build_posterior_wrapper took 0.002498 seconds
[2023-12-01 14:49:29,643][hyperopt.tpe][INFO] - TPE using 443/443 trials with best loss 0.190420
[2023-12-01 14:49:29,699][hyperopt.tpe][INFO] - build_posterior_wrapper took 0.002473 seconds
[2023-12-01 14:49:29,699][hyperopt.tpe][INFO] - TPE using 444/444 trials with best loss 0.190420
[2023-12-01 14:49:29,823][hyperopt.tpe][INFO] - build_posterior_wrapper took 0.002459 seconds
[2023-12-01 14:49:29,823][hyperopt.tpe][INFO] - TPE using 445/445 trials with best loss 0.190420
[2023-12-01 14:49:29,950][hyperopt.tpe][INFO] - build_posterior_wrapper took 0.002503 seconds
[2023-12-01 14:49:29,950][hyperopt.tpe][INFO] - TPE using 446/446 trials with best loss 0.190420
[2023-12-01 14:49:30,060][hyperopt.tpe][INFO] - build_posterior_wrapper took 0.002507 seconds
[2023-12-01 14:49:30,061][hyperopt.tpe][INFO] - TPE using 447/447 trials with best loss 0.190420
[2023-12-01 14:49:30,182][hyperopt.tpe][INFO] - build_posterior_wrapper took 0.002514 seconds
[2023-12-01 14:49:30,182][hyperopt.tpe][INFO] - TPE using 448/448 trials with best loss 0.190420
[2023-12-01 14:49:30,291][hyperopt.tpe][INFO] - build_posterior_wrapper took 0.002481 seconds
[2023-12-01 14:49:30,292][hyperopt.tpe][INFO] - TPE using 449/449 trials with best loss 0.190420
[2023-12-01 14:49:30,439][hyperopt.tpe][INFO] - build_posterior_wrapper took 0.002487 seconds
[2023-12-01 14:49:30,439][hyperopt.tpe][INFO] - TPE using 450/450 trials with best loss 0.190420
[2023-12-01 14:49:30,519][hyperopt.tpe][INFO] - build_posterior_wrapper took 0.002514 seconds
[2023-12-01 14:49:30,519][hyperopt.tpe][INFO] - TPE using 451/451 trials with best loss 0.190420
[2023-12-01 14:49:30,661][hyperopt.tpe][INFO] - build_posterior_wrapper took 0.002466 seconds
[2023-12-01 14:49:30,662][hyperopt.tpe][INFO] - TPE using 452/452 trials with best loss 0.190420
[2023-12-01 14:49:30,804][hyperopt.tpe][INFO] - build_posterior_wrapper took 0.002485 seconds
[2023-12-01 14:49:30,804][hyperopt.tpe][INFO] - TPE using 453/453 trials with best loss 0.190420
[2023-12-01 14:49:30,860][hyperopt.tpe][INFO] - build_posterior_wrapper took 0.002446 seconds
[2023-12-01 14:49:30,860][hyperopt.tpe][INFO] - TPE using 454/454 trials with best loss 0.190420
[2023-12-01 14:49:31,007][hyperopt.tpe][INFO] - build_posterior_wrapper took 0.002587 seconds
[2023-12-01 14:49:31,008][hyperopt.tpe][INFO] - TPE using 455/455 trials with best loss 0.190420
[2023-12-01 14:49:31,144][hyperopt.tpe][INFO] - build_posterior_wrapper took 0.002471 seconds
[2023-12-01 14:49:31,145][hyperopt.tpe][INFO] - TPE using 456/456 trials with best loss 0.190420
[2023-12-01 14:49:31,273][hyperopt.tpe][INFO] - build_posterior_wrapper took 0.002465 seconds
[2023-12-01 14:49:31,274][hyperopt.tpe][INFO] - TPE using 457/457 trials with best loss 0.190420
[2023-12-01 14:49:31,384][hyperopt.tpe][INFO] - build_posterior_wrapper took 0.002467 seconds
[2023-12-01 14:49:31,384][hyperopt.tpe][INFO] - TPE using 458/458 trials with best loss 0.190420
[2023-12-01 14:49:31,461][hyperopt.tpe][INFO] - build_posterior_wrapper took 0.002483 seconds
[2023-12-01 14:49:31,461][hyperopt.tpe][INFO] - TPE using 459/459 trials with best loss 0.190420
[2023-12-01 14:49:31,567][hyperopt.tpe][INFO] - build_posterior_wrapper took 0.002504 seconds
[2023-12-01 14:49:31,567][hyperopt.tpe][INFO] - TPE using 460/460 trials with best loss 0.190420
[2023-12-01 14:49:31,718][hyperopt.tpe][INFO] - build_posterior_wrapper took 0.002538 seconds
[2023-12-01 14:49:31,719][hyperopt.tpe][INFO] - TPE using 461/461 trials with best loss 0.190420
[2023-12-01 14:49:31,889][hyperopt.tpe][INFO] - build_posterior_wrapper took 0.002467 seconds
[2023-12-01 14:49:31,889][hyperopt.tpe][INFO] - TPE using 462/462 trials with best loss 0.190420
[2023-12-01 14:49:32,010][hyperopt.tpe][INFO] - build_posterior_wrapper took 0.002481 seconds
[2023-12-01 14:49:32,011][hyperopt.tpe][INFO] - TPE using 463/463 trials with best loss 0.190420
[2023-12-01 14:49:32,067][hyperopt.tpe][INFO] - build_posterior_wrapper took 0.002483 seconds
[2023-12-01 14:49:32,068][hyperopt.tpe][INFO] - TPE using 464/464 trials with best loss 0.190420
[2023-12-01 14:49:32,199][hyperopt.tpe][INFO] - build_posterior_wrapper took 0.002477 seconds
[2023-12-01 14:49:32,200][hyperopt.tpe][INFO] - TPE using 465/465 trials with best loss 0.190420
[2023-12-01 14:49:32,331][hyperopt.tpe][INFO] - build_posterior_wrapper took 0.002579 seconds
[2023-12-01 14:49:32,332][hyperopt.tpe][INFO] - TPE using 466/466 trials with best loss 0.190420
[2023-12-01 14:49:32,449][hyperopt.tpe][INFO] - build_posterior_wrapper took 0.002483 seconds
[2023-12-01 14:49:32,450][hyperopt.tpe][INFO] - TPE using 467/467 trials with best loss 0.190420
[2023-12-01 14:49:32,560][hyperopt.tpe][INFO] - build_posterior_wrapper took 0.002474 seconds
[2023-12-01 14:49:32,561][hyperopt.tpe][INFO] - TPE using 468/468 trials with best loss 0.190420
[2023-12-01 14:49:32,670][hyperopt.tpe][INFO] - build_posterior_wrapper took 0.002463 seconds
[2023-12-01 14:49:32,670][hyperopt.tpe][INFO] - TPE using 469/469 trials with best loss 0.190420
[2023-12-01 14:49:32,815][hyperopt.tpe][INFO] - build_posterior_wrapper took 0.002492 seconds
[2023-12-01 14:49:32,816][hyperopt.tpe][INFO] - TPE using 470/470 trials with best loss 0.190420
[2023-12-01 14:49:32,898][hyperopt.tpe][INFO] - build_posterior_wrapper took 0.002548 seconds
[2023-12-01 14:49:32,899][hyperopt.tpe][INFO] - TPE using 471/471 trials with best loss 0.190420
[2023-12-01 14:49:33,044][hyperopt.tpe][INFO] - build_posterior_wrapper took 0.002513 seconds
[2023-12-01 14:49:33,045][hyperopt.tpe][INFO] - TPE using 472/472 trials with best loss 0.190420
[2023-12-01 14:49:33,099][hyperopt.tpe][INFO] - build_posterior_wrapper took 0.002512 seconds
[2023-12-01 14:49:33,099][hyperopt.tpe][INFO] - TPE using 473/473 trials with best loss 0.190420
[2023-12-01 14:49:33,268][hyperopt.tpe][INFO] - build_posterior_wrapper took 0.002522 seconds
[2023-12-01 14:49:33,268][hyperopt.tpe][INFO] - TPE using 474/474 trials with best loss 0.190420
[2023-12-01 14:49:33,392][hyperopt.tpe][INFO] - build_posterior_wrapper took 0.002481 seconds
[2023-12-01 14:49:33,392][hyperopt.tpe][INFO] - TPE using 475/475 trials with best loss 0.190420
[2023-12-01 14:49:33,534][hyperopt.tpe][INFO] - build_posterior_wrapper took 0.002560 seconds
[2023-12-01 14:49:33,534][hyperopt.tpe][INFO] - TPE using 476/476 trials with best loss 0.190420
[2023-12-01 14:49:33,671][hyperopt.tpe][INFO] - build_posterior_wrapper took 0.002470 seconds
[2023-12-01 14:49:33,671][hyperopt.tpe][INFO] - TPE using 477/477 trials with best loss 0.190420
[2023-12-01 14:49:33,792][hyperopt.tpe][INFO] - build_posterior_wrapper took 0.002474 seconds
[2023-12-01 14:49:33,793][hyperopt.tpe][INFO] - TPE using 478/478 trials with best loss 0.190420
[2023-12-01 14:49:33,883][hyperopt.tpe][INFO] - build_posterior_wrapper took 0.002476 seconds
[2023-12-01 14:49:33,883][hyperopt.tpe][INFO] - TPE using 479/479 trials with best loss 0.190420
[2023-12-01 14:49:34,000][hyperopt.tpe][INFO] - build_posterior_wrapper took 0.002493 seconds
[2023-12-01 14:49:34,000][hyperopt.tpe][INFO] - TPE using 480/480 trials with best loss 0.190420
[2023-12-01 14:49:34,083][hyperopt.tpe][INFO] - build_posterior_wrapper took 0.002508 seconds
[2023-12-01 14:49:34,083][hyperopt.tpe][INFO] - TPE using 481/481 trials with best loss 0.190420
[2023-12-01 14:49:34,201][hyperopt.tpe][INFO] - build_posterior_wrapper took 0.002533 seconds
[2023-12-01 14:49:34,202][hyperopt.tpe][INFO] - TPE using 482/482 trials with best loss 0.190420
[2023-12-01 14:49:34,425][hyperopt.tpe][INFO] - build_posterior_wrapper took 0.051393 seconds
[2023-12-01 14:49:34,426][hyperopt.tpe][INFO] - TPE using 483/483 trials with best loss 0.190420
[2023-12-01 14:49:34,478][hyperopt.tpe][INFO] - build_posterior_wrapper took 0.002518 seconds
[2023-12-01 14:49:34,479][hyperopt.tpe][INFO] - TPE using 484/484 trials with best loss 0.190420
[2023-12-01 14:49:34,680][hyperopt.tpe][INFO] - build_posterior_wrapper took 0.002511 seconds
[2023-12-01 14:49:34,681][hyperopt.tpe][INFO] - TPE using 485/485 trials with best loss 0.190420
[2023-12-01 14:49:34,819][hyperopt.tpe][INFO] - build_posterior_wrapper took 0.002518 seconds
[2023-12-01 14:49:34,819][hyperopt.tpe][INFO] - TPE using 486/486 trials with best loss 0.190420
[2023-12-01 14:49:35,009][hyperopt.tpe][INFO] - build_posterior_wrapper took 0.002528 seconds
[2023-12-01 14:49:35,009][hyperopt.tpe][INFO] - TPE using 487/487 trials with best loss 0.190420
[2023-12-01 14:49:35,143][hyperopt.tpe][INFO] - build_posterior_wrapper took 0.002509 seconds
[2023-12-01 14:49:35,143][hyperopt.tpe][INFO] - TPE using 488/488 trials with best loss 0.190420
[2023-12-01 14:49:35,253][hyperopt.tpe][INFO] - build_posterior_wrapper took 0.002497 seconds
[2023-12-01 14:49:35,254][hyperopt.tpe][INFO] - TPE using 489/489 trials with best loss 0.190420
[2023-12-01 14:49:35,364][hyperopt.tpe][INFO] - build_posterior_wrapper took 0.002489 seconds
[2023-12-01 14:49:35,365][hyperopt.tpe][INFO] - TPE using 490/490 trials with best loss 0.190420
[2023-12-01 14:49:35,443][hyperopt.tpe][INFO] - build_posterior_wrapper took 0.002486 seconds
[2023-12-01 14:49:35,443][hyperopt.tpe][INFO] - TPE using 491/491 trials with best loss 0.190420
[2023-12-01 14:49:35,575][hyperopt.tpe][INFO] - build_posterior_wrapper took 0.002542 seconds
[2023-12-01 14:49:35,576][hyperopt.tpe][INFO] - TPE using 492/492 trials with best loss 0.190420
[2023-12-01 14:49:35,697][hyperopt.tpe][INFO] - build_posterior_wrapper took 0.002469 seconds
[2023-12-01 14:49:35,697][hyperopt.tpe][INFO] - TPE using 493/493 trials with best loss 0.190420
[2023-12-01 14:49:35,768][hyperopt.tpe][INFO] - build_posterior_wrapper took 0.002520 seconds
[2023-12-01 14:49:35,769][hyperopt.tpe][INFO] - TPE using 494/494 trials with best loss 0.190420
[2023-12-01 14:49:35,900][hyperopt.tpe][INFO] - build_posterior_wrapper took 0.002507 seconds
[2023-12-01 14:49:35,901][hyperopt.tpe][INFO] - TPE using 495/495 trials with best loss 0.190420
[2023-12-01 14:49:36,017][hyperopt.tpe][INFO] - build_posterior_wrapper took 0.002516 seconds
[2023-12-01 14:49:36,018][hyperopt.tpe][INFO] - TPE using 496/496 trials with best loss 0.190420
[2023-12-01 14:49:36,184][hyperopt.tpe][INFO] - build_posterior_wrapper took 0.002598 seconds
[2023-12-01 14:49:36,185][hyperopt.tpe][INFO] - TPE using 497/497 trials with best loss 0.190420
[2023-12-01 14:49:36,317][hyperopt.tpe][INFO] - build_posterior_wrapper took 0.002499 seconds
[2023-12-01 14:49:36,318][hyperopt.tpe][INFO] - TPE using 498/498 trials with best loss 0.190420
[2023-12-01 14:49:36,425][hyperopt.tpe][INFO] - build_posterior_wrapper took 0.002510 seconds
[2023-12-01 14:49:36,426][hyperopt.tpe][INFO] - TPE using 499/499 trials with best loss 0.190420
[2023-12-01 14:49:36,545][root][INFO] - Hyperopt complete
[2023-12-01 14:49:36,545][root][INFO] - Best params: {'gamma': 0, 'learning_rate': 0.505, 'max_depth': 9, 'min_child_weight': 2, 'n_estimators': 200, 'reg_lambda': 2.6, 'subsample': 0.2}
[2023-12-01 14:49:36,549][root][INFO] - Parameters written to /projects/p31961/ENIGMA/results/experiments/xgb_regression_da_and_d2_hyperopt_tune/best_params.yaml
[2023-12-01 14:49:36,549][root][INFO] - Writing results to /projects/p31961/ENIGMA/results/experiments/xgb_regression_da_and_d2_hyperopt_tune/hyper_opt_results.parquet
[2023-12-01 14:49:36,553][root][INFO] - Experiment complete
