[2023-07-06 13:58:32,571] INFO - Starting experiment
[2023-07-06 13:58:32,604] INFO - New directories created
[2023-07-06 13:58:32,604] INFO - Loading data
[2023-07-06 13:58:33,405] INFO - Splitting data into training, validation and testing sets
[2023-07-06 13:58:34,506] INFO - Training control model
[2023-07-06 13:58:36,491] DEBUG - Layer LSTM_1 will use cuDNN kernels when running on GPU.
[2023-07-06 13:58:36,498] DEBUG - Layer LSTM_2 will use cuDNN kernels when running on GPU.
[2023-07-06 23:54:07,916] INFO - Unsupported signature for serialization: ((TensorSpec(shape=(1, 512), dtype=tf.float32, name='gradient'), <tensorflow.python.framework.func_graph.UnknownArgument object at 0x2b93a3e766d0>, 47913271088816), {}).
[2023-07-06 23:54:07,920] INFO - Unsupported signature for serialization: ((TensorSpec(shape=(128, 512), dtype=tf.float32, name='gradient'), <tensorflow.python.framework.func_graph.UnknownArgument object at 0x2b93ad871b90>, 47913110770432), {}).
[2023-07-06 23:54:07,920] INFO - Unsupported signature for serialization: ((TensorSpec(shape=(512,), dtype=tf.float32, name='gradient'), <tensorflow.python.framework.func_graph.UnknownArgument object at 0x2b93cab4e3d0>, 47913271089488), {}).
[2023-07-06 23:54:07,920] INFO - Unsupported signature for serialization: ((TensorSpec(shape=(128, 512), dtype=tf.float32, name='gradient'), <tensorflow.python.framework.func_graph.UnknownArgument object at 0x2b93cab26c90>, 47913271664848), {}).
[2023-07-06 23:54:07,920] INFO - Unsupported signature for serialization: ((TensorSpec(shape=(128, 512), dtype=tf.float32, name='gradient'), <tensorflow.python.framework.func_graph.UnknownArgument object at 0x2b93cab57490>, 47913110773456), {}).
[2023-07-06 23:54:07,920] INFO - Unsupported signature for serialization: ((TensorSpec(shape=(512,), dtype=tf.float32, name='gradient'), <tensorflow.python.framework.func_graph.UnknownArgument object at 0x2b93cab63d50>, 47913271664560), {}).
[2023-07-06 23:54:07,920] INFO - Unsupported signature for serialization: ((TensorSpec(shape=(128, 1), dtype=tf.float32, name='gradient'), <tensorflow.python.framework.func_graph.UnknownArgument object at 0x2b93cab7c890>, 47913580060112), {}).
[2023-07-06 23:54:07,920] INFO - Unsupported signature for serialization: ((TensorSpec(shape=(1,), dtype=tf.float32, name='gradient'), <tensorflow.python.framework.func_graph.UnknownArgument object at 0x2b93cab79290>, 47913580060304), {}).
[2023-07-06 23:54:09,278] INFO - Unsupported signature for serialization: ((TensorSpec(shape=(1, 512), dtype=tf.float32, name='gradient'), <tensorflow.python.framework.func_graph.UnknownArgument object at 0x2b93a3e766d0>, 47913271088816), {}).
[2023-07-06 23:54:09,278] INFO - Unsupported signature for serialization: ((TensorSpec(shape=(128, 512), dtype=tf.float32, name='gradient'), <tensorflow.python.framework.func_graph.UnknownArgument object at 0x2b93ad871b90>, 47913110770432), {}).
[2023-07-06 23:54:09,278] INFO - Unsupported signature for serialization: ((TensorSpec(shape=(512,), dtype=tf.float32, name='gradient'), <tensorflow.python.framework.func_graph.UnknownArgument object at 0x2b93cab4e3d0>, 47913271089488), {}).
[2023-07-06 23:54:09,278] INFO - Unsupported signature for serialization: ((TensorSpec(shape=(128, 512), dtype=tf.float32, name='gradient'), <tensorflow.python.framework.func_graph.UnknownArgument object at 0x2b93cab26c90>, 47913271664848), {}).
[2023-07-06 23:54:09,278] INFO - Unsupported signature for serialization: ((TensorSpec(shape=(128, 512), dtype=tf.float32, name='gradient'), <tensorflow.python.framework.func_graph.UnknownArgument object at 0x2b93cab57490>, 47913110773456), {}).
[2023-07-06 23:54:09,279] INFO - Unsupported signature for serialization: ((TensorSpec(shape=(512,), dtype=tf.float32, name='gradient'), <tensorflow.python.framework.func_graph.UnknownArgument object at 0x2b93cab63d50>, 47913271664560), {}).
[2023-07-06 23:54:09,279] INFO - Unsupported signature for serialization: ((TensorSpec(shape=(128, 1), dtype=tf.float32, name='gradient'), <tensorflow.python.framework.func_graph.UnknownArgument object at 0x2b93cab7c890>, 47913580060112), {}).
[2023-07-06 23:54:09,280] INFO - Unsupported signature for serialization: ((TensorSpec(shape=(1,), dtype=tf.float32, name='gradient'), <tensorflow.python.framework.func_graph.UnknownArgument object at 0x2b93cab79290>, 47913580060304), {}).
[2023-07-06 23:54:09,296] WARNING - Found untraced functions such as _update_step_xla, lstm_cell_layer_call_fn, lstm_cell_layer_call_and_return_conditional_losses, lstm_cell_1_layer_call_fn, lstm_cell_1_layer_call_and_return_conditional_losses while saving (showing 5 of 5). These functions will not be directly callable after loading.
[2023-07-06 23:54:10,476] INFO - Assets written to: /projects/p31961/ENIGMA/results/experiments/binned_trial_experiment_01/models/control/assets
[2023-07-06 23:54:10,618] INFO - Control model training complete
[2023-07-06 23:54:10,618] INFO - Training dropped binned trials model
[2023-07-06 23:54:10,629] DEBUG - Layer LSTM_1 will use cuDNN kernels when running on GPU.
[2023-07-06 23:54:10,633] DEBUG - Layer LSTM_2 will use cuDNN kernels when running on GPU.
[2023-07-07 09:42:40,816] INFO - Unsupported signature for serialization: ((TensorSpec(shape=(1, 512), dtype=tf.float32, name='gradient'), <tensorflow.python.framework.func_graph.UnknownArgument object at 0x2ba11975b710>, 47970902525632), {}).
[2023-07-07 09:42:40,818] INFO - Unsupported signature for serialization: ((TensorSpec(shape=(128, 512), dtype=tf.float32, name='gradient'), <tensorflow.python.framework.func_graph.UnknownArgument object at 0x2ba11976cbd0>, 47970902525856), {}).
[2023-07-07 09:42:40,818] INFO - Unsupported signature for serialization: ((TensorSpec(shape=(512,), dtype=tf.float32, name='gradient'), <tensorflow.python.framework.func_graph.UnknownArgument object at 0x2ba119779490>, 47970912501264), {}).
[2023-07-07 09:42:40,818] INFO - Unsupported signature for serialization: ((TensorSpec(shape=(128, 512), dtype=tf.float32, name='gradient'), <tensorflow.python.framework.func_graph.UnknownArgument object at 0x2ba119785d90>, 47970911328656), {}).
[2023-07-07 09:42:40,818] INFO - Unsupported signature for serialization: ((TensorSpec(shape=(128, 512), dtype=tf.float32, name='gradient'), <tensorflow.python.framework.func_graph.UnknownArgument object at 0x2ba11978e7d0>, 47970914175776), {}).
[2023-07-07 09:42:40,818] INFO - Unsupported signature for serialization: ((TensorSpec(shape=(512,), dtype=tf.float32, name='gradient'), <tensorflow.python.framework.func_graph.UnknownArgument object at 0x2ba11979f090>, 47970901390608), {}).
[2023-07-07 09:42:40,818] INFO - Unsupported signature for serialization: ((TensorSpec(shape=(128, 1), dtype=tf.float32, name='gradient'), <tensorflow.python.framework.func_graph.UnknownArgument object at 0x2ba1197af9d0>, 47970914246480), {}).
[2023-07-07 09:42:40,818] INFO - Unsupported signature for serialization: ((TensorSpec(shape=(1,), dtype=tf.float32, name='gradient'), <tensorflow.python.framework.func_graph.UnknownArgument object at 0x2ba1197b7b50>, 47970914245040), {}).
[2023-07-07 09:42:41,991] INFO - Unsupported signature for serialization: ((TensorSpec(shape=(1, 512), dtype=tf.float32, name='gradient'), <tensorflow.python.framework.func_graph.UnknownArgument object at 0x2ba11975b710>, 47970902525632), {}).
[2023-07-07 09:42:41,991] INFO - Unsupported signature for serialization: ((TensorSpec(shape=(128, 512), dtype=tf.float32, name='gradient'), <tensorflow.python.framework.func_graph.UnknownArgument object at 0x2ba11976cbd0>, 47970902525856), {}).
[2023-07-07 09:42:41,991] INFO - Unsupported signature for serialization: ((TensorSpec(shape=(512,), dtype=tf.float32, name='gradient'), <tensorflow.python.framework.func_graph.UnknownArgument object at 0x2ba119779490>, 47970912501264), {}).
[2023-07-07 09:42:41,991] INFO - Unsupported signature for serialization: ((TensorSpec(shape=(128, 512), dtype=tf.float32, name='gradient'), <tensorflow.python.framework.func_graph.UnknownArgument object at 0x2ba119785d90>, 47970911328656), {}).
[2023-07-07 09:42:41,991] INFO - Unsupported signature for serialization: ((TensorSpec(shape=(128, 512), dtype=tf.float32, name='gradient'), <tensorflow.python.framework.func_graph.UnknownArgument object at 0x2ba11978e7d0>, 47970914175776), {}).
[2023-07-07 09:42:41,991] INFO - Unsupported signature for serialization: ((TensorSpec(shape=(512,), dtype=tf.float32, name='gradient'), <tensorflow.python.framework.func_graph.UnknownArgument object at 0x2ba11979f090>, 47970901390608), {}).
[2023-07-07 09:42:41,991] INFO - Unsupported signature for serialization: ((TensorSpec(shape=(128, 1), dtype=tf.float32, name='gradient'), <tensorflow.python.framework.func_graph.UnknownArgument object at 0x2ba1197af9d0>, 47970914246480), {}).
[2023-07-07 09:42:41,991] INFO - Unsupported signature for serialization: ((TensorSpec(shape=(1,), dtype=tf.float32, name='gradient'), <tensorflow.python.framework.func_graph.UnknownArgument object at 0x2ba1197b7b50>, 47970914245040), {}).
[2023-07-07 09:42:42,006] WARNING - Found untraced functions such as _update_step_xla, lstm_cell_2_layer_call_fn, lstm_cell_2_layer_call_and_return_conditional_losses, lstm_cell_3_layer_call_fn, lstm_cell_3_layer_call_and_return_conditional_losses while saving (showing 5 of 5). These functions will not be directly callable after loading.
[2023-07-07 09:42:42,527] INFO - Assets written to: /projects/p31961/ENIGMA/results/experiments/binned_trial_experiment_01/models/dropped_binned_trials/assets
[2023-07-07 09:42:42,644] INFO - Dropped binned trials model training complete
[2023-07-07 09:42:42,649] INFO - Experiment complete
[2023-07-07 09:42:42,650] INFO - Experiment terminated early
