[2023-09-15 15:14:30,176] INFO - Created new directories: /projects/p31961/ENIGMA/results/optimized_models, /projects/p31961/ENIGMA/results/models/optimzied_models
[2023-09-15 15:14:30,184] INFO - Processing data
[2023-09-15 15:14:31,989] INFO - Loading optimzied paramteres
[2023-09-15 15:14:31,989] INFO - Training model
[2023-09-15 15:16:56,989] INFO - Saving model
[2023-09-15 15:16:57,273] INFO - Unsupported signature for serialization: ((TensorSpec(shape=(5, 20), dtype=tf.float32, name='gradient'), <tensorflow.python.framework.func_graph.UnknownArgument object at 0x2ac59c088bd0>, 47028533132336), {}).
[2023-09-15 15:16:57,273] INFO - Unsupported signature for serialization: ((TensorSpec(shape=(20,), dtype=tf.float32, name='gradient'), <tensorflow.python.framework.func_graph.UnknownArgument object at 0x2ac5af027490>, 47028533188944), {}).
[2023-09-15 15:16:57,273] INFO - Unsupported signature for serialization: ((TensorSpec(shape=(20, 20), dtype=tf.float32, name='gradient'), <tensorflow.python.framework.func_graph.UnknownArgument object at 0x2ac5af1572d0>, 47028533189904), {}).
[2023-09-15 15:16:57,273] INFO - Unsupported signature for serialization: ((TensorSpec(shape=(20,), dtype=tf.float32, name='gradient'), <tensorflow.python.framework.func_graph.UnknownArgument object at 0x2ac5af153cd0>, 47028533190384), {}).
[2023-09-15 15:16:57,273] INFO - Unsupported signature for serialization: ((TensorSpec(shape=(20, 20), dtype=tf.float32, name='gradient'), <tensorflow.python.framework.func_graph.UnknownArgument object at 0x2ac5af171050>, 47028533191536), {}).
[2023-09-15 15:16:57,274] INFO - Unsupported signature for serialization: ((TensorSpec(shape=(20,), dtype=tf.float32, name='gradient'), <tensorflow.python.framework.func_graph.UnknownArgument object at 0x2ac5af179a90>, 47028533192208), {}).
[2023-09-15 15:16:57,274] INFO - Unsupported signature for serialization: ((TensorSpec(shape=(20, 1), dtype=tf.float32, name='gradient'), <tensorflow.python.framework.func_graph.UnknownArgument object at 0x2ac5af18a3d0>, 47028533195280), {}).
[2023-09-15 15:16:57,274] INFO - Unsupported signature for serialization: ((TensorSpec(shape=(1,), dtype=tf.float32, name='gradient'), <tensorflow.python.framework.func_graph.UnknownArgument object at 0x2ac5af19ed50>, 47028533781696), {}).
[2023-09-15 15:16:57,300] INFO - Unsupported signature for serialization: ((TensorSpec(shape=(5, 20), dtype=tf.float32, name='gradient'), <tensorflow.python.framework.func_graph.UnknownArgument object at 0x2ac59c088bd0>, 47028533132336), {}).
[2023-09-15 15:16:57,300] INFO - Unsupported signature for serialization: ((TensorSpec(shape=(20,), dtype=tf.float32, name='gradient'), <tensorflow.python.framework.func_graph.UnknownArgument object at 0x2ac5af027490>, 47028533188944), {}).
[2023-09-15 15:16:57,300] INFO - Unsupported signature for serialization: ((TensorSpec(shape=(20, 20), dtype=tf.float32, name='gradient'), <tensorflow.python.framework.func_graph.UnknownArgument object at 0x2ac5af1572d0>, 47028533189904), {}).
[2023-09-15 15:16:57,300] INFO - Unsupported signature for serialization: ((TensorSpec(shape=(20,), dtype=tf.float32, name='gradient'), <tensorflow.python.framework.func_graph.UnknownArgument object at 0x2ac5af153cd0>, 47028533190384), {}).
[2023-09-15 15:16:57,300] INFO - Unsupported signature for serialization: ((TensorSpec(shape=(20, 20), dtype=tf.float32, name='gradient'), <tensorflow.python.framework.func_graph.UnknownArgument object at 0x2ac5af171050>, 47028533191536), {}).
[2023-09-15 15:16:57,300] INFO - Unsupported signature for serialization: ((TensorSpec(shape=(20,), dtype=tf.float32, name='gradient'), <tensorflow.python.framework.func_graph.UnknownArgument object at 0x2ac5af179a90>, 47028533192208), {}).
[2023-09-15 15:16:57,300] INFO - Unsupported signature for serialization: ((TensorSpec(shape=(20, 1), dtype=tf.float32, name='gradient'), <tensorflow.python.framework.func_graph.UnknownArgument object at 0x2ac5af18a3d0>, 47028533195280), {}).
[2023-09-15 15:16:57,302] INFO - Unsupported signature for serialization: ((TensorSpec(shape=(1,), dtype=tf.float32, name='gradient'), <tensorflow.python.framework.func_graph.UnknownArgument object at 0x2ac5af19ed50>, 47028533781696), {}).
[2023-09-15 15:16:57,342] WARNING - Found untraced functions such as _update_step_xla while saving (showing 1 of 1). These functions will not be directly callable after loading.
[2023-09-15 15:16:57,702] INFO - Assets written to: /projects/p31961/ENIGMA/results/optimized_models/BaseClassifier_optimized_fp_only/assets
[2023-09-15 15:16:57,806] INFO - BaseClassifier_optimized_fp_only training and saving complete
