[2024-02-12 11:06:33,154][root][INFO] - Experiment name: xgb_regression_da_normalzied_tune
[2024-02-12 11:07:21,277][root][INFO] - Running hyperopt
[2024-02-12 11:07:21,336][hyperopt.tpe][INFO] - build_posterior_wrapper took 0.005404 seconds
[2024-02-12 11:07:21,336][hyperopt.tpe][INFO] - TPE using 0 trials
[2024-02-12 11:07:21,712][hyperopt.tpe][INFO] - build_posterior_wrapper took 0.001536 seconds
[2024-02-12 11:07:21,712][hyperopt.tpe][INFO] - TPE using 1/1 trials with best loss 0.227557
[2024-02-12 11:07:21,815][hyperopt.tpe][INFO] - build_posterior_wrapper took 0.001420 seconds
[2024-02-12 11:07:21,816][hyperopt.tpe][INFO] - TPE using 2/2 trials with best loss 0.227557
[2024-02-12 11:07:21,932][hyperopt.tpe][INFO] - build_posterior_wrapper took 0.001815 seconds
[2024-02-12 11:07:21,932][hyperopt.tpe][INFO] - TPE using 3/3 trials with best loss 0.227557
[2024-02-12 11:07:21,972][hyperopt.tpe][INFO] - build_posterior_wrapper took 0.001480 seconds
[2024-02-12 11:07:21,972][hyperopt.tpe][INFO] - TPE using 4/4 trials with best loss 0.227557
[2024-02-12 11:07:22,070][hyperopt.tpe][INFO] - build_posterior_wrapper took 0.001490 seconds
[2024-02-12 11:07:22,070][hyperopt.tpe][INFO] - TPE using 5/5 trials with best loss 0.227557
[2024-02-12 11:07:22,107][hyperopt.tpe][INFO] - build_posterior_wrapper took 0.001399 seconds
[2024-02-12 11:07:22,107][hyperopt.tpe][INFO] - TPE using 6/6 trials with best loss 0.227557
[2024-02-12 11:07:22,163][hyperopt.tpe][INFO] - build_posterior_wrapper took 0.001448 seconds
[2024-02-12 11:07:22,163][hyperopt.tpe][INFO] - TPE using 7/7 trials with best loss 0.227557
[2024-02-12 11:07:22,231][hyperopt.tpe][INFO] - build_posterior_wrapper took 0.001398 seconds
[2024-02-12 11:07:22,232][hyperopt.tpe][INFO] - TPE using 8/8 trials with best loss 0.227557
[2024-02-12 11:07:22,308][hyperopt.tpe][INFO] - build_posterior_wrapper took 0.001412 seconds
[2024-02-12 11:07:22,308][hyperopt.tpe][INFO] - TPE using 9/9 trials with best loss 0.227557
[2024-02-12 11:07:22,441][hyperopt.tpe][INFO] - build_posterior_wrapper took 0.001449 seconds
[2024-02-12 11:07:22,442][hyperopt.tpe][INFO] - TPE using 10/10 trials with best loss 0.227557
[2024-02-12 11:07:22,478][hyperopt.tpe][INFO] - build_posterior_wrapper took 0.001517 seconds
[2024-02-12 11:07:22,478][hyperopt.tpe][INFO] - TPE using 11/11 trials with best loss 0.227557
[2024-02-12 11:07:22,536][hyperopt.tpe][INFO] - build_posterior_wrapper took 0.001414 seconds
[2024-02-12 11:07:22,537][hyperopt.tpe][INFO] - TPE using 12/12 trials with best loss 0.227557
[2024-02-12 11:07:22,576][hyperopt.tpe][INFO] - build_posterior_wrapper took 0.001429 seconds
[2024-02-12 11:07:22,577][hyperopt.tpe][INFO] - TPE using 13/13 trials with best loss 0.227557
[2024-02-12 11:07:22,629][hyperopt.tpe][INFO] - build_posterior_wrapper took 0.001387 seconds
[2024-02-12 11:07:22,629][hyperopt.tpe][INFO] - TPE using 14/14 trials with best loss 0.227557
[2024-02-12 11:07:22,764][hyperopt.tpe][INFO] - build_posterior_wrapper took 0.001523 seconds
[2024-02-12 11:07:22,767][hyperopt.tpe][INFO] - TPE using 15/15 trials with best loss 0.227557
[2024-02-12 11:07:22,831][hyperopt.tpe][INFO] - build_posterior_wrapper took 0.001499 seconds
[2024-02-12 11:07:22,831][hyperopt.tpe][INFO] - TPE using 16/16 trials with best loss 0.227557
[2024-02-12 11:07:22,921][hyperopt.tpe][INFO] - build_posterior_wrapper took 0.001399 seconds
[2024-02-12 11:07:22,921][hyperopt.tpe][INFO] - TPE using 17/17 trials with best loss 0.227557
[2024-02-12 11:07:22,956][hyperopt.tpe][INFO] - build_posterior_wrapper took 0.001385 seconds
[2024-02-12 11:07:22,956][hyperopt.tpe][INFO] - TPE using 18/18 trials with best loss 0.227557
[2024-02-12 11:07:22,993][hyperopt.tpe][INFO] - build_posterior_wrapper took 0.001431 seconds
[2024-02-12 11:07:22,993][hyperopt.tpe][INFO] - TPE using 19/19 trials with best loss 0.227557
[2024-02-12 11:07:23,032][hyperopt.tpe][INFO] - build_posterior_wrapper took 0.001621 seconds
[2024-02-12 11:07:23,068][hyperopt.tpe][INFO] - TPE using 20/20 trials with best loss 0.227557
[2024-02-12 11:07:23,185][hyperopt.tpe][INFO] - build_posterior_wrapper took 0.001423 seconds
[2024-02-12 11:07:23,185][hyperopt.tpe][INFO] - TPE using 21/21 trials with best loss 0.227557
[2024-02-12 11:07:23,224][hyperopt.tpe][INFO] - build_posterior_wrapper took 0.001412 seconds
[2024-02-12 11:07:23,224][hyperopt.tpe][INFO] - TPE using 22/22 trials with best loss 0.227557
[2024-02-12 11:07:23,261][hyperopt.tpe][INFO] - build_posterior_wrapper took 0.001409 seconds
[2024-02-12 11:07:23,261][hyperopt.tpe][INFO] - TPE using 23/23 trials with best loss 0.227557
[2024-02-12 11:07:23,366][hyperopt.tpe][INFO] - build_posterior_wrapper took 0.001462 seconds
[2024-02-12 11:07:23,366][hyperopt.tpe][INFO] - TPE using 24/24 trials with best loss 0.227557
[2024-02-12 11:07:23,444][hyperopt.tpe][INFO] - build_posterior_wrapper took 0.001410 seconds
[2024-02-12 11:07:23,444][hyperopt.tpe][INFO] - TPE using 25/25 trials with best loss 0.227557
[2024-02-12 11:07:23,481][hyperopt.tpe][INFO] - build_posterior_wrapper took 0.001404 seconds
[2024-02-12 11:07:23,481][hyperopt.tpe][INFO] - TPE using 26/26 trials with best loss 0.227557
[2024-02-12 11:07:23,585][hyperopt.tpe][INFO] - build_posterior_wrapper took 0.001454 seconds
[2024-02-12 11:07:23,585][hyperopt.tpe][INFO] - TPE using 27/27 trials with best loss 0.227557
[2024-02-12 11:07:23,665][hyperopt.tpe][INFO] - build_posterior_wrapper took 0.001416 seconds
[2024-02-12 11:07:23,665][hyperopt.tpe][INFO] - TPE using 28/28 trials with best loss 0.227557
[2024-02-12 11:07:23,702][hyperopt.tpe][INFO] - build_posterior_wrapper took 0.001385 seconds
[2024-02-12 11:07:23,702][hyperopt.tpe][INFO] - TPE using 29/29 trials with best loss 0.227557
[2024-02-12 11:07:23,806][hyperopt.tpe][INFO] - build_posterior_wrapper took 0.001409 seconds
[2024-02-12 11:07:23,806][hyperopt.tpe][INFO] - TPE using 30/30 trials with best loss 0.227557
[2024-02-12 11:07:23,910][hyperopt.tpe][INFO] - build_posterior_wrapper took 0.001527 seconds
[2024-02-12 11:07:23,910][hyperopt.tpe][INFO] - TPE using 31/31 trials with best loss 0.227557
[2024-02-12 11:07:23,947][hyperopt.tpe][INFO] - build_posterior_wrapper took 0.001423 seconds
[2024-02-12 11:07:23,947][hyperopt.tpe][INFO] - TPE using 32/32 trials with best loss 0.227557
[2024-02-12 11:07:24,052][hyperopt.tpe][INFO] - build_posterior_wrapper took 0.001422 seconds
[2024-02-12 11:07:24,052][hyperopt.tpe][INFO] - TPE using 33/33 trials with best loss 0.227557
[2024-02-12 11:07:24,140][hyperopt.tpe][INFO] - build_posterior_wrapper took 0.001409 seconds
[2024-02-12 11:07:24,140][hyperopt.tpe][INFO] - TPE using 34/34 trials with best loss 0.227557
[2024-02-12 11:07:24,177][hyperopt.tpe][INFO] - build_posterior_wrapper took 0.001462 seconds
[2024-02-12 11:07:24,177][hyperopt.tpe][INFO] - TPE using 35/35 trials with best loss 0.227557
[2024-02-12 11:07:24,282][hyperopt.tpe][INFO] - build_posterior_wrapper took 0.001400 seconds
[2024-02-12 11:07:24,282][hyperopt.tpe][INFO] - TPE using 36/36 trials with best loss 0.227557
[2024-02-12 11:07:24,370][hyperopt.tpe][INFO] - build_posterior_wrapper took 0.001458 seconds
[2024-02-12 11:07:24,370][hyperopt.tpe][INFO] - TPE using 37/37 trials with best loss 0.227557
[2024-02-12 11:07:24,475][hyperopt.tpe][INFO] - build_posterior_wrapper took 0.001416 seconds
[2024-02-12 11:07:24,476][hyperopt.tpe][INFO] - TPE using 38/38 trials with best loss 0.227557
[2024-02-12 11:07:24,515][hyperopt.tpe][INFO] - build_posterior_wrapper took 0.001450 seconds
[2024-02-12 11:07:24,515][hyperopt.tpe][INFO] - TPE using 39/39 trials with best loss 0.227557
[2024-02-12 11:07:24,553][hyperopt.tpe][INFO] - build_posterior_wrapper took 0.001411 seconds
[2024-02-12 11:07:24,553][hyperopt.tpe][INFO] - TPE using 40/40 trials with best loss 0.227482
[2024-02-12 11:07:24,591][hyperopt.tpe][INFO] - build_posterior_wrapper took 0.001481 seconds
[2024-02-12 11:07:24,591][hyperopt.tpe][INFO] - TPE using 41/41 trials with best loss 0.227482
[2024-02-12 11:07:24,665][hyperopt.tpe][INFO] - build_posterior_wrapper took 0.001511 seconds
[2024-02-12 11:07:24,665][hyperopt.tpe][INFO] - TPE using 42/42 trials with best loss 0.227482
[2024-02-12 11:07:24,703][hyperopt.tpe][INFO] - build_posterior_wrapper took 0.001416 seconds
[2024-02-12 11:07:24,703][hyperopt.tpe][INFO] - TPE using 43/43 trials with best loss 0.227482
[2024-02-12 11:07:24,758][hyperopt.tpe][INFO] - build_posterior_wrapper took 0.001429 seconds
[2024-02-12 11:07:24,759][hyperopt.tpe][INFO] - TPE using 44/44 trials with best loss 0.227482
[2024-02-12 11:07:24,796][hyperopt.tpe][INFO] - build_posterior_wrapper took 0.001453 seconds
[2024-02-12 11:07:24,797][hyperopt.tpe][INFO] - TPE using 45/45 trials with best loss 0.227482
[2024-02-12 11:07:24,863][hyperopt.tpe][INFO] - build_posterior_wrapper took 0.001408 seconds
[2024-02-12 11:07:24,863][hyperopt.tpe][INFO] - TPE using 46/46 trials with best loss 0.227482
[2024-02-12 11:07:24,957][hyperopt.tpe][INFO] - build_posterior_wrapper took 0.001566 seconds
[2024-02-12 11:07:24,957][hyperopt.tpe][INFO] - TPE using 47/47 trials with best loss 0.227482
[2024-02-12 11:07:25,036][hyperopt.tpe][INFO] - build_posterior_wrapper took 0.001506 seconds
[2024-02-12 11:07:25,036][hyperopt.tpe][INFO] - TPE using 48/48 trials with best loss 0.227482
[2024-02-12 11:07:25,074][hyperopt.tpe][INFO] - build_posterior_wrapper took 0.001407 seconds
[2024-02-12 11:07:25,074][hyperopt.tpe][INFO] - TPE using 49/49 trials with best loss 0.227482
[2024-02-12 11:07:25,113][hyperopt.tpe][INFO] - build_posterior_wrapper took 0.001418 seconds
[2024-02-12 11:07:25,113][hyperopt.tpe][INFO] - TPE using 50/50 trials with best loss 0.227482
[2024-02-12 11:07:25,169][hyperopt.tpe][INFO] - build_posterior_wrapper took 0.001552 seconds
[2024-02-12 11:07:25,169][hyperopt.tpe][INFO] - TPE using 51/51 trials with best loss 0.227482
[2024-02-12 11:07:25,210][hyperopt.tpe][INFO] - build_posterior_wrapper took 0.001464 seconds
[2024-02-12 11:07:25,210][hyperopt.tpe][INFO] - TPE using 52/52 trials with best loss 0.227482
[2024-02-12 11:07:25,247][hyperopt.tpe][INFO] - build_posterior_wrapper took 0.001429 seconds
[2024-02-12 11:07:25,248][hyperopt.tpe][INFO] - TPE using 53/53 trials with best loss 0.227482
[2024-02-12 11:07:25,351][hyperopt.tpe][INFO] - build_posterior_wrapper took 0.001444 seconds
[2024-02-12 11:07:25,352][hyperopt.tpe][INFO] - TPE using 54/54 trials with best loss 0.227482
[2024-02-12 11:07:25,425][hyperopt.tpe][INFO] - build_posterior_wrapper took 0.001421 seconds
[2024-02-12 11:07:25,425][hyperopt.tpe][INFO] - TPE using 55/55 trials with best loss 0.227482
[2024-02-12 11:07:25,463][hyperopt.tpe][INFO] - build_posterior_wrapper took 0.001380 seconds
[2024-02-12 11:07:25,463][hyperopt.tpe][INFO] - TPE using 56/56 trials with best loss 0.227482
[2024-02-12 11:07:25,520][hyperopt.tpe][INFO] - build_posterior_wrapper took 0.001414 seconds
[2024-02-12 11:07:25,520][hyperopt.tpe][INFO] - TPE using 57/57 trials with best loss 0.227482
[2024-02-12 11:07:25,558][hyperopt.tpe][INFO] - build_posterior_wrapper took 0.001399 seconds
[2024-02-12 11:07:25,558][hyperopt.tpe][INFO] - TPE using 58/58 trials with best loss 0.227482
[2024-02-12 11:07:25,675][hyperopt.tpe][INFO] - build_posterior_wrapper took 0.001480 seconds
[2024-02-12 11:07:25,675][hyperopt.tpe][INFO] - TPE using 59/59 trials with best loss 0.227482
[2024-02-12 11:07:25,714][hyperopt.tpe][INFO] - build_posterior_wrapper took 0.001418 seconds
[2024-02-12 11:07:25,714][hyperopt.tpe][INFO] - TPE using 60/60 trials with best loss 0.227482
[2024-02-12 11:07:25,786][hyperopt.tpe][INFO] - build_posterior_wrapper took 0.001407 seconds
[2024-02-12 11:07:25,786][hyperopt.tpe][INFO] - TPE using 61/61 trials with best loss 0.227482
[2024-02-12 11:07:25,826][hyperopt.tpe][INFO] - build_posterior_wrapper took 0.001432 seconds
[2024-02-12 11:07:25,826][hyperopt.tpe][INFO] - TPE using 62/62 trials with best loss 0.227482
[2024-02-12 11:07:25,882][hyperopt.tpe][INFO] - build_posterior_wrapper took 0.001398 seconds
[2024-02-12 11:07:25,882][hyperopt.tpe][INFO] - TPE using 63/63 trials with best loss 0.227482
[2024-02-12 11:07:25,919][hyperopt.tpe][INFO] - build_posterior_wrapper took 0.001714 seconds
[2024-02-12 11:07:25,920][hyperopt.tpe][INFO] - TPE using 64/64 trials with best loss 0.227482
[2024-02-12 11:07:25,960][hyperopt.tpe][INFO] - build_posterior_wrapper took 0.001435 seconds
[2024-02-12 11:07:25,960][hyperopt.tpe][INFO] - TPE using 65/65 trials with best loss 0.227482
[2024-02-12 11:07:25,997][hyperopt.tpe][INFO] - build_posterior_wrapper took 0.001427 seconds
[2024-02-12 11:07:25,997][hyperopt.tpe][INFO] - TPE using 66/66 trials with best loss 0.227482
[2024-02-12 11:07:26,034][hyperopt.tpe][INFO] - build_posterior_wrapper took 0.001410 seconds
[2024-02-12 11:07:26,034][hyperopt.tpe][INFO] - TPE using 67/67 trials with best loss 0.227482
[2024-02-12 11:07:26,071][hyperopt.tpe][INFO] - build_posterior_wrapper took 0.001425 seconds
[2024-02-12 11:07:26,071][hyperopt.tpe][INFO] - TPE using 68/68 trials with best loss 0.227482
[2024-02-12 11:07:26,177][hyperopt.tpe][INFO] - build_posterior_wrapper took 0.001418 seconds
[2024-02-12 11:07:26,177][hyperopt.tpe][INFO] - TPE using 69/69 trials with best loss 0.227482
[2024-02-12 11:07:26,214][hyperopt.tpe][INFO] - build_posterior_wrapper took 0.001436 seconds
[2024-02-12 11:07:26,214][hyperopt.tpe][INFO] - TPE using 70/70 trials with best loss 0.227482
[2024-02-12 11:07:26,251][hyperopt.tpe][INFO] - build_posterior_wrapper took 0.001396 seconds
[2024-02-12 11:07:26,252][hyperopt.tpe][INFO] - TPE using 71/71 trials with best loss 0.227482
[2024-02-12 11:07:26,289][hyperopt.tpe][INFO] - build_posterior_wrapper took 0.001411 seconds
[2024-02-12 11:07:26,289][hyperopt.tpe][INFO] - TPE using 72/72 trials with best loss 0.227482
[2024-02-12 11:07:26,390][hyperopt.tpe][INFO] - build_posterior_wrapper took 0.001414 seconds
[2024-02-12 11:07:26,390][hyperopt.tpe][INFO] - TPE using 73/73 trials with best loss 0.227482
[2024-02-12 11:07:26,429][hyperopt.tpe][INFO] - build_posterior_wrapper took 0.001387 seconds
[2024-02-12 11:07:26,429][hyperopt.tpe][INFO] - TPE using 74/74 trials with best loss 0.227482
[2024-02-12 11:07:26,500][hyperopt.tpe][INFO] - build_posterior_wrapper took 0.001502 seconds
[2024-02-12 11:07:26,500][hyperopt.tpe][INFO] - TPE using 75/75 trials with best loss 0.227482
[2024-02-12 11:07:26,543][hyperopt.tpe][INFO] - build_posterior_wrapper took 0.001562 seconds
[2024-02-12 11:07:26,543][hyperopt.tpe][INFO] - TPE using 76/76 trials with best loss 0.227482
[2024-02-12 11:07:26,580][hyperopt.tpe][INFO] - build_posterior_wrapper took 0.001464 seconds
[2024-02-12 11:07:26,580][hyperopt.tpe][INFO] - TPE using 77/77 trials with best loss 0.227482
[2024-02-12 11:07:26,641][hyperopt.tpe][INFO] - build_posterior_wrapper took 0.001547 seconds
[2024-02-12 11:07:26,641][hyperopt.tpe][INFO] - TPE using 78/78 trials with best loss 0.227482
[2024-02-12 11:07:26,680][hyperopt.tpe][INFO] - build_posterior_wrapper took 0.001432 seconds
[2024-02-12 11:07:26,680][hyperopt.tpe][INFO] - TPE using 79/79 trials with best loss 0.227482
[2024-02-12 11:07:26,718][hyperopt.tpe][INFO] - build_posterior_wrapper took 0.001559 seconds
[2024-02-12 11:07:26,719][hyperopt.tpe][INFO] - TPE using 80/80 trials with best loss 0.227482
[2024-02-12 11:07:26,813][hyperopt.tpe][INFO] - build_posterior_wrapper took 0.001444 seconds
[2024-02-12 11:07:26,814][hyperopt.tpe][INFO] - TPE using 81/81 trials with best loss 0.227482
[2024-02-12 11:07:26,928][hyperopt.tpe][INFO] - build_posterior_wrapper took 0.001584 seconds
[2024-02-12 11:07:26,928][hyperopt.tpe][INFO] - TPE using 82/82 trials with best loss 0.227482
[2024-02-12 11:07:26,968][hyperopt.tpe][INFO] - build_posterior_wrapper took 0.001452 seconds
[2024-02-12 11:07:26,968][hyperopt.tpe][INFO] - TPE using 83/83 trials with best loss 0.227482
[2024-02-12 11:07:27,044][hyperopt.tpe][INFO] - build_posterior_wrapper took 0.001475 seconds
[2024-02-12 11:07:27,044][hyperopt.tpe][INFO] - TPE using 84/84 trials with best loss 0.227482
[2024-02-12 11:07:27,120][hyperopt.tpe][INFO] - build_posterior_wrapper took 0.005024 seconds
[2024-02-12 11:07:27,120][hyperopt.tpe][INFO] - TPE using 85/85 trials with best loss 0.227482
[2024-02-12 11:07:27,165][hyperopt.tpe][INFO] - build_posterior_wrapper took 0.001408 seconds
[2024-02-12 11:07:27,165][hyperopt.tpe][INFO] - TPE using 86/86 trials with best loss 0.227482
[2024-02-12 11:07:27,225][hyperopt.tpe][INFO] - build_posterior_wrapper took 0.001550 seconds
[2024-02-12 11:07:27,225][hyperopt.tpe][INFO] - TPE using 87/87 trials with best loss 0.227482
[2024-02-12 11:07:27,264][hyperopt.tpe][INFO] - build_posterior_wrapper took 0.001410 seconds
[2024-02-12 11:07:27,264][hyperopt.tpe][INFO] - TPE using 88/88 trials with best loss 0.227482
[2024-02-12 11:07:27,375][hyperopt.tpe][INFO] - build_posterior_wrapper took 0.001427 seconds
[2024-02-12 11:07:27,375][hyperopt.tpe][INFO] - TPE using 89/89 trials with best loss 0.227482
[2024-02-12 11:07:27,477][hyperopt.tpe][INFO] - build_posterior_wrapper took 0.001405 seconds
[2024-02-12 11:07:27,477][hyperopt.tpe][INFO] - TPE using 90/90 trials with best loss 0.227482
[2024-02-12 11:07:27,515][hyperopt.tpe][INFO] - build_posterior_wrapper took 0.001409 seconds
[2024-02-12 11:07:27,515][hyperopt.tpe][INFO] - TPE using 91/91 trials with best loss 0.227482
[2024-02-12 11:07:27,590][hyperopt.tpe][INFO] - build_posterior_wrapper took 0.001428 seconds
[2024-02-12 11:07:27,590][hyperopt.tpe][INFO] - TPE using 92/92 trials with best loss 0.227482
[2024-02-12 11:07:27,636][hyperopt.tpe][INFO] - build_posterior_wrapper took 0.001453 seconds
[2024-02-12 11:07:27,636][hyperopt.tpe][INFO] - TPE using 93/93 trials with best loss 0.227482
[2024-02-12 11:07:27,674][hyperopt.tpe][INFO] - build_posterior_wrapper took 0.001551 seconds
[2024-02-12 11:07:27,674][hyperopt.tpe][INFO] - TPE using 94/94 trials with best loss 0.227482
[2024-02-12 11:07:27,732][hyperopt.tpe][INFO] - build_posterior_wrapper took 0.001423 seconds
[2024-02-12 11:07:27,732][hyperopt.tpe][INFO] - TPE using 95/95 trials with best loss 0.227482
[2024-02-12 11:07:27,770][hyperopt.tpe][INFO] - build_posterior_wrapper took 0.001459 seconds
[2024-02-12 11:07:27,771][hyperopt.tpe][INFO] - TPE using 96/96 trials with best loss 0.227482
[2024-02-12 11:07:27,899][hyperopt.tpe][INFO] - build_posterior_wrapper took 0.001428 seconds
[2024-02-12 11:07:27,899][hyperopt.tpe][INFO] - TPE using 97/97 trials with best loss 0.227482
[2024-02-12 11:07:27,999][hyperopt.tpe][INFO] - build_posterior_wrapper took 0.001407 seconds
[2024-02-12 11:07:27,999][hyperopt.tpe][INFO] - TPE using 98/98 trials with best loss 0.227482
[2024-02-12 11:07:28,038][hyperopt.tpe][INFO] - build_posterior_wrapper took 0.001441 seconds
[2024-02-12 11:07:28,038][hyperopt.tpe][INFO] - TPE using 99/99 trials with best loss 0.227482
[2024-02-12 11:07:28,117][hyperopt.tpe][INFO] - build_posterior_wrapper took 0.001392 seconds
[2024-02-12 11:07:28,117][hyperopt.tpe][INFO] - TPE using 100/100 trials with best loss 0.227482
[2024-02-12 11:07:28,158][hyperopt.tpe][INFO] - build_posterior_wrapper took 0.001458 seconds
[2024-02-12 11:07:28,158][hyperopt.tpe][INFO] - TPE using 101/101 trials with best loss 0.223556
[2024-02-12 11:07:28,221][hyperopt.tpe][INFO] - build_posterior_wrapper took 0.001406 seconds
[2024-02-12 11:07:28,221][hyperopt.tpe][INFO] - TPE using 102/102 trials with best loss 0.223556
[2024-02-12 11:07:28,261][hyperopt.tpe][INFO] - build_posterior_wrapper took 0.001434 seconds
[2024-02-12 11:07:28,261][hyperopt.tpe][INFO] - TPE using 103/103 trials with best loss 0.223556
[2024-02-12 11:07:28,388][hyperopt.tpe][INFO] - build_posterior_wrapper took 0.001442 seconds
[2024-02-12 11:07:28,389][hyperopt.tpe][INFO] - TPE using 104/104 trials with best loss 0.223556
[2024-02-12 11:07:28,427][hyperopt.tpe][INFO] - build_posterior_wrapper took 0.001487 seconds
[2024-02-12 11:07:28,427][hyperopt.tpe][INFO] - TPE using 105/105 trials with best loss 0.223556
[2024-02-12 11:07:28,523][hyperopt.tpe][INFO] - build_posterior_wrapper took 0.001610 seconds
[2024-02-12 11:07:28,523][hyperopt.tpe][INFO] - TPE using 106/106 trials with best loss 0.223556
[2024-02-12 11:07:28,569][hyperopt.tpe][INFO] - build_posterior_wrapper took 0.001412 seconds
[2024-02-12 11:07:28,569][hyperopt.tpe][INFO] - TPE using 107/107 trials with best loss 0.223556
[2024-02-12 11:07:28,645][hyperopt.tpe][INFO] - build_posterior_wrapper took 0.001446 seconds
[2024-02-12 11:07:28,645][hyperopt.tpe][INFO] - TPE using 108/108 trials with best loss 0.223556
[2024-02-12 11:07:28,686][hyperopt.tpe][INFO] - build_posterior_wrapper took 0.001407 seconds
[2024-02-12 11:07:28,687][hyperopt.tpe][INFO] - TPE using 109/109 trials with best loss 0.223556
[2024-02-12 11:07:28,726][hyperopt.tpe][INFO] - build_posterior_wrapper took 0.001433 seconds
[2024-02-12 11:07:28,726][hyperopt.tpe][INFO] - TPE using 110/110 trials with best loss 0.223556
[2024-02-12 11:07:28,794][hyperopt.tpe][INFO] - build_posterior_wrapper took 0.001501 seconds
[2024-02-12 11:07:28,794][hyperopt.tpe][INFO] - TPE using 111/111 trials with best loss 0.223556
[2024-02-12 11:07:28,833][hyperopt.tpe][INFO] - build_posterior_wrapper took 0.001526 seconds
[2024-02-12 11:07:28,833][hyperopt.tpe][INFO] - TPE using 112/112 trials with best loss 0.223556
[2024-02-12 11:07:28,947][hyperopt.tpe][INFO] - build_posterior_wrapper took 0.001436 seconds
[2024-02-12 11:07:28,948][hyperopt.tpe][INFO] - TPE using 113/113 trials with best loss 0.223556
[2024-02-12 11:07:28,993][hyperopt.tpe][INFO] - build_posterior_wrapper took 0.001401 seconds
[2024-02-12 11:07:28,994][hyperopt.tpe][INFO] - TPE using 114/114 trials with best loss 0.223556
[2024-02-12 11:07:29,091][hyperopt.tpe][INFO] - build_posterior_wrapper took 0.001529 seconds
[2024-02-12 11:07:29,091][hyperopt.tpe][INFO] - TPE using 115/115 trials with best loss 0.223556
[2024-02-12 11:07:29,167][hyperopt.tpe][INFO] - build_posterior_wrapper took 0.001442 seconds
[2024-02-12 11:07:29,168][hyperopt.tpe][INFO] - TPE using 116/116 trials with best loss 0.223556
[2024-02-12 11:07:29,209][hyperopt.tpe][INFO] - build_posterior_wrapper took 0.001422 seconds
[2024-02-12 11:07:29,209][hyperopt.tpe][INFO] - TPE using 117/117 trials with best loss 0.223556
[2024-02-12 11:07:29,254][hyperopt.tpe][INFO] - build_posterior_wrapper took 0.001400 seconds
[2024-02-12 11:07:29,254][hyperopt.tpe][INFO] - TPE using 118/118 trials with best loss 0.223556
[2024-02-12 11:07:29,311][hyperopt.tpe][INFO] - build_posterior_wrapper took 0.001449 seconds
[2024-02-12 11:07:29,312][hyperopt.tpe][INFO] - TPE using 119/119 trials with best loss 0.223556
[2024-02-12 11:07:29,349][hyperopt.tpe][INFO] - build_posterior_wrapper took 0.001466 seconds
[2024-02-12 11:07:29,349][hyperopt.tpe][INFO] - TPE using 120/120 trials with best loss 0.223556
[2024-02-12 11:07:29,391][hyperopt.tpe][INFO] - build_posterior_wrapper took 0.001427 seconds
[2024-02-12 11:07:29,391][hyperopt.tpe][INFO] - TPE using 121/121 trials with best loss 0.223556
[2024-02-12 11:07:29,501][hyperopt.tpe][INFO] - build_posterior_wrapper took 0.001485 seconds
[2024-02-12 11:07:29,501][hyperopt.tpe][INFO] - TPE using 122/122 trials with best loss 0.223556
[2024-02-12 11:07:29,590][hyperopt.tpe][INFO] - build_posterior_wrapper took 0.001421 seconds
[2024-02-12 11:07:29,590][hyperopt.tpe][INFO] - TPE using 123/123 trials with best loss 0.223556
[2024-02-12 11:07:29,628][hyperopt.tpe][INFO] - build_posterior_wrapper took 0.001460 seconds
[2024-02-12 11:07:29,629][hyperopt.tpe][INFO] - TPE using 124/124 trials with best loss 0.223556
[2024-02-12 11:07:29,718][hyperopt.tpe][INFO] - build_posterior_wrapper took 0.001427 seconds
[2024-02-12 11:07:29,718][hyperopt.tpe][INFO] - TPE using 125/125 trials with best loss 0.223556
[2024-02-12 11:07:29,758][hyperopt.tpe][INFO] - build_posterior_wrapper took 0.001543 seconds
[2024-02-12 11:07:29,758][hyperopt.tpe][INFO] - TPE using 126/126 trials with best loss 0.223556
[2024-02-12 11:07:29,797][hyperopt.tpe][INFO] - build_posterior_wrapper took 0.001494 seconds
[2024-02-12 11:07:29,797][hyperopt.tpe][INFO] - TPE using 127/127 trials with best loss 0.223556
[2024-02-12 11:07:29,852][hyperopt.tpe][INFO] - build_posterior_wrapper took 0.001462 seconds
[2024-02-12 11:07:29,852][hyperopt.tpe][INFO] - TPE using 128/128 trials with best loss 0.223556
[2024-02-12 11:07:29,889][hyperopt.tpe][INFO] - build_posterior_wrapper took 0.001400 seconds
[2024-02-12 11:07:29,889][hyperopt.tpe][INFO] - TPE using 129/129 trials with best loss 0.223556
[2024-02-12 11:07:29,998][hyperopt.tpe][INFO] - build_posterior_wrapper took 0.001392 seconds
[2024-02-12 11:07:29,998][hyperopt.tpe][INFO] - TPE using 130/130 trials with best loss 0.223556
[2024-02-12 11:07:30,105][hyperopt.tpe][INFO] - build_posterior_wrapper took 0.001392 seconds
[2024-02-12 11:07:30,106][hyperopt.tpe][INFO] - TPE using 131/131 trials with best loss 0.223556
[2024-02-12 11:07:30,145][hyperopt.tpe][INFO] - build_posterior_wrapper took 0.001500 seconds
[2024-02-12 11:07:30,145][hyperopt.tpe][INFO] - TPE using 132/132 trials with best loss 0.223556
[2024-02-12 11:07:30,228][hyperopt.tpe][INFO] - build_posterior_wrapper took 0.001553 seconds
[2024-02-12 11:07:30,228][hyperopt.tpe][INFO] - TPE using 133/133 trials with best loss 0.223556
[2024-02-12 11:07:30,266][hyperopt.tpe][INFO] - build_posterior_wrapper took 0.001381 seconds
[2024-02-12 11:07:30,266][hyperopt.tpe][INFO] - TPE using 134/134 trials with best loss 0.223556
[2024-02-12 11:07:30,311][hyperopt.tpe][INFO] - build_posterior_wrapper took 0.001435 seconds
[2024-02-12 11:07:30,311][hyperopt.tpe][INFO] - TPE using 135/135 trials with best loss 0.167774
[2024-02-12 11:07:30,375][hyperopt.tpe][INFO] - build_posterior_wrapper took 0.001426 seconds
[2024-02-12 11:07:30,375][hyperopt.tpe][INFO] - TPE using 136/136 trials with best loss 0.167765
[2024-02-12 11:07:30,439][hyperopt.tpe][INFO] - build_posterior_wrapper took 0.001424 seconds
[2024-02-12 11:07:30,439][hyperopt.tpe][INFO] - TPE using 137/137 trials with best loss 0.167765
[2024-02-12 11:07:30,503][hyperopt.tpe][INFO] - build_posterior_wrapper took 0.001394 seconds
[2024-02-12 11:07:30,503][hyperopt.tpe][INFO] - TPE using 138/138 trials with best loss 0.167765
[2024-02-12 11:07:30,567][hyperopt.tpe][INFO] - build_posterior_wrapper took 0.001515 seconds
[2024-02-12 11:07:30,567][hyperopt.tpe][INFO] - TPE using 139/139 trials with best loss 0.167765
[2024-02-12 11:07:30,631][hyperopt.tpe][INFO] - build_posterior_wrapper took 0.001438 seconds
[2024-02-12 11:07:30,631][hyperopt.tpe][INFO] - TPE using 140/140 trials with best loss 0.167765
[2024-02-12 11:07:30,695][hyperopt.tpe][INFO] - build_posterior_wrapper took 0.001385 seconds
[2024-02-12 11:07:30,695][hyperopt.tpe][INFO] - TPE using 141/141 trials with best loss 0.167765
[2024-02-12 11:07:30,760][hyperopt.tpe][INFO] - build_posterior_wrapper took 0.001535 seconds
[2024-02-12 11:07:30,760][hyperopt.tpe][INFO] - TPE using 142/142 trials with best loss 0.167765
[2024-02-12 11:07:30,823][hyperopt.tpe][INFO] - build_posterior_wrapper took 0.001411 seconds
[2024-02-12 11:07:30,823][hyperopt.tpe][INFO] - TPE using 143/143 trials with best loss 0.167765
[2024-02-12 11:07:30,886][hyperopt.tpe][INFO] - build_posterior_wrapper took 0.001483 seconds
[2024-02-12 11:07:30,887][hyperopt.tpe][INFO] - TPE using 144/144 trials with best loss 0.167765
[2024-02-12 11:07:30,950][hyperopt.tpe][INFO] - build_posterior_wrapper took 0.001545 seconds
[2024-02-12 11:07:30,950][hyperopt.tpe][INFO] - TPE using 145/145 trials with best loss 0.167765
[2024-02-12 11:07:31,013][hyperopt.tpe][INFO] - build_posterior_wrapper took 0.001431 seconds
[2024-02-12 11:07:31,014][hyperopt.tpe][INFO] - TPE using 146/146 trials with best loss 0.167765
[2024-02-12 11:07:31,077][hyperopt.tpe][INFO] - build_posterior_wrapper took 0.001407 seconds
[2024-02-12 11:07:31,077][hyperopt.tpe][INFO] - TPE using 147/147 trials with best loss 0.167765
[2024-02-12 11:07:31,142][hyperopt.tpe][INFO] - build_posterior_wrapper took 0.001519 seconds
[2024-02-12 11:07:31,142][hyperopt.tpe][INFO] - TPE using 148/148 trials with best loss 0.167765
[2024-02-12 11:07:31,206][hyperopt.tpe][INFO] - build_posterior_wrapper took 0.001396 seconds
[2024-02-12 11:07:31,206][hyperopt.tpe][INFO] - TPE using 149/149 trials with best loss 0.167765
[2024-02-12 11:07:31,269][hyperopt.tpe][INFO] - build_posterior_wrapper took 0.001409 seconds
[2024-02-12 11:07:31,270][hyperopt.tpe][INFO] - TPE using 150/150 trials with best loss 0.167765
[2024-02-12 11:07:31,335][hyperopt.tpe][INFO] - build_posterior_wrapper took 0.001434 seconds
[2024-02-12 11:07:31,335][hyperopt.tpe][INFO] - TPE using 151/151 trials with best loss 0.167765
[2024-02-12 11:07:31,399][hyperopt.tpe][INFO] - build_posterior_wrapper took 0.001382 seconds
[2024-02-12 11:07:31,399][hyperopt.tpe][INFO] - TPE using 152/152 trials with best loss 0.167765
[2024-02-12 11:07:31,462][hyperopt.tpe][INFO] - build_posterior_wrapper took 0.001404 seconds
[2024-02-12 11:07:31,462][hyperopt.tpe][INFO] - TPE using 153/153 trials with best loss 0.167765
[2024-02-12 11:07:31,527][hyperopt.tpe][INFO] - build_posterior_wrapper took 0.001397 seconds
[2024-02-12 11:07:31,527][hyperopt.tpe][INFO] - TPE using 154/154 trials with best loss 0.167765
[2024-02-12 11:07:31,590][hyperopt.tpe][INFO] - build_posterior_wrapper took 0.001398 seconds
[2024-02-12 11:07:31,591][hyperopt.tpe][INFO] - TPE using 155/155 trials with best loss 0.167765
[2024-02-12 11:07:31,653][hyperopt.tpe][INFO] - build_posterior_wrapper took 0.001392 seconds
[2024-02-12 11:07:31,653][hyperopt.tpe][INFO] - TPE using 156/156 trials with best loss 0.167765
[2024-02-12 11:07:31,717][hyperopt.tpe][INFO] - build_posterior_wrapper took 0.001399 seconds
[2024-02-12 11:07:31,717][hyperopt.tpe][INFO] - TPE using 157/157 trials with best loss 0.167765
[2024-02-12 11:07:31,781][hyperopt.tpe][INFO] - build_posterior_wrapper took 0.001401 seconds
[2024-02-12 11:07:31,781][hyperopt.tpe][INFO] - TPE using 158/158 trials with best loss 0.167765
[2024-02-12 11:07:31,844][hyperopt.tpe][INFO] - build_posterior_wrapper took 0.001438 seconds
[2024-02-12 11:07:31,844][hyperopt.tpe][INFO] - TPE using 159/159 trials with best loss 0.167765
[2024-02-12 11:07:31,908][hyperopt.tpe][INFO] - build_posterior_wrapper took 0.001398 seconds
[2024-02-12 11:07:31,908][hyperopt.tpe][INFO] - TPE using 160/160 trials with best loss 0.167765
[2024-02-12 11:07:31,971][hyperopt.tpe][INFO] - build_posterior_wrapper took 0.001407 seconds
[2024-02-12 11:07:31,971][hyperopt.tpe][INFO] - TPE using 161/161 trials with best loss 0.167765
[2024-02-12 11:07:32,032][hyperopt.tpe][INFO] - build_posterior_wrapper took 0.001448 seconds
[2024-02-12 11:07:32,032][hyperopt.tpe][INFO] - TPE using 162/162 trials with best loss 0.167765
[2024-02-12 11:07:32,091][hyperopt.tpe][INFO] - build_posterior_wrapper took 0.001510 seconds
[2024-02-12 11:07:32,091][hyperopt.tpe][INFO] - TPE using 163/163 trials with best loss 0.167765
[2024-02-12 11:07:32,163][hyperopt.tpe][INFO] - build_posterior_wrapper took 0.001422 seconds
[2024-02-12 11:07:32,163][hyperopt.tpe][INFO] - TPE using 164/164 trials with best loss 0.167765
[2024-02-12 11:07:32,278][hyperopt.tpe][INFO] - build_posterior_wrapper took 0.056543 seconds
[2024-02-12 11:07:32,279][hyperopt.tpe][INFO] - TPE using 165/165 trials with best loss 0.167765
[2024-02-12 11:07:32,342][hyperopt.tpe][INFO] - build_posterior_wrapper took 0.001472 seconds
[2024-02-12 11:07:32,342][hyperopt.tpe][INFO] - TPE using 166/166 trials with best loss 0.167765
[2024-02-12 11:07:32,402][hyperopt.tpe][INFO] - build_posterior_wrapper took 0.001481 seconds
[2024-02-12 11:07:32,402][hyperopt.tpe][INFO] - TPE using 167/167 trials with best loss 0.167765
[2024-02-12 11:07:32,466][hyperopt.tpe][INFO] - build_posterior_wrapper took 0.001435 seconds
[2024-02-12 11:07:32,466][hyperopt.tpe][INFO] - TPE using 168/168 trials with best loss 0.167765
[2024-02-12 11:07:32,527][hyperopt.tpe][INFO] - build_posterior_wrapper took 0.001418 seconds
[2024-02-12 11:07:32,527][hyperopt.tpe][INFO] - TPE using 169/169 trials with best loss 0.167765
[2024-02-12 11:07:32,599][hyperopt.tpe][INFO] - build_posterior_wrapper took 0.001441 seconds
[2024-02-12 11:07:32,599][hyperopt.tpe][INFO] - TPE using 170/170 trials with best loss 0.167765
[2024-02-12 11:07:32,658][hyperopt.tpe][INFO] - build_posterior_wrapper took 0.001515 seconds
[2024-02-12 11:07:32,658][hyperopt.tpe][INFO] - TPE using 171/171 trials with best loss 0.167765
[2024-02-12 11:07:32,730][hyperopt.tpe][INFO] - build_posterior_wrapper took 0.001420 seconds
[2024-02-12 11:07:32,730][hyperopt.tpe][INFO] - TPE using 172/172 trials with best loss 0.167765
[2024-02-12 11:07:32,785][hyperopt.tpe][INFO] - build_posterior_wrapper took 0.001377 seconds
[2024-02-12 11:07:32,785][hyperopt.tpe][INFO] - TPE using 173/173 trials with best loss 0.167765
[2024-02-12 11:07:32,847][hyperopt.tpe][INFO] - build_posterior_wrapper took 0.001413 seconds
[2024-02-12 11:07:32,848][hyperopt.tpe][INFO] - TPE using 174/174 trials with best loss 0.167765
[2024-02-12 11:07:32,963][hyperopt.tpe][INFO] - build_posterior_wrapper took 0.001436 seconds
[2024-02-12 11:07:32,963][hyperopt.tpe][INFO] - TPE using 175/175 trials with best loss 0.167765
[2024-02-12 11:07:33,025][hyperopt.tpe][INFO] - build_posterior_wrapper took 0.001434 seconds
[2024-02-12 11:07:33,025][hyperopt.tpe][INFO] - TPE using 176/176 trials with best loss 0.167765
[2024-02-12 11:07:33,118][hyperopt.tpe][INFO] - build_posterior_wrapper took 0.001493 seconds
[2024-02-12 11:07:33,118][hyperopt.tpe][INFO] - TPE using 177/177 trials with best loss 0.167765
[2024-02-12 11:07:33,208][hyperopt.tpe][INFO] - build_posterior_wrapper took 0.001439 seconds
[2024-02-12 11:07:33,208][hyperopt.tpe][INFO] - TPE using 178/178 trials with best loss 0.167765
[2024-02-12 11:07:33,269][hyperopt.tpe][INFO] - build_posterior_wrapper took 0.001440 seconds
[2024-02-12 11:07:33,269][hyperopt.tpe][INFO] - TPE using 179/179 trials with best loss 0.167765
[2024-02-12 11:07:33,324][hyperopt.tpe][INFO] - build_posterior_wrapper took 0.001435 seconds
[2024-02-12 11:07:33,324][hyperopt.tpe][INFO] - TPE using 180/180 trials with best loss 0.167765
[2024-02-12 11:07:33,383][hyperopt.tpe][INFO] - build_posterior_wrapper took 0.001427 seconds
[2024-02-12 11:07:33,383][hyperopt.tpe][INFO] - TPE using 181/181 trials with best loss 0.167765
[2024-02-12 11:07:33,501][hyperopt.tpe][INFO] - build_posterior_wrapper took 0.001524 seconds
[2024-02-12 11:07:33,501][hyperopt.tpe][INFO] - TPE using 182/182 trials with best loss 0.167765
[2024-02-12 11:07:33,599][hyperopt.tpe][INFO] - build_posterior_wrapper took 0.001487 seconds
[2024-02-12 11:07:33,599][hyperopt.tpe][INFO] - TPE using 183/183 trials with best loss 0.167765
[2024-02-12 11:07:33,663][hyperopt.tpe][INFO] - build_posterior_wrapper took 0.001481 seconds
[2024-02-12 11:07:33,663][hyperopt.tpe][INFO] - TPE using 184/184 trials with best loss 0.167765
[2024-02-12 11:07:33,742][hyperopt.tpe][INFO] - build_posterior_wrapper took 0.001457 seconds
[2024-02-12 11:07:33,743][hyperopt.tpe][INFO] - TPE using 185/185 trials with best loss 0.167765
[2024-02-12 11:07:33,808][hyperopt.tpe][INFO] - build_posterior_wrapper took 0.001427 seconds
[2024-02-12 11:07:33,808][hyperopt.tpe][INFO] - TPE using 186/186 trials with best loss 0.167765
[2024-02-12 11:07:33,870][hyperopt.tpe][INFO] - build_posterior_wrapper took 0.001482 seconds
[2024-02-12 11:07:33,871][hyperopt.tpe][INFO] - TPE using 187/187 trials with best loss 0.167765
[2024-02-12 11:07:33,925][hyperopt.tpe][INFO] - build_posterior_wrapper took 0.001495 seconds
[2024-02-12 11:07:33,925][hyperopt.tpe][INFO] - TPE using 188/188 trials with best loss 0.167765
[2024-02-12 11:07:34,041][hyperopt.tpe][INFO] - build_posterior_wrapper took 0.001488 seconds
[2024-02-12 11:07:34,042][hyperopt.tpe][INFO] - TPE using 189/189 trials with best loss 0.167765
[2024-02-12 11:07:34,118][hyperopt.tpe][INFO] - build_posterior_wrapper took 0.001416 seconds
[2024-02-12 11:07:34,119][hyperopt.tpe][INFO] - TPE using 190/190 trials with best loss 0.167765
[2024-02-12 11:07:34,219][hyperopt.tpe][INFO] - build_posterior_wrapper took 0.001451 seconds
[2024-02-12 11:07:34,219][hyperopt.tpe][INFO] - TPE using 191/191 trials with best loss 0.167722
[2024-02-12 11:07:34,312][hyperopt.tpe][INFO] - build_posterior_wrapper took 0.001494 seconds
[2024-02-12 11:07:34,312][hyperopt.tpe][INFO] - TPE using 192/192 trials with best loss 0.167722
[2024-02-12 11:07:34,413][hyperopt.tpe][INFO] - build_posterior_wrapper took 0.001518 seconds
[2024-02-12 11:07:34,413][hyperopt.tpe][INFO] - TPE using 193/193 trials with best loss 0.167722
[2024-02-12 11:07:34,514][hyperopt.tpe][INFO] - build_posterior_wrapper took 0.001425 seconds
[2024-02-12 11:07:34,514][hyperopt.tpe][INFO] - TPE using 194/194 trials with best loss 0.167722
[2024-02-12 11:07:34,612][hyperopt.tpe][INFO] - build_posterior_wrapper took 0.001676 seconds
[2024-02-12 11:07:34,613][hyperopt.tpe][INFO] - TPE using 195/195 trials with best loss 0.167722
[2024-02-12 11:07:34,702][hyperopt.tpe][INFO] - build_posterior_wrapper took 0.001469 seconds
[2024-02-12 11:07:34,702][hyperopt.tpe][INFO] - TPE using 196/196 trials with best loss 0.167722
[2024-02-12 11:07:34,806][hyperopt.tpe][INFO] - build_posterior_wrapper took 0.001514 seconds
[2024-02-12 11:07:34,806][hyperopt.tpe][INFO] - TPE using 197/197 trials with best loss 0.167722
[2024-02-12 11:07:34,904][hyperopt.tpe][INFO] - build_posterior_wrapper took 0.001395 seconds
[2024-02-12 11:07:34,905][hyperopt.tpe][INFO] - TPE using 198/198 trials with best loss 0.167722
[2024-02-12 11:07:35,029][hyperopt.tpe][INFO] - build_posterior_wrapper took 0.001405 seconds
[2024-02-12 11:07:35,029][hyperopt.tpe][INFO] - TPE using 199/199 trials with best loss 0.167722
[2024-02-12 11:07:35,123][hyperopt.tpe][INFO] - build_posterior_wrapper took 0.001475 seconds
[2024-02-12 11:07:35,123][hyperopt.tpe][INFO] - TPE using 200/200 trials with best loss 0.167722
[2024-02-12 11:07:35,220][hyperopt.tpe][INFO] - build_posterior_wrapper took 0.001476 seconds
[2024-02-12 11:07:35,221][hyperopt.tpe][INFO] - TPE using 201/201 trials with best loss 0.167722
[2024-02-12 11:07:35,324][hyperopt.tpe][INFO] - build_posterior_wrapper took 0.001580 seconds
[2024-02-12 11:07:35,324][hyperopt.tpe][INFO] - TPE using 202/202 trials with best loss 0.167722
[2024-02-12 11:07:35,426][hyperopt.tpe][INFO] - build_posterior_wrapper took 0.001462 seconds
[2024-02-12 11:07:35,426][hyperopt.tpe][INFO] - TPE using 203/203 trials with best loss 0.167722
[2024-02-12 11:07:35,515][hyperopt.tpe][INFO] - build_posterior_wrapper took 0.001416 seconds
[2024-02-12 11:07:35,515][hyperopt.tpe][INFO] - TPE using 204/204 trials with best loss 0.167722
[2024-02-12 11:07:35,640][hyperopt.tpe][INFO] - build_posterior_wrapper took 0.001509 seconds
[2024-02-12 11:07:35,640][hyperopt.tpe][INFO] - TPE using 205/205 trials with best loss 0.167722
[2024-02-12 11:07:35,743][hyperopt.tpe][INFO] - build_posterior_wrapper took 0.001431 seconds
[2024-02-12 11:07:35,744][hyperopt.tpe][INFO] - TPE using 206/206 trials with best loss 0.167722
[2024-02-12 11:07:35,843][hyperopt.tpe][INFO] - build_posterior_wrapper took 0.001520 seconds
[2024-02-12 11:07:35,843][hyperopt.tpe][INFO] - TPE using 207/207 trials with best loss 0.167006
[2024-02-12 11:07:35,942][hyperopt.tpe][INFO] - build_posterior_wrapper took 0.001500 seconds
[2024-02-12 11:07:35,942][hyperopt.tpe][INFO] - TPE using 208/208 trials with best loss 0.167006
[2024-02-12 11:07:36,043][hyperopt.tpe][INFO] - build_posterior_wrapper took 0.001442 seconds
[2024-02-12 11:07:36,044][hyperopt.tpe][INFO] - TPE using 209/209 trials with best loss 0.167006
[2024-02-12 11:07:36,141][hyperopt.tpe][INFO] - build_posterior_wrapper took 0.001410 seconds
[2024-02-12 11:07:36,142][hyperopt.tpe][INFO] - TPE using 210/210 trials with best loss 0.167006
[2024-02-12 11:07:36,241][hyperopt.tpe][INFO] - build_posterior_wrapper took 0.001433 seconds
[2024-02-12 11:07:36,241][hyperopt.tpe][INFO] - TPE using 211/211 trials with best loss 0.167006
[2024-02-12 11:07:36,330][hyperopt.tpe][INFO] - build_posterior_wrapper took 0.001414 seconds
[2024-02-12 11:07:36,330][hyperopt.tpe][INFO] - TPE using 212/212 trials with best loss 0.167006
[2024-02-12 11:07:36,429][hyperopt.tpe][INFO] - build_posterior_wrapper took 0.001621 seconds
[2024-02-12 11:07:36,430][hyperopt.tpe][INFO] - TPE using 213/213 trials with best loss 0.167006
[2024-02-12 11:07:36,549][hyperopt.tpe][INFO] - build_posterior_wrapper took 0.001492 seconds
[2024-02-12 11:07:36,549][hyperopt.tpe][INFO] - TPE using 214/214 trials with best loss 0.167006
[2024-02-12 11:07:36,649][hyperopt.tpe][INFO] - build_posterior_wrapper took 0.001501 seconds
[2024-02-12 11:07:36,649][hyperopt.tpe][INFO] - TPE using 215/215 trials with best loss 0.167006
[2024-02-12 11:07:36,748][hyperopt.tpe][INFO] - build_posterior_wrapper took 0.001578 seconds
[2024-02-12 11:07:36,748][hyperopt.tpe][INFO] - TPE using 216/216 trials with best loss 0.167006
[2024-02-12 11:07:36,843][hyperopt.tpe][INFO] - build_posterior_wrapper took 0.001410 seconds
[2024-02-12 11:07:36,843][hyperopt.tpe][INFO] - TPE using 217/217 trials with best loss 0.167006
[2024-02-12 11:07:36,943][hyperopt.tpe][INFO] - build_posterior_wrapper took 0.001497 seconds
[2024-02-12 11:07:36,943][hyperopt.tpe][INFO] - TPE using 218/218 trials with best loss 0.167006
[2024-02-12 11:07:37,057][hyperopt.tpe][INFO] - build_posterior_wrapper took 0.001474 seconds
[2024-02-12 11:07:37,057][hyperopt.tpe][INFO] - TPE using 219/219 trials with best loss 0.167006
[2024-02-12 11:07:37,155][hyperopt.tpe][INFO] - build_posterior_wrapper took 0.001412 seconds
[2024-02-12 11:07:37,155][hyperopt.tpe][INFO] - TPE using 220/220 trials with best loss 0.167006
[2024-02-12 11:07:37,245][hyperopt.tpe][INFO] - build_posterior_wrapper took 0.001557 seconds
[2024-02-12 11:07:37,245][hyperopt.tpe][INFO] - TPE using 221/221 trials with best loss 0.167006
[2024-02-12 11:07:37,343][hyperopt.tpe][INFO] - build_posterior_wrapper took 0.001402 seconds
[2024-02-12 11:07:37,344][hyperopt.tpe][INFO] - TPE using 222/222 trials with best loss 0.167006
[2024-02-12 11:07:37,443][hyperopt.tpe][INFO] - build_posterior_wrapper took 0.001417 seconds
[2024-02-12 11:07:37,443][hyperopt.tpe][INFO] - TPE using 223/223 trials with best loss 0.167006
[2024-02-12 11:07:37,541][hyperopt.tpe][INFO] - build_posterior_wrapper took 0.001470 seconds
[2024-02-12 11:07:37,541][hyperopt.tpe][INFO] - TPE using 224/224 trials with best loss 0.167006
[2024-02-12 11:07:37,642][hyperopt.tpe][INFO] - build_posterior_wrapper took 0.001467 seconds
[2024-02-12 11:07:37,642][hyperopt.tpe][INFO] - TPE using 225/225 trials with best loss 0.167006
[2024-02-12 11:07:37,756][hyperopt.tpe][INFO] - build_posterior_wrapper took 0.001433 seconds
[2024-02-12 11:07:37,756][hyperopt.tpe][INFO] - TPE using 226/226 trials with best loss 0.167006
[2024-02-12 11:07:37,855][hyperopt.tpe][INFO] - build_posterior_wrapper took 0.001435 seconds
[2024-02-12 11:07:37,855][hyperopt.tpe][INFO] - TPE using 227/227 trials with best loss 0.167006
[2024-02-12 11:07:37,970][hyperopt.tpe][INFO] - build_posterior_wrapper took 0.001422 seconds
[2024-02-12 11:07:37,970][hyperopt.tpe][INFO] - TPE using 228/228 trials with best loss 0.167006
[2024-02-12 11:07:38,043][hyperopt.tpe][INFO] - build_posterior_wrapper took 0.001412 seconds
[2024-02-12 11:07:38,043][hyperopt.tpe][INFO] - TPE using 229/229 trials with best loss 0.167006
[2024-02-12 11:07:38,144][hyperopt.tpe][INFO] - build_posterior_wrapper took 0.001529 seconds
[2024-02-12 11:07:38,144][hyperopt.tpe][INFO] - TPE using 230/230 trials with best loss 0.167006
[2024-02-12 11:07:38,244][hyperopt.tpe][INFO] - build_posterior_wrapper took 0.001549 seconds
[2024-02-12 11:07:38,244][hyperopt.tpe][INFO] - TPE using 231/231 trials with best loss 0.167006
[2024-02-12 11:07:38,342][hyperopt.tpe][INFO] - build_posterior_wrapper took 0.001448 seconds
[2024-02-12 11:07:38,342][hyperopt.tpe][INFO] - TPE using 232/232 trials with best loss 0.167006
[2024-02-12 11:07:38,472][hyperopt.tpe][INFO] - build_posterior_wrapper took 0.001463 seconds
[2024-02-12 11:07:38,472][hyperopt.tpe][INFO] - TPE using 233/233 trials with best loss 0.167006
[2024-02-12 11:07:38,572][hyperopt.tpe][INFO] - build_posterior_wrapper took 0.001499 seconds
[2024-02-12 11:07:38,573][hyperopt.tpe][INFO] - TPE using 234/234 trials with best loss 0.167006
[2024-02-12 11:07:38,676][hyperopt.tpe][INFO] - build_posterior_wrapper took 0.001413 seconds
[2024-02-12 11:07:38,677][hyperopt.tpe][INFO] - TPE using 235/235 trials with best loss 0.167006
[2024-02-12 11:07:38,759][hyperopt.tpe][INFO] - build_posterior_wrapper took 0.001444 seconds
[2024-02-12 11:07:38,759][hyperopt.tpe][INFO] - TPE using 236/236 trials with best loss 0.167006
[2024-02-12 11:07:38,860][hyperopt.tpe][INFO] - build_posterior_wrapper took 0.001494 seconds
[2024-02-12 11:07:38,860][hyperopt.tpe][INFO] - TPE using 237/237 trials with best loss 0.167006
[2024-02-12 11:07:38,949][hyperopt.tpe][INFO] - build_posterior_wrapper took 0.001440 seconds
[2024-02-12 11:07:38,949][hyperopt.tpe][INFO] - TPE using 238/238 trials with best loss 0.167006
[2024-02-12 11:07:39,069][hyperopt.tpe][INFO] - build_posterior_wrapper took 0.001544 seconds
[2024-02-12 11:07:39,069][hyperopt.tpe][INFO] - TPE using 239/239 trials with best loss 0.167006
[2024-02-12 11:07:39,186][hyperopt.tpe][INFO] - build_posterior_wrapper took 0.001467 seconds
[2024-02-12 11:07:39,186][hyperopt.tpe][INFO] - TPE using 240/240 trials with best loss 0.167006
[2024-02-12 11:07:39,287][hyperopt.tpe][INFO] - build_posterior_wrapper took 0.001493 seconds
[2024-02-12 11:07:39,287][hyperopt.tpe][INFO] - TPE using 241/241 trials with best loss 0.167006
[2024-02-12 11:07:39,374][hyperopt.tpe][INFO] - build_posterior_wrapper took 0.001511 seconds
[2024-02-12 11:07:39,374][hyperopt.tpe][INFO] - TPE using 242/242 trials with best loss 0.167006
[2024-02-12 11:07:39,474][hyperopt.tpe][INFO] - build_posterior_wrapper took 0.001531 seconds
[2024-02-12 11:07:39,474][hyperopt.tpe][INFO] - TPE using 243/243 trials with best loss 0.167006
[2024-02-12 11:07:39,577][hyperopt.tpe][INFO] - build_posterior_wrapper took 0.001483 seconds
[2024-02-12 11:07:39,578][hyperopt.tpe][INFO] - TPE using 244/244 trials with best loss 0.167006
[2024-02-12 11:07:39,678][hyperopt.tpe][INFO] - build_posterior_wrapper took 0.001419 seconds
[2024-02-12 11:07:39,678][hyperopt.tpe][INFO] - TPE using 245/245 trials with best loss 0.167006
[2024-02-12 11:07:39,768][hyperopt.tpe][INFO] - build_posterior_wrapper took 0.001568 seconds
[2024-02-12 11:07:39,768][hyperopt.tpe][INFO] - TPE using 246/246 trials with best loss 0.167006
[2024-02-12 11:07:39,885][hyperopt.tpe][INFO] - build_posterior_wrapper took 0.001406 seconds
[2024-02-12 11:07:39,886][hyperopt.tpe][INFO] - TPE using 247/247 trials with best loss 0.167006
[2024-02-12 11:07:39,986][hyperopt.tpe][INFO] - build_posterior_wrapper took 0.001450 seconds
[2024-02-12 11:07:39,987][hyperopt.tpe][INFO] - TPE using 248/248 trials with best loss 0.167006
[2024-02-12 11:07:40,069][hyperopt.tpe][INFO] - build_posterior_wrapper took 0.001599 seconds
[2024-02-12 11:07:40,069][hyperopt.tpe][INFO] - TPE using 249/249 trials with best loss 0.167006
[2024-02-12 11:07:40,168][hyperopt.tpe][INFO] - build_posterior_wrapper took 0.001583 seconds
[2024-02-12 11:07:40,169][hyperopt.tpe][INFO] - TPE using 250/250 trials with best loss 0.167006
[2024-02-12 11:07:40,268][hyperopt.tpe][INFO] - build_posterior_wrapper took 0.001541 seconds
[2024-02-12 11:07:40,268][hyperopt.tpe][INFO] - TPE using 251/251 trials with best loss 0.167006
[2024-02-12 11:07:40,384][hyperopt.tpe][INFO] - build_posterior_wrapper took 0.001443 seconds
[2024-02-12 11:07:40,384][hyperopt.tpe][INFO] - TPE using 252/252 trials with best loss 0.167006
[2024-02-12 11:07:40,475][hyperopt.tpe][INFO] - build_posterior_wrapper took 0.001497 seconds
[2024-02-12 11:07:40,475][hyperopt.tpe][INFO] - TPE using 253/253 trials with best loss 0.167006
[2024-02-12 11:07:40,614][hyperopt.tpe][INFO] - build_posterior_wrapper took 0.001440 seconds
[2024-02-12 11:07:40,615][hyperopt.tpe][INFO] - TPE using 254/254 trials with best loss 0.167006
[2024-02-12 11:07:40,714][hyperopt.tpe][INFO] - build_posterior_wrapper took 0.001751 seconds
[2024-02-12 11:07:40,714][hyperopt.tpe][INFO] - TPE using 255/255 trials with best loss 0.167006
[2024-02-12 11:07:40,805][hyperopt.tpe][INFO] - build_posterior_wrapper took 0.001585 seconds
[2024-02-12 11:07:40,806][hyperopt.tpe][INFO] - TPE using 256/256 trials with best loss 0.167006
[2024-02-12 11:07:40,904][hyperopt.tpe][INFO] - build_posterior_wrapper took 0.001492 seconds
[2024-02-12 11:07:40,904][hyperopt.tpe][INFO] - TPE using 257/257 trials with best loss 0.167006
[2024-02-12 11:07:41,004][hyperopt.tpe][INFO] - build_posterior_wrapper took 0.001414 seconds
[2024-02-12 11:07:41,004][hyperopt.tpe][INFO] - TPE using 258/258 trials with best loss 0.167006
[2024-02-12 11:07:41,105][hyperopt.tpe][INFO] - build_posterior_wrapper took 0.001450 seconds
[2024-02-12 11:07:41,105][hyperopt.tpe][INFO] - TPE using 259/259 trials with best loss 0.167006
[2024-02-12 11:07:41,206][hyperopt.tpe][INFO] - build_posterior_wrapper took 0.001549 seconds
[2024-02-12 11:07:41,207][hyperopt.tpe][INFO] - TPE using 260/260 trials with best loss 0.167006
[2024-02-12 11:07:41,308][hyperopt.tpe][INFO] - build_posterior_wrapper took 0.001487 seconds
[2024-02-12 11:07:41,308][hyperopt.tpe][INFO] - TPE using 261/261 trials with best loss 0.167006
[2024-02-12 11:07:41,409][hyperopt.tpe][INFO] - build_posterior_wrapper took 0.001417 seconds
[2024-02-12 11:07:41,409][hyperopt.tpe][INFO] - TPE using 262/262 trials with best loss 0.167006
[2024-02-12 11:07:41,508][hyperopt.tpe][INFO] - build_posterior_wrapper took 0.001424 seconds
[2024-02-12 11:07:41,509][hyperopt.tpe][INFO] - TPE using 263/263 trials with best loss 0.167006
[2024-02-12 11:07:41,609][hyperopt.tpe][INFO] - build_posterior_wrapper took 0.001504 seconds
[2024-02-12 11:07:41,609][hyperopt.tpe][INFO] - TPE using 264/264 trials with best loss 0.167006
[2024-02-12 11:07:41,710][hyperopt.tpe][INFO] - build_posterior_wrapper took 0.001514 seconds
[2024-02-12 11:07:41,710][hyperopt.tpe][INFO] - TPE using 265/265 trials with best loss 0.167006
[2024-02-12 11:07:41,811][hyperopt.tpe][INFO] - build_posterior_wrapper took 0.001635 seconds
[2024-02-12 11:07:41,811][hyperopt.tpe][INFO] - TPE using 266/266 trials with best loss 0.167006
[2024-02-12 11:07:41,912][hyperopt.tpe][INFO] - build_posterior_wrapper took 0.001539 seconds
[2024-02-12 11:07:41,913][hyperopt.tpe][INFO] - TPE using 267/267 trials with best loss 0.167006
[2024-02-12 11:07:42,013][hyperopt.tpe][INFO] - build_posterior_wrapper took 0.001592 seconds
[2024-02-12 11:07:42,013][hyperopt.tpe][INFO] - TPE using 268/268 trials with best loss 0.167006
[2024-02-12 11:07:42,114][hyperopt.tpe][INFO] - build_posterior_wrapper took 0.001583 seconds
[2024-02-12 11:07:42,114][hyperopt.tpe][INFO] - TPE using 269/269 trials with best loss 0.167006
[2024-02-12 11:07:42,216][hyperopt.tpe][INFO] - build_posterior_wrapper took 0.001528 seconds
[2024-02-12 11:07:42,216][hyperopt.tpe][INFO] - TPE using 270/270 trials with best loss 0.167006
[2024-02-12 11:07:42,316][hyperopt.tpe][INFO] - build_posterior_wrapper took 0.001583 seconds
[2024-02-12 11:07:42,316][hyperopt.tpe][INFO] - TPE using 271/271 trials with best loss 0.167006
[2024-02-12 11:07:42,418][hyperopt.tpe][INFO] - build_posterior_wrapper took 0.001583 seconds
[2024-02-12 11:07:42,419][hyperopt.tpe][INFO] - TPE using 272/272 trials with best loss 0.167006
[2024-02-12 11:07:42,539][hyperopt.tpe][INFO] - build_posterior_wrapper took 0.001475 seconds
[2024-02-12 11:07:42,540][hyperopt.tpe][INFO] - TPE using 273/273 trials with best loss 0.167006
[2024-02-12 11:07:42,638][hyperopt.tpe][INFO] - build_posterior_wrapper took 0.001431 seconds
[2024-02-12 11:07:42,638][hyperopt.tpe][INFO] - TPE using 274/274 trials with best loss 0.167006
[2024-02-12 11:07:42,737][hyperopt.tpe][INFO] - build_posterior_wrapper took 0.001420 seconds
[2024-02-12 11:07:42,737][hyperopt.tpe][INFO] - TPE using 275/275 trials with best loss 0.167006
[2024-02-12 11:07:42,853][hyperopt.tpe][INFO] - build_posterior_wrapper took 0.001469 seconds
[2024-02-12 11:07:42,854][hyperopt.tpe][INFO] - TPE using 276/276 trials with best loss 0.167006
[2024-02-12 11:07:42,927][hyperopt.tpe][INFO] - build_posterior_wrapper took 0.001415 seconds
[2024-02-12 11:07:42,927][hyperopt.tpe][INFO] - TPE using 277/277 trials with best loss 0.167006
[2024-02-12 11:07:43,029][hyperopt.tpe][INFO] - build_posterior_wrapper took 0.001497 seconds
[2024-02-12 11:07:43,030][hyperopt.tpe][INFO] - TPE using 278/278 trials with best loss 0.167006
[2024-02-12 11:07:43,130][hyperopt.tpe][INFO] - build_posterior_wrapper took 0.001715 seconds
[2024-02-12 11:07:43,130][hyperopt.tpe][INFO] - TPE using 279/279 trials with best loss 0.167006
[2024-02-12 11:07:43,233][hyperopt.tpe][INFO] - build_posterior_wrapper took 0.001482 seconds
[2024-02-12 11:07:43,233][hyperopt.tpe][INFO] - TPE using 280/280 trials with best loss 0.167006
[2024-02-12 11:07:43,352][hyperopt.tpe][INFO] - build_posterior_wrapper took 0.001464 seconds
[2024-02-12 11:07:43,352][hyperopt.tpe][INFO] - TPE using 281/281 trials with best loss 0.167006
[2024-02-12 11:07:43,455][hyperopt.tpe][INFO] - build_posterior_wrapper took 0.001503 seconds
[2024-02-12 11:07:43,455][hyperopt.tpe][INFO] - TPE using 282/282 trials with best loss 0.167006
[2024-02-12 11:07:43,555][hyperopt.tpe][INFO] - build_posterior_wrapper took 0.001416 seconds
[2024-02-12 11:07:43,556][hyperopt.tpe][INFO] - TPE using 283/283 trials with best loss 0.167006
[2024-02-12 11:07:43,636][hyperopt.tpe][INFO] - build_posterior_wrapper took 0.001413 seconds
[2024-02-12 11:07:43,636][hyperopt.tpe][INFO] - TPE using 284/284 trials with best loss 0.167006
[2024-02-12 11:07:43,751][hyperopt.tpe][INFO] - build_posterior_wrapper took 0.001451 seconds
[2024-02-12 11:07:43,751][hyperopt.tpe][INFO] - TPE using 285/285 trials with best loss 0.167006
[2024-02-12 11:07:43,842][hyperopt.tpe][INFO] - build_posterior_wrapper took 0.001652 seconds
[2024-02-12 11:07:43,843][hyperopt.tpe][INFO] - TPE using 286/286 trials with best loss 0.167006
[2024-02-12 11:07:43,942][hyperopt.tpe][INFO] - build_posterior_wrapper took 0.001433 seconds
[2024-02-12 11:07:43,942][hyperopt.tpe][INFO] - TPE using 287/287 trials with best loss 0.167006
[2024-02-12 11:07:44,044][hyperopt.tpe][INFO] - build_posterior_wrapper took 0.001410 seconds
[2024-02-12 11:07:44,044][hyperopt.tpe][INFO] - TPE using 288/288 trials with best loss 0.167006
[2024-02-12 11:07:44,166][hyperopt.tpe][INFO] - build_posterior_wrapper took 0.001410 seconds
[2024-02-12 11:07:44,204][hyperopt.tpe][INFO] - TPE using 289/289 trials with best loss 0.167006
[2024-02-12 11:07:44,316][hyperopt.tpe][INFO] - build_posterior_wrapper took 0.001491 seconds
[2024-02-12 11:07:44,316][hyperopt.tpe][INFO] - TPE using 290/290 trials with best loss 0.167006
[2024-02-12 11:07:44,420][hyperopt.tpe][INFO] - build_posterior_wrapper took 0.001497 seconds
[2024-02-12 11:07:44,420][hyperopt.tpe][INFO] - TPE using 291/291 trials with best loss 0.167006
[2024-02-12 11:07:44,503][hyperopt.tpe][INFO] - build_posterior_wrapper took 0.001568 seconds
[2024-02-12 11:07:44,503][hyperopt.tpe][INFO] - TPE using 292/292 trials with best loss 0.167006
[2024-02-12 11:07:44,606][hyperopt.tpe][INFO] - build_posterior_wrapper took 0.001454 seconds
[2024-02-12 11:07:44,606][hyperopt.tpe][INFO] - TPE using 293/293 trials with best loss 0.167006
[2024-02-12 11:07:44,722][hyperopt.tpe][INFO] - build_posterior_wrapper took 0.001485 seconds
[2024-02-12 11:07:44,722][hyperopt.tpe][INFO] - TPE using 294/294 trials with best loss 0.167006
[2024-02-12 11:07:44,824][hyperopt.tpe][INFO] - build_posterior_wrapper took 0.001427 seconds
[2024-02-12 11:07:44,824][hyperopt.tpe][INFO] - TPE using 295/295 trials with best loss 0.167006
[2024-02-12 11:07:44,915][hyperopt.tpe][INFO] - build_posterior_wrapper took 0.001441 seconds
[2024-02-12 11:07:44,915][hyperopt.tpe][INFO] - TPE using 296/296 trials with best loss 0.167006
[2024-02-12 11:07:45,036][hyperopt.tpe][INFO] - build_posterior_wrapper took 0.001465 seconds
[2024-02-12 11:07:45,036][hyperopt.tpe][INFO] - TPE using 297/297 trials with best loss 0.167006
[2024-02-12 11:07:45,141][hyperopt.tpe][INFO] - build_posterior_wrapper took 0.001511 seconds
[2024-02-12 11:07:45,141][hyperopt.tpe][INFO] - TPE using 298/298 trials with best loss 0.167006
[2024-02-12 11:07:45,257][hyperopt.tpe][INFO] - build_posterior_wrapper took 0.001424 seconds
[2024-02-12 11:07:45,257][hyperopt.tpe][INFO] - TPE using 299/299 trials with best loss 0.167006
[2024-02-12 11:07:45,339][hyperopt.tpe][INFO] - build_posterior_wrapper took 0.001424 seconds
[2024-02-12 11:07:45,339][hyperopt.tpe][INFO] - TPE using 300/300 trials with best loss 0.167006
[2024-02-12 11:07:45,440][hyperopt.tpe][INFO] - build_posterior_wrapper took 0.001424 seconds
[2024-02-12 11:07:45,440][hyperopt.tpe][INFO] - TPE using 301/301 trials with best loss 0.167006
[2024-02-12 11:07:45,541][hyperopt.tpe][INFO] - build_posterior_wrapper took 0.001560 seconds
[2024-02-12 11:07:45,541][hyperopt.tpe][INFO] - TPE using 302/302 trials with best loss 0.167006
[2024-02-12 11:07:45,642][hyperopt.tpe][INFO] - build_posterior_wrapper took 0.001491 seconds
[2024-02-12 11:07:45,643][hyperopt.tpe][INFO] - TPE using 303/303 trials with best loss 0.167006
[2024-02-12 11:07:45,732][hyperopt.tpe][INFO] - build_posterior_wrapper took 0.001575 seconds
[2024-02-12 11:07:45,733][hyperopt.tpe][INFO] - TPE using 304/304 trials with best loss 0.167006
[2024-02-12 11:07:45,853][hyperopt.tpe][INFO] - build_posterior_wrapper took 0.001467 seconds
[2024-02-12 11:07:45,853][hyperopt.tpe][INFO] - TPE using 305/305 trials with best loss 0.167006
[2024-02-12 11:07:45,955][hyperopt.tpe][INFO] - build_posterior_wrapper took 0.001387 seconds
[2024-02-12 11:07:45,956][hyperopt.tpe][INFO] - TPE using 306/306 trials with best loss 0.167006
[2024-02-12 11:07:46,057][hyperopt.tpe][INFO] - build_posterior_wrapper took 0.001471 seconds
[2024-02-12 11:07:46,057][hyperopt.tpe][INFO] - TPE using 307/307 trials with best loss 0.167006
[2024-02-12 11:07:46,140][hyperopt.tpe][INFO] - build_posterior_wrapper took 0.001519 seconds
[2024-02-12 11:07:46,140][hyperopt.tpe][INFO] - TPE using 308/308 trials with best loss 0.167006
[2024-02-12 11:07:46,244][hyperopt.tpe][INFO] - build_posterior_wrapper took 0.001469 seconds
[2024-02-12 11:07:46,244][hyperopt.tpe][INFO] - TPE using 309/309 trials with best loss 0.167006
[2024-02-12 11:07:46,344][hyperopt.tpe][INFO] - build_posterior_wrapper took 0.001566 seconds
[2024-02-12 11:07:46,345][hyperopt.tpe][INFO] - TPE using 310/310 trials with best loss 0.167006
[2024-02-12 11:07:46,443][hyperopt.tpe][INFO] - build_posterior_wrapper took 0.001414 seconds
[2024-02-12 11:07:46,443][hyperopt.tpe][INFO] - TPE using 311/311 trials with best loss 0.167006
[2024-02-12 11:07:46,546][hyperopt.tpe][INFO] - build_posterior_wrapper took 0.001473 seconds
[2024-02-12 11:07:46,546][hyperopt.tpe][INFO] - TPE using 312/312 trials with best loss 0.167006
[2024-02-12 11:07:46,653][hyperopt.tpe][INFO] - build_posterior_wrapper took 0.001442 seconds
[2024-02-12 11:07:46,654][hyperopt.tpe][INFO] - TPE using 313/313 trials with best loss 0.167006
[2024-02-12 11:07:46,764][hyperopt.tpe][INFO] - build_posterior_wrapper took 0.001439 seconds
[2024-02-12 11:07:46,764][hyperopt.tpe][INFO] - TPE using 314/314 trials with best loss 0.167006
[2024-02-12 11:07:46,864][hyperopt.tpe][INFO] - build_posterior_wrapper took 0.001493 seconds
[2024-02-12 11:07:46,864][hyperopt.tpe][INFO] - TPE using 315/315 trials with best loss 0.167006
[2024-02-12 11:07:46,968][hyperopt.tpe][INFO] - build_posterior_wrapper took 0.001432 seconds
[2024-02-12 11:07:46,968][hyperopt.tpe][INFO] - TPE using 316/316 trials with best loss 0.167006
[2024-02-12 11:07:47,053][hyperopt.tpe][INFO] - build_posterior_wrapper took 0.001514 seconds
[2024-02-12 11:07:47,053][hyperopt.tpe][INFO] - TPE using 317/317 trials with best loss 0.167006
[2024-02-12 11:07:47,150][hyperopt.tpe][INFO] - build_posterior_wrapper took 0.001559 seconds
[2024-02-12 11:07:47,150][hyperopt.tpe][INFO] - TPE using 318/318 trials with best loss 0.167006
[2024-02-12 11:07:47,266][hyperopt.tpe][INFO] - build_posterior_wrapper took 0.001479 seconds
[2024-02-12 11:07:47,266][hyperopt.tpe][INFO] - TPE using 319/319 trials with best loss 0.167006
[2024-02-12 11:07:47,394][hyperopt.tpe][INFO] - build_posterior_wrapper took 0.001420 seconds
[2024-02-12 11:07:47,394][hyperopt.tpe][INFO] - TPE using 320/320 trials with best loss 0.167006
[2024-02-12 11:07:47,513][hyperopt.tpe][INFO] - build_posterior_wrapper took 0.001561 seconds
[2024-02-12 11:07:47,513][hyperopt.tpe][INFO] - TPE using 321/321 trials with best loss 0.167006
[2024-02-12 11:07:47,602][hyperopt.tpe][INFO] - build_posterior_wrapper took 0.001386 seconds
[2024-02-12 11:07:47,602][hyperopt.tpe][INFO] - TPE using 322/322 trials with best loss 0.167006
[2024-02-12 11:07:47,702][hyperopt.tpe][INFO] - build_posterior_wrapper took 0.001473 seconds
[2024-02-12 11:07:47,702][hyperopt.tpe][INFO] - TPE using 323/323 trials with best loss 0.167006
[2024-02-12 11:07:47,802][hyperopt.tpe][INFO] - build_posterior_wrapper took 0.001414 seconds
[2024-02-12 11:07:47,802][hyperopt.tpe][INFO] - TPE using 324/324 trials with best loss 0.167006
[2024-02-12 11:07:47,889][hyperopt.tpe][INFO] - build_posterior_wrapper took 0.001415 seconds
[2024-02-12 11:07:47,890][hyperopt.tpe][INFO] - TPE using 325/325 trials with best loss 0.167006
[2024-02-12 11:07:48,003][hyperopt.tpe][INFO] - build_posterior_wrapper took 0.001465 seconds
[2024-02-12 11:07:48,003][hyperopt.tpe][INFO] - TPE using 326/326 trials with best loss 0.167006
[2024-02-12 11:07:48,118][hyperopt.tpe][INFO] - build_posterior_wrapper took 0.001482 seconds
[2024-02-12 11:07:48,118][hyperopt.tpe][INFO] - TPE using 327/327 trials with best loss 0.167006
[2024-02-12 11:07:48,220][hyperopt.tpe][INFO] - build_posterior_wrapper took 0.001430 seconds
[2024-02-12 11:07:48,220][hyperopt.tpe][INFO] - TPE using 328/328 trials with best loss 0.167006
[2024-02-12 11:07:48,332][hyperopt.tpe][INFO] - build_posterior_wrapper took 0.001472 seconds
[2024-02-12 11:07:48,332][hyperopt.tpe][INFO] - TPE using 329/329 trials with best loss 0.167006
[2024-02-12 11:07:48,438][hyperopt.tpe][INFO] - build_posterior_wrapper took 0.001408 seconds
[2024-02-12 11:07:48,439][hyperopt.tpe][INFO] - TPE using 330/330 trials with best loss 0.167006
[2024-02-12 11:07:48,537][hyperopt.tpe][INFO] - build_posterior_wrapper took 0.001439 seconds
[2024-02-12 11:07:48,537][hyperopt.tpe][INFO] - TPE using 331/331 trials with best loss 0.167006
[2024-02-12 11:07:48,634][hyperopt.tpe][INFO] - build_posterior_wrapper took 0.001509 seconds
[2024-02-12 11:07:48,634][hyperopt.tpe][INFO] - TPE using 332/332 trials with best loss 0.167006
[2024-02-12 11:07:48,705][hyperopt.tpe][INFO] - build_posterior_wrapper took 0.001479 seconds
[2024-02-12 11:07:48,705][hyperopt.tpe][INFO] - TPE using 333/333 trials with best loss 0.167006
[2024-02-12 11:07:48,869][hyperopt.tpe][INFO] - build_posterior_wrapper took 0.055269 seconds
[2024-02-12 11:07:48,870][hyperopt.tpe][INFO] - TPE using 334/334 trials with best loss 0.167006
[2024-02-12 11:07:48,970][hyperopt.tpe][INFO] - build_posterior_wrapper took 0.001476 seconds
[2024-02-12 11:07:48,971][hyperopt.tpe][INFO] - TPE using 335/335 trials with best loss 0.167006
[2024-02-12 11:07:49,076][hyperopt.tpe][INFO] - build_posterior_wrapper took 0.001335 seconds
[2024-02-12 11:07:49,077][hyperopt.tpe][INFO] - TPE using 336/336 trials with best loss 0.167006
[2024-02-12 11:07:49,193][hyperopt.tpe][INFO] - build_posterior_wrapper took 0.001406 seconds
[2024-02-12 11:07:49,193][hyperopt.tpe][INFO] - TPE using 337/337 trials with best loss 0.167006
[2024-02-12 11:07:49,289][hyperopt.tpe][INFO] - build_posterior_wrapper took 0.001450 seconds
[2024-02-12 11:07:49,290][hyperopt.tpe][INFO] - TPE using 338/338 trials with best loss 0.167006
[2024-02-12 11:07:49,329][hyperopt.tpe][INFO] - build_posterior_wrapper took 0.001429 seconds
[2024-02-12 11:07:49,330][hyperopt.tpe][INFO] - TPE using 339/339 trials with best loss 0.167006
[2024-02-12 11:07:49,426][hyperopt.tpe][INFO] - build_posterior_wrapper took 0.001327 seconds
[2024-02-12 11:07:49,426][hyperopt.tpe][INFO] - TPE using 340/340 trials with best loss 0.167006
[2024-02-12 11:07:49,546][hyperopt.tpe][INFO] - build_posterior_wrapper took 0.001474 seconds
[2024-02-12 11:07:49,547][hyperopt.tpe][INFO] - TPE using 341/341 trials with best loss 0.167006
[2024-02-12 11:07:49,619][hyperopt.tpe][INFO] - build_posterior_wrapper took 0.001456 seconds
[2024-02-12 11:07:49,619][hyperopt.tpe][INFO] - TPE using 342/342 trials with best loss 0.167006
[2024-02-12 11:07:49,729][hyperopt.tpe][INFO] - build_posterior_wrapper took 0.001315 seconds
[2024-02-12 11:07:49,730][hyperopt.tpe][INFO] - TPE using 343/343 trials with best loss 0.167006
[2024-02-12 11:07:49,816][hyperopt.tpe][INFO] - build_posterior_wrapper took 0.001356 seconds
[2024-02-12 11:07:49,816][hyperopt.tpe][INFO] - TPE using 344/344 trials with best loss 0.167006
[2024-02-12 11:07:49,919][hyperopt.tpe][INFO] - build_posterior_wrapper took 0.001441 seconds
[2024-02-12 11:07:49,919][hyperopt.tpe][INFO] - TPE using 345/345 trials with best loss 0.167006
[2024-02-12 11:07:50,034][hyperopt.tpe][INFO] - build_posterior_wrapper took 0.001431 seconds
[2024-02-12 11:07:50,034][hyperopt.tpe][INFO] - TPE using 346/346 trials with best loss 0.167006
[2024-02-12 11:07:50,074][hyperopt.tpe][INFO] - build_posterior_wrapper took 0.001310 seconds
[2024-02-12 11:07:50,075][hyperopt.tpe][INFO] - TPE using 347/347 trials with best loss 0.167006
[2024-02-12 11:07:50,199][hyperopt.tpe][INFO] - build_posterior_wrapper took 0.001421 seconds
[2024-02-12 11:07:50,200][hyperopt.tpe][INFO] - TPE using 348/348 trials with best loss 0.167006
[2024-02-12 11:07:50,301][hyperopt.tpe][INFO] - build_posterior_wrapper took 0.001437 seconds
[2024-02-12 11:07:50,301][hyperopt.tpe][INFO] - TPE using 349/349 trials with best loss 0.167006
[2024-02-12 11:07:50,396][hyperopt.tpe][INFO] - build_posterior_wrapper took 0.001382 seconds
[2024-02-12 11:07:50,397][hyperopt.tpe][INFO] - TPE using 350/350 trials with best loss 0.167006
[2024-02-12 11:07:50,476][hyperopt.tpe][INFO] - build_posterior_wrapper took 0.001433 seconds
[2024-02-12 11:07:50,476][hyperopt.tpe][INFO] - TPE using 351/351 trials with best loss 0.167006
[2024-02-12 11:07:50,564][hyperopt.tpe][INFO] - build_posterior_wrapper took 0.001434 seconds
[2024-02-12 11:07:50,564][hyperopt.tpe][INFO] - TPE using 352/352 trials with best loss 0.167006
[2024-02-12 11:07:50,674][hyperopt.tpe][INFO] - build_posterior_wrapper took 0.001354 seconds
[2024-02-12 11:07:50,674][hyperopt.tpe][INFO] - TPE using 353/353 trials with best loss 0.167006
[2024-02-12 11:07:50,760][hyperopt.tpe][INFO] - build_posterior_wrapper took 0.001413 seconds
[2024-02-12 11:07:50,760][hyperopt.tpe][INFO] - TPE using 354/354 trials with best loss 0.167006
[2024-02-12 11:07:50,804][hyperopt.tpe][INFO] - build_posterior_wrapper took 0.001382 seconds
[2024-02-12 11:07:50,804][hyperopt.tpe][INFO] - TPE using 355/355 trials with best loss 0.167006
[2024-02-12 11:07:50,907][hyperopt.tpe][INFO] - build_posterior_wrapper took 0.001321 seconds
[2024-02-12 11:07:50,907][hyperopt.tpe][INFO] - TPE using 356/356 trials with best loss 0.167006
[2024-02-12 11:07:51,023][hyperopt.tpe][INFO] - build_posterior_wrapper took 0.001436 seconds
[2024-02-12 11:07:51,024][hyperopt.tpe][INFO] - TPE using 357/357 trials with best loss 0.167006
[2024-02-12 11:07:51,116][hyperopt.tpe][INFO] - build_posterior_wrapper took 0.001382 seconds
[2024-02-12 11:07:51,116][hyperopt.tpe][INFO] - TPE using 358/358 trials with best loss 0.167006
[2024-02-12 11:07:51,210][hyperopt.tpe][INFO] - build_posterior_wrapper took 0.001386 seconds
[2024-02-12 11:07:51,210][hyperopt.tpe][INFO] - TPE using 359/359 trials with best loss 0.167006
[2024-02-12 11:07:51,291][hyperopt.tpe][INFO] - build_posterior_wrapper took 0.001455 seconds
[2024-02-12 11:07:51,291][hyperopt.tpe][INFO] - TPE using 360/360 trials with best loss 0.167006
[2024-02-12 11:07:51,388][hyperopt.tpe][INFO] - build_posterior_wrapper took 0.001444 seconds
[2024-02-12 11:07:51,388][hyperopt.tpe][INFO] - TPE using 361/361 trials with best loss 0.167006
[2024-02-12 11:07:51,483][hyperopt.tpe][INFO] - build_posterior_wrapper took 0.001348 seconds
[2024-02-12 11:07:51,483][hyperopt.tpe][INFO] - TPE using 362/362 trials with best loss 0.167006
[2024-02-12 11:07:51,569][hyperopt.tpe][INFO] - build_posterior_wrapper took 0.001317 seconds
[2024-02-12 11:07:51,569][hyperopt.tpe][INFO] - TPE using 363/363 trials with best loss 0.167006
[2024-02-12 11:07:51,612][hyperopt.tpe][INFO] - build_posterior_wrapper took 0.001434 seconds
[2024-02-12 11:07:51,612][hyperopt.tpe][INFO] - TPE using 364/364 trials with best loss 0.167006
[2024-02-12 11:07:51,711][hyperopt.tpe][INFO] - build_posterior_wrapper took 0.001316 seconds
[2024-02-12 11:07:51,712][hyperopt.tpe][INFO] - TPE using 365/365 trials with best loss 0.167006
[2024-02-12 11:07:51,826][hyperopt.tpe][INFO] - build_posterior_wrapper took 0.001376 seconds
[2024-02-12 11:07:51,826][hyperopt.tpe][INFO] - TPE using 366/366 trials with best loss 0.167006
[2024-02-12 11:07:51,920][hyperopt.tpe][INFO] - build_posterior_wrapper took 0.001317 seconds
[2024-02-12 11:07:51,920][hyperopt.tpe][INFO] - TPE using 367/367 trials with best loss 0.167006
[2024-02-12 11:07:52,016][hyperopt.tpe][INFO] - build_posterior_wrapper took 0.001424 seconds
[2024-02-12 11:07:52,016][hyperopt.tpe][INFO] - TPE using 368/368 trials with best loss 0.167006
[2024-02-12 11:07:52,098][hyperopt.tpe][INFO] - build_posterior_wrapper took 0.001423 seconds
[2024-02-12 11:07:52,099][hyperopt.tpe][INFO] - TPE using 369/369 trials with best loss 0.167006
[2024-02-12 11:07:52,199][hyperopt.tpe][INFO] - build_posterior_wrapper took 0.001402 seconds
[2024-02-12 11:07:52,200][hyperopt.tpe][INFO] - TPE using 370/370 trials with best loss 0.167006
[2024-02-12 11:07:52,294][hyperopt.tpe][INFO] - build_posterior_wrapper took 0.001399 seconds
[2024-02-12 11:07:52,295][hyperopt.tpe][INFO] - TPE using 371/371 trials with best loss 0.167006
[2024-02-12 11:07:52,387][hyperopt.tpe][INFO] - build_posterior_wrapper took 0.001331 seconds
[2024-02-12 11:07:52,387][hyperopt.tpe][INFO] - TPE using 372/372 trials with best loss 0.167006
[2024-02-12 11:07:52,433][hyperopt.tpe][INFO] - build_posterior_wrapper took 0.001407 seconds
[2024-02-12 11:07:52,433][hyperopt.tpe][INFO] - TPE using 373/373 trials with best loss 0.167006
[2024-02-12 11:07:52,519][hyperopt.tpe][INFO] - build_posterior_wrapper took 0.001370 seconds
[2024-02-12 11:07:52,519][hyperopt.tpe][INFO] - TPE using 374/374 trials with best loss 0.167006
[2024-02-12 11:07:52,633][hyperopt.tpe][INFO] - build_posterior_wrapper took 0.001376 seconds
[2024-02-12 11:07:52,633][hyperopt.tpe][INFO] - TPE using 375/375 trials with best loss 0.167006
[2024-02-12 11:07:52,728][hyperopt.tpe][INFO] - build_posterior_wrapper took 0.001328 seconds
[2024-02-12 11:07:52,729][hyperopt.tpe][INFO] - TPE using 376/376 trials with best loss 0.167006
[2024-02-12 11:07:52,826][hyperopt.tpe][INFO] - build_posterior_wrapper took 0.001426 seconds
[2024-02-12 11:07:52,827][hyperopt.tpe][INFO] - TPE using 377/377 trials with best loss 0.167006
[2024-02-12 11:07:52,923][hyperopt.tpe][INFO] - build_posterior_wrapper took 0.001467 seconds
[2024-02-12 11:07:52,923][hyperopt.tpe][INFO] - TPE using 378/378 trials with best loss 0.167006
[2024-02-12 11:07:53,000][hyperopt.tpe][INFO] - build_posterior_wrapper took 0.001316 seconds
[2024-02-12 11:07:53,000][hyperopt.tpe][INFO] - TPE using 379/379 trials with best loss 0.167006
[2024-02-12 11:07:53,096][hyperopt.tpe][INFO] - build_posterior_wrapper took 0.001445 seconds
[2024-02-12 11:07:53,096][hyperopt.tpe][INFO] - TPE using 380/380 trials with best loss 0.167006
[2024-02-12 11:07:53,191][hyperopt.tpe][INFO] - build_posterior_wrapper took 0.001420 seconds
[2024-02-12 11:07:53,191][hyperopt.tpe][INFO] - TPE using 381/381 trials with best loss 0.167006
[2024-02-12 11:07:53,279][hyperopt.tpe][INFO] - build_posterior_wrapper took 0.001427 seconds
[2024-02-12 11:07:53,280][hyperopt.tpe][INFO] - TPE using 382/382 trials with best loss 0.167006
[2024-02-12 11:07:53,322][hyperopt.tpe][INFO] - build_posterior_wrapper took 0.001460 seconds
[2024-02-12 11:07:53,323][hyperopt.tpe][INFO] - TPE using 383/383 trials with best loss 0.167006
[2024-02-12 11:07:53,424][hyperopt.tpe][INFO] - build_posterior_wrapper took 0.001336 seconds
[2024-02-12 11:07:53,424][hyperopt.tpe][INFO] - TPE using 384/384 trials with best loss 0.167006
[2024-02-12 11:07:53,534][hyperopt.tpe][INFO] - build_posterior_wrapper took 0.001466 seconds
[2024-02-12 11:07:53,535][hyperopt.tpe][INFO] - TPE using 385/385 trials with best loss 0.167006
[2024-02-12 11:07:53,637][hyperopt.tpe][INFO] - build_posterior_wrapper took 0.001458 seconds
[2024-02-12 11:07:53,637][hyperopt.tpe][INFO] - TPE using 386/386 trials with best loss 0.167006
[2024-02-12 11:07:53,712][hyperopt.tpe][INFO] - build_posterior_wrapper took 0.001373 seconds
[2024-02-12 11:07:53,713][hyperopt.tpe][INFO] - TPE using 387/387 trials with best loss 0.167006
[2024-02-12 11:07:53,807][hyperopt.tpe][INFO] - build_posterior_wrapper took 0.001363 seconds
[2024-02-12 11:07:53,807][hyperopt.tpe][INFO] - TPE using 388/388 trials with best loss 0.167006
[2024-02-12 11:07:53,918][hyperopt.tpe][INFO] - build_posterior_wrapper took 0.001318 seconds
[2024-02-12 11:07:53,919][hyperopt.tpe][INFO] - TPE using 389/389 trials with best loss 0.167006
[2024-02-12 11:07:54,014][hyperopt.tpe][INFO] - build_posterior_wrapper took 0.001319 seconds
[2024-02-12 11:07:54,015][hyperopt.tpe][INFO] - TPE using 390/390 trials with best loss 0.167006
[2024-02-12 11:07:54,058][hyperopt.tpe][INFO] - build_posterior_wrapper took 0.001450 seconds
[2024-02-12 11:07:54,059][hyperopt.tpe][INFO] - TPE using 391/391 trials with best loss 0.167006
[2024-02-12 11:07:54,147][hyperopt.tpe][INFO] - build_posterior_wrapper took 0.001320 seconds
[2024-02-12 11:07:54,148][hyperopt.tpe][INFO] - TPE using 392/392 trials with best loss 0.167006
[2024-02-12 11:07:54,264][hyperopt.tpe][INFO] - build_posterior_wrapper took 0.001325 seconds
[2024-02-12 11:07:54,264][hyperopt.tpe][INFO] - TPE using 393/393 trials with best loss 0.167006
[2024-02-12 11:07:54,350][hyperopt.tpe][INFO] - build_posterior_wrapper took 0.001389 seconds
[2024-02-12 11:07:54,351][hyperopt.tpe][INFO] - TPE using 394/394 trials with best loss 0.167006
[2024-02-12 11:07:54,447][hyperopt.tpe][INFO] - build_posterior_wrapper took 0.001438 seconds
[2024-02-12 11:07:54,447][hyperopt.tpe][INFO] - TPE using 395/395 trials with best loss 0.167006
[2024-02-12 11:07:54,540][hyperopt.tpe][INFO] - build_posterior_wrapper took 0.001437 seconds
[2024-02-12 11:07:54,540][hyperopt.tpe][INFO] - TPE using 396/396 trials with best loss 0.167006
[2024-02-12 11:07:54,626][hyperopt.tpe][INFO] - build_posterior_wrapper took 0.001353 seconds
[2024-02-12 11:07:54,627][hyperopt.tpe][INFO] - TPE using 397/397 trials with best loss 0.167006
[2024-02-12 11:07:54,749][hyperopt.tpe][INFO] - build_posterior_wrapper took 0.001378 seconds
[2024-02-12 11:07:54,749][hyperopt.tpe][INFO] - TPE using 398/398 trials with best loss 0.167006
[2024-02-12 11:07:54,846][hyperopt.tpe][INFO] - build_posterior_wrapper took 0.001326 seconds
[2024-02-12 11:07:54,846][hyperopt.tpe][INFO] - TPE using 399/399 trials with best loss 0.167006
[2024-02-12 11:07:54,885][hyperopt.tpe][INFO] - build_posterior_wrapper took 0.001423 seconds
[2024-02-12 11:07:54,886][hyperopt.tpe][INFO] - TPE using 400/400 trials with best loss 0.167006
[2024-02-12 11:07:54,982][hyperopt.tpe][INFO] - build_posterior_wrapper took 0.001348 seconds
[2024-02-12 11:07:54,982][hyperopt.tpe][INFO] - TPE using 401/401 trials with best loss 0.167006
[2024-02-12 11:07:55,078][hyperopt.tpe][INFO] - build_posterior_wrapper took 0.001324 seconds
[2024-02-12 11:07:55,078][hyperopt.tpe][INFO] - TPE using 402/402 trials with best loss 0.167006
[2024-02-12 11:07:55,175][hyperopt.tpe][INFO] - build_posterior_wrapper took 0.001348 seconds
[2024-02-12 11:07:55,176][hyperopt.tpe][INFO] - TPE using 403/403 trials with best loss 0.167006
[2024-02-12 11:07:55,272][hyperopt.tpe][INFO] - build_posterior_wrapper took 0.001312 seconds
[2024-02-12 11:07:55,272][hyperopt.tpe][INFO] - TPE using 404/404 trials with best loss 0.167006
[2024-02-12 11:07:55,368][hyperopt.tpe][INFO] - build_posterior_wrapper took 0.001404 seconds
[2024-02-12 11:07:55,369][hyperopt.tpe][INFO] - TPE using 405/405 trials with best loss 0.167006
[2024-02-12 11:07:55,466][hyperopt.tpe][INFO] - build_posterior_wrapper took 0.001394 seconds
[2024-02-12 11:07:55,466][hyperopt.tpe][INFO] - TPE using 406/406 trials with best loss 0.167006
[2024-02-12 11:07:55,563][hyperopt.tpe][INFO] - build_posterior_wrapper took 0.001312 seconds
[2024-02-12 11:07:55,563][hyperopt.tpe][INFO] - TPE using 407/407 trials with best loss 0.167006
[2024-02-12 11:07:55,659][hyperopt.tpe][INFO] - build_posterior_wrapper took 0.001409 seconds
[2024-02-12 11:07:55,659][hyperopt.tpe][INFO] - TPE using 408/408 trials with best loss 0.167006
[2024-02-12 11:07:55,755][hyperopt.tpe][INFO] - build_posterior_wrapper took 0.001423 seconds
[2024-02-12 11:07:55,756][hyperopt.tpe][INFO] - TPE using 409/409 trials with best loss 0.167006
[2024-02-12 11:07:55,852][hyperopt.tpe][INFO] - build_posterior_wrapper took 0.001382 seconds
[2024-02-12 11:07:55,853][hyperopt.tpe][INFO] - TPE using 410/410 trials with best loss 0.167006
[2024-02-12 11:07:55,948][hyperopt.tpe][INFO] - build_posterior_wrapper took 0.001336 seconds
[2024-02-12 11:07:55,949][hyperopt.tpe][INFO] - TPE using 411/411 trials with best loss 0.167006
[2024-02-12 11:07:56,045][hyperopt.tpe][INFO] - build_posterior_wrapper took 0.001421 seconds
[2024-02-12 11:07:56,045][hyperopt.tpe][INFO] - TPE using 412/412 trials with best loss 0.167006
[2024-02-12 11:07:56,141][hyperopt.tpe][INFO] - build_posterior_wrapper took 0.001429 seconds
[2024-02-12 11:07:56,141][hyperopt.tpe][INFO] - TPE using 413/413 trials with best loss 0.167006
[2024-02-12 11:07:56,236][hyperopt.tpe][INFO] - build_posterior_wrapper took 0.001318 seconds
[2024-02-12 11:07:56,236][hyperopt.tpe][INFO] - TPE using 414/414 trials with best loss 0.167006
[2024-02-12 11:07:56,332][hyperopt.tpe][INFO] - build_posterior_wrapper took 0.001538 seconds
[2024-02-12 11:07:56,332][hyperopt.tpe][INFO] - TPE using 415/415 trials with best loss 0.167006
[2024-02-12 11:07:56,429][hyperopt.tpe][INFO] - build_posterior_wrapper took 0.001312 seconds
[2024-02-12 11:07:56,429][hyperopt.tpe][INFO] - TPE using 416/416 trials with best loss 0.167006
[2024-02-12 11:07:56,525][hyperopt.tpe][INFO] - build_posterior_wrapper took 0.001445 seconds
[2024-02-12 11:07:56,525][hyperopt.tpe][INFO] - TPE using 417/417 trials with best loss 0.167006
[2024-02-12 11:07:56,619][hyperopt.tpe][INFO] - build_posterior_wrapper took 0.001317 seconds
[2024-02-12 11:07:56,620][hyperopt.tpe][INFO] - TPE using 418/418 trials with best loss 0.167006
[2024-02-12 11:07:56,716][hyperopt.tpe][INFO] - build_posterior_wrapper took 0.001465 seconds
[2024-02-12 11:07:56,716][hyperopt.tpe][INFO] - TPE using 419/419 trials with best loss 0.167006
[2024-02-12 11:07:56,813][hyperopt.tpe][INFO] - build_posterior_wrapper took 0.001327 seconds
[2024-02-12 11:07:56,814][hyperopt.tpe][INFO] - TPE using 420/420 trials with best loss 0.167006
[2024-02-12 11:07:56,913][hyperopt.tpe][INFO] - build_posterior_wrapper took 0.001559 seconds
[2024-02-12 11:07:56,913][hyperopt.tpe][INFO] - TPE using 421/421 trials with best loss 0.167006
[2024-02-12 11:07:57,008][hyperopt.tpe][INFO] - build_posterior_wrapper took 0.001354 seconds
[2024-02-12 11:07:57,009][hyperopt.tpe][INFO] - TPE using 422/422 trials with best loss 0.167006
[2024-02-12 11:07:57,104][hyperopt.tpe][INFO] - build_posterior_wrapper took 0.001352 seconds
[2024-02-12 11:07:57,105][hyperopt.tpe][INFO] - TPE using 423/423 trials with best loss 0.167006
[2024-02-12 11:07:57,217][hyperopt.tpe][INFO] - build_posterior_wrapper took 0.001417 seconds
[2024-02-12 11:07:57,218][hyperopt.tpe][INFO] - TPE using 424/424 trials with best loss 0.167006
[2024-02-12 11:07:57,315][hyperopt.tpe][INFO] - build_posterior_wrapper took 0.001410 seconds
[2024-02-12 11:07:57,316][hyperopt.tpe][INFO] - TPE using 425/425 trials with best loss 0.167006
[2024-02-12 11:07:57,403][hyperopt.tpe][INFO] - build_posterior_wrapper took 0.001406 seconds
[2024-02-12 11:07:57,403][hyperopt.tpe][INFO] - TPE using 426/426 trials with best loss 0.167006
[2024-02-12 11:07:57,482][hyperopt.tpe][INFO] - build_posterior_wrapper took 0.001343 seconds
[2024-02-12 11:07:57,482][hyperopt.tpe][INFO] - TPE using 427/427 trials with best loss 0.167006
[2024-02-12 11:07:57,580][hyperopt.tpe][INFO] - build_posterior_wrapper took 0.001406 seconds
[2024-02-12 11:07:57,580][hyperopt.tpe][INFO] - TPE using 428/428 trials with best loss 0.167006
[2024-02-12 11:07:57,680][hyperopt.tpe][INFO] - build_posterior_wrapper took 0.001413 seconds
[2024-02-12 11:07:57,680][hyperopt.tpe][INFO] - TPE using 429/429 trials with best loss 0.167006
[2024-02-12 11:07:57,776][hyperopt.tpe][INFO] - build_posterior_wrapper took 0.001319 seconds
[2024-02-12 11:07:57,777][hyperopt.tpe][INFO] - TPE using 430/430 trials with best loss 0.167006
[2024-02-12 11:07:57,818][hyperopt.tpe][INFO] - build_posterior_wrapper took 0.001348 seconds
[2024-02-12 11:07:57,818][hyperopt.tpe][INFO] - TPE using 431/431 trials with best loss 0.167006
[2024-02-12 11:07:57,912][hyperopt.tpe][INFO] - build_posterior_wrapper took 0.001436 seconds
[2024-02-12 11:07:57,912][hyperopt.tpe][INFO] - TPE using 432/432 trials with best loss 0.167006
[2024-02-12 11:07:58,008][hyperopt.tpe][INFO] - build_posterior_wrapper took 0.001418 seconds
[2024-02-12 11:07:58,009][hyperopt.tpe][INFO] - TPE using 433/433 trials with best loss 0.167006
[2024-02-12 11:07:58,105][hyperopt.tpe][INFO] - build_posterior_wrapper took 0.001428 seconds
[2024-02-12 11:07:58,105][hyperopt.tpe][INFO] - TPE using 434/434 trials with best loss 0.167006
[2024-02-12 11:07:58,214][hyperopt.tpe][INFO] - build_posterior_wrapper took 0.001391 seconds
[2024-02-12 11:07:58,215][hyperopt.tpe][INFO] - TPE using 435/435 trials with best loss 0.167006
[2024-02-12 11:07:58,319][hyperopt.tpe][INFO] - build_posterior_wrapper took 0.001384 seconds
[2024-02-12 11:07:58,319][hyperopt.tpe][INFO] - TPE using 436/436 trials with best loss 0.167006
[2024-02-12 11:07:58,401][hyperopt.tpe][INFO] - build_posterior_wrapper took 0.001435 seconds
[2024-02-12 11:07:58,401][hyperopt.tpe][INFO] - TPE using 437/437 trials with best loss 0.167006
[2024-02-12 11:07:58,513][hyperopt.tpe][INFO] - build_posterior_wrapper took 0.001331 seconds
[2024-02-12 11:07:58,513][hyperopt.tpe][INFO] - TPE using 438/438 trials with best loss 0.167006
[2024-02-12 11:07:58,606][hyperopt.tpe][INFO] - build_posterior_wrapper took 0.001413 seconds
[2024-02-12 11:07:58,606][hyperopt.tpe][INFO] - TPE using 439/439 trials with best loss 0.167006
[2024-02-12 11:07:58,703][hyperopt.tpe][INFO] - build_posterior_wrapper took 0.001343 seconds
[2024-02-12 11:07:58,703][hyperopt.tpe][INFO] - TPE using 440/440 trials with best loss 0.167006
[2024-02-12 11:07:58,743][hyperopt.tpe][INFO] - build_posterior_wrapper took 0.001362 seconds
[2024-02-12 11:07:58,743][hyperopt.tpe][INFO] - TPE using 441/441 trials with best loss 0.167006
[2024-02-12 11:07:58,859][hyperopt.tpe][INFO] - build_posterior_wrapper took 0.001415 seconds
[2024-02-12 11:07:58,859][hyperopt.tpe][INFO] - TPE using 442/442 trials with best loss 0.167006
[2024-02-12 11:07:58,954][hyperopt.tpe][INFO] - build_posterior_wrapper took 0.001306 seconds
[2024-02-12 11:07:58,954][hyperopt.tpe][INFO] - TPE using 443/443 trials with best loss 0.167006
[2024-02-12 11:07:59,050][hyperopt.tpe][INFO] - build_posterior_wrapper took 0.001381 seconds
[2024-02-12 11:07:59,050][hyperopt.tpe][INFO] - TPE using 444/444 trials with best loss 0.167006
[2024-02-12 11:07:59,145][hyperopt.tpe][INFO] - build_posterior_wrapper took 0.001452 seconds
[2024-02-12 11:07:59,146][hyperopt.tpe][INFO] - TPE using 445/445 trials with best loss 0.167006
[2024-02-12 11:07:59,241][hyperopt.tpe][INFO] - build_posterior_wrapper took 0.001446 seconds
[2024-02-12 11:07:59,241][hyperopt.tpe][INFO] - TPE using 446/446 trials with best loss 0.167006
[2024-02-12 11:07:59,311][hyperopt.tpe][INFO] - build_posterior_wrapper took 0.001432 seconds
[2024-02-12 11:07:59,312][hyperopt.tpe][INFO] - TPE using 447/447 trials with best loss 0.167006
[2024-02-12 11:07:59,408][hyperopt.tpe][INFO] - build_posterior_wrapper took 0.001390 seconds
[2024-02-12 11:07:59,408][hyperopt.tpe][INFO] - TPE using 448/448 trials with best loss 0.167006
[2024-02-12 11:07:59,520][hyperopt.tpe][INFO] - build_posterior_wrapper took 0.001386 seconds
[2024-02-12 11:07:59,521][hyperopt.tpe][INFO] - TPE using 449/449 trials with best loss 0.167006
[2024-02-12 11:07:59,619][hyperopt.tpe][INFO] - build_posterior_wrapper took 0.001347 seconds
[2024-02-12 11:07:59,620][hyperopt.tpe][INFO] - TPE using 450/450 trials with best loss 0.167006
[2024-02-12 11:07:59,660][hyperopt.tpe][INFO] - build_posterior_wrapper took 0.001419 seconds
[2024-02-12 11:07:59,660][hyperopt.tpe][INFO] - TPE using 451/451 trials with best loss 0.167006
[2024-02-12 11:07:59,756][hyperopt.tpe][INFO] - build_posterior_wrapper took 0.001310 seconds
[2024-02-12 11:07:59,756][hyperopt.tpe][INFO] - TPE using 452/452 trials with best loss 0.167006
[2024-02-12 11:07:59,817][hyperopt.tpe][INFO] - build_posterior_wrapper took 0.001311 seconds
[2024-02-12 11:07:59,818][hyperopt.tpe][INFO] - TPE using 453/453 trials with best loss 0.167006
[2024-02-12 11:07:59,915][hyperopt.tpe][INFO] - build_posterior_wrapper took 0.001434 seconds
[2024-02-12 11:07:59,915][hyperopt.tpe][INFO] - TPE using 454/454 trials with best loss 0.167006
[2024-02-12 11:08:00,027][hyperopt.tpe][INFO] - build_posterior_wrapper took 0.001348 seconds
[2024-02-12 11:08:00,028][hyperopt.tpe][INFO] - TPE using 455/455 trials with best loss 0.167006
[2024-02-12 11:08:00,119][hyperopt.tpe][INFO] - build_posterior_wrapper took 0.001386 seconds
[2024-02-12 11:08:00,119][hyperopt.tpe][INFO] - TPE using 456/456 trials with best loss 0.167006
[2024-02-12 11:08:00,215][hyperopt.tpe][INFO] - build_posterior_wrapper took 0.001373 seconds
[2024-02-12 11:08:00,216][hyperopt.tpe][INFO] - TPE using 457/457 trials with best loss 0.167006
[2024-02-12 11:08:00,312][hyperopt.tpe][INFO] - build_posterior_wrapper took 0.001351 seconds
[2024-02-12 11:08:00,312][hyperopt.tpe][INFO] - TPE using 458/458 trials with best loss 0.167006
[2024-02-12 11:08:00,409][hyperopt.tpe][INFO] - build_posterior_wrapper took 0.001413 seconds
[2024-02-12 11:08:00,410][hyperopt.tpe][INFO] - TPE using 459/459 trials with best loss 0.167006
[2024-02-12 11:08:00,495][hyperopt.tpe][INFO] - build_posterior_wrapper took 0.001456 seconds
[2024-02-12 11:08:00,496][hyperopt.tpe][INFO] - TPE using 460/460 trials with best loss 0.167006
[2024-02-12 11:08:00,537][hyperopt.tpe][INFO] - build_posterior_wrapper took 0.001443 seconds
[2024-02-12 11:08:00,537][hyperopt.tpe][INFO] - TPE using 461/461 trials with best loss 0.167006
[2024-02-12 11:08:00,634][hyperopt.tpe][INFO] - build_posterior_wrapper took 0.001370 seconds
[2024-02-12 11:08:00,634][hyperopt.tpe][INFO] - TPE using 462/462 trials with best loss 0.167006
[2024-02-12 11:08:00,699][hyperopt.tpe][INFO] - build_posterior_wrapper took 0.001313 seconds
[2024-02-12 11:08:00,699][hyperopt.tpe][INFO] - TPE using 463/463 trials with best loss 0.167006
[2024-02-12 11:08:00,796][hyperopt.tpe][INFO] - build_posterior_wrapper took 0.001422 seconds
[2024-02-12 11:08:00,796][hyperopt.tpe][INFO] - TPE using 464/464 trials with best loss 0.167006
[2024-02-12 11:08:00,892][hyperopt.tpe][INFO] - build_posterior_wrapper took 0.001448 seconds
[2024-02-12 11:08:00,893][hyperopt.tpe][INFO] - TPE using 465/465 trials with best loss 0.167006
[2024-02-12 11:08:01,007][hyperopt.tpe][INFO] - build_posterior_wrapper took 0.001455 seconds
[2024-02-12 11:08:01,007][hyperopt.tpe][INFO] - TPE using 466/466 trials with best loss 0.167006
[2024-02-12 11:08:01,103][hyperopt.tpe][INFO] - build_posterior_wrapper took 0.001399 seconds
[2024-02-12 11:08:01,103][hyperopt.tpe][INFO] - TPE using 467/467 trials with best loss 0.167006
[2024-02-12 11:08:01,191][hyperopt.tpe][INFO] - build_posterior_wrapper took 0.001312 seconds
[2024-02-12 11:08:01,191][hyperopt.tpe][INFO] - TPE using 468/468 trials with best loss 0.167006
[2024-02-12 11:08:01,272][hyperopt.tpe][INFO] - build_posterior_wrapper took 0.001334 seconds
[2024-02-12 11:08:01,273][hyperopt.tpe][INFO] - TPE using 469/469 trials with best loss 0.167006
[2024-02-12 11:08:01,361][hyperopt.tpe][INFO] - build_posterior_wrapper took 0.001352 seconds
[2024-02-12 11:08:01,361][hyperopt.tpe][INFO] - TPE using 470/470 trials with best loss 0.167006
[2024-02-12 11:08:01,470][hyperopt.tpe][INFO] - build_posterior_wrapper took 0.001399 seconds
[2024-02-12 11:08:01,471][hyperopt.tpe][INFO] - TPE using 471/471 trials with best loss 0.167006
[2024-02-12 11:08:01,564][hyperopt.tpe][INFO] - build_posterior_wrapper took 0.001421 seconds
[2024-02-12 11:08:01,564][hyperopt.tpe][INFO] - TPE using 472/472 trials with best loss 0.167006
[2024-02-12 11:08:01,608][hyperopt.tpe][INFO] - build_posterior_wrapper took 0.001424 seconds
[2024-02-12 11:08:01,609][hyperopt.tpe][INFO] - TPE using 473/473 trials with best loss 0.167006
[2024-02-12 11:08:01,720][hyperopt.tpe][INFO] - build_posterior_wrapper took 0.001307 seconds
[2024-02-12 11:08:01,721][hyperopt.tpe][INFO] - TPE using 474/474 trials with best loss 0.167006
[2024-02-12 11:08:01,785][hyperopt.tpe][INFO] - build_posterior_wrapper took 0.001362 seconds
[2024-02-12 11:08:01,785][hyperopt.tpe][INFO] - TPE using 475/475 trials with best loss 0.167006
[2024-02-12 11:08:01,880][hyperopt.tpe][INFO] - build_posterior_wrapper took 0.001409 seconds
[2024-02-12 11:08:01,881][hyperopt.tpe][INFO] - TPE using 476/476 trials with best loss 0.167006
[2024-02-12 11:08:02,032][hyperopt.tpe][INFO] - build_posterior_wrapper took 0.001335 seconds
[2024-02-12 11:08:02,032][hyperopt.tpe][INFO] - TPE using 477/477 trials with best loss 0.167006
[2024-02-12 11:08:02,126][hyperopt.tpe][INFO] - build_posterior_wrapper took 0.001321 seconds
[2024-02-12 11:08:02,126][hyperopt.tpe][INFO] - TPE using 478/478 trials with best loss 0.167006
[2024-02-12 11:08:02,223][hyperopt.tpe][INFO] - build_posterior_wrapper took 0.001307 seconds
[2024-02-12 11:08:02,223][hyperopt.tpe][INFO] - TPE using 479/479 trials with best loss 0.167006
[2024-02-12 11:08:02,319][hyperopt.tpe][INFO] - build_posterior_wrapper took 0.001384 seconds
[2024-02-12 11:08:02,319][hyperopt.tpe][INFO] - TPE using 480/480 trials with best loss 0.167006
[2024-02-12 11:08:02,397][hyperopt.tpe][INFO] - build_posterior_wrapper took 0.001408 seconds
[2024-02-12 11:08:02,397][hyperopt.tpe][INFO] - TPE using 481/481 trials with best loss 0.167006
[2024-02-12 11:08:02,483][hyperopt.tpe][INFO] - build_posterior_wrapper took 0.001425 seconds
[2024-02-12 11:08:02,483][hyperopt.tpe][INFO] - TPE using 482/482 trials with best loss 0.167006
[2024-02-12 11:08:02,605][hyperopt.tpe][INFO] - build_posterior_wrapper took 0.001411 seconds
[2024-02-12 11:08:02,606][hyperopt.tpe][INFO] - TPE using 483/483 trials with best loss 0.167006
[2024-02-12 11:08:02,647][hyperopt.tpe][INFO] - build_posterior_wrapper took 0.001401 seconds
[2024-02-12 11:08:02,647][hyperopt.tpe][INFO] - TPE using 484/484 trials with best loss 0.167006
[2024-02-12 11:08:02,744][hyperopt.tpe][INFO] - build_posterior_wrapper took 0.001410 seconds
[2024-02-12 11:08:02,744][hyperopt.tpe][INFO] - TPE using 485/485 trials with best loss 0.167006
[2024-02-12 11:08:02,805][hyperopt.tpe][INFO] - build_posterior_wrapper took 0.001313 seconds
[2024-02-12 11:08:02,806][hyperopt.tpe][INFO] - TPE using 486/486 trials with best loss 0.167006
[2024-02-12 11:08:02,897][hyperopt.tpe][INFO] - build_posterior_wrapper took 0.001414 seconds
[2024-02-12 11:08:02,897][hyperopt.tpe][INFO] - TPE using 487/487 trials with best loss 0.167006
[2024-02-12 11:08:02,992][hyperopt.tpe][INFO] - build_posterior_wrapper took 0.001413 seconds
[2024-02-12 11:08:02,992][hyperopt.tpe][INFO] - TPE using 488/488 trials with best loss 0.167006
[2024-02-12 11:08:03,107][hyperopt.tpe][INFO] - build_posterior_wrapper took 0.001412 seconds
[2024-02-12 11:08:03,108][hyperopt.tpe][INFO] - TPE using 489/489 trials with best loss 0.167006
[2024-02-12 11:08:03,199][hyperopt.tpe][INFO] - build_posterior_wrapper took 0.001421 seconds
[2024-02-12 11:08:03,199][hyperopt.tpe][INFO] - TPE using 490/490 trials with best loss 0.167006
[2024-02-12 11:08:03,296][hyperopt.tpe][INFO] - build_posterior_wrapper took 0.001419 seconds
[2024-02-12 11:08:03,296][hyperopt.tpe][INFO] - TPE using 491/491 trials with best loss 0.167006
[2024-02-12 11:08:03,366][hyperopt.tpe][INFO] - build_posterior_wrapper took 0.001312 seconds
[2024-02-12 11:08:03,366][hyperopt.tpe][INFO] - TPE using 492/492 trials with best loss 0.167006
[2024-02-12 11:08:03,461][hyperopt.tpe][INFO] - build_posterior_wrapper took 0.001403 seconds
[2024-02-12 11:08:03,461][hyperopt.tpe][INFO] - TPE using 493/493 trials with best loss 0.167006
[2024-02-12 11:08:03,570][hyperopt.tpe][INFO] - build_posterior_wrapper took 0.001367 seconds
[2024-02-12 11:08:03,571][hyperopt.tpe][INFO] - TPE using 494/494 trials with best loss 0.167006
[2024-02-12 11:08:03,667][hyperopt.tpe][INFO] - build_posterior_wrapper took 0.001439 seconds
[2024-02-12 11:08:03,668][hyperopt.tpe][INFO] - TPE using 495/495 trials with best loss 0.167006
[2024-02-12 11:08:03,710][hyperopt.tpe][INFO] - build_posterior_wrapper took 0.001440 seconds
[2024-02-12 11:08:03,710][hyperopt.tpe][INFO] - TPE using 496/496 trials with best loss 0.167006
[2024-02-12 11:08:03,773][hyperopt.tpe][INFO] - build_posterior_wrapper took 0.001404 seconds
[2024-02-12 11:08:03,773][hyperopt.tpe][INFO] - TPE using 497/497 trials with best loss 0.167006
[2024-02-12 11:08:03,867][hyperopt.tpe][INFO] - build_posterior_wrapper took 0.001417 seconds
[2024-02-12 11:08:03,867][hyperopt.tpe][INFO] - TPE using 498/498 trials with best loss 0.167006
[2024-02-12 11:08:03,967][hyperopt.tpe][INFO] - build_posterior_wrapper took 0.001466 seconds
[2024-02-12 11:08:03,968][hyperopt.tpe][INFO] - TPE using 499/499 trials with best loss 0.167006
[2024-02-12 11:08:04,068][root][INFO] - Hyperopt complete
[2024-02-12 11:08:04,068][root][INFO] - Best params: {'gamma': 0, 'learning_rate': 0.505, 'max_depth': 3, 'min_child_weight': 1, 'n_estimators': 200, 'subsample': 0.6000000000000001}
[2024-02-12 11:08:04,071][root][INFO] - Parameters written to /projects/p31961/ENIGMA/results/experiments/endpoint_experiments/xgb_regression_da_normalzied_tune/best_params.yaml
[2024-02-12 11:08:04,071][root][INFO] - Writing results to /projects/p31961/ENIGMA/results/experiments/endpoint_experiments/xgb_regression_da_normalzied_tune/hyper_opt_results.parquet
[2024-02-12 11:08:04,075][root][INFO] - Experiment complete
